[2026-01-24T06:01:42.690+0000] {manager.py:469} INFO - Processing files using up to 2 processes at a time 
[2026-01-24T06:01:42.692+0000] {manager.py:470} INFO - Process each file at most once every 30 seconds
[2026-01-24T06:01:42.694+0000] {manager.py:471} INFO - Checking for new files in /opt/airflow/dags every 300 seconds
[2026-01-24T06:01:42.695+0000] {manager.py:738} INFO - Searching for files in /opt/airflow/dags
[2026-01-24T06:01:42.701+0000] {manager.py:741} INFO - There are 0 files in /opt/airflow/dags
[2026-01-24T06:02:18.428+0000] {manager.py:451} INFO - Exiting gracefully upon receiving signal 15
[2026-01-24T06:15:26.602+0000] {manager.py:469} INFO - Processing files using up to 2 processes at a time 
[2026-01-24T06:15:26.610+0000] {manager.py:470} INFO - Process each file at most once every 30 seconds
[2026-01-24T06:15:26.612+0000] {manager.py:471} INFO - Checking for new files in /opt/airflow/dags every 300 seconds
[2026-01-24T06:15:26.613+0000] {manager.py:738} INFO - Searching for files in /opt/airflow/dags
[2026-01-24T06:15:26.620+0000] {manager.py:741} INFO - There are 0 files in /opt/airflow/dags
[2026-01-24T06:15:51.803+0000] {manager.py:451} INFO - Exiting gracefully upon receiving signal 15
[2026-05-13T14:03:44.125+0000] {manager.py:469} INFO - Processing files using up to 2 processes at a time 
[2026-05-13T14:03:44.134+0000] {manager.py:470} INFO - Process each file at most once every 30 seconds
[2026-05-13T14:03:44.135+0000] {manager.py:471} INFO - Checking for new files in /opt/airflow/dags every 300 seconds
[2026-05-13T14:03:44.136+0000] {manager.py:738} INFO - Searching for files in /opt/airflow/dags
[2026-05-13T14:03:44.140+0000] {manager.py:741} INFO - There are 0 files in /opt/airflow/dags
[2026-05-13T14:05:33.055+0000] {manager.py:451} INFO - Exiting gracefully upon receiving signal 15
[2026-05-13T14:06:55.011+0000] {manager.py:469} INFO - Processing files using up to 2 processes at a time 
[2026-05-13T14:06:55.013+0000] {manager.py:470} INFO - Process each file at most once every 30 seconds
[2026-05-13T14:06:55.014+0000] {manager.py:471} INFO - Checking for new files in /opt/airflow/dags every 300 seconds
[2026-05-13T14:06:55.014+0000] {manager.py:738} INFO - Searching for files in /opt/airflow/dags
[2026-05-13T14:06:55.018+0000] {manager.py:741} INFO - There are 0 files in /opt/airflow/dags
[2026-05-13T14:10:35.534+0000] {manager.py:451} INFO - Exiting gracefully upon receiving signal 15
[2026-05-13T14:11:40.881+0000] {manager.py:469} INFO - Processing files using up to 2 processes at a time 
[2026-05-13T14:11:40.882+0000] {manager.py:470} INFO - Process each file at most once every 30 seconds
[2026-05-13T14:11:40.883+0000] {manager.py:471} INFO - Checking for new files in /opt/airflow/dags every 300 seconds
[2026-05-13T14:11:40.884+0000] {manager.py:738} INFO - Searching for files in /opt/airflow/dags
[2026-05-13T14:11:40.891+0000] {manager.py:741} INFO - There are 0 files in /opt/airflow/dags
[2026-05-13T14:16:41.315+0000] {manager.py:738} INFO - Searching for files in /opt/airflow/dags
[2026-05-13T14:16:41.318+0000] {manager.py:741} INFO - There are 0 files in /opt/airflow/dags
[2026-05-13T14:21:41.692+0000] {manager.py:738} INFO - Searching for files in /opt/airflow/dags
[2026-05-13T14:21:41.695+0000] {manager.py:741} INFO - There are 0 files in /opt/airflow/dags
[2026-05-13T14:26:42.088+0000] {manager.py:738} INFO - Searching for files in /opt/airflow/dags
[2026-05-13T14:26:42.092+0000] {manager.py:741} INFO - There are 0 files in /opt/airflow/dags
[2026-05-13T14:31:42.470+0000] {manager.py:738} INFO - Searching for files in /opt/airflow/dags
[2026-05-13T14:31:42.474+0000] {manager.py:741} INFO - There are 0 files in /opt/airflow/dags
[2026-05-13T14:36:42.862+0000] {manager.py:738} INFO - Searching for files in /opt/airflow/dags
[2026-05-13T14:36:42.867+0000] {manager.py:741} INFO - There are 0 files in /opt/airflow/dags
[2026-05-13T14:41:43.243+0000] {manager.py:738} INFO - Searching for files in /opt/airflow/dags
[2026-05-13T14:41:43.247+0000] {manager.py:741} INFO - There are 0 files in /opt/airflow/dags
[2026-05-13T14:46:43.659+0000] {manager.py:738} INFO - Searching for files in /opt/airflow/dags
[2026-05-13T14:46:43.666+0000] {manager.py:741} INFO - There are 0 files in /opt/airflow/dags
[2026-05-13T14:51:44.077+0000] {manager.py:738} INFO - Searching for files in /opt/airflow/dags
[2026-05-13T14:51:44.082+0000] {manager.py:741} INFO - There are 0 files in /opt/airflow/dags
[2026-05-13T14:56:44.487+0000] {manager.py:738} INFO - Searching for files in /opt/airflow/dags
[2026-05-13T14:56:44.491+0000] {manager.py:741} INFO - There are 0 files in /opt/airflow/dags
[2026-05-13T15:01:44.904+0000] {manager.py:738} INFO - Searching for files in /opt/airflow/dags
[2026-05-13T15:01:44.911+0000] {manager.py:741} INFO - There are 0 files in /opt/airflow/dags
[2026-05-13T15:06:45.298+0000] {manager.py:738} INFO - Searching for files in /opt/airflow/dags
[2026-05-13T15:06:45.302+0000] {manager.py:741} INFO - There are 0 files in /opt/airflow/dags
[2026-05-13T15:10:12.962+0000] {manager.py:451} INFO - Exiting gracefully upon receiving signal 15
[2026-05-13T15:11:07.990+0000] {manager.py:469} INFO - Processing files using up to 2 processes at a time 
[2026-05-13T15:11:07.991+0000] {manager.py:470} INFO - Process each file at most once every 30 seconds
[2026-05-13T15:11:07.992+0000] {manager.py:471} INFO - Checking for new files in /opt/airflow/dags every 300 seconds
[2026-05-13T15:11:07.993+0000] {manager.py:738} INFO - Searching for files in /opt/airflow/dags
[2026-05-13T15:11:07.996+0000] {manager.py:741} INFO - There are 0 files in /opt/airflow/dags
[2026-05-13T15:16:08.386+0000] {manager.py:738} INFO - Searching for files in /opt/airflow/dags
[2026-05-13T15:16:08.390+0000] {manager.py:741} INFO - There are 0 files in /opt/airflow/dags
[2026-05-13T15:17:39.364+0000] {manager.py:451} INFO - Exiting gracefully upon receiving signal 15
[2026-05-13T15:18:25.613+0000] {manager.py:469} INFO - Processing files using up to 2 processes at a time 
[2026-05-13T15:18:25.614+0000] {manager.py:470} INFO - Process each file at most once every 30 seconds
[2026-05-13T15:18:25.616+0000] {manager.py:471} INFO - Checking for new files in /opt/airflow/dags every 300 seconds
[2026-05-13T15:18:25.617+0000] {manager.py:738} INFO - Searching for files in /opt/airflow/dags
[2026-05-13T15:18:25.622+0000] {manager.py:741} INFO - There are 0 files in /opt/airflow/dags
[2026-05-13T15:23:26.115+0000] {manager.py:738} INFO - Searching for files in /opt/airflow/dags
[2026-05-13T15:23:26.119+0000] {manager.py:741} INFO - There are 0 files in /opt/airflow/dags
[2026-05-13T15:28:26.498+0000] {manager.py:738} INFO - Searching for files in /opt/airflow/dags
[2026-05-13T15:28:26.502+0000] {manager.py:741} INFO - There are 0 files in /opt/airflow/dags
[2026-05-13T15:32:00.389+0000] {manager.py:451} INFO - Exiting gracefully upon receiving signal 15
[2026-05-13T15:32:52.552+0000] {manager.py:469} INFO - Processing files using up to 2 processes at a time 
[2026-05-13T15:32:52.553+0000] {manager.py:470} INFO - Process each file at most once every 30 seconds
[2026-05-13T15:32:52.557+0000] {manager.py:471} INFO - Checking for new files in /opt/airflow/dags every 300 seconds
[2026-05-13T15:32:52.558+0000] {manager.py:738} INFO - Searching for files in /opt/airflow/dags
[2026-05-13T15:32:52.563+0000] {manager.py:741} INFO - There are 0 files in /opt/airflow/dags
[2026-05-13T15:37:53.073+0000] {manager.py:738} INFO - Searching for files in /opt/airflow/dags
[2026-05-13T15:37:53.081+0000] {manager.py:741} INFO - There are 0 files in /opt/airflow/dags
[2026-05-13T15:39:05.918+0000] {manager.py:451} INFO - Exiting gracefully upon receiving signal 15
[2026-05-16T11:44:58.220+0000] {manager.py:469} INFO - Processing files using up to 2 processes at a time 
[2026-05-16T11:44:58.221+0000] {manager.py:470} INFO - Process each file at most once every 30 seconds
[2026-05-16T11:44:58.222+0000] {manager.py:471} INFO - Checking for new files in /opt/airflow/dags every 300 seconds
[2026-05-16T11:44:58.222+0000] {manager.py:738} INFO - Searching for files in /opt/airflow/dags
[2026-05-16T11:44:58.227+0000] {manager.py:741} INFO - There are 0 files in /opt/airflow/dags
[2026-05-16T11:49:58.655+0000] {manager.py:738} INFO - Searching for files in /opt/airflow/dags
[2026-05-16T11:49:58.659+0000] {manager.py:741} INFO - There are 0 files in /opt/airflow/dags
[2026-05-16T11:54:59.013+0000] {manager.py:738} INFO - Searching for files in /opt/airflow/dags
[2026-05-16T11:54:59.017+0000] {manager.py:741} INFO - There are 0 files in /opt/airflow/dags
[2026-05-16T11:59:59.392+0000] {manager.py:738} INFO - Searching for files in /opt/airflow/dags
[2026-05-16T11:59:59.396+0000] {manager.py:741} INFO - There are 0 files in /opt/airflow/dags
[2026-05-16T12:04:59.776+0000] {manager.py:738} INFO - Searching for files in /opt/airflow/dags
[2026-05-16T12:04:59.781+0000] {manager.py:741} INFO - There are 0 files in /opt/airflow/dags
[2026-05-16T12:10:00.178+0000] {manager.py:738} INFO - Searching for files in /opt/airflow/dags
[2026-05-16T12:10:00.182+0000] {manager.py:741} INFO - There are 0 files in /opt/airflow/dags
[2026-05-16T12:15:00.571+0000] {manager.py:738} INFO - Searching for files in /opt/airflow/dags
[2026-05-16T12:15:00.574+0000] {manager.py:741} INFO - There are 0 files in /opt/airflow/dags
[2026-05-16T12:20:00.963+0000] {manager.py:738} INFO - Searching for files in /opt/airflow/dags
[2026-05-16T12:20:00.966+0000] {manager.py:741} INFO - There are 0 files in /opt/airflow/dags
[2026-05-16T12:20:54.740+0000] {manager.py:451} INFO - Exiting gracefully upon receiving signal 15
[2026-05-16T12:21:36.782+0000] {manager.py:469} INFO - Processing files using up to 2 processes at a time 
[2026-05-16T12:21:36.783+0000] {manager.py:470} INFO - Process each file at most once every 30 seconds
[2026-05-16T12:21:36.784+0000] {manager.py:471} INFO - Checking for new files in /opt/airflow/dags every 300 seconds
[2026-05-16T12:21:36.785+0000] {manager.py:738} INFO - Searching for files in /opt/airflow/dags
[2026-05-16T12:21:36.789+0000] {manager.py:741} INFO - There are 0 files in /opt/airflow/dags
[2026-05-16T12:26:37.224+0000] {manager.py:738} INFO - Searching for files in /opt/airflow/dags
[2026-05-16T12:26:37.228+0000] {manager.py:741} INFO - There are 0 files in /opt/airflow/dags
[2026-05-16T12:31:37.606+0000] {manager.py:738} INFO - Searching for files in /opt/airflow/dags
[2026-05-16T12:31:37.609+0000] {manager.py:741} INFO - There are 0 files in /opt/airflow/dags
[2026-05-16T12:36:38.031+0000] {manager.py:738} INFO - Searching for files in /opt/airflow/dags
[2026-05-16T12:36:38.035+0000] {manager.py:741} INFO - There are 0 files in /opt/airflow/dags
[2026-05-16T12:41:38.404+0000] {manager.py:738} INFO - Searching for files in /opt/airflow/dags
[2026-05-16T12:41:38.406+0000] {manager.py:741} INFO - There are 0 files in /opt/airflow/dags
[2026-05-16T12:46:38.782+0000] {manager.py:738} INFO - Searching for files in /opt/airflow/dags
[2026-05-16T12:46:38.785+0000] {manager.py:741} INFO - There are 0 files in /opt/airflow/dags
[2026-05-16T12:50:07.124+0000] {manager.py:451} INFO - Exiting gracefully upon receiving signal 15
