[2026-06-08T14:11:06.306+0000] {processor.py:161} INFO - Started process (PID=171) to work on /opt/airflow/dags/ecommerce_pipeline.py
[2026-06-08T14:11:06.307+0000] {processor.py:830} INFO - Processing file /opt/airflow/dags/ecommerce_pipeline.py for tasks to queue
[2026-06-08T14:11:06.309+0000] {logging_mixin.py:188} INFO - [2026-06-08T14:11:06.308+0000] {dagbag.py:540} INFO - Filling up the DagBag from /opt/airflow/dags/ecommerce_pipeline.py
[2026-06-08T14:11:06.382+0000] {logging_mixin.py:188} INFO - [2026-06-08T14:11:06.376+0000] {dagbag.py:350} ERROR - Failed to import: /opt/airflow/dags/ecommerce_pipeline.py
Traceback (most recent call last):
  File "/home/airflow/.local/lib/python3.8/site-packages/airflow/models/dagbag.py", line 346, in parse
    loader.exec_module(new_module)
  File "<frozen importlib._bootstrap_external>", line 843, in exec_module
  File "<frozen importlib._bootstrap>", line 219, in _call_with_frames_removed
  File "/opt/airflow/dags/ecommerce_pipeline.py", line 53, in <module>
    generate_data >> gold_job >> load_postgres
NameError: name 'generate_data' is not defined
[2026-06-08T14:11:06.395+0000] {processor.py:842} WARNING - No viable dags retrieved from /opt/airflow/dags/ecommerce_pipeline.py
[2026-06-08T14:11:06.454+0000] {processor.py:183} INFO - Processing /opt/airflow/dags/ecommerce_pipeline.py took 0.152 seconds
[2026-06-08T14:11:36.567+0000] {processor.py:161} INFO - Started process (PID=176) to work on /opt/airflow/dags/ecommerce_pipeline.py
[2026-06-08T14:11:36.568+0000] {processor.py:830} INFO - Processing file /opt/airflow/dags/ecommerce_pipeline.py for tasks to queue
[2026-06-08T14:11:36.570+0000] {logging_mixin.py:188} INFO - [2026-06-08T14:11:36.570+0000] {dagbag.py:540} INFO - Filling up the DagBag from /opt/airflow/dags/ecommerce_pipeline.py
[2026-06-08T14:11:36.599+0000] {logging_mixin.py:188} INFO - [2026-06-08T14:11:36.593+0000] {dagbag.py:350} ERROR - Failed to import: /opt/airflow/dags/ecommerce_pipeline.py
Traceback (most recent call last):
  File "/home/airflow/.local/lib/python3.8/site-packages/airflow/models/dagbag.py", line 346, in parse
    loader.exec_module(new_module)
  File "<frozen importlib._bootstrap_external>", line 843, in exec_module
  File "<frozen importlib._bootstrap>", line 219, in _call_with_frames_removed
  File "/opt/airflow/dags/ecommerce_pipeline.py", line 53, in <module>
    generate_data >> gold_job >> load_postgres
NameError: name 'generate_data' is not defined
[2026-06-08T14:11:36.600+0000] {processor.py:842} WARNING - No viable dags retrieved from /opt/airflow/dags/ecommerce_pipeline.py
[2026-06-08T14:11:36.640+0000] {processor.py:183} INFO - Processing /opt/airflow/dags/ecommerce_pipeline.py took 0.081 seconds
[2026-06-08T14:12:07.014+0000] {processor.py:161} INFO - Started process (PID=181) to work on /opt/airflow/dags/ecommerce_pipeline.py
[2026-06-08T14:12:07.016+0000] {processor.py:830} INFO - Processing file /opt/airflow/dags/ecommerce_pipeline.py for tasks to queue
[2026-06-08T14:12:07.018+0000] {logging_mixin.py:188} INFO - [2026-06-08T14:12:07.017+0000] {dagbag.py:540} INFO - Filling up the DagBag from /opt/airflow/dags/ecommerce_pipeline.py
[2026-06-08T14:12:07.058+0000] {logging_mixin.py:188} INFO - [2026-06-08T14:12:07.052+0000] {dagbag.py:350} ERROR - Failed to import: /opt/airflow/dags/ecommerce_pipeline.py
Traceback (most recent call last):
  File "/home/airflow/.local/lib/python3.8/site-packages/airflow/models/dagbag.py", line 346, in parse
    loader.exec_module(new_module)
  File "<frozen importlib._bootstrap_external>", line 843, in exec_module
  File "<frozen importlib._bootstrap>", line 219, in _call_with_frames_removed
  File "/opt/airflow/dags/ecommerce_pipeline.py", line 53, in <module>
    generate_data >> gold_job >> load_postgres
NameError: name 'generate_data' is not defined
[2026-06-08T14:12:07.060+0000] {processor.py:842} WARNING - No viable dags retrieved from /opt/airflow/dags/ecommerce_pipeline.py
[2026-06-08T14:12:07.106+0000] {processor.py:183} INFO - Processing /opt/airflow/dags/ecommerce_pipeline.py took 0.099 seconds
[2026-06-08T14:12:37.254+0000] {processor.py:161} INFO - Started process (PID=186) to work on /opt/airflow/dags/ecommerce_pipeline.py
[2026-06-08T14:12:37.255+0000] {processor.py:830} INFO - Processing file /opt/airflow/dags/ecommerce_pipeline.py for tasks to queue
[2026-06-08T14:12:37.257+0000] {logging_mixin.py:188} INFO - [2026-06-08T14:12:37.257+0000] {dagbag.py:540} INFO - Filling up the DagBag from /opt/airflow/dags/ecommerce_pipeline.py
[2026-06-08T14:12:37.286+0000] {logging_mixin.py:188} INFO - [2026-06-08T14:12:37.281+0000] {dagbag.py:350} ERROR - Failed to import: /opt/airflow/dags/ecommerce_pipeline.py
Traceback (most recent call last):
  File "/home/airflow/.local/lib/python3.8/site-packages/airflow/models/dagbag.py", line 346, in parse
    loader.exec_module(new_module)
  File "<frozen importlib._bootstrap_external>", line 843, in exec_module
  File "<frozen importlib._bootstrap>", line 219, in _call_with_frames_removed
  File "/opt/airflow/dags/ecommerce_pipeline.py", line 53, in <module>
    generate_data >> gold_job >> load_postgres
NameError: name 'generate_data' is not defined
[2026-06-08T14:12:37.288+0000] {processor.py:842} WARNING - No viable dags retrieved from /opt/airflow/dags/ecommerce_pipeline.py
[2026-06-08T14:12:39.455+0000] {processor.py:183} INFO - Processing /opt/airflow/dags/ecommerce_pipeline.py took 2.207 seconds
[2026-06-08T14:13:09.566+0000] {processor.py:161} INFO - Started process (PID=191) to work on /opt/airflow/dags/ecommerce_pipeline.py
[2026-06-08T14:13:09.567+0000] {processor.py:830} INFO - Processing file /opt/airflow/dags/ecommerce_pipeline.py for tasks to queue
[2026-06-08T14:13:09.569+0000] {logging_mixin.py:188} INFO - [2026-06-08T14:13:09.569+0000] {dagbag.py:540} INFO - Filling up the DagBag from /opt/airflow/dags/ecommerce_pipeline.py
[2026-06-08T14:13:09.608+0000] {logging_mixin.py:188} INFO - [2026-06-08T14:13:09.600+0000] {dagbag.py:350} ERROR - Failed to import: /opt/airflow/dags/ecommerce_pipeline.py
Traceback (most recent call last):
  File "/home/airflow/.local/lib/python3.8/site-packages/airflow/models/dagbag.py", line 346, in parse
    loader.exec_module(new_module)
  File "<frozen importlib._bootstrap_external>", line 843, in exec_module
  File "<frozen importlib._bootstrap>", line 219, in _call_with_frames_removed
  File "/opt/airflow/dags/ecommerce_pipeline.py", line 53, in <module>
    generate_data >> gold_job >> load_postgres
NameError: name 'generate_data' is not defined
[2026-06-08T14:13:09.609+0000] {processor.py:842} WARNING - No viable dags retrieved from /opt/airflow/dags/ecommerce_pipeline.py
[2026-06-08T14:13:12.769+0000] {processor.py:183} INFO - Processing /opt/airflow/dags/ecommerce_pipeline.py took 3.209 seconds
[2026-06-08T14:13:43.014+0000] {processor.py:161} INFO - Started process (PID=196) to work on /opt/airflow/dags/ecommerce_pipeline.py
[2026-06-08T14:13:43.015+0000] {processor.py:830} INFO - Processing file /opt/airflow/dags/ecommerce_pipeline.py for tasks to queue
[2026-06-08T14:13:43.016+0000] {logging_mixin.py:188} INFO - [2026-06-08T14:13:43.016+0000] {dagbag.py:540} INFO - Filling up the DagBag from /opt/airflow/dags/ecommerce_pipeline.py
[2026-06-08T14:13:43.044+0000] {logging_mixin.py:188} INFO - [2026-06-08T14:13:43.039+0000] {dagbag.py:350} ERROR - Failed to import: /opt/airflow/dags/ecommerce_pipeline.py
Traceback (most recent call last):
  File "/home/airflow/.local/lib/python3.8/site-packages/airflow/models/dagbag.py", line 346, in parse
    loader.exec_module(new_module)
  File "<frozen importlib._bootstrap_external>", line 843, in exec_module
  File "<frozen importlib._bootstrap>", line 219, in _call_with_frames_removed
  File "/opt/airflow/dags/ecommerce_pipeline.py", line 53, in <module>
    generate_data >> gold_job >> load_postgres
NameError: name 'generate_data' is not defined
[2026-06-08T14:13:43.045+0000] {processor.py:842} WARNING - No viable dags retrieved from /opt/airflow/dags/ecommerce_pipeline.py
[2026-06-08T14:13:43.117+0000] {processor.py:183} INFO - Processing /opt/airflow/dags/ecommerce_pipeline.py took 0.107 seconds
[2026-06-08T14:14:13.246+0000] {processor.py:161} INFO - Started process (PID=201) to work on /opt/airflow/dags/ecommerce_pipeline.py
[2026-06-08T14:14:13.247+0000] {processor.py:830} INFO - Processing file /opt/airflow/dags/ecommerce_pipeline.py for tasks to queue
[2026-06-08T14:14:13.249+0000] {logging_mixin.py:188} INFO - [2026-06-08T14:14:13.248+0000] {dagbag.py:540} INFO - Filling up the DagBag from /opt/airflow/dags/ecommerce_pipeline.py
[2026-06-08T14:14:13.276+0000] {logging_mixin.py:188} INFO - [2026-06-08T14:14:13.271+0000] {dagbag.py:350} ERROR - Failed to import: /opt/airflow/dags/ecommerce_pipeline.py
Traceback (most recent call last):
  File "/home/airflow/.local/lib/python3.8/site-packages/airflow/models/dagbag.py", line 346, in parse
    loader.exec_module(new_module)
  File "<frozen importlib._bootstrap_external>", line 843, in exec_module
  File "<frozen importlib._bootstrap>", line 219, in _call_with_frames_removed
  File "/opt/airflow/dags/ecommerce_pipeline.py", line 53, in <module>
    generate_data >> gold_job >> load_postgres
NameError: name 'generate_data' is not defined
[2026-06-08T14:14:13.278+0000] {processor.py:842} WARNING - No viable dags retrieved from /opt/airflow/dags/ecommerce_pipeline.py
[2026-06-08T14:14:13.343+0000] {processor.py:183} INFO - Processing /opt/airflow/dags/ecommerce_pipeline.py took 0.102 seconds
[2026-06-08T14:14:43.537+0000] {processor.py:161} INFO - Started process (PID=206) to work on /opt/airflow/dags/ecommerce_pipeline.py
[2026-06-08T14:14:43.538+0000] {processor.py:830} INFO - Processing file /opt/airflow/dags/ecommerce_pipeline.py for tasks to queue
[2026-06-08T14:14:43.540+0000] {logging_mixin.py:188} INFO - [2026-06-08T14:14:43.540+0000] {dagbag.py:540} INFO - Filling up the DagBag from /opt/airflow/dags/ecommerce_pipeline.py
[2026-06-08T14:14:43.566+0000] {logging_mixin.py:188} INFO - [2026-06-08T14:14:43.561+0000] {dagbag.py:350} ERROR - Failed to import: /opt/airflow/dags/ecommerce_pipeline.py
Traceback (most recent call last):
  File "/home/airflow/.local/lib/python3.8/site-packages/airflow/models/dagbag.py", line 346, in parse
    loader.exec_module(new_module)
  File "<frozen importlib._bootstrap_external>", line 843, in exec_module
  File "<frozen importlib._bootstrap>", line 219, in _call_with_frames_removed
  File "/opt/airflow/dags/ecommerce_pipeline.py", line 53, in <module>
    generate_data >> gold_job >> load_postgres
NameError: name 'generate_data' is not defined
[2026-06-08T14:14:43.568+0000] {processor.py:842} WARNING - No viable dags retrieved from /opt/airflow/dags/ecommerce_pipeline.py
[2026-06-08T14:14:43.612+0000] {processor.py:183} INFO - Processing /opt/airflow/dags/ecommerce_pipeline.py took 0.078 seconds
[2026-06-08T14:15:13.745+0000] {processor.py:161} INFO - Started process (PID=211) to work on /opt/airflow/dags/ecommerce_pipeline.py
[2026-06-08T14:15:13.748+0000] {processor.py:830} INFO - Processing file /opt/airflow/dags/ecommerce_pipeline.py for tasks to queue
[2026-06-08T14:15:13.750+0000] {logging_mixin.py:188} INFO - [2026-06-08T14:15:13.749+0000] {dagbag.py:540} INFO - Filling up the DagBag from /opt/airflow/dags/ecommerce_pipeline.py
[2026-06-08T14:15:13.775+0000] {logging_mixin.py:188} INFO - [2026-06-08T14:15:13.771+0000] {dagbag.py:350} ERROR - Failed to import: /opt/airflow/dags/ecommerce_pipeline.py
Traceback (most recent call last):
  File "/home/airflow/.local/lib/python3.8/site-packages/airflow/models/dagbag.py", line 346, in parse
    loader.exec_module(new_module)
  File "<frozen importlib._bootstrap_external>", line 843, in exec_module
  File "<frozen importlib._bootstrap>", line 219, in _call_with_frames_removed
  File "/opt/airflow/dags/ecommerce_pipeline.py", line 53, in <module>
    generate_data >> gold_job >> load_postgres
NameError: name 'generate_data' is not defined
[2026-06-08T14:15:13.776+0000] {processor.py:842} WARNING - No viable dags retrieved from /opt/airflow/dags/ecommerce_pipeline.py
[2026-06-08T14:15:13.811+0000] {processor.py:183} INFO - Processing /opt/airflow/dags/ecommerce_pipeline.py took 0.072 seconds
[2026-06-08T14:15:44.000+0000] {processor.py:161} INFO - Started process (PID=216) to work on /opt/airflow/dags/ecommerce_pipeline.py
[2026-06-08T14:15:44.001+0000] {processor.py:830} INFO - Processing file /opt/airflow/dags/ecommerce_pipeline.py for tasks to queue
[2026-06-08T14:15:44.003+0000] {logging_mixin.py:188} INFO - [2026-06-08T14:15:44.002+0000] {dagbag.py:540} INFO - Filling up the DagBag from /opt/airflow/dags/ecommerce_pipeline.py
[2026-06-08T14:15:44.028+0000] {logging_mixin.py:188} INFO - [2026-06-08T14:15:44.023+0000] {dagbag.py:350} ERROR - Failed to import: /opt/airflow/dags/ecommerce_pipeline.py
Traceback (most recent call last):
  File "/home/airflow/.local/lib/python3.8/site-packages/airflow/models/dagbag.py", line 346, in parse
    loader.exec_module(new_module)
  File "<frozen importlib._bootstrap_external>", line 843, in exec_module
  File "<frozen importlib._bootstrap>", line 219, in _call_with_frames_removed
  File "/opt/airflow/dags/ecommerce_pipeline.py", line 53, in <module>
    generate_data >> gold_job >> load_postgres
NameError: name 'generate_data' is not defined
[2026-06-08T14:15:44.029+0000] {processor.py:842} WARNING - No viable dags retrieved from /opt/airflow/dags/ecommerce_pipeline.py
[2026-06-08T14:15:44.080+0000] {processor.py:183} INFO - Processing /opt/airflow/dags/ecommerce_pipeline.py took 0.084 seconds
[2026-06-08T14:16:14.201+0000] {processor.py:161} INFO - Started process (PID=221) to work on /opt/airflow/dags/ecommerce_pipeline.py
[2026-06-08T14:16:14.203+0000] {processor.py:830} INFO - Processing file /opt/airflow/dags/ecommerce_pipeline.py for tasks to queue
[2026-06-08T14:16:14.204+0000] {logging_mixin.py:188} INFO - [2026-06-08T14:16:14.204+0000] {dagbag.py:540} INFO - Filling up the DagBag from /opt/airflow/dags/ecommerce_pipeline.py
[2026-06-08T14:16:14.231+0000] {logging_mixin.py:188} INFO - [2026-06-08T14:16:14.226+0000] {dagbag.py:350} ERROR - Failed to import: /opt/airflow/dags/ecommerce_pipeline.py
Traceback (most recent call last):
  File "/home/airflow/.local/lib/python3.8/site-packages/airflow/models/dagbag.py", line 346, in parse
    loader.exec_module(new_module)
  File "<frozen importlib._bootstrap_external>", line 843, in exec_module
  File "<frozen importlib._bootstrap>", line 219, in _call_with_frames_removed
  File "/opt/airflow/dags/ecommerce_pipeline.py", line 53, in <module>
    generate_data >> gold_job >> load_postgres
NameError: name 'generate_data' is not defined
[2026-06-08T14:16:14.232+0000] {processor.py:842} WARNING - No viable dags retrieved from /opt/airflow/dags/ecommerce_pipeline.py
[2026-06-08T14:16:14.274+0000] {processor.py:183} INFO - Processing /opt/airflow/dags/ecommerce_pipeline.py took 0.078 seconds
[2026-06-08T14:16:44.413+0000] {processor.py:161} INFO - Started process (PID=226) to work on /opt/airflow/dags/ecommerce_pipeline.py
[2026-06-08T14:16:44.415+0000] {processor.py:830} INFO - Processing file /opt/airflow/dags/ecommerce_pipeline.py for tasks to queue
[2026-06-08T14:16:44.417+0000] {logging_mixin.py:188} INFO - [2026-06-08T14:16:44.416+0000] {dagbag.py:540} INFO - Filling up the DagBag from /opt/airflow/dags/ecommerce_pipeline.py
[2026-06-08T14:16:44.444+0000] {logging_mixin.py:188} INFO - [2026-06-08T14:16:44.438+0000] {dagbag.py:350} ERROR - Failed to import: /opt/airflow/dags/ecommerce_pipeline.py
Traceback (most recent call last):
  File "/home/airflow/.local/lib/python3.8/site-packages/airflow/models/dagbag.py", line 346, in parse
    loader.exec_module(new_module)
  File "<frozen importlib._bootstrap_external>", line 843, in exec_module
  File "<frozen importlib._bootstrap>", line 219, in _call_with_frames_removed
  File "/opt/airflow/dags/ecommerce_pipeline.py", line 53, in <module>
    generate_data >> gold_job >> load_postgres
NameError: name 'generate_data' is not defined
[2026-06-08T14:16:44.446+0000] {processor.py:842} WARNING - No viable dags retrieved from /opt/airflow/dags/ecommerce_pipeline.py
[2026-06-08T14:16:44.490+0000] {processor.py:183} INFO - Processing /opt/airflow/dags/ecommerce_pipeline.py took 0.080 seconds
[2026-06-08T14:17:14.675+0000] {processor.py:161} INFO - Started process (PID=231) to work on /opt/airflow/dags/ecommerce_pipeline.py
[2026-06-08T14:17:14.676+0000] {processor.py:830} INFO - Processing file /opt/airflow/dags/ecommerce_pipeline.py for tasks to queue
[2026-06-08T14:17:14.678+0000] {logging_mixin.py:188} INFO - [2026-06-08T14:17:14.678+0000] {dagbag.py:540} INFO - Filling up the DagBag from /opt/airflow/dags/ecommerce_pipeline.py
[2026-06-08T14:17:14.705+0000] {logging_mixin.py:188} INFO - [2026-06-08T14:17:14.699+0000] {dagbag.py:350} ERROR - Failed to import: /opt/airflow/dags/ecommerce_pipeline.py
Traceback (most recent call last):
  File "/home/airflow/.local/lib/python3.8/site-packages/airflow/models/dagbag.py", line 346, in parse
    loader.exec_module(new_module)
  File "<frozen importlib._bootstrap_external>", line 843, in exec_module
  File "<frozen importlib._bootstrap>", line 219, in _call_with_frames_removed
  File "/opt/airflow/dags/ecommerce_pipeline.py", line 53, in <module>
    generate_data >> gold_job >> load_postgres
NameError: name 'generate_data' is not defined
[2026-06-08T14:17:14.719+0000] {processor.py:842} WARNING - No viable dags retrieved from /opt/airflow/dags/ecommerce_pipeline.py
[2026-06-08T14:17:14.755+0000] {processor.py:183} INFO - Processing /opt/airflow/dags/ecommerce_pipeline.py took 0.083 seconds
[2026-06-08T14:17:44.878+0000] {processor.py:161} INFO - Started process (PID=236) to work on /opt/airflow/dags/ecommerce_pipeline.py
[2026-06-08T14:17:44.880+0000] {processor.py:830} INFO - Processing file /opt/airflow/dags/ecommerce_pipeline.py for tasks to queue
[2026-06-08T14:17:44.882+0000] {logging_mixin.py:188} INFO - [2026-06-08T14:17:44.881+0000] {dagbag.py:540} INFO - Filling up the DagBag from /opt/airflow/dags/ecommerce_pipeline.py
[2026-06-08T14:17:44.908+0000] {logging_mixin.py:188} INFO - [2026-06-08T14:17:44.902+0000] {dagbag.py:350} ERROR - Failed to import: /opt/airflow/dags/ecommerce_pipeline.py
Traceback (most recent call last):
  File "/home/airflow/.local/lib/python3.8/site-packages/airflow/models/dagbag.py", line 346, in parse
    loader.exec_module(new_module)
  File "<frozen importlib._bootstrap_external>", line 843, in exec_module
  File "<frozen importlib._bootstrap>", line 219, in _call_with_frames_removed
  File "/opt/airflow/dags/ecommerce_pipeline.py", line 53, in <module>
    generate_data >> gold_job >> load_postgres
NameError: name 'generate_data' is not defined
[2026-06-08T14:17:44.910+0000] {processor.py:842} WARNING - No viable dags retrieved from /opt/airflow/dags/ecommerce_pipeline.py
[2026-06-08T14:17:44.946+0000] {processor.py:183} INFO - Processing /opt/airflow/dags/ecommerce_pipeline.py took 0.072 seconds
[2026-06-08T14:18:15.148+0000] {processor.py:161} INFO - Started process (PID=241) to work on /opt/airflow/dags/ecommerce_pipeline.py
[2026-06-08T14:18:15.149+0000] {processor.py:830} INFO - Processing file /opt/airflow/dags/ecommerce_pipeline.py for tasks to queue
[2026-06-08T14:18:15.151+0000] {logging_mixin.py:188} INFO - [2026-06-08T14:18:15.150+0000] {dagbag.py:540} INFO - Filling up the DagBag from /opt/airflow/dags/ecommerce_pipeline.py
[2026-06-08T14:18:15.178+0000] {logging_mixin.py:188} INFO - [2026-06-08T14:18:15.173+0000] {dagbag.py:350} ERROR - Failed to import: /opt/airflow/dags/ecommerce_pipeline.py
Traceback (most recent call last):
  File "/home/airflow/.local/lib/python3.8/site-packages/airflow/models/dagbag.py", line 346, in parse
    loader.exec_module(new_module)
  File "<frozen importlib._bootstrap_external>", line 843, in exec_module
  File "<frozen importlib._bootstrap>", line 219, in _call_with_frames_removed
  File "/opt/airflow/dags/ecommerce_pipeline.py", line 53, in <module>
    generate_data >> gold_job >> load_postgres
NameError: name 'generate_data' is not defined
[2026-06-08T14:18:15.179+0000] {processor.py:842} WARNING - No viable dags retrieved from /opt/airflow/dags/ecommerce_pipeline.py
[2026-06-08T14:18:15.208+0000] {processor.py:183} INFO - Processing /opt/airflow/dags/ecommerce_pipeline.py took 0.064 seconds
[2026-06-08T14:18:45.358+0000] {processor.py:161} INFO - Started process (PID=246) to work on /opt/airflow/dags/ecommerce_pipeline.py
[2026-06-08T14:18:45.360+0000] {processor.py:830} INFO - Processing file /opt/airflow/dags/ecommerce_pipeline.py for tasks to queue
[2026-06-08T14:18:45.361+0000] {logging_mixin.py:188} INFO - [2026-06-08T14:18:45.361+0000] {dagbag.py:540} INFO - Filling up the DagBag from /opt/airflow/dags/ecommerce_pipeline.py
[2026-06-08T14:18:45.399+0000] {logging_mixin.py:188} INFO - [2026-06-08T14:18:45.390+0000] {dagbag.py:350} ERROR - Failed to import: /opt/airflow/dags/ecommerce_pipeline.py
Traceback (most recent call last):
  File "/home/airflow/.local/lib/python3.8/site-packages/airflow/models/dagbag.py", line 346, in parse
    loader.exec_module(new_module)
  File "<frozen importlib._bootstrap_external>", line 843, in exec_module
  File "<frozen importlib._bootstrap>", line 219, in _call_with_frames_removed
  File "/opt/airflow/dags/ecommerce_pipeline.py", line 53, in <module>
    generate_data >> gold_job >> load_postgres
NameError: name 'generate_data' is not defined
[2026-06-08T14:18:45.401+0000] {processor.py:842} WARNING - No viable dags retrieved from /opt/airflow/dags/ecommerce_pipeline.py
[2026-06-08T14:18:45.432+0000] {processor.py:183} INFO - Processing /opt/airflow/dags/ecommerce_pipeline.py took 0.080 seconds
[2026-06-08T14:19:15.633+0000] {processor.py:161} INFO - Started process (PID=251) to work on /opt/airflow/dags/ecommerce_pipeline.py
[2026-06-08T14:19:15.635+0000] {processor.py:830} INFO - Processing file /opt/airflow/dags/ecommerce_pipeline.py for tasks to queue
[2026-06-08T14:19:15.636+0000] {logging_mixin.py:188} INFO - [2026-06-08T14:19:15.636+0000] {dagbag.py:540} INFO - Filling up the DagBag from /opt/airflow/dags/ecommerce_pipeline.py
[2026-06-08T14:19:15.661+0000] {logging_mixin.py:188} INFO - [2026-06-08T14:19:15.656+0000] {dagbag.py:350} ERROR - Failed to import: /opt/airflow/dags/ecommerce_pipeline.py
Traceback (most recent call last):
  File "/home/airflow/.local/lib/python3.8/site-packages/airflow/models/dagbag.py", line 346, in parse
    loader.exec_module(new_module)
  File "<frozen importlib._bootstrap_external>", line 843, in exec_module
  File "<frozen importlib._bootstrap>", line 219, in _call_with_frames_removed
  File "/opt/airflow/dags/ecommerce_pipeline.py", line 53, in <module>
    generate_data >> gold_job >> load_postgres
NameError: name 'generate_data' is not defined
[2026-06-08T14:19:15.663+0000] {processor.py:842} WARNING - No viable dags retrieved from /opt/airflow/dags/ecommerce_pipeline.py
[2026-06-08T14:19:15.690+0000] {processor.py:183} INFO - Processing /opt/airflow/dags/ecommerce_pipeline.py took 0.061 seconds
[2026-06-08T14:19:45.854+0000] {processor.py:161} INFO - Started process (PID=256) to work on /opt/airflow/dags/ecommerce_pipeline.py
[2026-06-08T14:19:45.855+0000] {processor.py:830} INFO - Processing file /opt/airflow/dags/ecommerce_pipeline.py for tasks to queue
[2026-06-08T14:19:45.856+0000] {logging_mixin.py:188} INFO - [2026-06-08T14:19:45.856+0000] {dagbag.py:540} INFO - Filling up the DagBag from /opt/airflow/dags/ecommerce_pipeline.py
[2026-06-08T14:19:45.882+0000] {logging_mixin.py:188} INFO - [2026-06-08T14:19:45.878+0000] {dagbag.py:350} ERROR - Failed to import: /opt/airflow/dags/ecommerce_pipeline.py
Traceback (most recent call last):
  File "/home/airflow/.local/lib/python3.8/site-packages/airflow/models/dagbag.py", line 346, in parse
    loader.exec_module(new_module)
  File "<frozen importlib._bootstrap_external>", line 843, in exec_module
  File "<frozen importlib._bootstrap>", line 219, in _call_with_frames_removed
  File "/opt/airflow/dags/ecommerce_pipeline.py", line 53, in <module>
    generate_data >> gold_job >> load_postgres
NameError: name 'generate_data' is not defined
[2026-06-08T14:19:45.883+0000] {processor.py:842} WARNING - No viable dags retrieved from /opt/airflow/dags/ecommerce_pipeline.py
[2026-06-08T14:19:45.910+0000] {processor.py:183} INFO - Processing /opt/airflow/dags/ecommerce_pipeline.py took 0.061 seconds
[2026-06-08T14:20:16.033+0000] {processor.py:161} INFO - Started process (PID=261) to work on /opt/airflow/dags/ecommerce_pipeline.py
[2026-06-08T14:20:16.035+0000] {processor.py:830} INFO - Processing file /opt/airflow/dags/ecommerce_pipeline.py for tasks to queue
[2026-06-08T14:20:16.037+0000] {logging_mixin.py:188} INFO - [2026-06-08T14:20:16.036+0000] {dagbag.py:540} INFO - Filling up the DagBag from /opt/airflow/dags/ecommerce_pipeline.py
[2026-06-08T14:20:16.145+0000] {logging_mixin.py:188} INFO - [2026-06-08T14:20:16.135+0000] {dagbag.py:350} ERROR - Failed to import: /opt/airflow/dags/ecommerce_pipeline.py
Traceback (most recent call last):
  File "/home/airflow/.local/lib/python3.8/site-packages/airflow/models/dagbag.py", line 346, in parse
    loader.exec_module(new_module)
  File "<frozen importlib._bootstrap_external>", line 843, in exec_module
  File "<frozen importlib._bootstrap>", line 219, in _call_with_frames_removed
  File "/opt/airflow/dags/ecommerce_pipeline.py", line 53, in <module>
    generate_data >> gold_job >> load_postgres
NameError: name 'generate_data' is not defined
[2026-06-08T14:20:16.149+0000] {processor.py:842} WARNING - No viable dags retrieved from /opt/airflow/dags/ecommerce_pipeline.py
[2026-06-08T14:20:16.239+0000] {processor.py:183} INFO - Processing /opt/airflow/dags/ecommerce_pipeline.py took 0.210 seconds
[2026-06-08T14:20:46.458+0000] {processor.py:161} INFO - Started process (PID=266) to work on /opt/airflow/dags/ecommerce_pipeline.py
[2026-06-08T14:20:46.460+0000] {processor.py:830} INFO - Processing file /opt/airflow/dags/ecommerce_pipeline.py for tasks to queue
[2026-06-08T14:20:46.461+0000] {logging_mixin.py:188} INFO - [2026-06-08T14:20:46.461+0000] {dagbag.py:540} INFO - Filling up the DagBag from /opt/airflow/dags/ecommerce_pipeline.py
[2026-06-08T14:20:46.505+0000] {logging_mixin.py:188} INFO - [2026-06-08T14:20:46.501+0000] {dagbag.py:350} ERROR - Failed to import: /opt/airflow/dags/ecommerce_pipeline.py
Traceback (most recent call last):
  File "/home/airflow/.local/lib/python3.8/site-packages/airflow/models/dagbag.py", line 346, in parse
    loader.exec_module(new_module)
  File "<frozen importlib._bootstrap_external>", line 843, in exec_module
  File "<frozen importlib._bootstrap>", line 219, in _call_with_frames_removed
  File "/opt/airflow/dags/ecommerce_pipeline.py", line 53, in <module>
    generate_data >> gold_job >> load_postgres
NameError: name 'generate_data' is not defined
[2026-06-08T14:20:46.506+0000] {processor.py:842} WARNING - No viable dags retrieved from /opt/airflow/dags/ecommerce_pipeline.py
[2026-06-08T14:20:46.676+0000] {processor.py:183} INFO - Processing /opt/airflow/dags/ecommerce_pipeline.py took 0.224 seconds
[2026-06-08T14:21:16.892+0000] {processor.py:161} INFO - Started process (PID=271) to work on /opt/airflow/dags/ecommerce_pipeline.py
[2026-06-08T14:21:16.893+0000] {processor.py:830} INFO - Processing file /opt/airflow/dags/ecommerce_pipeline.py for tasks to queue
[2026-06-08T14:21:16.895+0000] {logging_mixin.py:188} INFO - [2026-06-08T14:21:16.895+0000] {dagbag.py:540} INFO - Filling up the DagBag from /opt/airflow/dags/ecommerce_pipeline.py
[2026-06-08T14:21:16.922+0000] {logging_mixin.py:188} INFO - [2026-06-08T14:21:16.918+0000] {dagbag.py:350} ERROR - Failed to import: /opt/airflow/dags/ecommerce_pipeline.py
Traceback (most recent call last):
  File "/home/airflow/.local/lib/python3.8/site-packages/airflow/models/dagbag.py", line 346, in parse
    loader.exec_module(new_module)
  File "<frozen importlib._bootstrap_external>", line 843, in exec_module
  File "<frozen importlib._bootstrap>", line 219, in _call_with_frames_removed
  File "/opt/airflow/dags/ecommerce_pipeline.py", line 53, in <module>
    generate_data >> gold_job >> load_postgres
NameError: name 'generate_data' is not defined
[2026-06-08T14:21:16.924+0000] {processor.py:842} WARNING - No viable dags retrieved from /opt/airflow/dags/ecommerce_pipeline.py
[2026-06-08T14:21:16.986+0000] {processor.py:183} INFO - Processing /opt/airflow/dags/ecommerce_pipeline.py took 0.098 seconds
[2026-06-08T14:21:47.262+0000] {processor.py:161} INFO - Started process (PID=276) to work on /opt/airflow/dags/ecommerce_pipeline.py
[2026-06-08T14:21:47.263+0000] {processor.py:830} INFO - Processing file /opt/airflow/dags/ecommerce_pipeline.py for tasks to queue
[2026-06-08T14:21:47.265+0000] {logging_mixin.py:188} INFO - [2026-06-08T14:21:47.265+0000] {dagbag.py:540} INFO - Filling up the DagBag from /opt/airflow/dags/ecommerce_pipeline.py
[2026-06-08T14:21:47.317+0000] {logging_mixin.py:188} INFO - [2026-06-08T14:21:47.311+0000] {dagbag.py:350} ERROR - Failed to import: /opt/airflow/dags/ecommerce_pipeline.py
Traceback (most recent call last):
  File "/home/airflow/.local/lib/python3.8/site-packages/airflow/models/dagbag.py", line 346, in parse
    loader.exec_module(new_module)
  File "<frozen importlib._bootstrap_external>", line 843, in exec_module
  File "<frozen importlib._bootstrap>", line 219, in _call_with_frames_removed
  File "/opt/airflow/dags/ecommerce_pipeline.py", line 53, in <module>
    generate_data >> gold_job >> load_postgres
NameError: name 'generate_data' is not defined
[2026-06-08T14:21:47.319+0000] {processor.py:842} WARNING - No viable dags retrieved from /opt/airflow/dags/ecommerce_pipeline.py
[2026-06-08T14:21:47.372+0000] {processor.py:183} INFO - Processing /opt/airflow/dags/ecommerce_pipeline.py took 0.115 seconds
[2026-06-08T14:22:17.467+0000] {processor.py:161} INFO - Started process (PID=281) to work on /opt/airflow/dags/ecommerce_pipeline.py
[2026-06-08T14:22:17.469+0000] {processor.py:830} INFO - Processing file /opt/airflow/dags/ecommerce_pipeline.py for tasks to queue
[2026-06-08T14:22:17.470+0000] {logging_mixin.py:188} INFO - [2026-06-08T14:22:17.470+0000] {dagbag.py:540} INFO - Filling up the DagBag from /opt/airflow/dags/ecommerce_pipeline.py
[2026-06-08T14:22:17.496+0000] {logging_mixin.py:188} INFO - [2026-06-08T14:22:17.491+0000] {dagbag.py:350} ERROR - Failed to import: /opt/airflow/dags/ecommerce_pipeline.py
Traceback (most recent call last):
  File "/home/airflow/.local/lib/python3.8/site-packages/airflow/models/dagbag.py", line 346, in parse
    loader.exec_module(new_module)
  File "<frozen importlib._bootstrap_external>", line 843, in exec_module
  File "<frozen importlib._bootstrap>", line 219, in _call_with_frames_removed
  File "/opt/airflow/dags/ecommerce_pipeline.py", line 53, in <module>
    generate_data >> gold_job >> load_postgres
NameError: name 'generate_data' is not defined
[2026-06-08T14:22:17.498+0000] {processor.py:842} WARNING - No viable dags retrieved from /opt/airflow/dags/ecommerce_pipeline.py
[2026-06-08T14:22:17.567+0000] {processor.py:183} INFO - Processing /opt/airflow/dags/ecommerce_pipeline.py took 0.106 seconds
[2026-06-08T14:22:47.949+0000] {processor.py:161} INFO - Started process (PID=286) to work on /opt/airflow/dags/ecommerce_pipeline.py
[2026-06-08T14:22:47.950+0000] {processor.py:830} INFO - Processing file /opt/airflow/dags/ecommerce_pipeline.py for tasks to queue
[2026-06-08T14:22:48.067+0000] {logging_mixin.py:188} INFO - [2026-06-08T14:22:47.952+0000] {dagbag.py:540} INFO - Filling up the DagBag from /opt/airflow/dags/ecommerce_pipeline.py
[2026-06-08T14:22:48.655+0000] {logging_mixin.py:188} INFO - [2026-06-08T14:22:48.644+0000] {dagbag.py:350} ERROR - Failed to import: /opt/airflow/dags/ecommerce_pipeline.py
Traceback (most recent call last):
  File "/home/airflow/.local/lib/python3.8/site-packages/airflow/models/dagbag.py", line 346, in parse
    loader.exec_module(new_module)
  File "<frozen importlib._bootstrap_external>", line 843, in exec_module
  File "<frozen importlib._bootstrap>", line 219, in _call_with_frames_removed
  File "/opt/airflow/dags/ecommerce_pipeline.py", line 53, in <module>
    generate_data >> gold_job >> load_postgres
NameError: name 'generate_data' is not defined
[2026-06-08T14:22:48.676+0000] {processor.py:842} WARNING - No viable dags retrieved from /opt/airflow/dags/ecommerce_pipeline.py
[2026-06-08T14:22:49.225+0000] {processor.py:183} INFO - Processing /opt/airflow/dags/ecommerce_pipeline.py took 1.317 seconds
[2026-06-08T14:23:19.480+0000] {processor.py:161} INFO - Started process (PID=291) to work on /opt/airflow/dags/ecommerce_pipeline.py
[2026-06-08T14:23:19.481+0000] {processor.py:830} INFO - Processing file /opt/airflow/dags/ecommerce_pipeline.py for tasks to queue
[2026-06-08T14:23:19.483+0000] {logging_mixin.py:188} INFO - [2026-06-08T14:23:19.483+0000] {dagbag.py:540} INFO - Filling up the DagBag from /opt/airflow/dags/ecommerce_pipeline.py
[2026-06-08T14:23:19.543+0000] {logging_mixin.py:188} INFO - [2026-06-08T14:23:19.538+0000] {dagbag.py:350} ERROR - Failed to import: /opt/airflow/dags/ecommerce_pipeline.py
Traceback (most recent call last):
  File "/home/airflow/.local/lib/python3.8/site-packages/airflow/models/dagbag.py", line 346, in parse
    loader.exec_module(new_module)
  File "<frozen importlib._bootstrap_external>", line 843, in exec_module
  File "<frozen importlib._bootstrap>", line 219, in _call_with_frames_removed
  File "/opt/airflow/dags/ecommerce_pipeline.py", line 53, in <module>
    generate_data >> gold_job >> load_postgres
NameError: name 'generate_data' is not defined
[2026-06-08T14:23:19.545+0000] {processor.py:842} WARNING - No viable dags retrieved from /opt/airflow/dags/ecommerce_pipeline.py
[2026-06-08T14:23:20.432+0000] {processor.py:183} INFO - Processing /opt/airflow/dags/ecommerce_pipeline.py took 0.978 seconds
[2026-06-08T14:23:50.726+0000] {processor.py:161} INFO - Started process (PID=296) to work on /opt/airflow/dags/ecommerce_pipeline.py
[2026-06-08T14:23:50.727+0000] {processor.py:830} INFO - Processing file /opt/airflow/dags/ecommerce_pipeline.py for tasks to queue
[2026-06-08T14:23:50.729+0000] {logging_mixin.py:188} INFO - [2026-06-08T14:23:50.728+0000] {dagbag.py:540} INFO - Filling up the DagBag from /opt/airflow/dags/ecommerce_pipeline.py
[2026-06-08T14:23:50.758+0000] {logging_mixin.py:188} INFO - [2026-06-08T14:23:50.753+0000] {dagbag.py:350} ERROR - Failed to import: /opt/airflow/dags/ecommerce_pipeline.py
Traceback (most recent call last):
  File "/home/airflow/.local/lib/python3.8/site-packages/airflow/models/dagbag.py", line 346, in parse
    loader.exec_module(new_module)
  File "<frozen importlib._bootstrap_external>", line 843, in exec_module
  File "<frozen importlib._bootstrap>", line 219, in _call_with_frames_removed
  File "/opt/airflow/dags/ecommerce_pipeline.py", line 53, in <module>
    generate_data >> gold_job >> load_postgres
NameError: name 'generate_data' is not defined
[2026-06-08T14:23:50.760+0000] {processor.py:842} WARNING - No viable dags retrieved from /opt/airflow/dags/ecommerce_pipeline.py
[2026-06-08T14:23:50.810+0000] {processor.py:183} INFO - Processing /opt/airflow/dags/ecommerce_pipeline.py took 0.090 seconds
[2026-06-08T14:24:20.943+0000] {processor.py:161} INFO - Started process (PID=301) to work on /opt/airflow/dags/ecommerce_pipeline.py
[2026-06-08T14:24:20.944+0000] {processor.py:830} INFO - Processing file /opt/airflow/dags/ecommerce_pipeline.py for tasks to queue
[2026-06-08T14:24:20.946+0000] {logging_mixin.py:188} INFO - [2026-06-08T14:24:20.945+0000] {dagbag.py:540} INFO - Filling up the DagBag from /opt/airflow/dags/ecommerce_pipeline.py
[2026-06-08T14:24:20.975+0000] {logging_mixin.py:188} INFO - [2026-06-08T14:24:20.971+0000] {dagbag.py:350} ERROR - Failed to import: /opt/airflow/dags/ecommerce_pipeline.py
Traceback (most recent call last):
  File "/home/airflow/.local/lib/python3.8/site-packages/airflow/models/dagbag.py", line 346, in parse
    loader.exec_module(new_module)
  File "<frozen importlib._bootstrap_external>", line 843, in exec_module
  File "<frozen importlib._bootstrap>", line 219, in _call_with_frames_removed
  File "/opt/airflow/dags/ecommerce_pipeline.py", line 53, in <module>
    generate_data >> gold_job >> load_postgres
NameError: name 'generate_data' is not defined
[2026-06-08T14:24:20.977+0000] {processor.py:842} WARNING - No viable dags retrieved from /opt/airflow/dags/ecommerce_pipeline.py
[2026-06-08T14:24:21.020+0000] {processor.py:183} INFO - Processing /opt/airflow/dags/ecommerce_pipeline.py took 0.081 seconds
[2026-06-08T14:24:51.203+0000] {processor.py:161} INFO - Started process (PID=306) to work on /opt/airflow/dags/ecommerce_pipeline.py
[2026-06-08T14:24:51.203+0000] {processor.py:830} INFO - Processing file /opt/airflow/dags/ecommerce_pipeline.py for tasks to queue
[2026-06-08T14:24:51.205+0000] {logging_mixin.py:188} INFO - [2026-06-08T14:24:51.205+0000] {dagbag.py:540} INFO - Filling up the DagBag from /opt/airflow/dags/ecommerce_pipeline.py
[2026-06-08T14:24:51.235+0000] {logging_mixin.py:188} INFO - [2026-06-08T14:24:51.230+0000] {dagbag.py:350} ERROR - Failed to import: /opt/airflow/dags/ecommerce_pipeline.py
Traceback (most recent call last):
  File "/home/airflow/.local/lib/python3.8/site-packages/airflow/models/dagbag.py", line 346, in parse
    loader.exec_module(new_module)
  File "<frozen importlib._bootstrap_external>", line 843, in exec_module
  File "<frozen importlib._bootstrap>", line 219, in _call_with_frames_removed
  File "/opt/airflow/dags/ecommerce_pipeline.py", line 53, in <module>
    generate_data >> gold_job >> load_postgres
NameError: name 'generate_data' is not defined
[2026-06-08T14:24:51.237+0000] {processor.py:842} WARNING - No viable dags retrieved from /opt/airflow/dags/ecommerce_pipeline.py
[2026-06-08T14:24:51.270+0000] {processor.py:183} INFO - Processing /opt/airflow/dags/ecommerce_pipeline.py took 0.071 seconds
[2026-06-08T14:25:21.482+0000] {processor.py:161} INFO - Started process (PID=311) to work on /opt/airflow/dags/ecommerce_pipeline.py
[2026-06-08T14:25:21.483+0000] {processor.py:830} INFO - Processing file /opt/airflow/dags/ecommerce_pipeline.py for tasks to queue
[2026-06-08T14:25:21.485+0000] {logging_mixin.py:188} INFO - [2026-06-08T14:25:21.485+0000] {dagbag.py:540} INFO - Filling up the DagBag from /opt/airflow/dags/ecommerce_pipeline.py
[2026-06-08T14:25:21.576+0000] {logging_mixin.py:188} INFO - [2026-06-08T14:25:21.570+0000] {dagbag.py:350} ERROR - Failed to import: /opt/airflow/dags/ecommerce_pipeline.py
Traceback (most recent call last):
  File "/home/airflow/.local/lib/python3.8/site-packages/airflow/models/dagbag.py", line 346, in parse
    loader.exec_module(new_module)
  File "<frozen importlib._bootstrap_external>", line 843, in exec_module
  File "<frozen importlib._bootstrap>", line 219, in _call_with_frames_removed
  File "/opt/airflow/dags/ecommerce_pipeline.py", line 53, in <module>
    generate_data >> gold_job >> load_postgres
NameError: name 'generate_data' is not defined
[2026-06-08T14:25:21.578+0000] {processor.py:842} WARNING - No viable dags retrieved from /opt/airflow/dags/ecommerce_pipeline.py
[2026-06-08T14:25:21.644+0000] {processor.py:183} INFO - Processing /opt/airflow/dags/ecommerce_pipeline.py took 0.178 seconds
[2026-06-08T14:25:51.881+0000] {processor.py:161} INFO - Started process (PID=316) to work on /opt/airflow/dags/ecommerce_pipeline.py
[2026-06-08T14:25:51.882+0000] {processor.py:830} INFO - Processing file /opt/airflow/dags/ecommerce_pipeline.py for tasks to queue
[2026-06-08T14:25:51.884+0000] {logging_mixin.py:188} INFO - [2026-06-08T14:25:51.883+0000] {dagbag.py:540} INFO - Filling up the DagBag from /opt/airflow/dags/ecommerce_pipeline.py
[2026-06-08T14:25:51.930+0000] {logging_mixin.py:188} INFO - [2026-06-08T14:25:51.925+0000] {dagbag.py:350} ERROR - Failed to import: /opt/airflow/dags/ecommerce_pipeline.py
Traceback (most recent call last):
  File "/home/airflow/.local/lib/python3.8/site-packages/airflow/models/dagbag.py", line 346, in parse
    loader.exec_module(new_module)
  File "<frozen importlib._bootstrap_external>", line 843, in exec_module
  File "<frozen importlib._bootstrap>", line 219, in _call_with_frames_removed
  File "/opt/airflow/dags/ecommerce_pipeline.py", line 53, in <module>
    generate_data >> gold_job >> load_postgres
NameError: name 'generate_data' is not defined
[2026-06-08T14:25:51.931+0000] {processor.py:842} WARNING - No viable dags retrieved from /opt/airflow/dags/ecommerce_pipeline.py
[2026-06-08T14:25:52.005+0000] {processor.py:183} INFO - Processing /opt/airflow/dags/ecommerce_pipeline.py took 0.129 seconds
[2026-06-08T14:26:22.092+0000] {processor.py:161} INFO - Started process (PID=321) to work on /opt/airflow/dags/ecommerce_pipeline.py
[2026-06-08T14:26:22.093+0000] {processor.py:830} INFO - Processing file /opt/airflow/dags/ecommerce_pipeline.py for tasks to queue
[2026-06-08T14:26:22.095+0000] {logging_mixin.py:188} INFO - [2026-06-08T14:26:22.095+0000] {dagbag.py:540} INFO - Filling up the DagBag from /opt/airflow/dags/ecommerce_pipeline.py
[2026-06-08T14:26:22.118+0000] {logging_mixin.py:188} INFO - [2026-06-08T14:26:22.114+0000] {dagbag.py:350} ERROR - Failed to import: /opt/airflow/dags/ecommerce_pipeline.py
Traceback (most recent call last):
  File "/home/airflow/.local/lib/python3.8/site-packages/airflow/models/dagbag.py", line 346, in parse
    loader.exec_module(new_module)
  File "<frozen importlib._bootstrap_external>", line 843, in exec_module
  File "<frozen importlib._bootstrap>", line 219, in _call_with_frames_removed
  File "/opt/airflow/dags/ecommerce_pipeline.py", line 53, in <module>
    generate_data >> gold_job >> load_postgres
NameError: name 'generate_data' is not defined
[2026-06-08T14:26:22.120+0000] {processor.py:842} WARNING - No viable dags retrieved from /opt/airflow/dags/ecommerce_pipeline.py
[2026-06-08T14:26:22.152+0000] {processor.py:183} INFO - Processing /opt/airflow/dags/ecommerce_pipeline.py took 0.064 seconds
[2026-06-08T14:26:52.278+0000] {processor.py:161} INFO - Started process (PID=326) to work on /opt/airflow/dags/ecommerce_pipeline.py
[2026-06-08T14:26:52.279+0000] {processor.py:830} INFO - Processing file /opt/airflow/dags/ecommerce_pipeline.py for tasks to queue
[2026-06-08T14:26:52.281+0000] {logging_mixin.py:188} INFO - [2026-06-08T14:26:52.281+0000] {dagbag.py:540} INFO - Filling up the DagBag from /opt/airflow/dags/ecommerce_pipeline.py
[2026-06-08T14:26:52.307+0000] {logging_mixin.py:188} INFO - [2026-06-08T14:26:52.303+0000] {dagbag.py:350} ERROR - Failed to import: /opt/airflow/dags/ecommerce_pipeline.py
Traceback (most recent call last):
  File "/home/airflow/.local/lib/python3.8/site-packages/airflow/models/dagbag.py", line 346, in parse
    loader.exec_module(new_module)
  File "<frozen importlib._bootstrap_external>", line 843, in exec_module
  File "<frozen importlib._bootstrap>", line 219, in _call_with_frames_removed
  File "/opt/airflow/dags/ecommerce_pipeline.py", line 53, in <module>
    generate_data >> gold_job >> load_postgres
NameError: name 'generate_data' is not defined
[2026-06-08T14:26:52.309+0000] {processor.py:842} WARNING - No viable dags retrieved from /opt/airflow/dags/ecommerce_pipeline.py
[2026-06-08T14:26:52.348+0000] {processor.py:183} INFO - Processing /opt/airflow/dags/ecommerce_pipeline.py took 0.074 seconds
[2026-06-08T14:27:22.553+0000] {processor.py:161} INFO - Started process (PID=331) to work on /opt/airflow/dags/ecommerce_pipeline.py
[2026-06-08T14:27:22.554+0000] {processor.py:830} INFO - Processing file /opt/airflow/dags/ecommerce_pipeline.py for tasks to queue
[2026-06-08T14:27:22.555+0000] {logging_mixin.py:188} INFO - [2026-06-08T14:27:22.555+0000] {dagbag.py:540} INFO - Filling up the DagBag from /opt/airflow/dags/ecommerce_pipeline.py
[2026-06-08T14:27:22.579+0000] {logging_mixin.py:188} INFO - [2026-06-08T14:27:22.575+0000] {dagbag.py:350} ERROR - Failed to import: /opt/airflow/dags/ecommerce_pipeline.py
Traceback (most recent call last):
  File "/home/airflow/.local/lib/python3.8/site-packages/airflow/models/dagbag.py", line 346, in parse
    loader.exec_module(new_module)
  File "<frozen importlib._bootstrap_external>", line 843, in exec_module
  File "<frozen importlib._bootstrap>", line 219, in _call_with_frames_removed
  File "/opt/airflow/dags/ecommerce_pipeline.py", line 53, in <module>
    generate_data >> gold_job >> load_postgres
NameError: name 'generate_data' is not defined
[2026-06-08T14:27:22.580+0000] {processor.py:842} WARNING - No viable dags retrieved from /opt/airflow/dags/ecommerce_pipeline.py
[2026-06-08T14:27:22.612+0000] {processor.py:183} INFO - Processing /opt/airflow/dags/ecommerce_pipeline.py took 0.063 seconds
[2026-06-08T14:27:52.754+0000] {processor.py:161} INFO - Started process (PID=336) to work on /opt/airflow/dags/ecommerce_pipeline.py
[2026-06-08T14:27:52.756+0000] {processor.py:830} INFO - Processing file /opt/airflow/dags/ecommerce_pipeline.py for tasks to queue
[2026-06-08T14:27:52.757+0000] {logging_mixin.py:188} INFO - [2026-06-08T14:27:52.757+0000] {dagbag.py:540} INFO - Filling up the DagBag from /opt/airflow/dags/ecommerce_pipeline.py
[2026-06-08T14:27:52.789+0000] {logging_mixin.py:188} INFO - [2026-06-08T14:27:52.779+0000] {dagbag.py:350} ERROR - Failed to import: /opt/airflow/dags/ecommerce_pipeline.py
Traceback (most recent call last):
  File "/home/airflow/.local/lib/python3.8/site-packages/airflow/models/dagbag.py", line 346, in parse
    loader.exec_module(new_module)
  File "<frozen importlib._bootstrap_external>", line 843, in exec_module
  File "<frozen importlib._bootstrap>", line 219, in _call_with_frames_removed
  File "/opt/airflow/dags/ecommerce_pipeline.py", line 53, in <module>
    generate_data >> gold_job >> load_postgres
NameError: name 'generate_data' is not defined
[2026-06-08T14:27:52.791+0000] {processor.py:842} WARNING - No viable dags retrieved from /opt/airflow/dags/ecommerce_pipeline.py
[2026-06-08T14:27:52.824+0000] {processor.py:183} INFO - Processing /opt/airflow/dags/ecommerce_pipeline.py took 0.075 seconds
[2026-06-08T14:28:22.998+0000] {processor.py:161} INFO - Started process (PID=341) to work on /opt/airflow/dags/ecommerce_pipeline.py
[2026-06-08T14:28:22.999+0000] {processor.py:830} INFO - Processing file /opt/airflow/dags/ecommerce_pipeline.py for tasks to queue
[2026-06-08T14:28:23.001+0000] {logging_mixin.py:188} INFO - [2026-06-08T14:28:23.000+0000] {dagbag.py:540} INFO - Filling up the DagBag from /opt/airflow/dags/ecommerce_pipeline.py
[2026-06-08T14:28:23.026+0000] {logging_mixin.py:188} INFO - [2026-06-08T14:28:23.021+0000] {dagbag.py:350} ERROR - Failed to import: /opt/airflow/dags/ecommerce_pipeline.py
Traceback (most recent call last):
  File "/home/airflow/.local/lib/python3.8/site-packages/airflow/models/dagbag.py", line 346, in parse
    loader.exec_module(new_module)
  File "<frozen importlib._bootstrap_external>", line 843, in exec_module
  File "<frozen importlib._bootstrap>", line 219, in _call_with_frames_removed
  File "/opt/airflow/dags/ecommerce_pipeline.py", line 53, in <module>
    generate_data >> gold_job >> load_postgres
NameError: name 'generate_data' is not defined
[2026-06-08T14:28:23.027+0000] {processor.py:842} WARNING - No viable dags retrieved from /opt/airflow/dags/ecommerce_pipeline.py
[2026-06-08T14:28:23.056+0000] {processor.py:183} INFO - Processing /opt/airflow/dags/ecommerce_pipeline.py took 0.062 seconds
[2026-06-08T14:28:53.207+0000] {processor.py:161} INFO - Started process (PID=346) to work on /opt/airflow/dags/ecommerce_pipeline.py
[2026-06-08T14:28:53.208+0000] {processor.py:830} INFO - Processing file /opt/airflow/dags/ecommerce_pipeline.py for tasks to queue
[2026-06-08T14:28:53.210+0000] {logging_mixin.py:188} INFO - [2026-06-08T14:28:53.210+0000] {dagbag.py:540} INFO - Filling up the DagBag from /opt/airflow/dags/ecommerce_pipeline.py
[2026-06-08T14:28:53.234+0000] {logging_mixin.py:188} INFO - [2026-06-08T14:28:53.229+0000] {dagbag.py:350} ERROR - Failed to import: /opt/airflow/dags/ecommerce_pipeline.py
Traceback (most recent call last):
  File "/home/airflow/.local/lib/python3.8/site-packages/airflow/models/dagbag.py", line 346, in parse
    loader.exec_module(new_module)
  File "<frozen importlib._bootstrap_external>", line 843, in exec_module
  File "<frozen importlib._bootstrap>", line 219, in _call_with_frames_removed
  File "/opt/airflow/dags/ecommerce_pipeline.py", line 53, in <module>
    generate_data >> gold_job >> load_postgres
NameError: name 'generate_data' is not defined
[2026-06-08T14:28:53.235+0000] {processor.py:842} WARNING - No viable dags retrieved from /opt/airflow/dags/ecommerce_pipeline.py
[2026-06-08T14:28:53.283+0000] {processor.py:183} INFO - Processing /opt/airflow/dags/ecommerce_pipeline.py took 0.080 seconds
[2026-06-08T14:29:23.449+0000] {processor.py:161} INFO - Started process (PID=351) to work on /opt/airflow/dags/ecommerce_pipeline.py
[2026-06-08T14:29:23.450+0000] {processor.py:830} INFO - Processing file /opt/airflow/dags/ecommerce_pipeline.py for tasks to queue
[2026-06-08T14:29:23.452+0000] {logging_mixin.py:188} INFO - [2026-06-08T14:29:23.451+0000] {dagbag.py:540} INFO - Filling up the DagBag from /opt/airflow/dags/ecommerce_pipeline.py
[2026-06-08T14:29:23.477+0000] {logging_mixin.py:188} INFO - [2026-06-08T14:29:23.472+0000] {dagbag.py:350} ERROR - Failed to import: /opt/airflow/dags/ecommerce_pipeline.py
Traceback (most recent call last):
  File "/home/airflow/.local/lib/python3.8/site-packages/airflow/models/dagbag.py", line 346, in parse
    loader.exec_module(new_module)
  File "<frozen importlib._bootstrap_external>", line 843, in exec_module
  File "<frozen importlib._bootstrap>", line 219, in _call_with_frames_removed
  File "/opt/airflow/dags/ecommerce_pipeline.py", line 53, in <module>
    generate_data >> gold_job >> load_postgres
NameError: name 'generate_data' is not defined
[2026-06-08T14:29:23.478+0000] {processor.py:842} WARNING - No viable dags retrieved from /opt/airflow/dags/ecommerce_pipeline.py
[2026-06-08T14:29:23.508+0000] {processor.py:183} INFO - Processing /opt/airflow/dags/ecommerce_pipeline.py took 0.063 seconds
[2026-06-08T14:29:53.677+0000] {processor.py:161} INFO - Started process (PID=356) to work on /opt/airflow/dags/ecommerce_pipeline.py
[2026-06-08T14:29:53.679+0000] {processor.py:830} INFO - Processing file /opt/airflow/dags/ecommerce_pipeline.py for tasks to queue
[2026-06-08T14:29:53.681+0000] {logging_mixin.py:188} INFO - [2026-06-08T14:29:53.680+0000] {dagbag.py:540} INFO - Filling up the DagBag from /opt/airflow/dags/ecommerce_pipeline.py
[2026-06-08T14:29:53.707+0000] {logging_mixin.py:188} INFO - [2026-06-08T14:29:53.701+0000] {dagbag.py:350} ERROR - Failed to import: /opt/airflow/dags/ecommerce_pipeline.py
Traceback (most recent call last):
  File "/home/airflow/.local/lib/python3.8/site-packages/airflow/models/dagbag.py", line 346, in parse
    loader.exec_module(new_module)
  File "<frozen importlib._bootstrap_external>", line 843, in exec_module
  File "<frozen importlib._bootstrap>", line 219, in _call_with_frames_removed
  File "/opt/airflow/dags/ecommerce_pipeline.py", line 53, in <module>
    generate_data >> gold_job >> load_postgres
NameError: name 'generate_data' is not defined
[2026-06-08T14:29:53.708+0000] {processor.py:842} WARNING - No viable dags retrieved from /opt/airflow/dags/ecommerce_pipeline.py
[2026-06-08T14:29:53.740+0000] {processor.py:183} INFO - Processing /opt/airflow/dags/ecommerce_pipeline.py took 0.067 seconds
[2026-06-08T14:30:23.908+0000] {processor.py:161} INFO - Started process (PID=361) to work on /opt/airflow/dags/ecommerce_pipeline.py
[2026-06-08T14:30:23.909+0000] {processor.py:830} INFO - Processing file /opt/airflow/dags/ecommerce_pipeline.py for tasks to queue
[2026-06-08T14:30:23.910+0000] {logging_mixin.py:188} INFO - [2026-06-08T14:30:23.910+0000] {dagbag.py:540} INFO - Filling up the DagBag from /opt/airflow/dags/ecommerce_pipeline.py
[2026-06-08T14:30:23.936+0000] {logging_mixin.py:188} INFO - [2026-06-08T14:30:23.931+0000] {dagbag.py:350} ERROR - Failed to import: /opt/airflow/dags/ecommerce_pipeline.py
Traceback (most recent call last):
  File "/home/airflow/.local/lib/python3.8/site-packages/airflow/models/dagbag.py", line 346, in parse
    loader.exec_module(new_module)
  File "<frozen importlib._bootstrap_external>", line 843, in exec_module
  File "<frozen importlib._bootstrap>", line 219, in _call_with_frames_removed
  File "/opt/airflow/dags/ecommerce_pipeline.py", line 53, in <module>
    generate_data >> gold_job >> load_postgres
NameError: name 'generate_data' is not defined
[2026-06-08T14:30:23.937+0000] {processor.py:842} WARNING - No viable dags retrieved from /opt/airflow/dags/ecommerce_pipeline.py
[2026-06-08T14:30:23.967+0000] {processor.py:183} INFO - Processing /opt/airflow/dags/ecommerce_pipeline.py took 0.063 seconds
[2026-06-08T14:30:54.134+0000] {processor.py:161} INFO - Started process (PID=366) to work on /opt/airflow/dags/ecommerce_pipeline.py
[2026-06-08T14:30:54.135+0000] {processor.py:830} INFO - Processing file /opt/airflow/dags/ecommerce_pipeline.py for tasks to queue
[2026-06-08T14:30:54.137+0000] {logging_mixin.py:188} INFO - [2026-06-08T14:30:54.136+0000] {dagbag.py:540} INFO - Filling up the DagBag from /opt/airflow/dags/ecommerce_pipeline.py
[2026-06-08T14:30:54.161+0000] {logging_mixin.py:188} INFO - [2026-06-08T14:30:54.155+0000] {dagbag.py:350} ERROR - Failed to import: /opt/airflow/dags/ecommerce_pipeline.py
Traceback (most recent call last):
  File "/home/airflow/.local/lib/python3.8/site-packages/airflow/models/dagbag.py", line 346, in parse
    loader.exec_module(new_module)
  File "<frozen importlib._bootstrap_external>", line 843, in exec_module
  File "<frozen importlib._bootstrap>", line 219, in _call_with_frames_removed
  File "/opt/airflow/dags/ecommerce_pipeline.py", line 53, in <module>
    generate_data >> gold_job >> load_postgres
NameError: name 'generate_data' is not defined
[2026-06-08T14:30:54.163+0000] {processor.py:842} WARNING - No viable dags retrieved from /opt/airflow/dags/ecommerce_pipeline.py
[2026-06-08T14:30:54.198+0000] {processor.py:183} INFO - Processing /opt/airflow/dags/ecommerce_pipeline.py took 0.068 seconds
[2026-06-08T14:31:24.382+0000] {processor.py:161} INFO - Started process (PID=371) to work on /opt/airflow/dags/ecommerce_pipeline.py
[2026-06-08T14:31:24.383+0000] {processor.py:830} INFO - Processing file /opt/airflow/dags/ecommerce_pipeline.py for tasks to queue
[2026-06-08T14:31:24.385+0000] {logging_mixin.py:188} INFO - [2026-06-08T14:31:24.384+0000] {dagbag.py:540} INFO - Filling up the DagBag from /opt/airflow/dags/ecommerce_pipeline.py
[2026-06-08T14:31:24.413+0000] {logging_mixin.py:188} INFO - [2026-06-08T14:31:24.407+0000] {dagbag.py:350} ERROR - Failed to import: /opt/airflow/dags/ecommerce_pipeline.py
Traceback (most recent call last):
  File "/home/airflow/.local/lib/python3.8/site-packages/airflow/models/dagbag.py", line 346, in parse
    loader.exec_module(new_module)
  File "<frozen importlib._bootstrap_external>", line 843, in exec_module
  File "<frozen importlib._bootstrap>", line 219, in _call_with_frames_removed
  File "/opt/airflow/dags/ecommerce_pipeline.py", line 53, in <module>
    generate_data >> gold_job >> load_postgres
NameError: name 'generate_data' is not defined
[2026-06-08T14:31:24.415+0000] {processor.py:842} WARNING - No viable dags retrieved from /opt/airflow/dags/ecommerce_pipeline.py
[2026-06-08T14:31:24.448+0000] {processor.py:183} INFO - Processing /opt/airflow/dags/ecommerce_pipeline.py took 0.070 seconds
[2026-06-08T14:31:54.584+0000] {processor.py:161} INFO - Started process (PID=376) to work on /opt/airflow/dags/ecommerce_pipeline.py
[2026-06-08T14:31:54.586+0000] {processor.py:830} INFO - Processing file /opt/airflow/dags/ecommerce_pipeline.py for tasks to queue
[2026-06-08T14:31:54.587+0000] {logging_mixin.py:188} INFO - [2026-06-08T14:31:54.587+0000] {dagbag.py:540} INFO - Filling up the DagBag from /opt/airflow/dags/ecommerce_pipeline.py
[2026-06-08T14:31:54.614+0000] {logging_mixin.py:188} INFO - [2026-06-08T14:31:54.609+0000] {dagbag.py:350} ERROR - Failed to import: /opt/airflow/dags/ecommerce_pipeline.py
Traceback (most recent call last):
  File "/home/airflow/.local/lib/python3.8/site-packages/airflow/models/dagbag.py", line 346, in parse
    loader.exec_module(new_module)
  File "<frozen importlib._bootstrap_external>", line 843, in exec_module
  File "<frozen importlib._bootstrap>", line 219, in _call_with_frames_removed
  File "/opt/airflow/dags/ecommerce_pipeline.py", line 53, in <module>
    generate_data >> gold_job >> load_postgres
NameError: name 'generate_data' is not defined
[2026-06-08T14:31:54.615+0000] {processor.py:842} WARNING - No viable dags retrieved from /opt/airflow/dags/ecommerce_pipeline.py
[2026-06-08T14:31:54.646+0000] {processor.py:183} INFO - Processing /opt/airflow/dags/ecommerce_pipeline.py took 0.065 seconds
[2026-06-08T14:32:24.840+0000] {processor.py:161} INFO - Started process (PID=381) to work on /opt/airflow/dags/ecommerce_pipeline.py
[2026-06-08T14:32:24.841+0000] {processor.py:830} INFO - Processing file /opt/airflow/dags/ecommerce_pipeline.py for tasks to queue
[2026-06-08T14:32:24.842+0000] {logging_mixin.py:188} INFO - [2026-06-08T14:32:24.842+0000] {dagbag.py:540} INFO - Filling up the DagBag from /opt/airflow/dags/ecommerce_pipeline.py
[2026-06-08T14:32:24.868+0000] {logging_mixin.py:188} INFO - [2026-06-08T14:32:24.863+0000] {dagbag.py:350} ERROR - Failed to import: /opt/airflow/dags/ecommerce_pipeline.py
Traceback (most recent call last):
  File "/home/airflow/.local/lib/python3.8/site-packages/airflow/models/dagbag.py", line 346, in parse
    loader.exec_module(new_module)
  File "<frozen importlib._bootstrap_external>", line 843, in exec_module
  File "<frozen importlib._bootstrap>", line 219, in _call_with_frames_removed
  File "/opt/airflow/dags/ecommerce_pipeline.py", line 53, in <module>
    generate_data >> gold_job >> load_postgres
NameError: name 'generate_data' is not defined
[2026-06-08T14:32:24.869+0000] {processor.py:842} WARNING - No viable dags retrieved from /opt/airflow/dags/ecommerce_pipeline.py
[2026-06-08T14:32:24.904+0000] {processor.py:183} INFO - Processing /opt/airflow/dags/ecommerce_pipeline.py took 0.068 seconds
[2026-06-08T14:32:55.043+0000] {processor.py:161} INFO - Started process (PID=386) to work on /opt/airflow/dags/ecommerce_pipeline.py
[2026-06-08T14:32:55.044+0000] {processor.py:830} INFO - Processing file /opt/airflow/dags/ecommerce_pipeline.py for tasks to queue
[2026-06-08T14:32:55.045+0000] {logging_mixin.py:188} INFO - [2026-06-08T14:32:55.045+0000] {dagbag.py:540} INFO - Filling up the DagBag from /opt/airflow/dags/ecommerce_pipeline.py
[2026-06-08T14:32:55.072+0000] {logging_mixin.py:188} INFO - [2026-06-08T14:32:55.067+0000] {dagbag.py:350} ERROR - Failed to import: /opt/airflow/dags/ecommerce_pipeline.py
Traceback (most recent call last):
  File "/home/airflow/.local/lib/python3.8/site-packages/airflow/models/dagbag.py", line 346, in parse
    loader.exec_module(new_module)
  File "<frozen importlib._bootstrap_external>", line 843, in exec_module
  File "<frozen importlib._bootstrap>", line 219, in _call_with_frames_removed
  File "/opt/airflow/dags/ecommerce_pipeline.py", line 53, in <module>
    generate_data >> gold_job >> load_postgres
NameError: name 'generate_data' is not defined
[2026-06-08T14:32:55.073+0000] {processor.py:842} WARNING - No viable dags retrieved from /opt/airflow/dags/ecommerce_pipeline.py
[2026-06-08T14:32:55.105+0000] {processor.py:183} INFO - Processing /opt/airflow/dags/ecommerce_pipeline.py took 0.067 seconds
[2026-06-08T14:33:25.301+0000] {processor.py:161} INFO - Started process (PID=391) to work on /opt/airflow/dags/ecommerce_pipeline.py
[2026-06-08T14:33:25.302+0000] {processor.py:830} INFO - Processing file /opt/airflow/dags/ecommerce_pipeline.py for tasks to queue
[2026-06-08T14:33:25.303+0000] {logging_mixin.py:188} INFO - [2026-06-08T14:33:25.303+0000] {dagbag.py:540} INFO - Filling up the DagBag from /opt/airflow/dags/ecommerce_pipeline.py
[2026-06-08T14:33:25.327+0000] {logging_mixin.py:188} INFO - [2026-06-08T14:33:25.322+0000] {dagbag.py:350} ERROR - Failed to import: /opt/airflow/dags/ecommerce_pipeline.py
Traceback (most recent call last):
  File "/home/airflow/.local/lib/python3.8/site-packages/airflow/models/dagbag.py", line 346, in parse
    loader.exec_module(new_module)
  File "<frozen importlib._bootstrap_external>", line 843, in exec_module
  File "<frozen importlib._bootstrap>", line 219, in _call_with_frames_removed
  File "/opt/airflow/dags/ecommerce_pipeline.py", line 53, in <module>
    generate_data >> gold_job >> load_postgres
NameError: name 'generate_data' is not defined
[2026-06-08T14:33:25.328+0000] {processor.py:842} WARNING - No viable dags retrieved from /opt/airflow/dags/ecommerce_pipeline.py
[2026-06-08T14:33:25.359+0000] {processor.py:183} INFO - Processing /opt/airflow/dags/ecommerce_pipeline.py took 0.061 seconds
[2026-06-08T14:33:55.505+0000] {processor.py:161} INFO - Started process (PID=396) to work on /opt/airflow/dags/ecommerce_pipeline.py
[2026-06-08T14:33:55.506+0000] {processor.py:830} INFO - Processing file /opt/airflow/dags/ecommerce_pipeline.py for tasks to queue
[2026-06-08T14:33:55.508+0000] {logging_mixin.py:188} INFO - [2026-06-08T14:33:55.507+0000] {dagbag.py:540} INFO - Filling up the DagBag from /opt/airflow/dags/ecommerce_pipeline.py
[2026-06-08T14:33:55.536+0000] {logging_mixin.py:188} INFO - [2026-06-08T14:33:55.531+0000] {dagbag.py:350} ERROR - Failed to import: /opt/airflow/dags/ecommerce_pipeline.py
Traceback (most recent call last):
  File "/home/airflow/.local/lib/python3.8/site-packages/airflow/models/dagbag.py", line 346, in parse
    loader.exec_module(new_module)
  File "<frozen importlib._bootstrap_external>", line 843, in exec_module
  File "<frozen importlib._bootstrap>", line 219, in _call_with_frames_removed
  File "/opt/airflow/dags/ecommerce_pipeline.py", line 53, in <module>
    generate_data >> gold_job >> load_postgres
NameError: name 'generate_data' is not defined
[2026-06-08T14:33:55.538+0000] {processor.py:842} WARNING - No viable dags retrieved from /opt/airflow/dags/ecommerce_pipeline.py
[2026-06-08T14:33:55.576+0000] {processor.py:183} INFO - Processing /opt/airflow/dags/ecommerce_pipeline.py took 0.076 seconds
[2026-06-08T14:34:25.748+0000] {processor.py:161} INFO - Started process (PID=401) to work on /opt/airflow/dags/ecommerce_pipeline.py
[2026-06-08T14:34:25.750+0000] {processor.py:830} INFO - Processing file /opt/airflow/dags/ecommerce_pipeline.py for tasks to queue
[2026-06-08T14:34:25.751+0000] {logging_mixin.py:188} INFO - [2026-06-08T14:34:25.751+0000] {dagbag.py:540} INFO - Filling up the DagBag from /opt/airflow/dags/ecommerce_pipeline.py
[2026-06-08T14:34:25.778+0000] {logging_mixin.py:188} INFO - [2026-06-08T14:34:25.773+0000] {dagbag.py:350} ERROR - Failed to import: /opt/airflow/dags/ecommerce_pipeline.py
Traceback (most recent call last):
  File "/home/airflow/.local/lib/python3.8/site-packages/airflow/models/dagbag.py", line 346, in parse
    loader.exec_module(new_module)
  File "<frozen importlib._bootstrap_external>", line 843, in exec_module
  File "<frozen importlib._bootstrap>", line 219, in _call_with_frames_removed
  File "/opt/airflow/dags/ecommerce_pipeline.py", line 53, in <module>
    generate_data >> gold_job >> load_postgres
NameError: name 'generate_data' is not defined
[2026-06-08T14:34:25.780+0000] {processor.py:842} WARNING - No viable dags retrieved from /opt/airflow/dags/ecommerce_pipeline.py
[2026-06-08T14:34:25.812+0000] {processor.py:183} INFO - Processing /opt/airflow/dags/ecommerce_pipeline.py took 0.067 seconds
[2026-06-08T14:34:55.967+0000] {processor.py:161} INFO - Started process (PID=406) to work on /opt/airflow/dags/ecommerce_pipeline.py
[2026-06-08T14:34:55.968+0000] {processor.py:830} INFO - Processing file /opt/airflow/dags/ecommerce_pipeline.py for tasks to queue
[2026-06-08T14:34:55.969+0000] {logging_mixin.py:188} INFO - [2026-06-08T14:34:55.969+0000] {dagbag.py:540} INFO - Filling up the DagBag from /opt/airflow/dags/ecommerce_pipeline.py
[2026-06-08T14:34:55.997+0000] {logging_mixin.py:188} INFO - [2026-06-08T14:34:55.992+0000] {dagbag.py:350} ERROR - Failed to import: /opt/airflow/dags/ecommerce_pipeline.py
Traceback (most recent call last):
  File "/home/airflow/.local/lib/python3.8/site-packages/airflow/models/dagbag.py", line 346, in parse
    loader.exec_module(new_module)
  File "<frozen importlib._bootstrap_external>", line 843, in exec_module
  File "<frozen importlib._bootstrap>", line 219, in _call_with_frames_removed
  File "/opt/airflow/dags/ecommerce_pipeline.py", line 53, in <module>
    generate_data >> gold_job >> load_postgres
NameError: name 'generate_data' is not defined
[2026-06-08T14:34:55.999+0000] {processor.py:842} WARNING - No viable dags retrieved from /opt/airflow/dags/ecommerce_pipeline.py
[2026-06-08T14:34:56.030+0000] {processor.py:183} INFO - Processing /opt/airflow/dags/ecommerce_pipeline.py took 0.067 seconds
[2026-06-08T14:35:26.242+0000] {processor.py:161} INFO - Started process (PID=411) to work on /opt/airflow/dags/ecommerce_pipeline.py
[2026-06-08T14:35:26.244+0000] {processor.py:830} INFO - Processing file /opt/airflow/dags/ecommerce_pipeline.py for tasks to queue
[2026-06-08T14:35:26.247+0000] {logging_mixin.py:188} INFO - [2026-06-08T14:35:26.246+0000] {dagbag.py:540} INFO - Filling up the DagBag from /opt/airflow/dags/ecommerce_pipeline.py
[2026-06-08T14:35:26.288+0000] {logging_mixin.py:188} INFO - [2026-06-08T14:35:26.281+0000] {dagbag.py:350} ERROR - Failed to import: /opt/airflow/dags/ecommerce_pipeline.py
Traceback (most recent call last):
  File "/home/airflow/.local/lib/python3.8/site-packages/airflow/models/dagbag.py", line 346, in parse
    loader.exec_module(new_module)
  File "<frozen importlib._bootstrap_external>", line 843, in exec_module
  File "<frozen importlib._bootstrap>", line 219, in _call_with_frames_removed
  File "/opt/airflow/dags/ecommerce_pipeline.py", line 53, in <module>
    generate_data >> gold_job >> load_postgres
NameError: name 'generate_data' is not defined
[2026-06-08T14:35:26.290+0000] {processor.py:842} WARNING - No viable dags retrieved from /opt/airflow/dags/ecommerce_pipeline.py
[2026-06-08T14:35:26.335+0000] {processor.py:183} INFO - Processing /opt/airflow/dags/ecommerce_pipeline.py took 0.098 seconds
[2026-06-08T14:35:56.449+0000] {processor.py:161} INFO - Started process (PID=416) to work on /opt/airflow/dags/ecommerce_pipeline.py
[2026-06-08T14:35:56.450+0000] {processor.py:830} INFO - Processing file /opt/airflow/dags/ecommerce_pipeline.py for tasks to queue
[2026-06-08T14:35:56.452+0000] {logging_mixin.py:188} INFO - [2026-06-08T14:35:56.451+0000] {dagbag.py:540} INFO - Filling up the DagBag from /opt/airflow/dags/ecommerce_pipeline.py
[2026-06-08T14:35:56.479+0000] {logging_mixin.py:188} INFO - [2026-06-08T14:35:56.473+0000] {dagbag.py:350} ERROR - Failed to import: /opt/airflow/dags/ecommerce_pipeline.py
Traceback (most recent call last):
  File "/home/airflow/.local/lib/python3.8/site-packages/airflow/models/dagbag.py", line 346, in parse
    loader.exec_module(new_module)
  File "<frozen importlib._bootstrap_external>", line 843, in exec_module
  File "<frozen importlib._bootstrap>", line 219, in _call_with_frames_removed
  File "/opt/airflow/dags/ecommerce_pipeline.py", line 53, in <module>
    generate_data >> gold_job >> load_postgres
NameError: name 'generate_data' is not defined
[2026-06-08T14:35:56.481+0000] {processor.py:842} WARNING - No viable dags retrieved from /opt/airflow/dags/ecommerce_pipeline.py
[2026-06-08T14:35:56.513+0000] {processor.py:183} INFO - Processing /opt/airflow/dags/ecommerce_pipeline.py took 0.068 seconds
[2026-06-08T14:36:26.758+0000] {processor.py:161} INFO - Started process (PID=421) to work on /opt/airflow/dags/ecommerce_pipeline.py
[2026-06-08T14:36:26.759+0000] {processor.py:830} INFO - Processing file /opt/airflow/dags/ecommerce_pipeline.py for tasks to queue
[2026-06-08T14:36:26.760+0000] {logging_mixin.py:188} INFO - [2026-06-08T14:36:26.760+0000] {dagbag.py:540} INFO - Filling up the DagBag from /opt/airflow/dags/ecommerce_pipeline.py
[2026-06-08T14:36:26.785+0000] {logging_mixin.py:188} INFO - [2026-06-08T14:36:26.780+0000] {dagbag.py:350} ERROR - Failed to import: /opt/airflow/dags/ecommerce_pipeline.py
Traceback (most recent call last):
  File "/home/airflow/.local/lib/python3.8/site-packages/airflow/models/dagbag.py", line 346, in parse
    loader.exec_module(new_module)
  File "<frozen importlib._bootstrap_external>", line 843, in exec_module
  File "<frozen importlib._bootstrap>", line 219, in _call_with_frames_removed
  File "/opt/airflow/dags/ecommerce_pipeline.py", line 53, in <module>
    generate_data >> gold_job >> load_postgres
NameError: name 'generate_data' is not defined
[2026-06-08T14:36:26.786+0000] {processor.py:842} WARNING - No viable dags retrieved from /opt/airflow/dags/ecommerce_pipeline.py
[2026-06-08T14:36:26.815+0000] {processor.py:183} INFO - Processing /opt/airflow/dags/ecommerce_pipeline.py took 0.061 seconds
[2026-06-08T14:36:56.975+0000] {processor.py:161} INFO - Started process (PID=426) to work on /opt/airflow/dags/ecommerce_pipeline.py
[2026-06-08T14:36:56.976+0000] {processor.py:830} INFO - Processing file /opt/airflow/dags/ecommerce_pipeline.py for tasks to queue
[2026-06-08T14:36:56.977+0000] {logging_mixin.py:188} INFO - [2026-06-08T14:36:56.977+0000] {dagbag.py:540} INFO - Filling up the DagBag from /opt/airflow/dags/ecommerce_pipeline.py
[2026-06-08T14:36:57.008+0000] {logging_mixin.py:188} INFO - [2026-06-08T14:36:57.002+0000] {dagbag.py:350} ERROR - Failed to import: /opt/airflow/dags/ecommerce_pipeline.py
Traceback (most recent call last):
  File "/home/airflow/.local/lib/python3.8/site-packages/airflow/models/dagbag.py", line 346, in parse
    loader.exec_module(new_module)
  File "<frozen importlib._bootstrap_external>", line 843, in exec_module
  File "<frozen importlib._bootstrap>", line 219, in _call_with_frames_removed
  File "/opt/airflow/dags/ecommerce_pipeline.py", line 53, in <module>
    generate_data >> gold_job >> load_postgres
NameError: name 'generate_data' is not defined
[2026-06-08T14:36:57.009+0000] {processor.py:842} WARNING - No viable dags retrieved from /opt/airflow/dags/ecommerce_pipeline.py
[2026-06-08T14:36:57.044+0000] {processor.py:183} INFO - Processing /opt/airflow/dags/ecommerce_pipeline.py took 0.075 seconds
[2026-06-08T14:37:27.213+0000] {processor.py:161} INFO - Started process (PID=431) to work on /opt/airflow/dags/ecommerce_pipeline.py
[2026-06-08T14:37:27.214+0000] {processor.py:830} INFO - Processing file /opt/airflow/dags/ecommerce_pipeline.py for tasks to queue
[2026-06-08T14:37:27.216+0000] {logging_mixin.py:188} INFO - [2026-06-08T14:37:27.215+0000] {dagbag.py:540} INFO - Filling up the DagBag from /opt/airflow/dags/ecommerce_pipeline.py
[2026-06-08T14:37:27.246+0000] {logging_mixin.py:188} INFO - [2026-06-08T14:37:27.241+0000] {dagbag.py:350} ERROR - Failed to import: /opt/airflow/dags/ecommerce_pipeline.py
Traceback (most recent call last):
  File "/home/airflow/.local/lib/python3.8/site-packages/airflow/models/dagbag.py", line 346, in parse
    loader.exec_module(new_module)
  File "<frozen importlib._bootstrap_external>", line 843, in exec_module
  File "<frozen importlib._bootstrap>", line 219, in _call_with_frames_removed
  File "/opt/airflow/dags/ecommerce_pipeline.py", line 53, in <module>
    generate_data >> gold_job >> load_postgres
NameError: name 'generate_data' is not defined
[2026-06-08T14:37:27.248+0000] {processor.py:842} WARNING - No viable dags retrieved from /opt/airflow/dags/ecommerce_pipeline.py
[2026-06-08T14:37:27.281+0000] {processor.py:183} INFO - Processing /opt/airflow/dags/ecommerce_pipeline.py took 0.072 seconds
[2026-06-08T14:37:57.434+0000] {processor.py:161} INFO - Started process (PID=436) to work on /opt/airflow/dags/ecommerce_pipeline.py
[2026-06-08T14:37:57.435+0000] {processor.py:830} INFO - Processing file /opt/airflow/dags/ecommerce_pipeline.py for tasks to queue
[2026-06-08T14:37:57.437+0000] {logging_mixin.py:188} INFO - [2026-06-08T14:37:57.436+0000] {dagbag.py:540} INFO - Filling up the DagBag from /opt/airflow/dags/ecommerce_pipeline.py
[2026-06-08T14:37:57.461+0000] {logging_mixin.py:188} INFO - [2026-06-08T14:37:57.456+0000] {dagbag.py:350} ERROR - Failed to import: /opt/airflow/dags/ecommerce_pipeline.py
Traceback (most recent call last):
  File "/home/airflow/.local/lib/python3.8/site-packages/airflow/models/dagbag.py", line 346, in parse
    loader.exec_module(new_module)
  File "<frozen importlib._bootstrap_external>", line 843, in exec_module
  File "<frozen importlib._bootstrap>", line 219, in _call_with_frames_removed
  File "/opt/airflow/dags/ecommerce_pipeline.py", line 53, in <module>
    generate_data >> gold_job >> load_postgres
NameError: name 'generate_data' is not defined
[2026-06-08T14:37:57.462+0000] {processor.py:842} WARNING - No viable dags retrieved from /opt/airflow/dags/ecommerce_pipeline.py
[2026-06-08T14:37:57.493+0000] {processor.py:183} INFO - Processing /opt/airflow/dags/ecommerce_pipeline.py took 0.064 seconds
[2026-06-08T14:38:27.690+0000] {processor.py:161} INFO - Started process (PID=441) to work on /opt/airflow/dags/ecommerce_pipeline.py
[2026-06-08T14:38:27.691+0000] {processor.py:830} INFO - Processing file /opt/airflow/dags/ecommerce_pipeline.py for tasks to queue
[2026-06-08T14:38:27.693+0000] {logging_mixin.py:188} INFO - [2026-06-08T14:38:27.692+0000] {dagbag.py:540} INFO - Filling up the DagBag from /opt/airflow/dags/ecommerce_pipeline.py
[2026-06-08T14:38:27.718+0000] {logging_mixin.py:188} INFO - [2026-06-08T14:38:27.713+0000] {dagbag.py:350} ERROR - Failed to import: /opt/airflow/dags/ecommerce_pipeline.py
Traceback (most recent call last):
  File "/home/airflow/.local/lib/python3.8/site-packages/airflow/models/dagbag.py", line 346, in parse
    loader.exec_module(new_module)
  File "<frozen importlib._bootstrap_external>", line 843, in exec_module
  File "<frozen importlib._bootstrap>", line 219, in _call_with_frames_removed
  File "/opt/airflow/dags/ecommerce_pipeline.py", line 53, in <module>
    generate_data >> gold_job >> load_postgres
NameError: name 'generate_data' is not defined
[2026-06-08T14:38:27.719+0000] {processor.py:842} WARNING - No viable dags retrieved from /opt/airflow/dags/ecommerce_pipeline.py
[2026-06-08T14:38:27.749+0000] {processor.py:183} INFO - Processing /opt/airflow/dags/ecommerce_pipeline.py took 0.062 seconds
