[2026-06-13T11:18:14.527+0000] {processor.py:161} INFO - Started process (PID=171) to work on /opt/airflow/dags/producer_dag.py
[2026-06-13T11:18:14.528+0000] {processor.py:830} INFO - Processing file /opt/airflow/dags/producer_dag.py for tasks to queue
[2026-06-13T11:18:14.530+0000] {logging_mixin.py:188} INFO - [2026-06-13T11:18:14.530+0000] {dagbag.py:540} INFO - Filling up the DagBag from /opt/airflow/dags/producer_dag.py
[2026-06-13T11:18:14.635+0000] {processor.py:840} INFO - DAG(s) 'ecommerce_pipeline' retrieved from /opt/airflow/dags/producer_dag.py
[2026-06-13T11:18:15.148+0000] {logging_mixin.py:188} INFO - [2026-06-13T11:18:15.148+0000] {dag.py:3047} INFO - Sync 1 DAGs
[2026-06-13T11:18:15.193+0000] {logging_mixin.py:188} INFO - [2026-06-13T11:18:15.193+0000] {dag.py:3834} INFO - Setting next_dagrun for ecommerce_pipeline to 2026-06-12 00:00:00+00:00, run_after=2026-06-13 00:00:00+00:00
[2026-06-13T11:18:15.243+0000] {processor.py:183} INFO - Processing /opt/airflow/dags/producer_dag.py took 0.722 seconds
[2026-06-13T11:18:45.992+0000] {processor.py:161} INFO - Started process (PID=186) to work on /opt/airflow/dags/producer_dag.py
[2026-06-13T11:18:45.993+0000] {processor.py:830} INFO - Processing file /opt/airflow/dags/producer_dag.py for tasks to queue
[2026-06-13T11:18:45.994+0000] {logging_mixin.py:188} INFO - [2026-06-13T11:18:45.994+0000] {dagbag.py:540} INFO - Filling up the DagBag from /opt/airflow/dags/producer_dag.py
[2026-06-13T11:18:46.026+0000] {processor.py:840} INFO - DAG(s) 'ecommerce_pipeline' retrieved from /opt/airflow/dags/producer_dag.py
[2026-06-13T11:18:46.067+0000] {logging_mixin.py:188} INFO - [2026-06-13T11:18:46.067+0000] {dag.py:3047} INFO - Sync 1 DAGs
[2026-06-13T11:18:46.097+0000] {logging_mixin.py:188} INFO - [2026-06-13T11:18:46.097+0000] {dag.py:3834} INFO - Setting next_dagrun for ecommerce_pipeline to 2026-06-12 00:00:00+00:00, run_after=2026-06-13 00:00:00+00:00
[2026-06-13T11:18:46.143+0000] {processor.py:183} INFO - Processing /opt/airflow/dags/producer_dag.py took 0.156 seconds
[2026-06-13T11:19:16.370+0000] {processor.py:161} INFO - Started process (PID=196) to work on /opt/airflow/dags/producer_dag.py
[2026-06-13T11:19:16.371+0000] {processor.py:830} INFO - Processing file /opt/airflow/dags/producer_dag.py for tasks to queue
[2026-06-13T11:19:16.373+0000] {logging_mixin.py:188} INFO - [2026-06-13T11:19:16.372+0000] {dagbag.py:540} INFO - Filling up the DagBag from /opt/airflow/dags/producer_dag.py
[2026-06-13T11:19:16.398+0000] {processor.py:840} INFO - DAG(s) 'ecommerce_pipeline' retrieved from /opt/airflow/dags/producer_dag.py
[2026-06-13T11:19:16.436+0000] {logging_mixin.py:188} INFO - [2026-06-13T11:19:16.436+0000] {dag.py:3047} INFO - Sync 1 DAGs
[2026-06-13T11:19:16.467+0000] {logging_mixin.py:188} INFO - [2026-06-13T11:19:16.467+0000] {dag.py:3834} INFO - Setting next_dagrun for ecommerce_pipeline to 2026-06-12 00:00:00+00:00, run_after=2026-06-13 00:00:00+00:00
[2026-06-13T11:19:16.495+0000] {processor.py:183} INFO - Processing /opt/airflow/dags/producer_dag.py took 0.129 seconds
[2026-06-13T11:19:46.733+0000] {processor.py:161} INFO - Started process (PID=206) to work on /opt/airflow/dags/producer_dag.py
[2026-06-13T11:19:46.734+0000] {processor.py:830} INFO - Processing file /opt/airflow/dags/producer_dag.py for tasks to queue
[2026-06-13T11:19:46.735+0000] {logging_mixin.py:188} INFO - [2026-06-13T11:19:46.735+0000] {dagbag.py:540} INFO - Filling up the DagBag from /opt/airflow/dags/producer_dag.py
[2026-06-13T11:19:46.757+0000] {processor.py:840} INFO - DAG(s) 'ecommerce_pipeline' retrieved from /opt/airflow/dags/producer_dag.py
[2026-06-13T11:19:46.797+0000] {logging_mixin.py:188} INFO - [2026-06-13T11:19:46.796+0000] {dag.py:3047} INFO - Sync 1 DAGs
[2026-06-13T11:19:46.826+0000] {logging_mixin.py:188} INFO - [2026-06-13T11:19:46.826+0000] {dag.py:3834} INFO - Setting next_dagrun for ecommerce_pipeline to 2026-06-12 00:00:00+00:00, run_after=2026-06-13 00:00:00+00:00
[2026-06-13T11:19:46.853+0000] {processor.py:183} INFO - Processing /opt/airflow/dags/producer_dag.py took 0.123 seconds
[2026-06-13T11:20:17.105+0000] {processor.py:161} INFO - Started process (PID=216) to work on /opt/airflow/dags/producer_dag.py
[2026-06-13T11:20:17.107+0000] {processor.py:830} INFO - Processing file /opt/airflow/dags/producer_dag.py for tasks to queue
[2026-06-13T11:20:17.109+0000] {logging_mixin.py:188} INFO - [2026-06-13T11:20:17.108+0000] {dagbag.py:540} INFO - Filling up the DagBag from /opt/airflow/dags/producer_dag.py
[2026-06-13T11:20:17.132+0000] {processor.py:840} INFO - DAG(s) 'ecommerce_pipeline' retrieved from /opt/airflow/dags/producer_dag.py
[2026-06-13T11:20:17.180+0000] {logging_mixin.py:188} INFO - [2026-06-13T11:20:17.180+0000] {dag.py:3047} INFO - Sync 1 DAGs
[2026-06-13T11:20:17.218+0000] {logging_mixin.py:188} INFO - [2026-06-13T11:20:17.218+0000] {dag.py:3834} INFO - Setting next_dagrun for ecommerce_pipeline to 2026-06-12 00:00:00+00:00, run_after=2026-06-13 00:00:00+00:00
[2026-06-13T11:20:17.245+0000] {processor.py:183} INFO - Processing /opt/airflow/dags/producer_dag.py took 0.144 seconds
[2026-06-13T11:20:47.368+0000] {processor.py:161} INFO - Started process (PID=226) to work on /opt/airflow/dags/producer_dag.py
[2026-06-13T11:20:47.369+0000] {processor.py:830} INFO - Processing file /opt/airflow/dags/producer_dag.py for tasks to queue
[2026-06-13T11:20:47.370+0000] {logging_mixin.py:188} INFO - [2026-06-13T11:20:47.370+0000] {dagbag.py:540} INFO - Filling up the DagBag from /opt/airflow/dags/producer_dag.py
[2026-06-13T11:20:47.395+0000] {processor.py:840} INFO - DAG(s) 'ecommerce_pipeline' retrieved from /opt/airflow/dags/producer_dag.py
[2026-06-13T11:20:47.433+0000] {logging_mixin.py:188} INFO - [2026-06-13T11:20:47.433+0000] {dag.py:3047} INFO - Sync 1 DAGs
[2026-06-13T11:20:47.462+0000] {logging_mixin.py:188} INFO - [2026-06-13T11:20:47.462+0000] {dag.py:3834} INFO - Setting next_dagrun for ecommerce_pipeline to 2026-06-12 00:00:00+00:00, run_after=2026-06-13 00:00:00+00:00
[2026-06-13T11:20:47.489+0000] {processor.py:183} INFO - Processing /opt/airflow/dags/producer_dag.py took 0.125 seconds
[2026-06-13T11:21:17.741+0000] {processor.py:161} INFO - Started process (PID=236) to work on /opt/airflow/dags/producer_dag.py
[2026-06-13T11:21:17.742+0000] {processor.py:830} INFO - Processing file /opt/airflow/dags/producer_dag.py for tasks to queue
[2026-06-13T11:21:17.743+0000] {logging_mixin.py:188} INFO - [2026-06-13T11:21:17.743+0000] {dagbag.py:540} INFO - Filling up the DagBag from /opt/airflow/dags/producer_dag.py
[2026-06-13T11:21:17.773+0000] {processor.py:840} INFO - DAG(s) 'ecommerce_pipeline' retrieved from /opt/airflow/dags/producer_dag.py
[2026-06-13T11:21:17.813+0000] {logging_mixin.py:188} INFO - [2026-06-13T11:21:17.813+0000] {dag.py:3047} INFO - Sync 1 DAGs
[2026-06-13T11:21:17.843+0000] {logging_mixin.py:188} INFO - [2026-06-13T11:21:17.843+0000] {dag.py:3834} INFO - Setting next_dagrun for ecommerce_pipeline to 2026-06-12 00:00:00+00:00, run_after=2026-06-13 00:00:00+00:00
[2026-06-13T11:21:17.875+0000] {processor.py:183} INFO - Processing /opt/airflow/dags/producer_dag.py took 0.139 seconds
[2026-06-13T11:21:48.145+0000] {processor.py:161} INFO - Started process (PID=246) to work on /opt/airflow/dags/producer_dag.py
[2026-06-13T11:21:48.147+0000] {processor.py:830} INFO - Processing file /opt/airflow/dags/producer_dag.py for tasks to queue
[2026-06-13T11:21:48.149+0000] {logging_mixin.py:188} INFO - [2026-06-13T11:21:48.149+0000] {dagbag.py:540} INFO - Filling up the DagBag from /opt/airflow/dags/producer_dag.py
[2026-06-13T11:21:48.188+0000] {processor.py:840} INFO - DAG(s) 'ecommerce_pipeline' retrieved from /opt/airflow/dags/producer_dag.py
[2026-06-13T11:21:48.229+0000] {logging_mixin.py:188} INFO - [2026-06-13T11:21:48.229+0000] {dag.py:3047} INFO - Sync 1 DAGs
[2026-06-13T11:21:48.259+0000] {logging_mixin.py:188} INFO - [2026-06-13T11:21:48.258+0000] {dag.py:3834} INFO - Setting next_dagrun for ecommerce_pipeline to 2026-06-12 00:00:00+00:00, run_after=2026-06-13 00:00:00+00:00
[2026-06-13T11:21:48.289+0000] {processor.py:183} INFO - Processing /opt/airflow/dags/producer_dag.py took 0.149 seconds
[2026-06-13T11:22:18.386+0000] {processor.py:161} INFO - Started process (PID=256) to work on /opt/airflow/dags/producer_dag.py
[2026-06-13T11:22:18.387+0000] {processor.py:830} INFO - Processing file /opt/airflow/dags/producer_dag.py for tasks to queue
[2026-06-13T11:22:18.388+0000] {logging_mixin.py:188} INFO - [2026-06-13T11:22:18.388+0000] {dagbag.py:540} INFO - Filling up the DagBag from /opt/airflow/dags/producer_dag.py
[2026-06-13T11:22:18.414+0000] {processor.py:840} INFO - DAG(s) 'ecommerce_pipeline' retrieved from /opt/airflow/dags/producer_dag.py
[2026-06-13T11:22:18.452+0000] {logging_mixin.py:188} INFO - [2026-06-13T11:22:18.451+0000] {dag.py:3047} INFO - Sync 1 DAGs
[2026-06-13T11:22:18.478+0000] {logging_mixin.py:188} INFO - [2026-06-13T11:22:18.478+0000] {dag.py:3834} INFO - Setting next_dagrun for ecommerce_pipeline to 2026-06-12 00:00:00+00:00, run_after=2026-06-13 00:00:00+00:00
[2026-06-13T11:22:18.504+0000] {processor.py:183} INFO - Processing /opt/airflow/dags/producer_dag.py took 0.123 seconds
[2026-06-13T11:22:48.743+0000] {processor.py:161} INFO - Started process (PID=266) to work on /opt/airflow/dags/producer_dag.py
[2026-06-13T11:22:48.744+0000] {processor.py:830} INFO - Processing file /opt/airflow/dags/producer_dag.py for tasks to queue
[2026-06-13T11:22:48.747+0000] {logging_mixin.py:188} INFO - [2026-06-13T11:22:48.747+0000] {dagbag.py:540} INFO - Filling up the DagBag from /opt/airflow/dags/producer_dag.py
[2026-06-13T11:22:48.770+0000] {processor.py:840} INFO - DAG(s) 'ecommerce_pipeline' retrieved from /opt/airflow/dags/producer_dag.py
[2026-06-13T11:22:48.809+0000] {logging_mixin.py:188} INFO - [2026-06-13T11:22:48.809+0000] {dag.py:3047} INFO - Sync 1 DAGs
[2026-06-13T11:22:48.838+0000] {logging_mixin.py:188} INFO - [2026-06-13T11:22:48.837+0000] {dag.py:3834} INFO - Setting next_dagrun for ecommerce_pipeline to 2026-06-12 00:00:00+00:00, run_after=2026-06-13 00:00:00+00:00
[2026-06-13T11:22:48.874+0000] {processor.py:183} INFO - Processing /opt/airflow/dags/producer_dag.py took 0.135 seconds
[2026-06-13T11:23:19.137+0000] {processor.py:161} INFO - Started process (PID=276) to work on /opt/airflow/dags/producer_dag.py
[2026-06-13T11:23:19.139+0000] {processor.py:830} INFO - Processing file /opt/airflow/dags/producer_dag.py for tasks to queue
[2026-06-13T11:23:19.141+0000] {logging_mixin.py:188} INFO - [2026-06-13T11:23:19.140+0000] {dagbag.py:540} INFO - Filling up the DagBag from /opt/airflow/dags/producer_dag.py
[2026-06-13T11:23:19.174+0000] {processor.py:840} INFO - DAG(s) 'ecommerce_pipeline' retrieved from /opt/airflow/dags/producer_dag.py
[2026-06-13T11:23:19.228+0000] {logging_mixin.py:188} INFO - [2026-06-13T11:23:19.227+0000] {dag.py:3047} INFO - Sync 1 DAGs
[2026-06-13T11:23:19.262+0000] {logging_mixin.py:188} INFO - [2026-06-13T11:23:19.262+0000] {dag.py:3834} INFO - Setting next_dagrun for ecommerce_pipeline to 2026-06-12 00:00:00+00:00, run_after=2026-06-13 00:00:00+00:00
[2026-06-13T11:23:19.315+0000] {processor.py:183} INFO - Processing /opt/airflow/dags/producer_dag.py took 0.188 seconds
[2026-06-13T11:23:49.443+0000] {processor.py:161} INFO - Started process (PID=286) to work on /opt/airflow/dags/producer_dag.py
[2026-06-13T11:23:49.444+0000] {processor.py:830} INFO - Processing file /opt/airflow/dags/producer_dag.py for tasks to queue
[2026-06-13T11:23:49.446+0000] {logging_mixin.py:188} INFO - [2026-06-13T11:23:49.445+0000] {dagbag.py:540} INFO - Filling up the DagBag from /opt/airflow/dags/producer_dag.py
[2026-06-13T11:23:49.468+0000] {processor.py:840} INFO - DAG(s) 'ecommerce_pipeline' retrieved from /opt/airflow/dags/producer_dag.py
[2026-06-13T11:23:49.508+0000] {logging_mixin.py:188} INFO - [2026-06-13T11:23:49.507+0000] {dag.py:3047} INFO - Sync 1 DAGs
[2026-06-13T11:23:49.536+0000] {logging_mixin.py:188} INFO - [2026-06-13T11:23:49.536+0000] {dag.py:3834} INFO - Setting next_dagrun for ecommerce_pipeline to 2026-06-12 00:00:00+00:00, run_after=2026-06-13 00:00:00+00:00
[2026-06-13T11:23:49.561+0000] {processor.py:183} INFO - Processing /opt/airflow/dags/producer_dag.py took 0.122 seconds
[2026-06-13T11:24:19.833+0000] {processor.py:161} INFO - Started process (PID=296) to work on /opt/airflow/dags/producer_dag.py
[2026-06-13T11:24:19.834+0000] {processor.py:830} INFO - Processing file /opt/airflow/dags/producer_dag.py for tasks to queue
[2026-06-13T11:24:19.836+0000] {logging_mixin.py:188} INFO - [2026-06-13T11:24:19.835+0000] {dagbag.py:540} INFO - Filling up the DagBag from /opt/airflow/dags/producer_dag.py
[2026-06-13T11:24:19.863+0000] {processor.py:840} INFO - DAG(s) 'ecommerce_pipeline' retrieved from /opt/airflow/dags/producer_dag.py
[2026-06-13T11:24:19.906+0000] {logging_mixin.py:188} INFO - [2026-06-13T11:24:19.905+0000] {dag.py:3047} INFO - Sync 1 DAGs
[2026-06-13T11:24:19.935+0000] {logging_mixin.py:188} INFO - [2026-06-13T11:24:19.935+0000] {dag.py:3834} INFO - Setting next_dagrun for ecommerce_pipeline to 2026-06-12 00:00:00+00:00, run_after=2026-06-13 00:00:00+00:00
[2026-06-13T11:24:19.962+0000] {processor.py:183} INFO - Processing /opt/airflow/dags/producer_dag.py took 0.134 seconds
[2026-06-13T11:24:50.195+0000] {processor.py:161} INFO - Started process (PID=306) to work on /opt/airflow/dags/producer_dag.py
[2026-06-13T11:24:50.197+0000] {processor.py:830} INFO - Processing file /opt/airflow/dags/producer_dag.py for tasks to queue
[2026-06-13T11:24:50.198+0000] {logging_mixin.py:188} INFO - [2026-06-13T11:24:50.198+0000] {dagbag.py:540} INFO - Filling up the DagBag from /opt/airflow/dags/producer_dag.py
[2026-06-13T11:24:50.223+0000] {processor.py:840} INFO - DAG(s) 'ecommerce_pipeline' retrieved from /opt/airflow/dags/producer_dag.py
[2026-06-13T11:24:50.258+0000] {logging_mixin.py:188} INFO - [2026-06-13T11:24:50.258+0000] {dag.py:3047} INFO - Sync 1 DAGs
[2026-06-13T11:24:50.286+0000] {logging_mixin.py:188} INFO - [2026-06-13T11:24:50.286+0000] {dag.py:3834} INFO - Setting next_dagrun for ecommerce_pipeline to 2026-06-12 00:00:00+00:00, run_after=2026-06-13 00:00:00+00:00
[2026-06-13T11:24:50.310+0000] {processor.py:183} INFO - Processing /opt/airflow/dags/producer_dag.py took 0.118 seconds
[2026-06-13T11:25:20.555+0000] {processor.py:161} INFO - Started process (PID=316) to work on /opt/airflow/dags/producer_dag.py
[2026-06-13T11:25:20.556+0000] {processor.py:830} INFO - Processing file /opt/airflow/dags/producer_dag.py for tasks to queue
[2026-06-13T11:25:20.557+0000] {logging_mixin.py:188} INFO - [2026-06-13T11:25:20.557+0000] {dagbag.py:540} INFO - Filling up the DagBag from /opt/airflow/dags/producer_dag.py
[2026-06-13T11:25:20.582+0000] {processor.py:840} INFO - DAG(s) 'ecommerce_pipeline' retrieved from /opt/airflow/dags/producer_dag.py
[2026-06-13T11:25:20.623+0000] {logging_mixin.py:188} INFO - [2026-06-13T11:25:20.623+0000] {dag.py:3047} INFO - Sync 1 DAGs
[2026-06-13T11:25:20.654+0000] {logging_mixin.py:188} INFO - [2026-06-13T11:25:20.654+0000] {dag.py:3834} INFO - Setting next_dagrun for ecommerce_pipeline to 2026-06-12 00:00:00+00:00, run_after=2026-06-13 00:00:00+00:00
[2026-06-13T11:25:20.700+0000] {processor.py:183} INFO - Processing /opt/airflow/dags/producer_dag.py took 0.149 seconds
[2026-06-13T11:25:50.808+0000] {processor.py:161} INFO - Started process (PID=326) to work on /opt/airflow/dags/producer_dag.py
[2026-06-13T11:25:50.809+0000] {processor.py:830} INFO - Processing file /opt/airflow/dags/producer_dag.py for tasks to queue
[2026-06-13T11:25:50.810+0000] {logging_mixin.py:188} INFO - [2026-06-13T11:25:50.810+0000] {dagbag.py:540} INFO - Filling up the DagBag from /opt/airflow/dags/producer_dag.py
[2026-06-13T11:25:50.836+0000] {processor.py:840} INFO - DAG(s) 'ecommerce_pipeline' retrieved from /opt/airflow/dags/producer_dag.py
[2026-06-13T11:25:50.874+0000] {logging_mixin.py:188} INFO - [2026-06-13T11:25:50.873+0000] {dag.py:3047} INFO - Sync 1 DAGs
[2026-06-13T11:25:50.900+0000] {logging_mixin.py:188} INFO - [2026-06-13T11:25:50.900+0000] {dag.py:3834} INFO - Setting next_dagrun for ecommerce_pipeline to 2026-06-12 00:00:00+00:00, run_after=2026-06-13 00:00:00+00:00
[2026-06-13T11:25:50.925+0000] {processor.py:183} INFO - Processing /opt/airflow/dags/producer_dag.py took 0.121 seconds
[2026-06-13T11:26:21.165+0000] {processor.py:161} INFO - Started process (PID=336) to work on /opt/airflow/dags/producer_dag.py
[2026-06-13T11:26:21.166+0000] {processor.py:830} INFO - Processing file /opt/airflow/dags/producer_dag.py for tasks to queue
[2026-06-13T11:26:21.169+0000] {logging_mixin.py:188} INFO - [2026-06-13T11:26:21.168+0000] {dagbag.py:540} INFO - Filling up the DagBag from /opt/airflow/dags/producer_dag.py
[2026-06-13T11:26:21.194+0000] {processor.py:840} INFO - DAG(s) 'ecommerce_pipeline' retrieved from /opt/airflow/dags/producer_dag.py
[2026-06-13T11:26:21.235+0000] {logging_mixin.py:188} INFO - [2026-06-13T11:26:21.235+0000] {dag.py:3047} INFO - Sync 1 DAGs
[2026-06-13T11:26:21.268+0000] {logging_mixin.py:188} INFO - [2026-06-13T11:26:21.267+0000] {dag.py:3834} INFO - Setting next_dagrun for ecommerce_pipeline to 2026-06-12 00:00:00+00:00, run_after=2026-06-13 00:00:00+00:00
[2026-06-13T11:26:21.297+0000] {processor.py:183} INFO - Processing /opt/airflow/dags/producer_dag.py took 0.137 seconds
[2026-06-13T11:26:51.543+0000] {processor.py:161} INFO - Started process (PID=346) to work on /opt/airflow/dags/producer_dag.py
[2026-06-13T11:26:51.544+0000] {processor.py:830} INFO - Processing file /opt/airflow/dags/producer_dag.py for tasks to queue
[2026-06-13T11:26:51.546+0000] {logging_mixin.py:188} INFO - [2026-06-13T11:26:51.545+0000] {dagbag.py:540} INFO - Filling up the DagBag from /opt/airflow/dags/producer_dag.py
[2026-06-13T11:26:51.568+0000] {processor.py:840} INFO - DAG(s) 'ecommerce_pipeline' retrieved from /opt/airflow/dags/producer_dag.py
[2026-06-13T11:26:51.605+0000] {logging_mixin.py:188} INFO - [2026-06-13T11:26:51.605+0000] {dag.py:3047} INFO - Sync 1 DAGs
[2026-06-13T11:26:51.633+0000] {logging_mixin.py:188} INFO - [2026-06-13T11:26:51.633+0000] {dag.py:3834} INFO - Setting next_dagrun for ecommerce_pipeline to 2026-06-12 00:00:00+00:00, run_after=2026-06-13 00:00:00+00:00
[2026-06-13T11:26:51.661+0000] {processor.py:183} INFO - Processing /opt/airflow/dags/producer_dag.py took 0.122 seconds
[2026-06-13T11:27:21.895+0000] {processor.py:161} INFO - Started process (PID=356) to work on /opt/airflow/dags/producer_dag.py
[2026-06-13T11:27:21.896+0000] {processor.py:830} INFO - Processing file /opt/airflow/dags/producer_dag.py for tasks to queue
[2026-06-13T11:27:21.897+0000] {logging_mixin.py:188} INFO - [2026-06-13T11:27:21.897+0000] {dagbag.py:540} INFO - Filling up the DagBag from /opt/airflow/dags/producer_dag.py
[2026-06-13T11:27:21.922+0000] {processor.py:840} INFO - DAG(s) 'ecommerce_pipeline' retrieved from /opt/airflow/dags/producer_dag.py
[2026-06-13T11:27:21.960+0000] {logging_mixin.py:188} INFO - [2026-06-13T11:27:21.960+0000] {dag.py:3047} INFO - Sync 1 DAGs
[2026-06-13T11:27:21.988+0000] {logging_mixin.py:188} INFO - [2026-06-13T11:27:21.987+0000] {dag.py:3834} INFO - Setting next_dagrun for ecommerce_pipeline to 2026-06-12 00:00:00+00:00, run_after=2026-06-13 00:00:00+00:00
[2026-06-13T11:27:22.014+0000] {processor.py:183} INFO - Processing /opt/airflow/dags/producer_dag.py took 0.123 seconds
[2026-06-13T11:27:52.153+0000] {processor.py:161} INFO - Started process (PID=366) to work on /opt/airflow/dags/producer_dag.py
[2026-06-13T11:27:52.154+0000] {processor.py:830} INFO - Processing file /opt/airflow/dags/producer_dag.py for tasks to queue
[2026-06-13T11:27:52.155+0000] {logging_mixin.py:188} INFO - [2026-06-13T11:27:52.155+0000] {dagbag.py:540} INFO - Filling up the DagBag from /opt/airflow/dags/producer_dag.py
[2026-06-13T11:27:52.180+0000] {processor.py:840} INFO - DAG(s) 'ecommerce_pipeline' retrieved from /opt/airflow/dags/producer_dag.py
[2026-06-13T11:27:52.222+0000] {logging_mixin.py:188} INFO - [2026-06-13T11:27:52.221+0000] {dag.py:3047} INFO - Sync 1 DAGs
[2026-06-13T11:27:52.249+0000] {logging_mixin.py:188} INFO - [2026-06-13T11:27:52.249+0000] {dag.py:3834} INFO - Setting next_dagrun for ecommerce_pipeline to 2026-06-12 00:00:00+00:00, run_after=2026-06-13 00:00:00+00:00
[2026-06-13T11:27:52.279+0000] {processor.py:183} INFO - Processing /opt/airflow/dags/producer_dag.py took 0.130 seconds
[2026-06-13T11:28:22.567+0000] {processor.py:161} INFO - Started process (PID=376) to work on /opt/airflow/dags/producer_dag.py
[2026-06-13T11:28:22.568+0000] {processor.py:830} INFO - Processing file /opt/airflow/dags/producer_dag.py for tasks to queue
[2026-06-13T11:28:22.571+0000] {logging_mixin.py:188} INFO - [2026-06-13T11:28:22.570+0000] {dagbag.py:540} INFO - Filling up the DagBag from /opt/airflow/dags/producer_dag.py
[2026-06-13T11:28:22.614+0000] {processor.py:840} INFO - DAG(s) 'ecommerce_pipeline' retrieved from /opt/airflow/dags/producer_dag.py
[2026-06-13T11:28:22.677+0000] {logging_mixin.py:188} INFO - [2026-06-13T11:28:22.676+0000] {dag.py:3047} INFO - Sync 1 DAGs
[2026-06-13T11:28:22.722+0000] {logging_mixin.py:188} INFO - [2026-06-13T11:28:22.721+0000] {dag.py:3834} INFO - Setting next_dagrun for ecommerce_pipeline to 2026-06-12 00:00:00+00:00, run_after=2026-06-13 00:00:00+00:00
[2026-06-13T11:28:22.768+0000] {processor.py:183} INFO - Processing /opt/airflow/dags/producer_dag.py took 0.208 seconds
[2026-06-13T11:28:53.047+0000] {processor.py:161} INFO - Started process (PID=386) to work on /opt/airflow/dags/producer_dag.py
[2026-06-13T11:28:53.048+0000] {processor.py:830} INFO - Processing file /opt/airflow/dags/producer_dag.py for tasks to queue
[2026-06-13T11:28:53.049+0000] {logging_mixin.py:188} INFO - [2026-06-13T11:28:53.049+0000] {dagbag.py:540} INFO - Filling up the DagBag from /opt/airflow/dags/producer_dag.py
[2026-06-13T11:28:53.072+0000] {processor.py:840} INFO - DAG(s) 'ecommerce_pipeline' retrieved from /opt/airflow/dags/producer_dag.py
[2026-06-13T11:28:53.110+0000] {logging_mixin.py:188} INFO - [2026-06-13T11:28:53.110+0000] {dag.py:3047} INFO - Sync 1 DAGs
[2026-06-13T11:28:53.137+0000] {logging_mixin.py:188} INFO - [2026-06-13T11:28:53.137+0000] {dag.py:3834} INFO - Setting next_dagrun for ecommerce_pipeline to 2026-06-12 00:00:00+00:00, run_after=2026-06-13 00:00:00+00:00
[2026-06-13T11:28:53.182+0000] {processor.py:183} INFO - Processing /opt/airflow/dags/producer_dag.py took 0.138 seconds
[2026-06-13T11:29:23.304+0000] {processor.py:161} INFO - Started process (PID=396) to work on /opt/airflow/dags/producer_dag.py
[2026-06-13T11:29:23.306+0000] {processor.py:830} INFO - Processing file /opt/airflow/dags/producer_dag.py for tasks to queue
[2026-06-13T11:29:23.307+0000] {logging_mixin.py:188} INFO - [2026-06-13T11:29:23.307+0000] {dagbag.py:540} INFO - Filling up the DagBag from /opt/airflow/dags/producer_dag.py
[2026-06-13T11:29:23.333+0000] {processor.py:840} INFO - DAG(s) 'ecommerce_pipeline' retrieved from /opt/airflow/dags/producer_dag.py
[2026-06-13T11:29:23.374+0000] {logging_mixin.py:188} INFO - [2026-06-13T11:29:23.374+0000] {dag.py:3047} INFO - Sync 1 DAGs
[2026-06-13T11:29:23.403+0000] {logging_mixin.py:188} INFO - [2026-06-13T11:29:23.403+0000] {dag.py:3834} INFO - Setting next_dagrun for ecommerce_pipeline to 2026-06-12 00:00:00+00:00, run_after=2026-06-13 00:00:00+00:00
[2026-06-13T11:29:23.428+0000] {processor.py:183} INFO - Processing /opt/airflow/dags/producer_dag.py took 0.128 seconds
[2026-06-13T11:29:53.676+0000] {processor.py:161} INFO - Started process (PID=406) to work on /opt/airflow/dags/producer_dag.py
[2026-06-13T11:29:53.678+0000] {processor.py:830} INFO - Processing file /opt/airflow/dags/producer_dag.py for tasks to queue
[2026-06-13T11:29:53.680+0000] {logging_mixin.py:188} INFO - [2026-06-13T11:29:53.679+0000] {dagbag.py:540} INFO - Filling up the DagBag from /opt/airflow/dags/producer_dag.py
[2026-06-13T11:29:53.720+0000] {processor.py:840} INFO - DAG(s) 'ecommerce_pipeline' retrieved from /opt/airflow/dags/producer_dag.py
[2026-06-13T11:29:53.775+0000] {logging_mixin.py:188} INFO - [2026-06-13T11:29:53.775+0000] {dag.py:3047} INFO - Sync 1 DAGs
[2026-06-13T11:29:53.814+0000] {logging_mixin.py:188} INFO - [2026-06-13T11:29:53.814+0000] {dag.py:3834} INFO - Setting next_dagrun for ecommerce_pipeline to 2026-06-12 00:00:00+00:00, run_after=2026-06-13 00:00:00+00:00
[2026-06-13T11:29:53.847+0000] {processor.py:183} INFO - Processing /opt/airflow/dags/producer_dag.py took 0.177 seconds
[2026-06-13T11:30:24.195+0000] {processor.py:161} INFO - Started process (PID=416) to work on /opt/airflow/dags/producer_dag.py
[2026-06-13T11:30:24.197+0000] {processor.py:830} INFO - Processing file /opt/airflow/dags/producer_dag.py for tasks to queue
[2026-06-13T11:30:24.199+0000] {logging_mixin.py:188} INFO - [2026-06-13T11:30:24.198+0000] {dagbag.py:540} INFO - Filling up the DagBag from /opt/airflow/dags/producer_dag.py
[2026-06-13T11:30:24.268+0000] {processor.py:840} INFO - DAG(s) 'ecommerce_pipeline' retrieved from /opt/airflow/dags/producer_dag.py
[2026-06-13T11:30:24.377+0000] {logging_mixin.py:188} INFO - [2026-06-13T11:30:24.377+0000] {dag.py:3047} INFO - Sync 1 DAGs
[2026-06-13T11:30:24.437+0000] {logging_mixin.py:188} INFO - [2026-06-13T11:30:24.436+0000] {dag.py:3834} INFO - Setting next_dagrun for ecommerce_pipeline to 2026-06-12 00:00:00+00:00, run_after=2026-06-13 00:00:00+00:00
[2026-06-13T11:30:24.489+0000] {processor.py:183} INFO - Processing /opt/airflow/dags/producer_dag.py took 0.326 seconds
[2026-06-13T11:30:54.901+0000] {processor.py:161} INFO - Started process (PID=426) to work on /opt/airflow/dags/producer_dag.py
[2026-06-13T11:30:54.907+0000] {processor.py:830} INFO - Processing file /opt/airflow/dags/producer_dag.py for tasks to queue
[2026-06-13T11:30:54.936+0000] {logging_mixin.py:188} INFO - [2026-06-13T11:30:54.934+0000] {dagbag.py:540} INFO - Filling up the DagBag from /opt/airflow/dags/producer_dag.py
[2026-06-13T11:30:55.042+0000] {processor.py:840} INFO - DAG(s) 'ecommerce_pipeline' retrieved from /opt/airflow/dags/producer_dag.py
[2026-06-13T11:30:55.263+0000] {logging_mixin.py:188} INFO - [2026-06-13T11:30:55.262+0000] {dag.py:3047} INFO - Sync 1 DAGs
[2026-06-13T11:30:56.435+0000] {logging_mixin.py:188} INFO - [2026-06-13T11:30:56.434+0000] {dag.py:3834} INFO - Setting next_dagrun for ecommerce_pipeline to 2026-06-12 00:00:00+00:00, run_after=2026-06-13 00:00:00+00:00
[2026-06-13T11:30:56.630+0000] {processor.py:183} INFO - Processing /opt/airflow/dags/producer_dag.py took 1.735 seconds
[2026-06-13T11:31:27.075+0000] {processor.py:161} INFO - Started process (PID=436) to work on /opt/airflow/dags/producer_dag.py
[2026-06-13T11:31:27.076+0000] {processor.py:830} INFO - Processing file /opt/airflow/dags/producer_dag.py for tasks to queue
[2026-06-13T11:31:27.079+0000] {logging_mixin.py:188} INFO - [2026-06-13T11:31:27.079+0000] {dagbag.py:540} INFO - Filling up the DagBag from /opt/airflow/dags/producer_dag.py
[2026-06-13T11:31:27.165+0000] {processor.py:840} INFO - DAG(s) 'ecommerce_pipeline' retrieved from /opt/airflow/dags/producer_dag.py
[2026-06-13T11:31:27.336+0000] {logging_mixin.py:188} INFO - [2026-06-13T11:31:27.336+0000] {dag.py:3047} INFO - Sync 1 DAGs
[2026-06-13T11:31:27.414+0000] {logging_mixin.py:188} INFO - [2026-06-13T11:31:27.414+0000] {dag.py:3834} INFO - Setting next_dagrun for ecommerce_pipeline to 2026-06-12 00:00:00+00:00, run_after=2026-06-13 00:00:00+00:00
[2026-06-13T11:31:27.481+0000] {processor.py:183} INFO - Processing /opt/airflow/dags/producer_dag.py took 0.443 seconds
[2026-06-13T11:31:58.408+0000] {processor.py:161} INFO - Started process (PID=446) to work on /opt/airflow/dags/producer_dag.py
[2026-06-13T11:31:58.409+0000] {processor.py:830} INFO - Processing file /opt/airflow/dags/producer_dag.py for tasks to queue
[2026-06-13T11:31:58.410+0000] {logging_mixin.py:188} INFO - [2026-06-13T11:31:58.410+0000] {dagbag.py:540} INFO - Filling up the DagBag from /opt/airflow/dags/producer_dag.py
[2026-06-13T11:31:58.435+0000] {processor.py:840} INFO - DAG(s) 'ecommerce_pipeline' retrieved from /opt/airflow/dags/producer_dag.py
[2026-06-13T11:31:58.477+0000] {logging_mixin.py:188} INFO - [2026-06-13T11:31:58.477+0000] {dag.py:3047} INFO - Sync 1 DAGs
[2026-06-13T11:31:58.509+0000] {logging_mixin.py:188} INFO - [2026-06-13T11:31:58.508+0000] {dag.py:3834} INFO - Setting next_dagrun for ecommerce_pipeline to 2026-06-12 00:00:00+00:00, run_after=2026-06-13 00:00:00+00:00
[2026-06-13T11:31:58.584+0000] {processor.py:183} INFO - Processing /opt/airflow/dags/producer_dag.py took 0.180 seconds
[2026-06-13T11:32:28.894+0000] {processor.py:161} INFO - Started process (PID=456) to work on /opt/airflow/dags/producer_dag.py
[2026-06-13T11:32:28.898+0000] {processor.py:830} INFO - Processing file /opt/airflow/dags/producer_dag.py for tasks to queue
[2026-06-13T11:32:28.903+0000] {logging_mixin.py:188} INFO - [2026-06-13T11:32:28.902+0000] {dagbag.py:540} INFO - Filling up the DagBag from /opt/airflow/dags/producer_dag.py
[2026-06-13T11:32:28.977+0000] {processor.py:840} INFO - DAG(s) 'ecommerce_pipeline' retrieved from /opt/airflow/dags/producer_dag.py
[2026-06-13T11:32:29.093+0000] {logging_mixin.py:188} INFO - [2026-06-13T11:32:29.092+0000] {dag.py:3047} INFO - Sync 1 DAGs
[2026-06-13T11:32:29.248+0000] {logging_mixin.py:188} INFO - [2026-06-13T11:32:29.248+0000] {dag.py:3834} INFO - Setting next_dagrun for ecommerce_pipeline to 2026-06-12 00:00:00+00:00, run_after=2026-06-13 00:00:00+00:00
[2026-06-13T11:32:29.313+0000] {processor.py:183} INFO - Processing /opt/airflow/dags/producer_dag.py took 0.432 seconds
[2026-06-13T11:32:59.716+0000] {processor.py:161} INFO - Started process (PID=466) to work on /opt/airflow/dags/producer_dag.py
[2026-06-13T11:32:59.718+0000] {processor.py:830} INFO - Processing file /opt/airflow/dags/producer_dag.py for tasks to queue
[2026-06-13T11:32:59.720+0000] {logging_mixin.py:188} INFO - [2026-06-13T11:32:59.719+0000] {dagbag.py:540} INFO - Filling up the DagBag from /opt/airflow/dags/producer_dag.py
[2026-06-13T11:32:59.779+0000] {processor.py:840} INFO - DAG(s) 'ecommerce_pipeline' retrieved from /opt/airflow/dags/producer_dag.py
[2026-06-13T11:32:59.871+0000] {logging_mixin.py:188} INFO - [2026-06-13T11:32:59.870+0000] {dag.py:3047} INFO - Sync 1 DAGs
[2026-06-13T11:32:59.916+0000] {logging_mixin.py:188} INFO - [2026-06-13T11:32:59.915+0000] {dag.py:3834} INFO - Setting next_dagrun for ecommerce_pipeline to 2026-06-12 00:00:00+00:00, run_after=2026-06-13 00:00:00+00:00
[2026-06-13T11:32:59.959+0000] {processor.py:183} INFO - Processing /opt/airflow/dags/producer_dag.py took 0.251 seconds
[2026-06-13T11:33:30.312+0000] {processor.py:161} INFO - Started process (PID=476) to work on /opt/airflow/dags/producer_dag.py
[2026-06-13T11:33:30.313+0000] {processor.py:830} INFO - Processing file /opt/airflow/dags/producer_dag.py for tasks to queue
[2026-06-13T11:33:30.315+0000] {logging_mixin.py:188} INFO - [2026-06-13T11:33:30.315+0000] {dagbag.py:540} INFO - Filling up the DagBag from /opt/airflow/dags/producer_dag.py
[2026-06-13T11:33:30.358+0000] {processor.py:840} INFO - DAG(s) 'ecommerce_pipeline' retrieved from /opt/airflow/dags/producer_dag.py
[2026-06-13T11:33:30.430+0000] {logging_mixin.py:188} INFO - [2026-06-13T11:33:30.430+0000] {dag.py:3047} INFO - Sync 1 DAGs
[2026-06-13T11:33:30.469+0000] {logging_mixin.py:188} INFO - [2026-06-13T11:33:30.469+0000] {dag.py:3834} INFO - Setting next_dagrun for ecommerce_pipeline to 2026-06-12 00:00:00+00:00, run_after=2026-06-13 00:00:00+00:00
[2026-06-13T11:33:30.549+0000] {processor.py:183} INFO - Processing /opt/airflow/dags/producer_dag.py took 0.243 seconds
[2026-06-13T11:34:00.874+0000] {processor.py:161} INFO - Started process (PID=486) to work on /opt/airflow/dags/producer_dag.py
[2026-06-13T11:34:00.877+0000] {processor.py:830} INFO - Processing file /opt/airflow/dags/producer_dag.py for tasks to queue
[2026-06-13T11:34:00.881+0000] {logging_mixin.py:188} INFO - [2026-06-13T11:34:00.880+0000] {dagbag.py:540} INFO - Filling up the DagBag from /opt/airflow/dags/producer_dag.py
[2026-06-13T11:34:00.939+0000] {processor.py:840} INFO - DAG(s) 'ecommerce_pipeline' retrieved from /opt/airflow/dags/producer_dag.py
[2026-06-13T11:34:01.021+0000] {logging_mixin.py:188} INFO - [2026-06-13T11:34:01.021+0000] {dag.py:3047} INFO - Sync 1 DAGs
[2026-06-13T11:34:01.076+0000] {logging_mixin.py:188} INFO - [2026-06-13T11:34:01.076+0000] {dag.py:3834} INFO - Setting next_dagrun for ecommerce_pipeline to 2026-06-12 00:00:00+00:00, run_after=2026-06-13 00:00:00+00:00
[2026-06-13T11:34:01.124+0000] {processor.py:183} INFO - Processing /opt/airflow/dags/producer_dag.py took 0.262 seconds
[2026-06-13T11:34:31.220+0000] {processor.py:161} INFO - Started process (PID=496) to work on /opt/airflow/dags/producer_dag.py
[2026-06-13T11:34:31.221+0000] {processor.py:830} INFO - Processing file /opt/airflow/dags/producer_dag.py for tasks to queue
[2026-06-13T11:34:31.222+0000] {logging_mixin.py:188} INFO - [2026-06-13T11:34:31.222+0000] {dagbag.py:540} INFO - Filling up the DagBag from /opt/airflow/dags/producer_dag.py
[2026-06-13T11:34:31.255+0000] {processor.py:840} INFO - DAG(s) 'ecommerce_pipeline' retrieved from /opt/airflow/dags/producer_dag.py
[2026-06-13T11:34:31.303+0000] {logging_mixin.py:188} INFO - [2026-06-13T11:34:31.302+0000] {dag.py:3047} INFO - Sync 1 DAGs
[2026-06-13T11:34:31.341+0000] {logging_mixin.py:188} INFO - [2026-06-13T11:34:31.340+0000] {dag.py:3834} INFO - Setting next_dagrun for ecommerce_pipeline to 2026-06-12 00:00:00+00:00, run_after=2026-06-13 00:00:00+00:00
[2026-06-13T11:34:31.607+0000] {processor.py:183} INFO - Processing /opt/airflow/dags/producer_dag.py took 0.393 seconds
[2026-06-13T11:35:01.711+0000] {processor.py:161} INFO - Started process (PID=506) to work on /opt/airflow/dags/producer_dag.py
[2026-06-13T11:35:01.714+0000] {processor.py:830} INFO - Processing file /opt/airflow/dags/producer_dag.py for tasks to queue
[2026-06-13T11:35:01.715+0000] {logging_mixin.py:188} INFO - [2026-06-13T11:35:01.715+0000] {dagbag.py:540} INFO - Filling up the DagBag from /opt/airflow/dags/producer_dag.py
[2026-06-13T11:35:01.739+0000] {processor.py:840} INFO - DAG(s) 'ecommerce_pipeline' retrieved from /opt/airflow/dags/producer_dag.py
[2026-06-13T11:35:01.778+0000] {logging_mixin.py:188} INFO - [2026-06-13T11:35:01.777+0000] {dag.py:3047} INFO - Sync 1 DAGs
[2026-06-13T11:35:01.830+0000] {logging_mixin.py:188} INFO - [2026-06-13T11:35:01.829+0000] {dag.py:3834} INFO - Setting next_dagrun for ecommerce_pipeline to 2026-06-12 00:00:00+00:00, run_after=2026-06-13 00:00:00+00:00
[2026-06-13T11:35:01.879+0000] {processor.py:183} INFO - Processing /opt/airflow/dags/producer_dag.py took 0.172 seconds
[2026-06-13T11:35:31.943+0000] {processor.py:161} INFO - Started process (PID=516) to work on /opt/airflow/dags/producer_dag.py
[2026-06-13T11:35:31.944+0000] {processor.py:830} INFO - Processing file /opt/airflow/dags/producer_dag.py for tasks to queue
[2026-06-13T11:35:31.945+0000] {logging_mixin.py:188} INFO - [2026-06-13T11:35:31.945+0000] {dagbag.py:540} INFO - Filling up the DagBag from /opt/airflow/dags/producer_dag.py
[2026-06-13T11:35:31.972+0000] {processor.py:840} INFO - DAG(s) 'ecommerce_pipeline' retrieved from /opt/airflow/dags/producer_dag.py
[2026-06-13T11:35:32.010+0000] {logging_mixin.py:188} INFO - [2026-06-13T11:35:32.009+0000] {dag.py:3047} INFO - Sync 1 DAGs
[2026-06-13T11:35:32.040+0000] {logging_mixin.py:188} INFO - [2026-06-13T11:35:32.040+0000] {dag.py:3834} INFO - Setting next_dagrun for ecommerce_pipeline to 2026-06-12 00:00:00+00:00, run_after=2026-06-13 00:00:00+00:00
[2026-06-13T11:35:32.067+0000] {processor.py:183} INFO - Processing /opt/airflow/dags/producer_dag.py took 0.128 seconds
[2026-06-13T11:36:02.309+0000] {processor.py:161} INFO - Started process (PID=526) to work on /opt/airflow/dags/producer_dag.py
[2026-06-13T11:36:02.310+0000] {processor.py:830} INFO - Processing file /opt/airflow/dags/producer_dag.py for tasks to queue
[2026-06-13T11:36:02.312+0000] {logging_mixin.py:188} INFO - [2026-06-13T11:36:02.312+0000] {dagbag.py:540} INFO - Filling up the DagBag from /opt/airflow/dags/producer_dag.py
[2026-06-13T11:36:02.339+0000] {processor.py:840} INFO - DAG(s) 'ecommerce_pipeline' retrieved from /opt/airflow/dags/producer_dag.py
[2026-06-13T11:36:02.383+0000] {logging_mixin.py:188} INFO - [2026-06-13T11:36:02.383+0000] {dag.py:3047} INFO - Sync 1 DAGs
[2026-06-13T11:36:02.411+0000] {logging_mixin.py:188} INFO - [2026-06-13T11:36:02.411+0000] {dag.py:3834} INFO - Setting next_dagrun for ecommerce_pipeline to 2026-06-12 00:00:00+00:00, run_after=2026-06-13 00:00:00+00:00
[2026-06-13T11:36:02.437+0000] {processor.py:183} INFO - Processing /opt/airflow/dags/producer_dag.py took 0.132 seconds
[2026-06-13T11:36:32.686+0000] {processor.py:161} INFO - Started process (PID=536) to work on /opt/airflow/dags/producer_dag.py
[2026-06-13T11:36:32.687+0000] {processor.py:830} INFO - Processing file /opt/airflow/dags/producer_dag.py for tasks to queue
[2026-06-13T11:36:32.689+0000] {logging_mixin.py:188} INFO - [2026-06-13T11:36:32.688+0000] {dagbag.py:540} INFO - Filling up the DagBag from /opt/airflow/dags/producer_dag.py
[2026-06-13T11:36:32.717+0000] {processor.py:840} INFO - DAG(s) 'ecommerce_pipeline' retrieved from /opt/airflow/dags/producer_dag.py
[2026-06-13T11:36:32.754+0000] {logging_mixin.py:188} INFO - [2026-06-13T11:36:32.753+0000] {dag.py:3047} INFO - Sync 1 DAGs
[2026-06-13T11:36:32.783+0000] {logging_mixin.py:188} INFO - [2026-06-13T11:36:32.782+0000] {dag.py:3834} INFO - Setting next_dagrun for ecommerce_pipeline to 2026-06-12 00:00:00+00:00, run_after=2026-06-13 00:00:00+00:00
[2026-06-13T11:36:32.814+0000] {processor.py:183} INFO - Processing /opt/airflow/dags/producer_dag.py took 0.133 seconds
[2026-06-13T11:37:03.070+0000] {processor.py:161} INFO - Started process (PID=546) to work on /opt/airflow/dags/producer_dag.py
[2026-06-13T11:37:03.071+0000] {processor.py:830} INFO - Processing file /opt/airflow/dags/producer_dag.py for tasks to queue
[2026-06-13T11:37:03.072+0000] {logging_mixin.py:188} INFO - [2026-06-13T11:37:03.072+0000] {dagbag.py:540} INFO - Filling up the DagBag from /opt/airflow/dags/producer_dag.py
[2026-06-13T11:37:03.101+0000] {processor.py:840} INFO - DAG(s) 'ecommerce_pipeline' retrieved from /opt/airflow/dags/producer_dag.py
[2026-06-13T11:37:03.139+0000] {logging_mixin.py:188} INFO - [2026-06-13T11:37:03.139+0000] {dag.py:3047} INFO - Sync 1 DAGs
[2026-06-13T11:37:03.170+0000] {logging_mixin.py:188} INFO - [2026-06-13T11:37:03.169+0000] {dag.py:3834} INFO - Setting next_dagrun for ecommerce_pipeline to 2026-06-12 00:00:00+00:00, run_after=2026-06-13 00:00:00+00:00
[2026-06-13T11:37:03.196+0000] {processor.py:183} INFO - Processing /opt/airflow/dags/producer_dag.py took 0.131 seconds
[2026-06-13T11:37:33.385+0000] {processor.py:161} INFO - Started process (PID=556) to work on /opt/airflow/dags/producer_dag.py
[2026-06-13T11:37:33.386+0000] {processor.py:830} INFO - Processing file /opt/airflow/dags/producer_dag.py for tasks to queue
[2026-06-13T11:37:33.387+0000] {logging_mixin.py:188} INFO - [2026-06-13T11:37:33.387+0000] {dagbag.py:540} INFO - Filling up the DagBag from /opt/airflow/dags/producer_dag.py
[2026-06-13T11:37:33.412+0000] {processor.py:840} INFO - DAG(s) 'ecommerce_pipeline' retrieved from /opt/airflow/dags/producer_dag.py
[2026-06-13T11:37:33.453+0000] {logging_mixin.py:188} INFO - [2026-06-13T11:37:33.453+0000] {dag.py:3047} INFO - Sync 1 DAGs
[2026-06-13T11:37:33.484+0000] {logging_mixin.py:188} INFO - [2026-06-13T11:37:33.484+0000] {dag.py:3834} INFO - Setting next_dagrun for ecommerce_pipeline to 2026-06-12 00:00:00+00:00, run_after=2026-06-13 00:00:00+00:00
[2026-06-13T11:37:33.509+0000] {processor.py:183} INFO - Processing /opt/airflow/dags/producer_dag.py took 0.128 seconds
[2026-06-13T11:38:03.798+0000] {processor.py:161} INFO - Started process (PID=566) to work on /opt/airflow/dags/producer_dag.py
[2026-06-13T11:38:03.800+0000] {processor.py:830} INFO - Processing file /opt/airflow/dags/producer_dag.py for tasks to queue
[2026-06-13T11:38:03.803+0000] {logging_mixin.py:188} INFO - [2026-06-13T11:38:03.802+0000] {dagbag.py:540} INFO - Filling up the DagBag from /opt/airflow/dags/producer_dag.py
[2026-06-13T11:38:03.848+0000] {processor.py:840} INFO - DAG(s) 'ecommerce_pipeline' retrieved from /opt/airflow/dags/producer_dag.py
[2026-06-13T11:38:03.916+0000] {logging_mixin.py:188} INFO - [2026-06-13T11:38:03.916+0000] {dag.py:3047} INFO - Sync 1 DAGs
[2026-06-13T11:38:03.966+0000] {logging_mixin.py:188} INFO - [2026-06-13T11:38:03.966+0000] {dag.py:3834} INFO - Setting next_dagrun for ecommerce_pipeline to 2026-06-12 00:00:00+00:00, run_after=2026-06-13 00:00:00+00:00
[2026-06-13T11:38:04.008+0000] {processor.py:183} INFO - Processing /opt/airflow/dags/producer_dag.py took 0.219 seconds
[2026-06-13T11:38:34.300+0000] {processor.py:161} INFO - Started process (PID=576) to work on /opt/airflow/dags/producer_dag.py
[2026-06-13T11:38:34.301+0000] {processor.py:830} INFO - Processing file /opt/airflow/dags/producer_dag.py for tasks to queue
[2026-06-13T11:38:34.303+0000] {logging_mixin.py:188} INFO - [2026-06-13T11:38:34.302+0000] {dagbag.py:540} INFO - Filling up the DagBag from /opt/airflow/dags/producer_dag.py
[2026-06-13T11:38:34.335+0000] {processor.py:840} INFO - DAG(s) 'ecommerce_pipeline' retrieved from /opt/airflow/dags/producer_dag.py
[2026-06-13T11:38:34.380+0000] {logging_mixin.py:188} INFO - [2026-06-13T11:38:34.380+0000] {dag.py:3047} INFO - Sync 1 DAGs
[2026-06-13T11:38:34.411+0000] {logging_mixin.py:188} INFO - [2026-06-13T11:38:34.411+0000] {dag.py:3834} INFO - Setting next_dagrun for ecommerce_pipeline to 2026-06-12 00:00:00+00:00, run_after=2026-06-13 00:00:00+00:00
[2026-06-13T11:38:34.462+0000] {processor.py:183} INFO - Processing /opt/airflow/dags/producer_dag.py took 0.171 seconds
[2026-06-13T11:39:04.766+0000] {processor.py:161} INFO - Started process (PID=586) to work on /opt/airflow/dags/producer_dag.py
[2026-06-13T11:39:04.767+0000] {processor.py:830} INFO - Processing file /opt/airflow/dags/producer_dag.py for tasks to queue
[2026-06-13T11:39:04.770+0000] {logging_mixin.py:188} INFO - [2026-06-13T11:39:04.769+0000] {dagbag.py:540} INFO - Filling up the DagBag from /opt/airflow/dags/producer_dag.py
[2026-06-13T11:39:04.801+0000] {processor.py:840} INFO - DAG(s) 'ecommerce_pipeline' retrieved from /opt/airflow/dags/producer_dag.py
[2026-06-13T11:39:04.861+0000] {logging_mixin.py:188} INFO - [2026-06-13T11:39:04.860+0000] {dag.py:3047} INFO - Sync 1 DAGs
[2026-06-13T11:39:04.909+0000] {logging_mixin.py:188} INFO - [2026-06-13T11:39:04.908+0000] {dag.py:3834} INFO - Setting next_dagrun for ecommerce_pipeline to 2026-06-12 00:00:00+00:00, run_after=2026-06-13 00:00:00+00:00
[2026-06-13T11:39:04.945+0000] {processor.py:183} INFO - Processing /opt/airflow/dags/producer_dag.py took 0.185 seconds
[2026-06-13T11:39:35.284+0000] {processor.py:161} INFO - Started process (PID=596) to work on /opt/airflow/dags/producer_dag.py
[2026-06-13T11:39:35.287+0000] {processor.py:830} INFO - Processing file /opt/airflow/dags/producer_dag.py for tasks to queue
[2026-06-13T11:39:35.290+0000] {logging_mixin.py:188} INFO - [2026-06-13T11:39:35.289+0000] {dagbag.py:540} INFO - Filling up the DagBag from /opt/airflow/dags/producer_dag.py
[2026-06-13T11:39:35.340+0000] {processor.py:840} INFO - DAG(s) 'ecommerce_pipeline' retrieved from /opt/airflow/dags/producer_dag.py
[2026-06-13T11:39:35.399+0000] {logging_mixin.py:188} INFO - [2026-06-13T11:39:35.399+0000] {dag.py:3047} INFO - Sync 1 DAGs
[2026-06-13T11:39:35.513+0000] {logging_mixin.py:188} INFO - [2026-06-13T11:39:35.513+0000] {dag.py:3834} INFO - Setting next_dagrun for ecommerce_pipeline to 2026-06-12 00:00:00+00:00, run_after=2026-06-13 00:00:00+00:00
[2026-06-13T11:39:35.571+0000] {processor.py:183} INFO - Processing /opt/airflow/dags/producer_dag.py took 0.294 seconds
[2026-06-13T11:40:05.670+0000] {processor.py:161} INFO - Started process (PID=606) to work on /opt/airflow/dags/producer_dag.py
[2026-06-13T11:40:05.672+0000] {processor.py:830} INFO - Processing file /opt/airflow/dags/producer_dag.py for tasks to queue
[2026-06-13T11:40:05.674+0000] {logging_mixin.py:188} INFO - [2026-06-13T11:40:05.673+0000] {dagbag.py:540} INFO - Filling up the DagBag from /opt/airflow/dags/producer_dag.py
[2026-06-13T11:40:05.712+0000] {processor.py:840} INFO - DAG(s) 'ecommerce_pipeline' retrieved from /opt/airflow/dags/producer_dag.py
[2026-06-13T11:40:05.763+0000] {logging_mixin.py:188} INFO - [2026-06-13T11:40:05.762+0000] {dag.py:3047} INFO - Sync 1 DAGs
[2026-06-13T11:40:05.799+0000] {logging_mixin.py:188} INFO - [2026-06-13T11:40:05.799+0000] {dag.py:3834} INFO - Setting next_dagrun for ecommerce_pipeline to 2026-06-12 00:00:00+00:00, run_after=2026-06-13 00:00:00+00:00
[2026-06-13T11:40:05.839+0000] {processor.py:183} INFO - Processing /opt/airflow/dags/producer_dag.py took 0.176 seconds
[2026-06-13T11:40:36.126+0000] {processor.py:161} INFO - Started process (PID=616) to work on /opt/airflow/dags/producer_dag.py
[2026-06-13T11:40:36.127+0000] {processor.py:830} INFO - Processing file /opt/airflow/dags/producer_dag.py for tasks to queue
[2026-06-13T11:40:36.129+0000] {logging_mixin.py:188} INFO - [2026-06-13T11:40:36.129+0000] {dagbag.py:540} INFO - Filling up the DagBag from /opt/airflow/dags/producer_dag.py
[2026-06-13T11:40:36.166+0000] {processor.py:840} INFO - DAG(s) 'ecommerce_pipeline' retrieved from /opt/airflow/dags/producer_dag.py
[2026-06-13T11:40:36.243+0000] {logging_mixin.py:188} INFO - [2026-06-13T11:40:36.243+0000] {dag.py:3047} INFO - Sync 1 DAGs
[2026-06-13T11:40:36.406+0000] {logging_mixin.py:188} INFO - [2026-06-13T11:40:36.405+0000] {dag.py:3834} INFO - Setting next_dagrun for ecommerce_pipeline to 2026-06-12 00:00:00+00:00, run_after=2026-06-13 00:00:00+00:00
[2026-06-13T11:40:36.465+0000] {processor.py:183} INFO - Processing /opt/airflow/dags/producer_dag.py took 0.344 seconds
[2026-06-13T11:41:06.706+0000] {processor.py:161} INFO - Started process (PID=624) to work on /opt/airflow/dags/producer_dag.py
[2026-06-13T11:41:06.736+0000] {processor.py:830} INFO - Processing file /opt/airflow/dags/producer_dag.py for tasks to queue
[2026-06-13T11:41:06.929+0000] {logging_mixin.py:188} INFO - [2026-06-13T11:41:06.805+0000] {dagbag.py:540} INFO - Filling up the DagBag from /opt/airflow/dags/producer_dag.py
[2026-06-13T11:41:08.567+0000] {processor.py:840} INFO - DAG(s) 'ecommerce_pipeline' retrieved from /opt/airflow/dags/producer_dag.py
[2026-06-13T11:41:08.807+0000] {logging_mixin.py:188} INFO - [2026-06-13T11:41:08.807+0000] {dag.py:3047} INFO - Sync 1 DAGs
[2026-06-13T11:41:08.944+0000] {logging_mixin.py:188} INFO - [2026-06-13T11:41:08.943+0000] {dag.py:3834} INFO - Setting next_dagrun for ecommerce_pipeline to 2026-06-12 00:00:00+00:00, run_after=2026-06-13 00:00:00+00:00
[2026-06-13T11:41:09.058+0000] {processor.py:183} INFO - Processing /opt/airflow/dags/producer_dag.py took 2.414 seconds
[2026-06-13T11:41:39.216+0000] {processor.py:161} INFO - Started process (PID=636) to work on /opt/airflow/dags/producer_dag.py
[2026-06-13T11:41:39.226+0000] {processor.py:830} INFO - Processing file /opt/airflow/dags/producer_dag.py for tasks to queue
[2026-06-13T11:41:39.230+0000] {logging_mixin.py:188} INFO - [2026-06-13T11:41:39.229+0000] {dagbag.py:540} INFO - Filling up the DagBag from /opt/airflow/dags/producer_dag.py
[2026-06-13T11:41:39.292+0000] {processor.py:840} INFO - DAG(s) 'ecommerce_pipeline' retrieved from /opt/airflow/dags/producer_dag.py
[2026-06-13T11:41:39.392+0000] {logging_mixin.py:188} INFO - [2026-06-13T11:41:39.391+0000] {dag.py:3047} INFO - Sync 1 DAGs
[2026-06-13T11:41:39.480+0000] {logging_mixin.py:188} INFO - [2026-06-13T11:41:39.480+0000] {dag.py:3834} INFO - Setting next_dagrun for ecommerce_pipeline to 2026-06-12 00:00:00+00:00, run_after=2026-06-13 00:00:00+00:00
[2026-06-13T11:41:39.512+0000] {processor.py:183} INFO - Processing /opt/airflow/dags/producer_dag.py took 0.305 seconds
[2026-06-13T11:42:09.592+0000] {processor.py:161} INFO - Started process (PID=646) to work on /opt/airflow/dags/producer_dag.py
[2026-06-13T11:42:09.594+0000] {processor.py:830} INFO - Processing file /opt/airflow/dags/producer_dag.py for tasks to queue
[2026-06-13T11:42:09.596+0000] {logging_mixin.py:188} INFO - [2026-06-13T11:42:09.596+0000] {dagbag.py:540} INFO - Filling up the DagBag from /opt/airflow/dags/producer_dag.py
[2026-06-13T11:42:09.626+0000] {processor.py:840} INFO - DAG(s) 'ecommerce_pipeline' retrieved from /opt/airflow/dags/producer_dag.py
[2026-06-13T11:42:09.685+0000] {logging_mixin.py:188} INFO - [2026-06-13T11:42:09.685+0000] {dag.py:3047} INFO - Sync 1 DAGs
[2026-06-13T11:42:09.718+0000] {logging_mixin.py:188} INFO - [2026-06-13T11:42:09.718+0000] {dag.py:3834} INFO - Setting next_dagrun for ecommerce_pipeline to 2026-06-12 00:00:00+00:00, run_after=2026-06-13 00:00:00+00:00
[2026-06-13T11:42:09.755+0000] {processor.py:183} INFO - Processing /opt/airflow/dags/producer_dag.py took 0.171 seconds
[2026-06-13T11:42:39.870+0000] {processor.py:161} INFO - Started process (PID=651) to work on /opt/airflow/dags/producer_dag.py
[2026-06-13T11:42:39.872+0000] {processor.py:830} INFO - Processing file /opt/airflow/dags/producer_dag.py for tasks to queue
[2026-06-13T11:42:39.875+0000] {logging_mixin.py:188} INFO - [2026-06-13T11:42:39.874+0000] {dagbag.py:540} INFO - Filling up the DagBag from /opt/airflow/dags/producer_dag.py
[2026-06-13T11:42:39.940+0000] {processor.py:840} INFO - DAG(s) 'ecommerce_pipeline' retrieved from /opt/airflow/dags/producer_dag.py
[2026-06-13T11:42:40.028+0000] {logging_mixin.py:188} INFO - [2026-06-13T11:42:40.026+0000] {dag.py:3047} INFO - Sync 1 DAGs
[2026-06-13T11:42:40.094+0000] {logging_mixin.py:188} INFO - [2026-06-13T11:42:40.093+0000] {dag.py:3834} INFO - Setting next_dagrun for ecommerce_pipeline to 2026-06-12 00:00:00+00:00, run_after=2026-06-13 00:00:00+00:00
[2026-06-13T11:42:40.145+0000] {processor.py:183} INFO - Processing /opt/airflow/dags/producer_dag.py took 0.286 seconds
[2026-06-13T11:43:10.610+0000] {processor.py:161} INFO - Started process (PID=661) to work on /opt/airflow/dags/producer_dag.py
[2026-06-13T11:43:10.614+0000] {processor.py:830} INFO - Processing file /opt/airflow/dags/producer_dag.py for tasks to queue
[2026-06-13T11:43:10.705+0000] {logging_mixin.py:188} INFO - [2026-06-13T11:43:10.681+0000] {dagbag.py:540} INFO - Filling up the DagBag from /opt/airflow/dags/producer_dag.py
[2026-06-13T11:43:17.844+0000] {processor.py:840} INFO - DAG(s) 'ecommerce_pipeline' retrieved from /opt/airflow/dags/producer_dag.py
[2026-06-13T11:43:23.433+0000] {logging_mixin.py:188} INFO - [2026-06-13T11:43:23.432+0000] {dag.py:3047} INFO - Sync 1 DAGs
[2026-06-13T11:43:28.549+0000] {logging_mixin.py:188} INFO - [2026-06-13T11:43:28.549+0000] {dag.py:3834} INFO - Setting next_dagrun for ecommerce_pipeline to 2026-06-12 00:00:00+00:00, run_after=2026-06-13 00:00:00+00:00
[2026-06-13T11:43:29.056+0000] {processor.py:183} INFO - Processing /opt/airflow/dags/producer_dag.py took 18.620 seconds
[2026-06-13T11:44:00.024+0000] {processor.py:161} INFO - Started process (PID=676) to work on /opt/airflow/dags/producer_dag.py
[2026-06-13T11:44:00.027+0000] {processor.py:830} INFO - Processing file /opt/airflow/dags/producer_dag.py for tasks to queue
[2026-06-13T11:44:00.031+0000] {logging_mixin.py:188} INFO - [2026-06-13T11:44:00.030+0000] {dagbag.py:540} INFO - Filling up the DagBag from /opt/airflow/dags/producer_dag.py
[2026-06-13T11:44:00.230+0000] {processor.py:840} INFO - DAG(s) 'ecommerce_pipeline' retrieved from /opt/airflow/dags/producer_dag.py
[2026-06-13T11:44:00.627+0000] {logging_mixin.py:188} INFO - [2026-06-13T11:44:00.626+0000] {dag.py:3047} INFO - Sync 1 DAGs
[2026-06-13T11:44:00.726+0000] {logging_mixin.py:188} INFO - [2026-06-13T11:44:00.725+0000] {dag.py:3834} INFO - Setting next_dagrun for ecommerce_pipeline to 2026-06-12 00:00:00+00:00, run_after=2026-06-13 00:00:00+00:00
[2026-06-13T11:44:01.322+0000] {processor.py:183} INFO - Processing /opt/airflow/dags/producer_dag.py took 1.308 seconds
[2026-06-13T11:44:31.716+0000] {processor.py:161} INFO - Started process (PID=686) to work on /opt/airflow/dags/producer_dag.py
[2026-06-13T11:44:31.718+0000] {processor.py:830} INFO - Processing file /opt/airflow/dags/producer_dag.py for tasks to queue
[2026-06-13T11:44:31.720+0000] {logging_mixin.py:188} INFO - [2026-06-13T11:44:31.719+0000] {dagbag.py:540} INFO - Filling up the DagBag from /opt/airflow/dags/producer_dag.py
[2026-06-13T11:44:31.791+0000] {processor.py:840} INFO - DAG(s) 'ecommerce_pipeline' retrieved from /opt/airflow/dags/producer_dag.py
[2026-06-13T11:44:31.921+0000] {logging_mixin.py:188} INFO - [2026-06-13T11:44:31.921+0000] {dag.py:3047} INFO - Sync 1 DAGs
[2026-06-13T11:44:31.999+0000] {logging_mixin.py:188} INFO - [2026-06-13T11:44:31.998+0000] {dag.py:3834} INFO - Setting next_dagrun for ecommerce_pipeline to 2026-06-12 00:00:00+00:00, run_after=2026-06-13 00:00:00+00:00
[2026-06-13T11:44:32.074+0000] {processor.py:183} INFO - Processing /opt/airflow/dags/producer_dag.py took 0.367 seconds
[2026-06-13T11:45:02.235+0000] {processor.py:161} INFO - Started process (PID=696) to work on /opt/airflow/dags/producer_dag.py
[2026-06-13T11:45:02.237+0000] {processor.py:830} INFO - Processing file /opt/airflow/dags/producer_dag.py for tasks to queue
[2026-06-13T11:45:02.240+0000] {logging_mixin.py:188} INFO - [2026-06-13T11:45:02.239+0000] {dagbag.py:540} INFO - Filling up the DagBag from /opt/airflow/dags/producer_dag.py
[2026-06-13T11:45:02.314+0000] {processor.py:840} INFO - DAG(s) 'ecommerce_pipeline' retrieved from /opt/airflow/dags/producer_dag.py
[2026-06-13T11:45:02.383+0000] {logging_mixin.py:188} INFO - [2026-06-13T11:45:02.382+0000] {dag.py:3047} INFO - Sync 1 DAGs
[2026-06-13T11:45:02.436+0000] {logging_mixin.py:188} INFO - [2026-06-13T11:45:02.435+0000] {dag.py:3834} INFO - Setting next_dagrun for ecommerce_pipeline to 2026-06-12 00:00:00+00:00, run_after=2026-06-13 00:00:00+00:00
[2026-06-13T11:45:02.480+0000] {processor.py:183} INFO - Processing /opt/airflow/dags/producer_dag.py took 0.257 seconds
[2026-06-13T11:45:32.639+0000] {processor.py:161} INFO - Started process (PID=706) to work on /opt/airflow/dags/producer_dag.py
[2026-06-13T11:45:32.640+0000] {processor.py:830} INFO - Processing file /opt/airflow/dags/producer_dag.py for tasks to queue
[2026-06-13T11:45:32.641+0000] {logging_mixin.py:188} INFO - [2026-06-13T11:45:32.641+0000] {dagbag.py:540} INFO - Filling up the DagBag from /opt/airflow/dags/producer_dag.py
[2026-06-13T11:45:32.672+0000] {processor.py:840} INFO - DAG(s) 'ecommerce_pipeline' retrieved from /opt/airflow/dags/producer_dag.py
[2026-06-13T11:45:32.715+0000] {logging_mixin.py:188} INFO - [2026-06-13T11:45:32.715+0000] {dag.py:3047} INFO - Sync 1 DAGs
[2026-06-13T11:45:32.749+0000] {logging_mixin.py:188} INFO - [2026-06-13T11:45:32.748+0000] {dag.py:3834} INFO - Setting next_dagrun for ecommerce_pipeline to 2026-06-12 00:00:00+00:00, run_after=2026-06-13 00:00:00+00:00
[2026-06-13T11:45:32.777+0000] {processor.py:183} INFO - Processing /opt/airflow/dags/producer_dag.py took 0.144 seconds
[2026-06-13T11:46:03.091+0000] {processor.py:161} INFO - Started process (PID=716) to work on /opt/airflow/dags/producer_dag.py
[2026-06-13T11:46:03.092+0000] {processor.py:830} INFO - Processing file /opt/airflow/dags/producer_dag.py for tasks to queue
[2026-06-13T11:46:03.094+0000] {logging_mixin.py:188} INFO - [2026-06-13T11:46:03.093+0000] {dagbag.py:540} INFO - Filling up the DagBag from /opt/airflow/dags/producer_dag.py
[2026-06-13T11:46:03.125+0000] {processor.py:840} INFO - DAG(s) 'ecommerce_pipeline' retrieved from /opt/airflow/dags/producer_dag.py
[2026-06-13T11:46:03.170+0000] {logging_mixin.py:188} INFO - [2026-06-13T11:46:03.170+0000] {dag.py:3047} INFO - Sync 1 DAGs
[2026-06-13T11:46:03.203+0000] {logging_mixin.py:188} INFO - [2026-06-13T11:46:03.203+0000] {dag.py:3834} INFO - Setting next_dagrun for ecommerce_pipeline to 2026-06-12 00:00:00+00:00, run_after=2026-06-13 00:00:00+00:00
[2026-06-13T11:46:03.530+0000] {processor.py:183} INFO - Processing /opt/airflow/dags/producer_dag.py took 0.445 seconds
[2026-06-13T11:46:33.910+0000] {processor.py:161} INFO - Started process (PID=726) to work on /opt/airflow/dags/producer_dag.py
[2026-06-13T11:46:33.913+0000] {processor.py:830} INFO - Processing file /opt/airflow/dags/producer_dag.py for tasks to queue
[2026-06-13T11:46:33.916+0000] {logging_mixin.py:188} INFO - [2026-06-13T11:46:33.915+0000] {dagbag.py:540} INFO - Filling up the DagBag from /opt/airflow/dags/producer_dag.py
[2026-06-13T11:46:34.013+0000] {processor.py:840} INFO - DAG(s) 'ecommerce_pipeline' retrieved from /opt/airflow/dags/producer_dag.py
[2026-06-13T11:46:34.103+0000] {logging_mixin.py:188} INFO - [2026-06-13T11:46:34.103+0000] {dag.py:3047} INFO - Sync 1 DAGs
[2026-06-13T11:46:34.165+0000] {logging_mixin.py:188} INFO - [2026-06-13T11:46:34.164+0000] {dag.py:3834} INFO - Setting next_dagrun for ecommerce_pipeline to 2026-06-12 00:00:00+00:00, run_after=2026-06-13 00:00:00+00:00
[2026-06-13T11:46:34.226+0000] {processor.py:183} INFO - Processing /opt/airflow/dags/producer_dag.py took 0.325 seconds
[2026-06-13T11:47:04.533+0000] {processor.py:161} INFO - Started process (PID=736) to work on /opt/airflow/dags/producer_dag.py
[2026-06-13T11:47:04.536+0000] {processor.py:830} INFO - Processing file /opt/airflow/dags/producer_dag.py for tasks to queue
[2026-06-13T11:47:04.541+0000] {logging_mixin.py:188} INFO - [2026-06-13T11:47:04.540+0000] {dagbag.py:540} INFO - Filling up the DagBag from /opt/airflow/dags/producer_dag.py
[2026-06-13T11:47:04.607+0000] {processor.py:840} INFO - DAG(s) 'ecommerce_pipeline' retrieved from /opt/airflow/dags/producer_dag.py
[2026-06-13T11:47:04.676+0000] {logging_mixin.py:188} INFO - [2026-06-13T11:47:04.675+0000] {dag.py:3047} INFO - Sync 1 DAGs
[2026-06-13T11:47:04.739+0000] {logging_mixin.py:188} INFO - [2026-06-13T11:47:04.738+0000] {dag.py:3834} INFO - Setting next_dagrun for ecommerce_pipeline to 2026-06-12 00:00:00+00:00, run_after=2026-06-13 00:00:00+00:00
[2026-06-13T11:47:04.814+0000] {processor.py:183} INFO - Processing /opt/airflow/dags/producer_dag.py took 0.294 seconds
[2026-06-13T11:47:35.196+0000] {processor.py:161} INFO - Started process (PID=746) to work on /opt/airflow/dags/producer_dag.py
[2026-06-13T11:47:35.198+0000] {processor.py:830} INFO - Processing file /opt/airflow/dags/producer_dag.py for tasks to queue
[2026-06-13T11:47:35.203+0000] {logging_mixin.py:188} INFO - [2026-06-13T11:47:35.202+0000] {dagbag.py:540} INFO - Filling up the DagBag from /opt/airflow/dags/producer_dag.py
[2026-06-13T11:47:35.252+0000] {processor.py:840} INFO - DAG(s) 'ecommerce_pipeline' retrieved from /opt/airflow/dags/producer_dag.py
[2026-06-13T11:47:35.331+0000] {logging_mixin.py:188} INFO - [2026-06-13T11:47:35.331+0000] {dag.py:3047} INFO - Sync 1 DAGs
[2026-06-13T11:47:35.390+0000] {logging_mixin.py:188} INFO - [2026-06-13T11:47:35.390+0000] {dag.py:3834} INFO - Setting next_dagrun for ecommerce_pipeline to 2026-06-12 00:00:00+00:00, run_after=2026-06-13 00:00:00+00:00
[2026-06-13T11:47:35.436+0000] {processor.py:183} INFO - Processing /opt/airflow/dags/producer_dag.py took 0.255 seconds
[2026-06-13T11:48:05.573+0000] {processor.py:161} INFO - Started process (PID=756) to work on /opt/airflow/dags/producer_dag.py
[2026-06-13T11:48:05.575+0000] {processor.py:830} INFO - Processing file /opt/airflow/dags/producer_dag.py for tasks to queue
[2026-06-13T11:48:05.577+0000] {logging_mixin.py:188} INFO - [2026-06-13T11:48:05.576+0000] {dagbag.py:540} INFO - Filling up the DagBag from /opt/airflow/dags/producer_dag.py
[2026-06-13T11:48:05.657+0000] {processor.py:840} INFO - DAG(s) 'ecommerce_pipeline' retrieved from /opt/airflow/dags/producer_dag.py
[2026-06-13T11:48:05.722+0000] {logging_mixin.py:188} INFO - [2026-06-13T11:48:05.721+0000] {dag.py:3047} INFO - Sync 1 DAGs
[2026-06-13T11:48:05.769+0000] {logging_mixin.py:188} INFO - [2026-06-13T11:48:05.769+0000] {dag.py:3834} INFO - Setting next_dagrun for ecommerce_pipeline to 2026-06-12 00:00:00+00:00, run_after=2026-06-13 00:00:00+00:00
[2026-06-13T11:48:05.833+0000] {processor.py:183} INFO - Processing /opt/airflow/dags/producer_dag.py took 0.277 seconds
[2026-06-13T11:48:36.196+0000] {processor.py:161} INFO - Started process (PID=766) to work on /opt/airflow/dags/producer_dag.py
[2026-06-13T11:48:36.199+0000] {processor.py:830} INFO - Processing file /opt/airflow/dags/producer_dag.py for tasks to queue
[2026-06-13T11:48:36.205+0000] {logging_mixin.py:188} INFO - [2026-06-13T11:48:36.204+0000] {dagbag.py:540} INFO - Filling up the DagBag from /opt/airflow/dags/producer_dag.py
[2026-06-13T11:48:36.261+0000] {processor.py:840} INFO - DAG(s) 'ecommerce_pipeline' retrieved from /opt/airflow/dags/producer_dag.py
[2026-06-13T11:48:36.386+0000] {logging_mixin.py:188} INFO - [2026-06-13T11:48:36.386+0000] {dag.py:3047} INFO - Sync 1 DAGs
[2026-06-13T11:48:36.457+0000] {logging_mixin.py:188} INFO - [2026-06-13T11:48:36.457+0000] {dag.py:3834} INFO - Setting next_dagrun for ecommerce_pipeline to 2026-06-12 00:00:00+00:00, run_after=2026-06-13 00:00:00+00:00
[2026-06-13T11:48:36.510+0000] {processor.py:183} INFO - Processing /opt/airflow/dags/producer_dag.py took 0.324 seconds
[2026-06-13T11:49:06.940+0000] {processor.py:161} INFO - Started process (PID=776) to work on /opt/airflow/dags/producer_dag.py
[2026-06-13T11:49:06.946+0000] {processor.py:830} INFO - Processing file /opt/airflow/dags/producer_dag.py for tasks to queue
[2026-06-13T11:49:06.948+0000] {logging_mixin.py:188} INFO - [2026-06-13T11:49:06.947+0000] {dagbag.py:540} INFO - Filling up the DagBag from /opt/airflow/dags/producer_dag.py
[2026-06-13T11:49:06.992+0000] {processor.py:840} INFO - DAG(s) 'ecommerce_pipeline' retrieved from /opt/airflow/dags/producer_dag.py
[2026-06-13T11:49:07.129+0000] {logging_mixin.py:188} INFO - [2026-06-13T11:49:07.128+0000] {dag.py:3047} INFO - Sync 1 DAGs
[2026-06-13T11:49:07.189+0000] {logging_mixin.py:188} INFO - [2026-06-13T11:49:07.188+0000] {dag.py:3834} INFO - Setting next_dagrun for ecommerce_pipeline to 2026-06-12 00:00:00+00:00, run_after=2026-06-13 00:00:00+00:00
[2026-06-13T11:49:07.274+0000] {processor.py:183} INFO - Processing /opt/airflow/dags/producer_dag.py took 0.343 seconds
[2026-06-13T11:49:37.414+0000] {processor.py:161} INFO - Started process (PID=786) to work on /opt/airflow/dags/producer_dag.py
[2026-06-13T11:49:37.426+0000] {processor.py:830} INFO - Processing file /opt/airflow/dags/producer_dag.py for tasks to queue
[2026-06-13T11:49:37.429+0000] {logging_mixin.py:188} INFO - [2026-06-13T11:49:37.428+0000] {dagbag.py:540} INFO - Filling up the DagBag from /opt/airflow/dags/producer_dag.py
[2026-06-13T11:49:37.574+0000] {processor.py:840} INFO - DAG(s) 'ecommerce_pipeline' retrieved from /opt/airflow/dags/producer_dag.py
[2026-06-13T11:49:38.077+0000] {logging_mixin.py:188} INFO - [2026-06-13T11:49:38.076+0000] {dag.py:3047} INFO - Sync 1 DAGs
[2026-06-13T11:49:38.136+0000] {logging_mixin.py:188} INFO - [2026-06-13T11:49:38.136+0000] {dag.py:3834} INFO - Setting next_dagrun for ecommerce_pipeline to 2026-06-12 00:00:00+00:00, run_after=2026-06-13 00:00:00+00:00
[2026-06-13T11:49:38.222+0000] {processor.py:183} INFO - Processing /opt/airflow/dags/producer_dag.py took 0.832 seconds
[2026-06-13T11:50:08.895+0000] {processor.py:161} INFO - Started process (PID=796) to work on /opt/airflow/dags/producer_dag.py
[2026-06-13T11:50:08.897+0000] {processor.py:830} INFO - Processing file /opt/airflow/dags/producer_dag.py for tasks to queue
[2026-06-13T11:50:08.899+0000] {logging_mixin.py:188} INFO - [2026-06-13T11:50:08.898+0000] {dagbag.py:540} INFO - Filling up the DagBag from /opt/airflow/dags/producer_dag.py
[2026-06-13T11:50:08.950+0000] {processor.py:840} INFO - DAG(s) 'ecommerce_pipeline' retrieved from /opt/airflow/dags/producer_dag.py
[2026-06-13T11:50:09.017+0000] {logging_mixin.py:188} INFO - [2026-06-13T11:50:09.016+0000] {dag.py:3047} INFO - Sync 1 DAGs
[2026-06-13T11:50:09.074+0000] {logging_mixin.py:188} INFO - [2026-06-13T11:50:09.073+0000] {dag.py:3834} INFO - Setting next_dagrun for ecommerce_pipeline to 2026-06-12 00:00:00+00:00, run_after=2026-06-13 00:00:00+00:00
[2026-06-13T11:50:09.134+0000] {processor.py:183} INFO - Processing /opt/airflow/dags/producer_dag.py took 0.249 seconds
[2026-06-13T11:50:39.308+0000] {processor.py:161} INFO - Started process (PID=806) to work on /opt/airflow/dags/producer_dag.py
[2026-06-13T11:50:39.309+0000] {processor.py:830} INFO - Processing file /opt/airflow/dags/producer_dag.py for tasks to queue
[2026-06-13T11:50:39.311+0000] {logging_mixin.py:188} INFO - [2026-06-13T11:50:39.310+0000] {dagbag.py:540} INFO - Filling up the DagBag from /opt/airflow/dags/producer_dag.py
[2026-06-13T11:50:39.346+0000] {processor.py:840} INFO - DAG(s) 'ecommerce_pipeline' retrieved from /opt/airflow/dags/producer_dag.py
[2026-06-13T11:50:39.401+0000] {logging_mixin.py:188} INFO - [2026-06-13T11:50:39.400+0000] {dag.py:3047} INFO - Sync 1 DAGs
[2026-06-13T11:50:39.441+0000] {logging_mixin.py:188} INFO - [2026-06-13T11:50:39.441+0000] {dag.py:3834} INFO - Setting next_dagrun for ecommerce_pipeline to 2026-06-12 00:00:00+00:00, run_after=2026-06-13 00:00:00+00:00
[2026-06-13T11:50:39.505+0000] {processor.py:183} INFO - Processing /opt/airflow/dags/producer_dag.py took 0.204 seconds
[2026-06-13T11:51:09.943+0000] {processor.py:161} INFO - Started process (PID=816) to work on /opt/airflow/dags/producer_dag.py
[2026-06-13T11:51:09.945+0000] {processor.py:830} INFO - Processing file /opt/airflow/dags/producer_dag.py for tasks to queue
[2026-06-13T11:51:09.949+0000] {logging_mixin.py:188} INFO - [2026-06-13T11:51:09.948+0000] {dagbag.py:540} INFO - Filling up the DagBag from /opt/airflow/dags/producer_dag.py
[2026-06-13T11:51:10.013+0000] {processor.py:840} INFO - DAG(s) 'ecommerce_pipeline' retrieved from /opt/airflow/dags/producer_dag.py
[2026-06-13T11:51:10.114+0000] {logging_mixin.py:188} INFO - [2026-06-13T11:51:10.113+0000] {dag.py:3047} INFO - Sync 1 DAGs
[2026-06-13T11:51:10.195+0000] {logging_mixin.py:188} INFO - [2026-06-13T11:51:10.194+0000] {dag.py:3834} INFO - Setting next_dagrun for ecommerce_pipeline to 2026-06-12 00:00:00+00:00, run_after=2026-06-13 00:00:00+00:00
[2026-06-13T11:51:10.266+0000] {processor.py:183} INFO - Processing /opt/airflow/dags/producer_dag.py took 0.332 seconds
[2026-06-13T11:51:40.664+0000] {processor.py:161} INFO - Started process (PID=826) to work on /opt/airflow/dags/producer_dag.py
[2026-06-13T11:51:40.665+0000] {processor.py:830} INFO - Processing file /opt/airflow/dags/producer_dag.py for tasks to queue
[2026-06-13T11:51:40.668+0000] {logging_mixin.py:188} INFO - [2026-06-13T11:51:40.667+0000] {dagbag.py:540} INFO - Filling up the DagBag from /opt/airflow/dags/producer_dag.py
[2026-06-13T11:51:40.709+0000] {processor.py:840} INFO - DAG(s) 'ecommerce_pipeline' retrieved from /opt/airflow/dags/producer_dag.py
[2026-06-13T11:51:40.775+0000] {logging_mixin.py:188} INFO - [2026-06-13T11:51:40.775+0000] {dag.py:3047} INFO - Sync 1 DAGs
[2026-06-13T11:51:40.825+0000] {logging_mixin.py:188} INFO - [2026-06-13T11:51:40.825+0000] {dag.py:3834} INFO - Setting next_dagrun for ecommerce_pipeline to 2026-06-12 00:00:00+00:00, run_after=2026-06-13 00:00:00+00:00
[2026-06-13T11:51:40.885+0000] {processor.py:183} INFO - Processing /opt/airflow/dags/producer_dag.py took 0.231 seconds
[2026-06-13T11:52:11.332+0000] {processor.py:161} INFO - Started process (PID=836) to work on /opt/airflow/dags/producer_dag.py
[2026-06-13T11:52:11.336+0000] {processor.py:830} INFO - Processing file /opt/airflow/dags/producer_dag.py for tasks to queue
[2026-06-13T11:52:11.339+0000] {logging_mixin.py:188} INFO - [2026-06-13T11:52:11.339+0000] {dagbag.py:540} INFO - Filling up the DagBag from /opt/airflow/dags/producer_dag.py
[2026-06-13T11:52:11.394+0000] {processor.py:840} INFO - DAG(s) 'ecommerce_pipeline' retrieved from /opt/airflow/dags/producer_dag.py
[2026-06-13T11:52:11.470+0000] {logging_mixin.py:188} INFO - [2026-06-13T11:52:11.469+0000] {dag.py:3047} INFO - Sync 1 DAGs
[2026-06-13T11:52:11.540+0000] {logging_mixin.py:188} INFO - [2026-06-13T11:52:11.540+0000] {dag.py:3834} INFO - Setting next_dagrun for ecommerce_pipeline to 2026-06-12 00:00:00+00:00, run_after=2026-06-13 00:00:00+00:00
[2026-06-13T11:52:11.599+0000] {processor.py:183} INFO - Processing /opt/airflow/dags/producer_dag.py took 0.278 seconds
