[2026-06-11T13:25:18.247+0000] {processor.py:161} INFO - Started process (PID=174) to work on /opt/airflow/dags/ecommerce_pipeline.py
[2026-06-11T13:25:18.249+0000] {processor.py:830} INFO - Processing file /opt/airflow/dags/ecommerce_pipeline.py for tasks to queue
[2026-06-11T13:25:18.251+0000] {logging_mixin.py:188} INFO - [2026-06-11T13:25:18.250+0000] {dagbag.py:540} INFO - Filling up the DagBag from /opt/airflow/dags/ecommerce_pipeline.py
[2026-06-11T13:25:18.284+0000] {logging_mixin.py:188} INFO - [2026-06-11T13:25:18.277+0000] {dagbag.py:350} ERROR - Failed to import: /opt/airflow/dags/ecommerce_pipeline.py
Traceback (most recent call last):
  File "/home/airflow/.local/lib/python3.8/site-packages/airflow/models/dagbag.py", line 346, in parse
    loader.exec_module(new_module)
  File "<frozen importlib._bootstrap_external>", line 843, in exec_module
  File "<frozen importlib._bootstrap>", line 219, in _call_with_frames_removed
  File "/opt/airflow/dags/ecommerce_pipeline.py", line 53, in <module>
    generate_data >> gold_job >> load_postgres
NameError: name 'generate_data' is not defined
[2026-06-11T13:25:18.286+0000] {processor.py:842} WARNING - No viable dags retrieved from /opt/airflow/dags/ecommerce_pipeline.py
[2026-06-11T13:25:18.320+0000] {processor.py:183} INFO - Processing /opt/airflow/dags/ecommerce_pipeline.py took 0.079 seconds
[2026-06-11T13:25:48.603+0000] {processor.py:161} INFO - Started process (PID=184) to work on /opt/airflow/dags/ecommerce_pipeline.py
[2026-06-11T13:25:48.604+0000] {processor.py:830} INFO - Processing file /opt/airflow/dags/ecommerce_pipeline.py for tasks to queue
[2026-06-11T13:25:48.606+0000] {logging_mixin.py:188} INFO - [2026-06-11T13:25:48.605+0000] {dagbag.py:540} INFO - Filling up the DagBag from /opt/airflow/dags/ecommerce_pipeline.py
[2026-06-11T13:25:48.646+0000] {logging_mixin.py:188} INFO - [2026-06-11T13:25:48.640+0000] {dagbag.py:350} ERROR - Failed to import: /opt/airflow/dags/ecommerce_pipeline.py
Traceback (most recent call last):
  File "/home/airflow/.local/lib/python3.8/site-packages/airflow/models/dagbag.py", line 346, in parse
    loader.exec_module(new_module)
  File "<frozen importlib._bootstrap_external>", line 843, in exec_module
  File "<frozen importlib._bootstrap>", line 219, in _call_with_frames_removed
  File "/opt/airflow/dags/ecommerce_pipeline.py", line 53, in <module>
    generate_data >> gold_job >> load_postgres
NameError: name 'generate_data' is not defined
[2026-06-11T13:25:48.649+0000] {processor.py:842} WARNING - No viable dags retrieved from /opt/airflow/dags/ecommerce_pipeline.py
[2026-06-11T13:25:48.706+0000] {processor.py:183} INFO - Processing /opt/airflow/dags/ecommerce_pipeline.py took 0.109 seconds
[2026-06-11T13:26:18.987+0000] {processor.py:161} INFO - Started process (PID=194) to work on /opt/airflow/dags/ecommerce_pipeline.py
[2026-06-11T13:26:18.988+0000] {processor.py:830} INFO - Processing file /opt/airflow/dags/ecommerce_pipeline.py for tasks to queue
[2026-06-11T13:26:18.990+0000] {logging_mixin.py:188} INFO - [2026-06-11T13:26:18.990+0000] {dagbag.py:540} INFO - Filling up the DagBag from /opt/airflow/dags/ecommerce_pipeline.py
[2026-06-11T13:26:19.019+0000] {logging_mixin.py:188} INFO - [2026-06-11T13:26:19.014+0000] {dagbag.py:350} ERROR - Failed to import: /opt/airflow/dags/ecommerce_pipeline.py
Traceback (most recent call last):
  File "/home/airflow/.local/lib/python3.8/site-packages/airflow/models/dagbag.py", line 346, in parse
    loader.exec_module(new_module)
  File "<frozen importlib._bootstrap_external>", line 843, in exec_module
  File "<frozen importlib._bootstrap>", line 219, in _call_with_frames_removed
  File "/opt/airflow/dags/ecommerce_pipeline.py", line 53, in <module>
    generate_data >> gold_job >> load_postgres
NameError: name 'generate_data' is not defined
[2026-06-11T13:26:19.021+0000] {processor.py:842} WARNING - No viable dags retrieved from /opt/airflow/dags/ecommerce_pipeline.py
[2026-06-11T13:26:19.059+0000] {processor.py:183} INFO - Processing /opt/airflow/dags/ecommerce_pipeline.py took 0.076 seconds
[2026-06-11T13:26:49.414+0000] {processor.py:161} INFO - Started process (PID=204) to work on /opt/airflow/dags/ecommerce_pipeline.py
[2026-06-11T13:26:49.416+0000] {processor.py:830} INFO - Processing file /opt/airflow/dags/ecommerce_pipeline.py for tasks to queue
[2026-06-11T13:26:49.418+0000] {logging_mixin.py:188} INFO - [2026-06-11T13:26:49.418+0000] {dagbag.py:540} INFO - Filling up the DagBag from /opt/airflow/dags/ecommerce_pipeline.py
[2026-06-11T13:26:49.484+0000] {logging_mixin.py:188} INFO - [2026-06-11T13:26:49.469+0000] {dagbag.py:350} ERROR - Failed to import: /opt/airflow/dags/ecommerce_pipeline.py
Traceback (most recent call last):
  File "/home/airflow/.local/lib/python3.8/site-packages/airflow/models/dagbag.py", line 346, in parse
    loader.exec_module(new_module)
  File "<frozen importlib._bootstrap_external>", line 843, in exec_module
  File "<frozen importlib._bootstrap>", line 219, in _call_with_frames_removed
  File "/opt/airflow/dags/ecommerce_pipeline.py", line 53, in <module>
    generate_data >> gold_job >> load_postgres
NameError: name 'generate_data' is not defined
[2026-06-11T13:26:49.490+0000] {processor.py:842} WARNING - No viable dags retrieved from /opt/airflow/dags/ecommerce_pipeline.py
[2026-06-11T13:26:49.577+0000] {processor.py:183} INFO - Processing /opt/airflow/dags/ecommerce_pipeline.py took 0.172 seconds
[2026-06-11T13:27:20.106+0000] {processor.py:161} INFO - Started process (PID=214) to work on /opt/airflow/dags/ecommerce_pipeline.py
[2026-06-11T13:27:20.108+0000] {processor.py:830} INFO - Processing file /opt/airflow/dags/ecommerce_pipeline.py for tasks to queue
[2026-06-11T13:27:20.112+0000] {logging_mixin.py:188} INFO - [2026-06-11T13:27:20.111+0000] {dagbag.py:540} INFO - Filling up the DagBag from /opt/airflow/dags/ecommerce_pipeline.py
[2026-06-11T13:27:20.198+0000] {logging_mixin.py:188} INFO - [2026-06-11T13:27:20.181+0000] {dagbag.py:350} ERROR - Failed to import: /opt/airflow/dags/ecommerce_pipeline.py
Traceback (most recent call last):
  File "/home/airflow/.local/lib/python3.8/site-packages/airflow/models/dagbag.py", line 346, in parse
    loader.exec_module(new_module)
  File "<frozen importlib._bootstrap_external>", line 843, in exec_module
  File "<frozen importlib._bootstrap>", line 219, in _call_with_frames_removed
  File "/opt/airflow/dags/ecommerce_pipeline.py", line 53, in <module>
    generate_data >> gold_job >> load_postgres
NameError: name 'generate_data' is not defined
[2026-06-11T13:27:20.204+0000] {processor.py:842} WARNING - No viable dags retrieved from /opt/airflow/dags/ecommerce_pipeline.py
[2026-06-11T13:27:20.279+0000] {processor.py:183} INFO - Processing /opt/airflow/dags/ecommerce_pipeline.py took 0.192 seconds
[2026-06-11T13:27:50.580+0000] {processor.py:161} INFO - Started process (PID=221) to work on /opt/airflow/dags/ecommerce_pipeline.py
[2026-06-11T13:27:50.581+0000] {processor.py:830} INFO - Processing file /opt/airflow/dags/ecommerce_pipeline.py for tasks to queue
[2026-06-11T13:27:50.583+0000] {logging_mixin.py:188} INFO - [2026-06-11T13:27:50.582+0000] {dagbag.py:540} INFO - Filling up the DagBag from /opt/airflow/dags/ecommerce_pipeline.py
[2026-06-11T13:27:50.609+0000] {logging_mixin.py:188} INFO - [2026-06-11T13:27:50.605+0000] {dagbag.py:350} ERROR - Failed to import: /opt/airflow/dags/ecommerce_pipeline.py
Traceback (most recent call last):
  File "/home/airflow/.local/lib/python3.8/site-packages/airflow/models/dagbag.py", line 346, in parse
    loader.exec_module(new_module)
  File "<frozen importlib._bootstrap_external>", line 843, in exec_module
  File "<frozen importlib._bootstrap>", line 219, in _call_with_frames_removed
  File "/opt/airflow/dags/ecommerce_pipeline.py", line 53, in <module>
    generate_data >> gold_job >> load_postgres
NameError: name 'generate_data' is not defined
[2026-06-11T13:27:50.611+0000] {processor.py:842} WARNING - No viable dags retrieved from /opt/airflow/dags/ecommerce_pipeline.py
[2026-06-11T13:27:50.648+0000] {processor.py:183} INFO - Processing /opt/airflow/dags/ecommerce_pipeline.py took 0.074 seconds
[2026-06-11T13:28:20.948+0000] {processor.py:161} INFO - Started process (PID=231) to work on /opt/airflow/dags/ecommerce_pipeline.py
[2026-06-11T13:28:20.950+0000] {processor.py:830} INFO - Processing file /opt/airflow/dags/ecommerce_pipeline.py for tasks to queue
[2026-06-11T13:28:20.952+0000] {logging_mixin.py:188} INFO - [2026-06-11T13:28:20.952+0000] {dagbag.py:540} INFO - Filling up the DagBag from /opt/airflow/dags/ecommerce_pipeline.py
[2026-06-11T13:28:20.985+0000] {logging_mixin.py:188} INFO - [2026-06-11T13:28:20.980+0000] {dagbag.py:350} ERROR - Failed to import: /opt/airflow/dags/ecommerce_pipeline.py
Traceback (most recent call last):
  File "/home/airflow/.local/lib/python3.8/site-packages/airflow/models/dagbag.py", line 346, in parse
    loader.exec_module(new_module)
  File "<frozen importlib._bootstrap_external>", line 843, in exec_module
  File "<frozen importlib._bootstrap>", line 219, in _call_with_frames_removed
  File "/opt/airflow/dags/ecommerce_pipeline.py", line 53, in <module>
    generate_data >> gold_job >> load_postgres
NameError: name 'generate_data' is not defined
[2026-06-11T13:28:20.987+0000] {processor.py:842} WARNING - No viable dags retrieved from /opt/airflow/dags/ecommerce_pipeline.py
[2026-06-11T13:28:21.031+0000] {processor.py:183} INFO - Processing /opt/airflow/dags/ecommerce_pipeline.py took 0.088 seconds
[2026-06-11T13:28:51.335+0000] {processor.py:161} INFO - Started process (PID=241) to work on /opt/airflow/dags/ecommerce_pipeline.py
[2026-06-11T13:28:51.337+0000] {processor.py:830} INFO - Processing file /opt/airflow/dags/ecommerce_pipeline.py for tasks to queue
[2026-06-11T13:28:51.340+0000] {logging_mixin.py:188} INFO - [2026-06-11T13:28:51.339+0000] {dagbag.py:540} INFO - Filling up the DagBag from /opt/airflow/dags/ecommerce_pipeline.py
[2026-06-11T13:28:51.378+0000] {logging_mixin.py:188} INFO - [2026-06-11T13:28:51.373+0000] {dagbag.py:350} ERROR - Failed to import: /opt/airflow/dags/ecommerce_pipeline.py
Traceback (most recent call last):
  File "/home/airflow/.local/lib/python3.8/site-packages/airflow/models/dagbag.py", line 346, in parse
    loader.exec_module(new_module)
  File "<frozen importlib._bootstrap_external>", line 843, in exec_module
  File "<frozen importlib._bootstrap>", line 219, in _call_with_frames_removed
  File "/opt/airflow/dags/ecommerce_pipeline.py", line 53, in <module>
    generate_data >> gold_job >> load_postgres
NameError: name 'generate_data' is not defined
[2026-06-11T13:28:51.381+0000] {processor.py:842} WARNING - No viable dags retrieved from /opt/airflow/dags/ecommerce_pipeline.py
[2026-06-11T13:28:51.438+0000] {processor.py:183} INFO - Processing /opt/airflow/dags/ecommerce_pipeline.py took 0.111 seconds
[2026-06-11T13:29:21.778+0000] {processor.py:161} INFO - Started process (PID=251) to work on /opt/airflow/dags/ecommerce_pipeline.py
[2026-06-11T13:29:21.792+0000] {processor.py:830} INFO - Processing file /opt/airflow/dags/ecommerce_pipeline.py for tasks to queue
[2026-06-11T13:29:21.794+0000] {logging_mixin.py:188} INFO - [2026-06-11T13:29:21.793+0000] {dagbag.py:540} INFO - Filling up the DagBag from /opt/airflow/dags/ecommerce_pipeline.py
[2026-06-11T13:29:21.843+0000] {logging_mixin.py:188} INFO - [2026-06-11T13:29:21.834+0000] {dagbag.py:350} ERROR - Failed to import: /opt/airflow/dags/ecommerce_pipeline.py
Traceback (most recent call last):
  File "/home/airflow/.local/lib/python3.8/site-packages/airflow/models/dagbag.py", line 346, in parse
    loader.exec_module(new_module)
  File "<frozen importlib._bootstrap_external>", line 843, in exec_module
  File "<frozen importlib._bootstrap>", line 219, in _call_with_frames_removed
  File "/opt/airflow/dags/ecommerce_pipeline.py", line 53, in <module>
    generate_data >> gold_job >> load_postgres
NameError: name 'generate_data' is not defined
[2026-06-11T13:29:21.845+0000] {processor.py:842} WARNING - No viable dags retrieved from /opt/airflow/dags/ecommerce_pipeline.py
[2026-06-11T13:29:21.906+0000] {processor.py:183} INFO - Processing /opt/airflow/dags/ecommerce_pipeline.py took 0.135 seconds
[2026-06-11T13:29:52.183+0000] {processor.py:161} INFO - Started process (PID=261) to work on /opt/airflow/dags/ecommerce_pipeline.py
[2026-06-11T13:29:52.184+0000] {processor.py:830} INFO - Processing file /opt/airflow/dags/ecommerce_pipeline.py for tasks to queue
[2026-06-11T13:29:52.186+0000] {logging_mixin.py:188} INFO - [2026-06-11T13:29:52.185+0000] {dagbag.py:540} INFO - Filling up the DagBag from /opt/airflow/dags/ecommerce_pipeline.py
[2026-06-11T13:29:52.211+0000] {logging_mixin.py:188} INFO - [2026-06-11T13:29:52.207+0000] {dagbag.py:350} ERROR - Failed to import: /opt/airflow/dags/ecommerce_pipeline.py
Traceback (most recent call last):
  File "/home/airflow/.local/lib/python3.8/site-packages/airflow/models/dagbag.py", line 346, in parse
    loader.exec_module(new_module)
  File "<frozen importlib._bootstrap_external>", line 843, in exec_module
  File "<frozen importlib._bootstrap>", line 219, in _call_with_frames_removed
  File "/opt/airflow/dags/ecommerce_pipeline.py", line 53, in <module>
    generate_data >> gold_job >> load_postgres
NameError: name 'generate_data' is not defined
[2026-06-11T13:29:52.213+0000] {processor.py:842} WARNING - No viable dags retrieved from /opt/airflow/dags/ecommerce_pipeline.py
[2026-06-11T13:29:52.258+0000] {processor.py:183} INFO - Processing /opt/airflow/dags/ecommerce_pipeline.py took 0.080 seconds
[2026-06-11T13:30:22.585+0000] {processor.py:161} INFO - Started process (PID=271) to work on /opt/airflow/dags/ecommerce_pipeline.py
[2026-06-11T13:30:22.586+0000] {processor.py:830} INFO - Processing file /opt/airflow/dags/ecommerce_pipeline.py for tasks to queue
[2026-06-11T13:30:22.588+0000] {logging_mixin.py:188} INFO - [2026-06-11T13:30:22.587+0000] {dagbag.py:540} INFO - Filling up the DagBag from /opt/airflow/dags/ecommerce_pipeline.py
[2026-06-11T13:30:22.613+0000] {logging_mixin.py:188} INFO - [2026-06-11T13:30:22.608+0000] {dagbag.py:350} ERROR - Failed to import: /opt/airflow/dags/ecommerce_pipeline.py
Traceback (most recent call last):
  File "/home/airflow/.local/lib/python3.8/site-packages/airflow/models/dagbag.py", line 346, in parse
    loader.exec_module(new_module)
  File "<frozen importlib._bootstrap_external>", line 843, in exec_module
  File "<frozen importlib._bootstrap>", line 219, in _call_with_frames_removed
  File "/opt/airflow/dags/ecommerce_pipeline.py", line 53, in <module>
    generate_data >> gold_job >> load_postgres
NameError: name 'generate_data' is not defined
[2026-06-11T13:30:22.614+0000] {processor.py:842} WARNING - No viable dags retrieved from /opt/airflow/dags/ecommerce_pipeline.py
[2026-06-11T13:30:22.665+0000] {processor.py:183} INFO - Processing /opt/airflow/dags/ecommerce_pipeline.py took 0.084 seconds
[2026-06-11T13:30:52.924+0000] {processor.py:161} INFO - Started process (PID=281) to work on /opt/airflow/dags/ecommerce_pipeline.py
[2026-06-11T13:30:52.925+0000] {processor.py:830} INFO - Processing file /opt/airflow/dags/ecommerce_pipeline.py for tasks to queue
[2026-06-11T13:30:52.926+0000] {logging_mixin.py:188} INFO - [2026-06-11T13:30:52.926+0000] {dagbag.py:540} INFO - Filling up the DagBag from /opt/airflow/dags/ecommerce_pipeline.py
[2026-06-11T13:30:52.950+0000] {logging_mixin.py:188} INFO - [2026-06-11T13:30:52.946+0000] {dagbag.py:350} ERROR - Failed to import: /opt/airflow/dags/ecommerce_pipeline.py
Traceback (most recent call last):
  File "/home/airflow/.local/lib/python3.8/site-packages/airflow/models/dagbag.py", line 346, in parse
    loader.exec_module(new_module)
  File "<frozen importlib._bootstrap_external>", line 843, in exec_module
  File "<frozen importlib._bootstrap>", line 219, in _call_with_frames_removed
  File "/opt/airflow/dags/ecommerce_pipeline.py", line 53, in <module>
    generate_data >> gold_job >> load_postgres
NameError: name 'generate_data' is not defined
[2026-06-11T13:30:52.952+0000] {processor.py:842} WARNING - No viable dags retrieved from /opt/airflow/dags/ecommerce_pipeline.py
[2026-06-11T13:30:52.983+0000] {processor.py:183} INFO - Processing /opt/airflow/dags/ecommerce_pipeline.py took 0.063 seconds
[2026-06-11T13:31:23.245+0000] {processor.py:161} INFO - Started process (PID=291) to work on /opt/airflow/dags/ecommerce_pipeline.py
[2026-06-11T13:31:23.246+0000] {processor.py:830} INFO - Processing file /opt/airflow/dags/ecommerce_pipeline.py for tasks to queue
[2026-06-11T13:31:23.248+0000] {logging_mixin.py:188} INFO - [2026-06-11T13:31:23.247+0000] {dagbag.py:540} INFO - Filling up the DagBag from /opt/airflow/dags/ecommerce_pipeline.py
[2026-06-11T13:31:23.271+0000] {logging_mixin.py:188} INFO - [2026-06-11T13:31:23.266+0000] {dagbag.py:350} ERROR - Failed to import: /opt/airflow/dags/ecommerce_pipeline.py
Traceback (most recent call last):
  File "/home/airflow/.local/lib/python3.8/site-packages/airflow/models/dagbag.py", line 346, in parse
    loader.exec_module(new_module)
  File "<frozen importlib._bootstrap_external>", line 843, in exec_module
  File "<frozen importlib._bootstrap>", line 219, in _call_with_frames_removed
  File "/opt/airflow/dags/ecommerce_pipeline.py", line 53, in <module>
    generate_data >> gold_job >> load_postgres
NameError: name 'generate_data' is not defined
[2026-06-11T13:31:23.272+0000] {processor.py:842} WARNING - No viable dags retrieved from /opt/airflow/dags/ecommerce_pipeline.py
[2026-06-11T13:31:23.344+0000] {processor.py:183} INFO - Processing /opt/airflow/dags/ecommerce_pipeline.py took 0.103 seconds
[2026-06-11T13:31:53.615+0000] {processor.py:161} INFO - Started process (PID=301) to work on /opt/airflow/dags/ecommerce_pipeline.py
[2026-06-11T13:31:53.616+0000] {processor.py:830} INFO - Processing file /opt/airflow/dags/ecommerce_pipeline.py for tasks to queue
[2026-06-11T13:31:53.618+0000] {logging_mixin.py:188} INFO - [2026-06-11T13:31:53.618+0000] {dagbag.py:540} INFO - Filling up the DagBag from /opt/airflow/dags/ecommerce_pipeline.py
[2026-06-11T13:31:53.644+0000] {logging_mixin.py:188} INFO - [2026-06-11T13:31:53.640+0000] {dagbag.py:350} ERROR - Failed to import: /opt/airflow/dags/ecommerce_pipeline.py
Traceback (most recent call last):
  File "/home/airflow/.local/lib/python3.8/site-packages/airflow/models/dagbag.py", line 346, in parse
    loader.exec_module(new_module)
  File "<frozen importlib._bootstrap_external>", line 843, in exec_module
  File "<frozen importlib._bootstrap>", line 219, in _call_with_frames_removed
  File "/opt/airflow/dags/ecommerce_pipeline.py", line 53, in <module>
    generate_data >> gold_job >> load_postgres
NameError: name 'generate_data' is not defined
[2026-06-11T13:31:53.646+0000] {processor.py:842} WARNING - No viable dags retrieved from /opt/airflow/dags/ecommerce_pipeline.py
[2026-06-11T13:31:53.676+0000] {processor.py:183} INFO - Processing /opt/airflow/dags/ecommerce_pipeline.py took 0.065 seconds
[2026-06-11T13:32:23.949+0000] {processor.py:161} INFO - Started process (PID=311) to work on /opt/airflow/dags/ecommerce_pipeline.py
[2026-06-11T13:32:23.950+0000] {processor.py:830} INFO - Processing file /opt/airflow/dags/ecommerce_pipeline.py for tasks to queue
[2026-06-11T13:32:23.952+0000] {logging_mixin.py:188} INFO - [2026-06-11T13:32:23.951+0000] {dagbag.py:540} INFO - Filling up the DagBag from /opt/airflow/dags/ecommerce_pipeline.py
[2026-06-11T13:32:23.979+0000] {logging_mixin.py:188} INFO - [2026-06-11T13:32:23.974+0000] {dagbag.py:350} ERROR - Failed to import: /opt/airflow/dags/ecommerce_pipeline.py
Traceback (most recent call last):
  File "/home/airflow/.local/lib/python3.8/site-packages/airflow/models/dagbag.py", line 346, in parse
    loader.exec_module(new_module)
  File "<frozen importlib._bootstrap_external>", line 843, in exec_module
  File "<frozen importlib._bootstrap>", line 219, in _call_with_frames_removed
  File "/opt/airflow/dags/ecommerce_pipeline.py", line 53, in <module>
    generate_data >> gold_job >> load_postgres
NameError: name 'generate_data' is not defined
[2026-06-11T13:32:23.981+0000] {processor.py:842} WARNING - No viable dags retrieved from /opt/airflow/dags/ecommerce_pipeline.py
[2026-06-11T13:32:24.014+0000] {processor.py:183} INFO - Processing /opt/airflow/dags/ecommerce_pipeline.py took 0.071 seconds
[2026-06-11T13:32:54.272+0000] {processor.py:161} INFO - Started process (PID=321) to work on /opt/airflow/dags/ecommerce_pipeline.py
[2026-06-11T13:32:54.273+0000] {processor.py:830} INFO - Processing file /opt/airflow/dags/ecommerce_pipeline.py for tasks to queue
[2026-06-11T13:32:54.275+0000] {logging_mixin.py:188} INFO - [2026-06-11T13:32:54.274+0000] {dagbag.py:540} INFO - Filling up the DagBag from /opt/airflow/dags/ecommerce_pipeline.py
[2026-06-11T13:32:54.301+0000] {logging_mixin.py:188} INFO - [2026-06-11T13:32:54.296+0000] {dagbag.py:350} ERROR - Failed to import: /opt/airflow/dags/ecommerce_pipeline.py
Traceback (most recent call last):
  File "/home/airflow/.local/lib/python3.8/site-packages/airflow/models/dagbag.py", line 346, in parse
    loader.exec_module(new_module)
  File "<frozen importlib._bootstrap_external>", line 843, in exec_module
  File "<frozen importlib._bootstrap>", line 219, in _call_with_frames_removed
  File "/opt/airflow/dags/ecommerce_pipeline.py", line 53, in <module>
    generate_data >> gold_job >> load_postgres
NameError: name 'generate_data' is not defined
[2026-06-11T13:32:54.302+0000] {processor.py:842} WARNING - No viable dags retrieved from /opt/airflow/dags/ecommerce_pipeline.py
[2026-06-11T13:32:54.333+0000] {processor.py:183} INFO - Processing /opt/airflow/dags/ecommerce_pipeline.py took 0.066 seconds
[2026-06-11T13:33:24.600+0000] {processor.py:161} INFO - Started process (PID=331) to work on /opt/airflow/dags/ecommerce_pipeline.py
[2026-06-11T13:33:24.602+0000] {processor.py:830} INFO - Processing file /opt/airflow/dags/ecommerce_pipeline.py for tasks to queue
[2026-06-11T13:33:24.603+0000] {logging_mixin.py:188} INFO - [2026-06-11T13:33:24.603+0000] {dagbag.py:540} INFO - Filling up the DagBag from /opt/airflow/dags/ecommerce_pipeline.py
[2026-06-11T13:33:24.629+0000] {logging_mixin.py:188} INFO - [2026-06-11T13:33:24.624+0000] {dagbag.py:350} ERROR - Failed to import: /opt/airflow/dags/ecommerce_pipeline.py
Traceback (most recent call last):
  File "/home/airflow/.local/lib/python3.8/site-packages/airflow/models/dagbag.py", line 346, in parse
    loader.exec_module(new_module)
  File "<frozen importlib._bootstrap_external>", line 843, in exec_module
  File "<frozen importlib._bootstrap>", line 219, in _call_with_frames_removed
  File "/opt/airflow/dags/ecommerce_pipeline.py", line 53, in <module>
    generate_data >> gold_job >> load_postgres
NameError: name 'generate_data' is not defined
[2026-06-11T13:33:24.631+0000] {processor.py:842} WARNING - No viable dags retrieved from /opt/airflow/dags/ecommerce_pipeline.py
[2026-06-11T13:33:24.669+0000] {processor.py:183} INFO - Processing /opt/airflow/dags/ecommerce_pipeline.py took 0.073 seconds
[2026-06-11T13:33:54.929+0000] {processor.py:161} INFO - Started process (PID=341) to work on /opt/airflow/dags/ecommerce_pipeline.py
[2026-06-11T13:33:54.930+0000] {processor.py:830} INFO - Processing file /opt/airflow/dags/ecommerce_pipeline.py for tasks to queue
[2026-06-11T13:33:54.931+0000] {logging_mixin.py:188} INFO - [2026-06-11T13:33:54.931+0000] {dagbag.py:540} INFO - Filling up the DagBag from /opt/airflow/dags/ecommerce_pipeline.py
[2026-06-11T13:33:54.953+0000] {logging_mixin.py:188} INFO - [2026-06-11T13:33:54.949+0000] {dagbag.py:350} ERROR - Failed to import: /opt/airflow/dags/ecommerce_pipeline.py
Traceback (most recent call last):
  File "/home/airflow/.local/lib/python3.8/site-packages/airflow/models/dagbag.py", line 346, in parse
    loader.exec_module(new_module)
  File "<frozen importlib._bootstrap_external>", line 843, in exec_module
  File "<frozen importlib._bootstrap>", line 219, in _call_with_frames_removed
  File "/opt/airflow/dags/ecommerce_pipeline.py", line 53, in <module>
    generate_data >> gold_job >> load_postgres
NameError: name 'generate_data' is not defined
[2026-06-11T13:33:54.954+0000] {processor.py:842} WARNING - No viable dags retrieved from /opt/airflow/dags/ecommerce_pipeline.py
[2026-06-11T13:33:54.987+0000] {processor.py:183} INFO - Processing /opt/airflow/dags/ecommerce_pipeline.py took 0.062 seconds
[2026-06-11T13:34:25.239+0000] {processor.py:161} INFO - Started process (PID=351) to work on /opt/airflow/dags/ecommerce_pipeline.py
[2026-06-11T13:34:25.240+0000] {processor.py:830} INFO - Processing file /opt/airflow/dags/ecommerce_pipeline.py for tasks to queue
[2026-06-11T13:34:25.242+0000] {logging_mixin.py:188} INFO - [2026-06-11T13:34:25.241+0000] {dagbag.py:540} INFO - Filling up the DagBag from /opt/airflow/dags/ecommerce_pipeline.py
[2026-06-11T13:34:25.270+0000] {logging_mixin.py:188} INFO - [2026-06-11T13:34:25.264+0000] {dagbag.py:350} ERROR - Failed to import: /opt/airflow/dags/ecommerce_pipeline.py
Traceback (most recent call last):
  File "/home/airflow/.local/lib/python3.8/site-packages/airflow/models/dagbag.py", line 346, in parse
    loader.exec_module(new_module)
  File "<frozen importlib._bootstrap_external>", line 843, in exec_module
  File "<frozen importlib._bootstrap>", line 219, in _call_with_frames_removed
  File "/opt/airflow/dags/ecommerce_pipeline.py", line 53, in <module>
    generate_data >> gold_job >> load_postgres
NameError: name 'generate_data' is not defined
[2026-06-11T13:34:25.273+0000] {processor.py:842} WARNING - No viable dags retrieved from /opt/airflow/dags/ecommerce_pipeline.py
[2026-06-11T13:34:25.305+0000] {processor.py:183} INFO - Processing /opt/airflow/dags/ecommerce_pipeline.py took 0.070 seconds
[2026-06-11T13:34:55.575+0000] {processor.py:161} INFO - Started process (PID=361) to work on /opt/airflow/dags/ecommerce_pipeline.py
[2026-06-11T13:34:55.576+0000] {processor.py:830} INFO - Processing file /opt/airflow/dags/ecommerce_pipeline.py for tasks to queue
[2026-06-11T13:34:55.578+0000] {logging_mixin.py:188} INFO - [2026-06-11T13:34:55.578+0000] {dagbag.py:540} INFO - Filling up the DagBag from /opt/airflow/dags/ecommerce_pipeline.py
[2026-06-11T13:34:55.605+0000] {logging_mixin.py:188} INFO - [2026-06-11T13:34:55.599+0000] {dagbag.py:350} ERROR - Failed to import: /opt/airflow/dags/ecommerce_pipeline.py
Traceback (most recent call last):
  File "/home/airflow/.local/lib/python3.8/site-packages/airflow/models/dagbag.py", line 346, in parse
    loader.exec_module(new_module)
  File "<frozen importlib._bootstrap_external>", line 843, in exec_module
  File "<frozen importlib._bootstrap>", line 219, in _call_with_frames_removed
  File "/opt/airflow/dags/ecommerce_pipeline.py", line 53, in <module>
    generate_data >> gold_job >> load_postgres
NameError: name 'generate_data' is not defined
[2026-06-11T13:34:55.607+0000] {processor.py:842} WARNING - No viable dags retrieved from /opt/airflow/dags/ecommerce_pipeline.py
[2026-06-11T13:34:55.640+0000] {processor.py:183} INFO - Processing /opt/airflow/dags/ecommerce_pipeline.py took 0.070 seconds
[2026-06-11T13:35:25.973+0000] {processor.py:161} INFO - Started process (PID=371) to work on /opt/airflow/dags/ecommerce_pipeline.py
[2026-06-11T13:35:25.975+0000] {processor.py:830} INFO - Processing file /opt/airflow/dags/ecommerce_pipeline.py for tasks to queue
[2026-06-11T13:35:25.977+0000] {logging_mixin.py:188} INFO - [2026-06-11T13:35:25.977+0000] {dagbag.py:540} INFO - Filling up the DagBag from /opt/airflow/dags/ecommerce_pipeline.py
[2026-06-11T13:35:26.011+0000] {logging_mixin.py:188} INFO - [2026-06-11T13:35:26.006+0000] {dagbag.py:350} ERROR - Failed to import: /opt/airflow/dags/ecommerce_pipeline.py
Traceback (most recent call last):
  File "/home/airflow/.local/lib/python3.8/site-packages/airflow/models/dagbag.py", line 346, in parse
    loader.exec_module(new_module)
  File "<frozen importlib._bootstrap_external>", line 843, in exec_module
  File "<frozen importlib._bootstrap>", line 219, in _call_with_frames_removed
  File "/opt/airflow/dags/ecommerce_pipeline.py", line 53, in <module>
    generate_data >> gold_job >> load_postgres
NameError: name 'generate_data' is not defined
[2026-06-11T13:35:26.013+0000] {processor.py:842} WARNING - No viable dags retrieved from /opt/airflow/dags/ecommerce_pipeline.py
[2026-06-11T13:35:26.053+0000] {processor.py:183} INFO - Processing /opt/airflow/dags/ecommerce_pipeline.py took 0.085 seconds
[2026-06-11T13:35:56.367+0000] {processor.py:161} INFO - Started process (PID=381) to work on /opt/airflow/dags/ecommerce_pipeline.py
[2026-06-11T13:35:56.368+0000] {processor.py:830} INFO - Processing file /opt/airflow/dags/ecommerce_pipeline.py for tasks to queue
[2026-06-11T13:35:56.370+0000] {logging_mixin.py:188} INFO - [2026-06-11T13:35:56.369+0000] {dagbag.py:540} INFO - Filling up the DagBag from /opt/airflow/dags/ecommerce_pipeline.py
[2026-06-11T13:35:56.397+0000] {logging_mixin.py:188} INFO - [2026-06-11T13:35:56.392+0000] {dagbag.py:350} ERROR - Failed to import: /opt/airflow/dags/ecommerce_pipeline.py
Traceback (most recent call last):
  File "/home/airflow/.local/lib/python3.8/site-packages/airflow/models/dagbag.py", line 346, in parse
    loader.exec_module(new_module)
  File "<frozen importlib._bootstrap_external>", line 843, in exec_module
  File "<frozen importlib._bootstrap>", line 219, in _call_with_frames_removed
  File "/opt/airflow/dags/ecommerce_pipeline.py", line 53, in <module>
    generate_data >> gold_job >> load_postgres
NameError: name 'generate_data' is not defined
[2026-06-11T13:35:56.398+0000] {processor.py:842} WARNING - No viable dags retrieved from /opt/airflow/dags/ecommerce_pipeline.py
[2026-06-11T13:35:56.428+0000] {processor.py:183} INFO - Processing /opt/airflow/dags/ecommerce_pipeline.py took 0.068 seconds
[2026-06-11T13:36:26.686+0000] {processor.py:161} INFO - Started process (PID=391) to work on /opt/airflow/dags/ecommerce_pipeline.py
[2026-06-11T13:36:26.687+0000] {processor.py:830} INFO - Processing file /opt/airflow/dags/ecommerce_pipeline.py for tasks to queue
[2026-06-11T13:36:26.689+0000] {logging_mixin.py:188} INFO - [2026-06-11T13:36:26.689+0000] {dagbag.py:540} INFO - Filling up the DagBag from /opt/airflow/dags/ecommerce_pipeline.py
[2026-06-11T13:36:26.714+0000] {logging_mixin.py:188} INFO - [2026-06-11T13:36:26.710+0000] {dagbag.py:350} ERROR - Failed to import: /opt/airflow/dags/ecommerce_pipeline.py
Traceback (most recent call last):
  File "/home/airflow/.local/lib/python3.8/site-packages/airflow/models/dagbag.py", line 346, in parse
    loader.exec_module(new_module)
  File "<frozen importlib._bootstrap_external>", line 843, in exec_module
  File "<frozen importlib._bootstrap>", line 219, in _call_with_frames_removed
  File "/opt/airflow/dags/ecommerce_pipeline.py", line 53, in <module>
    generate_data >> gold_job >> load_postgres
NameError: name 'generate_data' is not defined
[2026-06-11T13:36:26.716+0000] {processor.py:842} WARNING - No viable dags retrieved from /opt/airflow/dags/ecommerce_pipeline.py
[2026-06-11T13:36:26.743+0000] {processor.py:183} INFO - Processing /opt/airflow/dags/ecommerce_pipeline.py took 0.062 seconds
[2026-06-11T13:36:57.048+0000] {processor.py:161} INFO - Started process (PID=401) to work on /opt/airflow/dags/ecommerce_pipeline.py
[2026-06-11T13:36:57.049+0000] {processor.py:830} INFO - Processing file /opt/airflow/dags/ecommerce_pipeline.py for tasks to queue
[2026-06-11T13:36:57.051+0000] {logging_mixin.py:188} INFO - [2026-06-11T13:36:57.051+0000] {dagbag.py:540} INFO - Filling up the DagBag from /opt/airflow/dags/ecommerce_pipeline.py
[2026-06-11T13:36:57.076+0000] {logging_mixin.py:188} INFO - [2026-06-11T13:36:57.072+0000] {dagbag.py:350} ERROR - Failed to import: /opt/airflow/dags/ecommerce_pipeline.py
Traceback (most recent call last):
  File "/home/airflow/.local/lib/python3.8/site-packages/airflow/models/dagbag.py", line 346, in parse
    loader.exec_module(new_module)
  File "<frozen importlib._bootstrap_external>", line 843, in exec_module
  File "<frozen importlib._bootstrap>", line 219, in _call_with_frames_removed
  File "/opt/airflow/dags/ecommerce_pipeline.py", line 53, in <module>
    generate_data >> gold_job >> load_postgres
NameError: name 'generate_data' is not defined
[2026-06-11T13:36:57.078+0000] {processor.py:842} WARNING - No viable dags retrieved from /opt/airflow/dags/ecommerce_pipeline.py
[2026-06-11T13:36:57.105+0000] {processor.py:183} INFO - Processing /opt/airflow/dags/ecommerce_pipeline.py took 0.064 seconds
[2026-06-11T13:37:27.427+0000] {processor.py:161} INFO - Started process (PID=411) to work on /opt/airflow/dags/ecommerce_pipeline.py
[2026-06-11T13:37:27.429+0000] {processor.py:830} INFO - Processing file /opt/airflow/dags/ecommerce_pipeline.py for tasks to queue
[2026-06-11T13:37:27.430+0000] {logging_mixin.py:188} INFO - [2026-06-11T13:37:27.430+0000] {dagbag.py:540} INFO - Filling up the DagBag from /opt/airflow/dags/ecommerce_pipeline.py
[2026-06-11T13:37:27.479+0000] {logging_mixin.py:188} INFO - [2026-06-11T13:37:27.472+0000] {dagbag.py:350} ERROR - Failed to import: /opt/airflow/dags/ecommerce_pipeline.py
Traceback (most recent call last):
  File "/home/airflow/.local/lib/python3.8/site-packages/airflow/models/dagbag.py", line 346, in parse
    loader.exec_module(new_module)
  File "<frozen importlib._bootstrap_external>", line 843, in exec_module
  File "<frozen importlib._bootstrap>", line 219, in _call_with_frames_removed
  File "/opt/airflow/dags/ecommerce_pipeline.py", line 53, in <module>
    generate_data >> gold_job >> load_postgres
NameError: name 'generate_data' is not defined
[2026-06-11T13:37:27.482+0000] {processor.py:842} WARNING - No viable dags retrieved from /opt/airflow/dags/ecommerce_pipeline.py
[2026-06-11T13:37:27.531+0000] {processor.py:183} INFO - Processing /opt/airflow/dags/ecommerce_pipeline.py took 0.111 seconds
[2026-06-11T13:37:57.909+0000] {processor.py:161} INFO - Started process (PID=421) to work on /opt/airflow/dags/ecommerce_pipeline.py
[2026-06-11T13:37:57.910+0000] {processor.py:830} INFO - Processing file /opt/airflow/dags/ecommerce_pipeline.py for tasks to queue
[2026-06-11T13:37:57.912+0000] {logging_mixin.py:188} INFO - [2026-06-11T13:37:57.911+0000] {dagbag.py:540} INFO - Filling up the DagBag from /opt/airflow/dags/ecommerce_pipeline.py
[2026-06-11T13:37:57.938+0000] {logging_mixin.py:188} INFO - [2026-06-11T13:37:57.933+0000] {dagbag.py:350} ERROR - Failed to import: /opt/airflow/dags/ecommerce_pipeline.py
Traceback (most recent call last):
  File "/home/airflow/.local/lib/python3.8/site-packages/airflow/models/dagbag.py", line 346, in parse
    loader.exec_module(new_module)
  File "<frozen importlib._bootstrap_external>", line 843, in exec_module
  File "<frozen importlib._bootstrap>", line 219, in _call_with_frames_removed
  File "/opt/airflow/dags/ecommerce_pipeline.py", line 53, in <module>
    generate_data >> gold_job >> load_postgres
NameError: name 'generate_data' is not defined
[2026-06-11T13:37:57.940+0000] {processor.py:842} WARNING - No viable dags retrieved from /opt/airflow/dags/ecommerce_pipeline.py
[2026-06-11T13:37:58.086+0000] {processor.py:183} INFO - Processing /opt/airflow/dags/ecommerce_pipeline.py took 0.183 seconds
[2026-06-11T13:38:28.290+0000] {processor.py:161} INFO - Started process (PID=431) to work on /opt/airflow/dags/ecommerce_pipeline.py
[2026-06-11T13:38:28.292+0000] {processor.py:830} INFO - Processing file /opt/airflow/dags/ecommerce_pipeline.py for tasks to queue
[2026-06-11T13:38:28.294+0000] {logging_mixin.py:188} INFO - [2026-06-11T13:38:28.294+0000] {dagbag.py:540} INFO - Filling up the DagBag from /opt/airflow/dags/ecommerce_pipeline.py
[2026-06-11T13:38:28.343+0000] {logging_mixin.py:188} INFO - [2026-06-11T13:38:28.338+0000] {dagbag.py:350} ERROR - Failed to import: /opt/airflow/dags/ecommerce_pipeline.py
Traceback (most recent call last):
  File "/home/airflow/.local/lib/python3.8/site-packages/airflow/models/dagbag.py", line 346, in parse
    loader.exec_module(new_module)
  File "<frozen importlib._bootstrap_external>", line 843, in exec_module
  File "<frozen importlib._bootstrap>", line 219, in _call_with_frames_removed
  File "/opt/airflow/dags/ecommerce_pipeline.py", line 53, in <module>
    generate_data >> gold_job >> load_postgres
NameError: name 'generate_data' is not defined
[2026-06-11T13:38:28.345+0000] {processor.py:842} WARNING - No viable dags retrieved from /opt/airflow/dags/ecommerce_pipeline.py
[2026-06-11T13:38:28.415+0000] {processor.py:183} INFO - Processing /opt/airflow/dags/ecommerce_pipeline.py took 0.133 seconds
[2026-06-11T13:38:58.678+0000] {processor.py:161} INFO - Started process (PID=441) to work on /opt/airflow/dags/ecommerce_pipeline.py
[2026-06-11T13:38:58.679+0000] {processor.py:830} INFO - Processing file /opt/airflow/dags/ecommerce_pipeline.py for tasks to queue
[2026-06-11T13:38:58.681+0000] {logging_mixin.py:188} INFO - [2026-06-11T13:38:58.680+0000] {dagbag.py:540} INFO - Filling up the DagBag from /opt/airflow/dags/ecommerce_pipeline.py
[2026-06-11T13:38:58.704+0000] {logging_mixin.py:188} INFO - [2026-06-11T13:38:58.700+0000] {dagbag.py:350} ERROR - Failed to import: /opt/airflow/dags/ecommerce_pipeline.py
Traceback (most recent call last):
  File "/home/airflow/.local/lib/python3.8/site-packages/airflow/models/dagbag.py", line 346, in parse
    loader.exec_module(new_module)
  File "<frozen importlib._bootstrap_external>", line 843, in exec_module
  File "<frozen importlib._bootstrap>", line 219, in _call_with_frames_removed
  File "/opt/airflow/dags/ecommerce_pipeline.py", line 53, in <module>
    generate_data >> gold_job >> load_postgres
NameError: name 'generate_data' is not defined
[2026-06-11T13:38:58.705+0000] {processor.py:842} WARNING - No viable dags retrieved from /opt/airflow/dags/ecommerce_pipeline.py
[2026-06-11T13:38:58.737+0000] {processor.py:183} INFO - Processing /opt/airflow/dags/ecommerce_pipeline.py took 0.062 seconds
[2026-06-11T13:39:29.003+0000] {processor.py:161} INFO - Started process (PID=451) to work on /opt/airflow/dags/ecommerce_pipeline.py
[2026-06-11T13:39:29.004+0000] {processor.py:830} INFO - Processing file /opt/airflow/dags/ecommerce_pipeline.py for tasks to queue
[2026-06-11T13:39:29.006+0000] {logging_mixin.py:188} INFO - [2026-06-11T13:39:29.006+0000] {dagbag.py:540} INFO - Filling up the DagBag from /opt/airflow/dags/ecommerce_pipeline.py
[2026-06-11T13:39:29.031+0000] {logging_mixin.py:188} INFO - [2026-06-11T13:39:29.027+0000] {dagbag.py:350} ERROR - Failed to import: /opt/airflow/dags/ecommerce_pipeline.py
Traceback (most recent call last):
  File "/home/airflow/.local/lib/python3.8/site-packages/airflow/models/dagbag.py", line 346, in parse
    loader.exec_module(new_module)
  File "<frozen importlib._bootstrap_external>", line 843, in exec_module
  File "<frozen importlib._bootstrap>", line 219, in _call_with_frames_removed
  File "/opt/airflow/dags/ecommerce_pipeline.py", line 53, in <module>
    generate_data >> gold_job >> load_postgres
NameError: name 'generate_data' is not defined
[2026-06-11T13:39:29.032+0000] {processor.py:842} WARNING - No viable dags retrieved from /opt/airflow/dags/ecommerce_pipeline.py
[2026-06-11T13:39:29.064+0000] {processor.py:183} INFO - Processing /opt/airflow/dags/ecommerce_pipeline.py took 0.065 seconds
[2026-06-11T13:39:59.346+0000] {processor.py:161} INFO - Started process (PID=461) to work on /opt/airflow/dags/ecommerce_pipeline.py
[2026-06-11T13:39:59.348+0000] {processor.py:830} INFO - Processing file /opt/airflow/dags/ecommerce_pipeline.py for tasks to queue
[2026-06-11T13:39:59.349+0000] {logging_mixin.py:188} INFO - [2026-06-11T13:39:59.349+0000] {dagbag.py:540} INFO - Filling up the DagBag from /opt/airflow/dags/ecommerce_pipeline.py
[2026-06-11T13:39:59.376+0000] {logging_mixin.py:188} INFO - [2026-06-11T13:39:59.371+0000] {dagbag.py:350} ERROR - Failed to import: /opt/airflow/dags/ecommerce_pipeline.py
Traceback (most recent call last):
  File "/home/airflow/.local/lib/python3.8/site-packages/airflow/models/dagbag.py", line 346, in parse
    loader.exec_module(new_module)
  File "<frozen importlib._bootstrap_external>", line 843, in exec_module
  File "<frozen importlib._bootstrap>", line 219, in _call_with_frames_removed
  File "/opt/airflow/dags/ecommerce_pipeline.py", line 53, in <module>
    generate_data >> gold_job >> load_postgres
NameError: name 'generate_data' is not defined
[2026-06-11T13:39:59.378+0000] {processor.py:842} WARNING - No viable dags retrieved from /opt/airflow/dags/ecommerce_pipeline.py
[2026-06-11T13:39:59.428+0000] {processor.py:183} INFO - Processing /opt/airflow/dags/ecommerce_pipeline.py took 0.087 seconds
[2026-06-11T13:40:29.733+0000] {processor.py:161} INFO - Started process (PID=471) to work on /opt/airflow/dags/ecommerce_pipeline.py
[2026-06-11T13:40:29.734+0000] {processor.py:830} INFO - Processing file /opt/airflow/dags/ecommerce_pipeline.py for tasks to queue
[2026-06-11T13:40:29.735+0000] {logging_mixin.py:188} INFO - [2026-06-11T13:40:29.735+0000] {dagbag.py:540} INFO - Filling up the DagBag from /opt/airflow/dags/ecommerce_pipeline.py
[2026-06-11T13:40:29.764+0000] {logging_mixin.py:188} INFO - [2026-06-11T13:40:29.758+0000] {dagbag.py:350} ERROR - Failed to import: /opt/airflow/dags/ecommerce_pipeline.py
Traceback (most recent call last):
  File "/home/airflow/.local/lib/python3.8/site-packages/airflow/models/dagbag.py", line 346, in parse
    loader.exec_module(new_module)
  File "<frozen importlib._bootstrap_external>", line 843, in exec_module
  File "<frozen importlib._bootstrap>", line 219, in _call_with_frames_removed
  File "/opt/airflow/dags/ecommerce_pipeline.py", line 53, in <module>
    generate_data >> gold_job >> load_postgres
NameError: name 'generate_data' is not defined
[2026-06-11T13:40:29.766+0000] {processor.py:842} WARNING - No viable dags retrieved from /opt/airflow/dags/ecommerce_pipeline.py
[2026-06-11T13:40:29.808+0000] {processor.py:183} INFO - Processing /opt/airflow/dags/ecommerce_pipeline.py took 0.079 seconds
[2026-06-11T13:41:00.072+0000] {processor.py:161} INFO - Started process (PID=481) to work on /opt/airflow/dags/ecommerce_pipeline.py
[2026-06-11T13:41:00.073+0000] {processor.py:830} INFO - Processing file /opt/airflow/dags/ecommerce_pipeline.py for tasks to queue
[2026-06-11T13:41:00.074+0000] {logging_mixin.py:188} INFO - [2026-06-11T13:41:00.074+0000] {dagbag.py:540} INFO - Filling up the DagBag from /opt/airflow/dags/ecommerce_pipeline.py
[2026-06-11T13:41:00.101+0000] {logging_mixin.py:188} INFO - [2026-06-11T13:41:00.096+0000] {dagbag.py:350} ERROR - Failed to import: /opt/airflow/dags/ecommerce_pipeline.py
Traceback (most recent call last):
  File "/home/airflow/.local/lib/python3.8/site-packages/airflow/models/dagbag.py", line 346, in parse
    loader.exec_module(new_module)
  File "<frozen importlib._bootstrap_external>", line 843, in exec_module
  File "<frozen importlib._bootstrap>", line 219, in _call_with_frames_removed
  File "/opt/airflow/dags/ecommerce_pipeline.py", line 53, in <module>
    generate_data >> gold_job >> load_postgres
NameError: name 'generate_data' is not defined
[2026-06-11T13:41:00.102+0000] {processor.py:842} WARNING - No viable dags retrieved from /opt/airflow/dags/ecommerce_pipeline.py
[2026-06-11T13:41:00.172+0000] {processor.py:183} INFO - Processing /opt/airflow/dags/ecommerce_pipeline.py took 0.106 seconds
[2026-06-11T13:41:30.453+0000] {processor.py:161} INFO - Started process (PID=491) to work on /opt/airflow/dags/ecommerce_pipeline.py
[2026-06-11T13:41:30.455+0000] {processor.py:830} INFO - Processing file /opt/airflow/dags/ecommerce_pipeline.py for tasks to queue
[2026-06-11T13:41:30.456+0000] {logging_mixin.py:188} INFO - [2026-06-11T13:41:30.456+0000] {dagbag.py:540} INFO - Filling up the DagBag from /opt/airflow/dags/ecommerce_pipeline.py
[2026-06-11T13:41:30.481+0000] {logging_mixin.py:188} INFO - [2026-06-11T13:41:30.477+0000] {dagbag.py:350} ERROR - Failed to import: /opt/airflow/dags/ecommerce_pipeline.py
Traceback (most recent call last):
  File "/home/airflow/.local/lib/python3.8/site-packages/airflow/models/dagbag.py", line 346, in parse
    loader.exec_module(new_module)
  File "<frozen importlib._bootstrap_external>", line 843, in exec_module
  File "<frozen importlib._bootstrap>", line 219, in _call_with_frames_removed
  File "/opt/airflow/dags/ecommerce_pipeline.py", line 53, in <module>
    generate_data >> gold_job >> load_postgres
NameError: name 'generate_data' is not defined
[2026-06-11T13:41:30.482+0000] {processor.py:842} WARNING - No viable dags retrieved from /opt/airflow/dags/ecommerce_pipeline.py
[2026-06-11T13:41:30.516+0000] {processor.py:183} INFO - Processing /opt/airflow/dags/ecommerce_pipeline.py took 0.067 seconds
[2026-06-11T13:42:00.786+0000] {processor.py:161} INFO - Started process (PID=501) to work on /opt/airflow/dags/ecommerce_pipeline.py
[2026-06-11T13:42:00.787+0000] {processor.py:830} INFO - Processing file /opt/airflow/dags/ecommerce_pipeline.py for tasks to queue
[2026-06-11T13:42:00.788+0000] {logging_mixin.py:188} INFO - [2026-06-11T13:42:00.788+0000] {dagbag.py:540} INFO - Filling up the DagBag from /opt/airflow/dags/ecommerce_pipeline.py
[2026-06-11T13:42:00.820+0000] {logging_mixin.py:188} INFO - [2026-06-11T13:42:00.814+0000] {dagbag.py:350} ERROR - Failed to import: /opt/airflow/dags/ecommerce_pipeline.py
Traceback (most recent call last):
  File "/home/airflow/.local/lib/python3.8/site-packages/airflow/models/dagbag.py", line 346, in parse
    loader.exec_module(new_module)
  File "<frozen importlib._bootstrap_external>", line 843, in exec_module
  File "<frozen importlib._bootstrap>", line 219, in _call_with_frames_removed
  File "/opt/airflow/dags/ecommerce_pipeline.py", line 53, in <module>
    generate_data >> gold_job >> load_postgres
NameError: name 'generate_data' is not defined
[2026-06-11T13:42:00.821+0000] {processor.py:842} WARNING - No viable dags retrieved from /opt/airflow/dags/ecommerce_pipeline.py
[2026-06-11T13:42:00.861+0000] {processor.py:183} INFO - Processing /opt/airflow/dags/ecommerce_pipeline.py took 0.080 seconds
[2026-06-11T13:42:31.116+0000] {processor.py:161} INFO - Started process (PID=511) to work on /opt/airflow/dags/ecommerce_pipeline.py
[2026-06-11T13:42:31.118+0000] {processor.py:830} INFO - Processing file /opt/airflow/dags/ecommerce_pipeline.py for tasks to queue
[2026-06-11T13:42:31.119+0000] {logging_mixin.py:188} INFO - [2026-06-11T13:42:31.119+0000] {dagbag.py:540} INFO - Filling up the DagBag from /opt/airflow/dags/ecommerce_pipeline.py
[2026-06-11T13:42:31.141+0000] {logging_mixin.py:188} INFO - [2026-06-11T13:42:31.137+0000] {dagbag.py:350} ERROR - Failed to import: /opt/airflow/dags/ecommerce_pipeline.py
Traceback (most recent call last):
  File "/home/airflow/.local/lib/python3.8/site-packages/airflow/models/dagbag.py", line 346, in parse
    loader.exec_module(new_module)
  File "<frozen importlib._bootstrap_external>", line 843, in exec_module
  File "<frozen importlib._bootstrap>", line 219, in _call_with_frames_removed
  File "/opt/airflow/dags/ecommerce_pipeline.py", line 53, in <module>
    generate_data >> gold_job >> load_postgres
NameError: name 'generate_data' is not defined
[2026-06-11T13:42:31.144+0000] {processor.py:842} WARNING - No viable dags retrieved from /opt/airflow/dags/ecommerce_pipeline.py
[2026-06-11T13:42:31.179+0000] {processor.py:183} INFO - Processing /opt/airflow/dags/ecommerce_pipeline.py took 0.067 seconds
[2026-06-11T13:43:01.446+0000] {processor.py:161} INFO - Started process (PID=521) to work on /opt/airflow/dags/ecommerce_pipeline.py
[2026-06-11T13:43:01.448+0000] {processor.py:830} INFO - Processing file /opt/airflow/dags/ecommerce_pipeline.py for tasks to queue
[2026-06-11T13:43:01.450+0000] {logging_mixin.py:188} INFO - [2026-06-11T13:43:01.449+0000] {dagbag.py:540} INFO - Filling up the DagBag from /opt/airflow/dags/ecommerce_pipeline.py
[2026-06-11T13:43:01.481+0000] {logging_mixin.py:188} INFO - [2026-06-11T13:43:01.477+0000] {dagbag.py:350} ERROR - Failed to import: /opt/airflow/dags/ecommerce_pipeline.py
Traceback (most recent call last):
  File "/home/airflow/.local/lib/python3.8/site-packages/airflow/models/dagbag.py", line 346, in parse
    loader.exec_module(new_module)
  File "<frozen importlib._bootstrap_external>", line 843, in exec_module
  File "<frozen importlib._bootstrap>", line 219, in _call_with_frames_removed
  File "/opt/airflow/dags/ecommerce_pipeline.py", line 53, in <module>
    generate_data >> gold_job >> load_postgres
NameError: name 'generate_data' is not defined
[2026-06-11T13:43:01.483+0000] {processor.py:842} WARNING - No viable dags retrieved from /opt/airflow/dags/ecommerce_pipeline.py
[2026-06-11T13:43:01.515+0000] {processor.py:183} INFO - Processing /opt/airflow/dags/ecommerce_pipeline.py took 0.074 seconds
[2026-06-11T13:43:31.865+0000] {processor.py:161} INFO - Started process (PID=531) to work on /opt/airflow/dags/ecommerce_pipeline.py
[2026-06-11T13:43:31.867+0000] {processor.py:830} INFO - Processing file /opt/airflow/dags/ecommerce_pipeline.py for tasks to queue
[2026-06-11T13:43:31.869+0000] {logging_mixin.py:188} INFO - [2026-06-11T13:43:31.868+0000] {dagbag.py:540} INFO - Filling up the DagBag from /opt/airflow/dags/ecommerce_pipeline.py
[2026-06-11T13:43:31.895+0000] {logging_mixin.py:188} INFO - [2026-06-11T13:43:31.890+0000] {dagbag.py:350} ERROR - Failed to import: /opt/airflow/dags/ecommerce_pipeline.py
Traceback (most recent call last):
  File "/home/airflow/.local/lib/python3.8/site-packages/airflow/models/dagbag.py", line 346, in parse
    loader.exec_module(new_module)
  File "<frozen importlib._bootstrap_external>", line 843, in exec_module
  File "<frozen importlib._bootstrap>", line 219, in _call_with_frames_removed
  File "/opt/airflow/dags/ecommerce_pipeline.py", line 53, in <module>
    generate_data >> gold_job >> load_postgres
NameError: name 'generate_data' is not defined
[2026-06-11T13:43:31.897+0000] {processor.py:842} WARNING - No viable dags retrieved from /opt/airflow/dags/ecommerce_pipeline.py
[2026-06-11T13:43:31.944+0000] {processor.py:183} INFO - Processing /opt/airflow/dags/ecommerce_pipeline.py took 0.088 seconds
[2026-06-11T13:44:02.271+0000] {processor.py:161} INFO - Started process (PID=541) to work on /opt/airflow/dags/ecommerce_pipeline.py
[2026-06-11T13:44:02.272+0000] {processor.py:830} INFO - Processing file /opt/airflow/dags/ecommerce_pipeline.py for tasks to queue
[2026-06-11T13:44:02.274+0000] {logging_mixin.py:188} INFO - [2026-06-11T13:44:02.273+0000] {dagbag.py:540} INFO - Filling up the DagBag from /opt/airflow/dags/ecommerce_pipeline.py
[2026-06-11T13:44:02.304+0000] {logging_mixin.py:188} INFO - [2026-06-11T13:44:02.299+0000] {dagbag.py:350} ERROR - Failed to import: /opt/airflow/dags/ecommerce_pipeline.py
Traceback (most recent call last):
  File "/home/airflow/.local/lib/python3.8/site-packages/airflow/models/dagbag.py", line 346, in parse
    loader.exec_module(new_module)
  File "<frozen importlib._bootstrap_external>", line 843, in exec_module
  File "<frozen importlib._bootstrap>", line 219, in _call_with_frames_removed
  File "/opt/airflow/dags/ecommerce_pipeline.py", line 53, in <module>
    generate_data >> gold_job >> load_postgres
NameError: name 'generate_data' is not defined
[2026-06-11T13:44:02.306+0000] {processor.py:842} WARNING - No viable dags retrieved from /opt/airflow/dags/ecommerce_pipeline.py
[2026-06-11T13:44:02.354+0000] {processor.py:183} INFO - Processing /opt/airflow/dags/ecommerce_pipeline.py took 0.089 seconds
[2026-06-11T13:44:32.619+0000] {processor.py:161} INFO - Started process (PID=551) to work on /opt/airflow/dags/ecommerce_pipeline.py
[2026-06-11T13:44:32.620+0000] {processor.py:830} INFO - Processing file /opt/airflow/dags/ecommerce_pipeline.py for tasks to queue
[2026-06-11T13:44:32.621+0000] {logging_mixin.py:188} INFO - [2026-06-11T13:44:32.621+0000] {dagbag.py:540} INFO - Filling up the DagBag from /opt/airflow/dags/ecommerce_pipeline.py
[2026-06-11T13:44:32.644+0000] {logging_mixin.py:188} INFO - [2026-06-11T13:44:32.640+0000] {dagbag.py:350} ERROR - Failed to import: /opt/airflow/dags/ecommerce_pipeline.py
Traceback (most recent call last):
  File "/home/airflow/.local/lib/python3.8/site-packages/airflow/models/dagbag.py", line 346, in parse
    loader.exec_module(new_module)
  File "<frozen importlib._bootstrap_external>", line 843, in exec_module
  File "<frozen importlib._bootstrap>", line 219, in _call_with_frames_removed
  File "/opt/airflow/dags/ecommerce_pipeline.py", line 53, in <module>
    generate_data >> gold_job >> load_postgres
NameError: name 'generate_data' is not defined
[2026-06-11T13:44:32.645+0000] {processor.py:842} WARNING - No viable dags retrieved from /opt/airflow/dags/ecommerce_pipeline.py
[2026-06-11T13:44:32.679+0000] {processor.py:183} INFO - Processing /opt/airflow/dags/ecommerce_pipeline.py took 0.063 seconds
[2026-06-11T13:45:02.966+0000] {processor.py:161} INFO - Started process (PID=561) to work on /opt/airflow/dags/ecommerce_pipeline.py
[2026-06-11T13:45:02.968+0000] {processor.py:830} INFO - Processing file /opt/airflow/dags/ecommerce_pipeline.py for tasks to queue
[2026-06-11T13:45:02.971+0000] {logging_mixin.py:188} INFO - [2026-06-11T13:45:02.970+0000] {dagbag.py:540} INFO - Filling up the DagBag from /opt/airflow/dags/ecommerce_pipeline.py
[2026-06-11T13:45:03.007+0000] {logging_mixin.py:188} INFO - [2026-06-11T13:45:03.001+0000] {dagbag.py:350} ERROR - Failed to import: /opt/airflow/dags/ecommerce_pipeline.py
Traceback (most recent call last):
  File "/home/airflow/.local/lib/python3.8/site-packages/airflow/models/dagbag.py", line 346, in parse
    loader.exec_module(new_module)
  File "<frozen importlib._bootstrap_external>", line 843, in exec_module
  File "<frozen importlib._bootstrap>", line 219, in _call_with_frames_removed
  File "/opt/airflow/dags/ecommerce_pipeline.py", line 53, in <module>
    generate_data >> gold_job >> load_postgres
NameError: name 'generate_data' is not defined
[2026-06-11T13:45:03.010+0000] {processor.py:842} WARNING - No viable dags retrieved from /opt/airflow/dags/ecommerce_pipeline.py
[2026-06-11T13:45:03.052+0000] {processor.py:183} INFO - Processing /opt/airflow/dags/ecommerce_pipeline.py took 0.092 seconds
[2026-06-11T13:45:33.394+0000] {processor.py:161} INFO - Started process (PID=571) to work on /opt/airflow/dags/ecommerce_pipeline.py
[2026-06-11T13:45:33.395+0000] {processor.py:830} INFO - Processing file /opt/airflow/dags/ecommerce_pipeline.py for tasks to queue
[2026-06-11T13:45:33.396+0000] {logging_mixin.py:188} INFO - [2026-06-11T13:45:33.396+0000] {dagbag.py:540} INFO - Filling up the DagBag from /opt/airflow/dags/ecommerce_pipeline.py
[2026-06-11T13:45:33.422+0000] {logging_mixin.py:188} INFO - [2026-06-11T13:45:33.417+0000] {dagbag.py:350} ERROR - Failed to import: /opt/airflow/dags/ecommerce_pipeline.py
Traceback (most recent call last):
  File "/home/airflow/.local/lib/python3.8/site-packages/airflow/models/dagbag.py", line 346, in parse
    loader.exec_module(new_module)
  File "<frozen importlib._bootstrap_external>", line 843, in exec_module
  File "<frozen importlib._bootstrap>", line 219, in _call_with_frames_removed
  File "/opt/airflow/dags/ecommerce_pipeline.py", line 53, in <module>
    generate_data >> gold_job >> load_postgres
NameError: name 'generate_data' is not defined
[2026-06-11T13:45:33.423+0000] {processor.py:842} WARNING - No viable dags retrieved from /opt/airflow/dags/ecommerce_pipeline.py
[2026-06-11T13:45:33.455+0000] {processor.py:183} INFO - Processing /opt/airflow/dags/ecommerce_pipeline.py took 0.069 seconds
[2026-06-11T13:46:03.707+0000] {processor.py:161} INFO - Started process (PID=581) to work on /opt/airflow/dags/ecommerce_pipeline.py
[2026-06-11T13:46:03.708+0000] {processor.py:830} INFO - Processing file /opt/airflow/dags/ecommerce_pipeline.py for tasks to queue
[2026-06-11T13:46:03.710+0000] {logging_mixin.py:188} INFO - [2026-06-11T13:46:03.709+0000] {dagbag.py:540} INFO - Filling up the DagBag from /opt/airflow/dags/ecommerce_pipeline.py
[2026-06-11T13:46:03.735+0000] {logging_mixin.py:188} INFO - [2026-06-11T13:46:03.730+0000] {dagbag.py:350} ERROR - Failed to import: /opt/airflow/dags/ecommerce_pipeline.py
Traceback (most recent call last):
  File "/home/airflow/.local/lib/python3.8/site-packages/airflow/models/dagbag.py", line 346, in parse
    loader.exec_module(new_module)
  File "<frozen importlib._bootstrap_external>", line 843, in exec_module
  File "<frozen importlib._bootstrap>", line 219, in _call_with_frames_removed
  File "/opt/airflow/dags/ecommerce_pipeline.py", line 53, in <module>
    generate_data >> gold_job >> load_postgres
NameError: name 'generate_data' is not defined
[2026-06-11T13:46:03.737+0000] {processor.py:842} WARNING - No viable dags retrieved from /opt/airflow/dags/ecommerce_pipeline.py
[2026-06-11T13:46:03.771+0000] {processor.py:183} INFO - Processing /opt/airflow/dags/ecommerce_pipeline.py took 0.068 seconds
[2026-06-11T13:46:34.032+0000] {processor.py:161} INFO - Started process (PID=591) to work on /opt/airflow/dags/ecommerce_pipeline.py
[2026-06-11T13:46:34.033+0000] {processor.py:830} INFO - Processing file /opt/airflow/dags/ecommerce_pipeline.py for tasks to queue
[2026-06-11T13:46:34.035+0000] {logging_mixin.py:188} INFO - [2026-06-11T13:46:34.034+0000] {dagbag.py:540} INFO - Filling up the DagBag from /opt/airflow/dags/ecommerce_pipeline.py
[2026-06-11T13:46:34.061+0000] {logging_mixin.py:188} INFO - [2026-06-11T13:46:34.057+0000] {dagbag.py:350} ERROR - Failed to import: /opt/airflow/dags/ecommerce_pipeline.py
Traceback (most recent call last):
  File "/home/airflow/.local/lib/python3.8/site-packages/airflow/models/dagbag.py", line 346, in parse
    loader.exec_module(new_module)
  File "<frozen importlib._bootstrap_external>", line 843, in exec_module
  File "<frozen importlib._bootstrap>", line 219, in _call_with_frames_removed
  File "/opt/airflow/dags/ecommerce_pipeline.py", line 53, in <module>
    generate_data >> gold_job >> load_postgres
NameError: name 'generate_data' is not defined
[2026-06-11T13:46:34.063+0000] {processor.py:842} WARNING - No viable dags retrieved from /opt/airflow/dags/ecommerce_pipeline.py
[2026-06-11T13:46:34.097+0000] {processor.py:183} INFO - Processing /opt/airflow/dags/ecommerce_pipeline.py took 0.071 seconds
[2026-06-11T13:47:04.381+0000] {processor.py:161} INFO - Started process (PID=601) to work on /opt/airflow/dags/ecommerce_pipeline.py
[2026-06-11T13:47:04.383+0000] {processor.py:830} INFO - Processing file /opt/airflow/dags/ecommerce_pipeline.py for tasks to queue
[2026-06-11T13:47:04.384+0000] {logging_mixin.py:188} INFO - [2026-06-11T13:47:04.384+0000] {dagbag.py:540} INFO - Filling up the DagBag from /opt/airflow/dags/ecommerce_pipeline.py
[2026-06-11T13:47:04.410+0000] {logging_mixin.py:188} INFO - [2026-06-11T13:47:04.404+0000] {dagbag.py:350} ERROR - Failed to import: /opt/airflow/dags/ecommerce_pipeline.py
Traceback (most recent call last):
  File "/home/airflow/.local/lib/python3.8/site-packages/airflow/models/dagbag.py", line 346, in parse
    loader.exec_module(new_module)
  File "<frozen importlib._bootstrap_external>", line 843, in exec_module
  File "<frozen importlib._bootstrap>", line 219, in _call_with_frames_removed
  File "/opt/airflow/dags/ecommerce_pipeline.py", line 53, in <module>
    generate_data >> gold_job >> load_postgres
NameError: name 'generate_data' is not defined
[2026-06-11T13:47:04.412+0000] {processor.py:842} WARNING - No viable dags retrieved from /opt/airflow/dags/ecommerce_pipeline.py
[2026-06-11T13:47:04.458+0000] {processor.py:183} INFO - Processing /opt/airflow/dags/ecommerce_pipeline.py took 0.083 seconds
[2026-06-11T13:47:34.740+0000] {processor.py:161} INFO - Started process (PID=611) to work on /opt/airflow/dags/ecommerce_pipeline.py
[2026-06-11T13:47:34.742+0000] {processor.py:830} INFO - Processing file /opt/airflow/dags/ecommerce_pipeline.py for tasks to queue
[2026-06-11T13:47:34.743+0000] {logging_mixin.py:188} INFO - [2026-06-11T13:47:34.743+0000] {dagbag.py:540} INFO - Filling up the DagBag from /opt/airflow/dags/ecommerce_pipeline.py
[2026-06-11T13:47:34.769+0000] {logging_mixin.py:188} INFO - [2026-06-11T13:47:34.765+0000] {dagbag.py:350} ERROR - Failed to import: /opt/airflow/dags/ecommerce_pipeline.py
Traceback (most recent call last):
  File "/home/airflow/.local/lib/python3.8/site-packages/airflow/models/dagbag.py", line 346, in parse
    loader.exec_module(new_module)
  File "<frozen importlib._bootstrap_external>", line 843, in exec_module
  File "<frozen importlib._bootstrap>", line 219, in _call_with_frames_removed
  File "/opt/airflow/dags/ecommerce_pipeline.py", line 53, in <module>
    generate_data >> gold_job >> load_postgres
NameError: name 'generate_data' is not defined
[2026-06-11T13:47:34.770+0000] {processor.py:842} WARNING - No viable dags retrieved from /opt/airflow/dags/ecommerce_pipeline.py
[2026-06-11T13:47:34.836+0000] {processor.py:183} INFO - Processing /opt/airflow/dags/ecommerce_pipeline.py took 0.101 seconds
[2026-06-11T13:48:05.107+0000] {processor.py:161} INFO - Started process (PID=621) to work on /opt/airflow/dags/ecommerce_pipeline.py
[2026-06-11T13:48:05.108+0000] {processor.py:830} INFO - Processing file /opt/airflow/dags/ecommerce_pipeline.py for tasks to queue
[2026-06-11T13:48:05.110+0000] {logging_mixin.py:188} INFO - [2026-06-11T13:48:05.110+0000] {dagbag.py:540} INFO - Filling up the DagBag from /opt/airflow/dags/ecommerce_pipeline.py
[2026-06-11T13:48:05.132+0000] {logging_mixin.py:188} INFO - [2026-06-11T13:48:05.128+0000] {dagbag.py:350} ERROR - Failed to import: /opt/airflow/dags/ecommerce_pipeline.py
Traceback (most recent call last):
  File "/home/airflow/.local/lib/python3.8/site-packages/airflow/models/dagbag.py", line 346, in parse
    loader.exec_module(new_module)
  File "<frozen importlib._bootstrap_external>", line 843, in exec_module
  File "<frozen importlib._bootstrap>", line 219, in _call_with_frames_removed
  File "/opt/airflow/dags/ecommerce_pipeline.py", line 53, in <module>
    generate_data >> gold_job >> load_postgres
NameError: name 'generate_data' is not defined
[2026-06-11T13:48:05.133+0000] {processor.py:842} WARNING - No viable dags retrieved from /opt/airflow/dags/ecommerce_pipeline.py
[2026-06-11T13:48:05.171+0000] {processor.py:183} INFO - Processing /opt/airflow/dags/ecommerce_pipeline.py took 0.068 seconds
[2026-06-11T13:48:35.436+0000] {processor.py:161} INFO - Started process (PID=631) to work on /opt/airflow/dags/ecommerce_pipeline.py
[2026-06-11T13:48:35.438+0000] {processor.py:830} INFO - Processing file /opt/airflow/dags/ecommerce_pipeline.py for tasks to queue
[2026-06-11T13:48:35.439+0000] {logging_mixin.py:188} INFO - [2026-06-11T13:48:35.439+0000] {dagbag.py:540} INFO - Filling up the DagBag from /opt/airflow/dags/ecommerce_pipeline.py
[2026-06-11T13:48:35.465+0000] {logging_mixin.py:188} INFO - [2026-06-11T13:48:35.460+0000] {dagbag.py:350} ERROR - Failed to import: /opt/airflow/dags/ecommerce_pipeline.py
Traceback (most recent call last):
  File "/home/airflow/.local/lib/python3.8/site-packages/airflow/models/dagbag.py", line 346, in parse
    loader.exec_module(new_module)
  File "<frozen importlib._bootstrap_external>", line 843, in exec_module
  File "<frozen importlib._bootstrap>", line 219, in _call_with_frames_removed
  File "/opt/airflow/dags/ecommerce_pipeline.py", line 53, in <module>
    generate_data >> gold_job >> load_postgres
NameError: name 'generate_data' is not defined
[2026-06-11T13:48:35.467+0000] {processor.py:842} WARNING - No viable dags retrieved from /opt/airflow/dags/ecommerce_pipeline.py
[2026-06-11T13:48:35.501+0000] {processor.py:183} INFO - Processing /opt/airflow/dags/ecommerce_pipeline.py took 0.070 seconds
[2026-06-11T13:49:05.759+0000] {processor.py:161} INFO - Started process (PID=641) to work on /opt/airflow/dags/ecommerce_pipeline.py
[2026-06-11T13:49:05.760+0000] {processor.py:830} INFO - Processing file /opt/airflow/dags/ecommerce_pipeline.py for tasks to queue
[2026-06-11T13:49:05.761+0000] {logging_mixin.py:188} INFO - [2026-06-11T13:49:05.761+0000] {dagbag.py:540} INFO - Filling up the DagBag from /opt/airflow/dags/ecommerce_pipeline.py
[2026-06-11T13:49:05.785+0000] {logging_mixin.py:188} INFO - [2026-06-11T13:49:05.780+0000] {dagbag.py:350} ERROR - Failed to import: /opt/airflow/dags/ecommerce_pipeline.py
Traceback (most recent call last):
  File "/home/airflow/.local/lib/python3.8/site-packages/airflow/models/dagbag.py", line 346, in parse
    loader.exec_module(new_module)
  File "<frozen importlib._bootstrap_external>", line 843, in exec_module
  File "<frozen importlib._bootstrap>", line 219, in _call_with_frames_removed
  File "/opt/airflow/dags/ecommerce_pipeline.py", line 53, in <module>
    generate_data >> gold_job >> load_postgres
NameError: name 'generate_data' is not defined
[2026-06-11T13:49:05.787+0000] {processor.py:842} WARNING - No viable dags retrieved from /opt/airflow/dags/ecommerce_pipeline.py
[2026-06-11T13:49:05.814+0000] {processor.py:183} INFO - Processing /opt/airflow/dags/ecommerce_pipeline.py took 0.059 seconds
[2026-06-11T13:49:36.074+0000] {processor.py:161} INFO - Started process (PID=651) to work on /opt/airflow/dags/ecommerce_pipeline.py
[2026-06-11T13:49:36.076+0000] {processor.py:830} INFO - Processing file /opt/airflow/dags/ecommerce_pipeline.py for tasks to queue
[2026-06-11T13:49:36.078+0000] {logging_mixin.py:188} INFO - [2026-06-11T13:49:36.077+0000] {dagbag.py:540} INFO - Filling up the DagBag from /opt/airflow/dags/ecommerce_pipeline.py
[2026-06-11T13:49:36.104+0000] {logging_mixin.py:188} INFO - [2026-06-11T13:49:36.100+0000] {dagbag.py:350} ERROR - Failed to import: /opt/airflow/dags/ecommerce_pipeline.py
Traceback (most recent call last):
  File "/home/airflow/.local/lib/python3.8/site-packages/airflow/models/dagbag.py", line 346, in parse
    loader.exec_module(new_module)
  File "<frozen importlib._bootstrap_external>", line 843, in exec_module
  File "<frozen importlib._bootstrap>", line 219, in _call_with_frames_removed
  File "/opt/airflow/dags/ecommerce_pipeline.py", line 53, in <module>
    generate_data >> gold_job >> load_postgres
NameError: name 'generate_data' is not defined
[2026-06-11T13:49:36.105+0000] {processor.py:842} WARNING - No viable dags retrieved from /opt/airflow/dags/ecommerce_pipeline.py
[2026-06-11T13:49:36.137+0000] {processor.py:183} INFO - Processing /opt/airflow/dags/ecommerce_pipeline.py took 0.069 seconds
[2026-06-11T13:50:06.399+0000] {processor.py:161} INFO - Started process (PID=661) to work on /opt/airflow/dags/ecommerce_pipeline.py
[2026-06-11T13:50:06.400+0000] {processor.py:830} INFO - Processing file /opt/airflow/dags/ecommerce_pipeline.py for tasks to queue
[2026-06-11T13:50:06.401+0000] {logging_mixin.py:188} INFO - [2026-06-11T13:50:06.401+0000] {dagbag.py:540} INFO - Filling up the DagBag from /opt/airflow/dags/ecommerce_pipeline.py
[2026-06-11T13:50:06.428+0000] {logging_mixin.py:188} INFO - [2026-06-11T13:50:06.424+0000] {dagbag.py:350} ERROR - Failed to import: /opt/airflow/dags/ecommerce_pipeline.py
Traceback (most recent call last):
  File "/home/airflow/.local/lib/python3.8/site-packages/airflow/models/dagbag.py", line 346, in parse
    loader.exec_module(new_module)
  File "<frozen importlib._bootstrap_external>", line 843, in exec_module
  File "<frozen importlib._bootstrap>", line 219, in _call_with_frames_removed
  File "/opt/airflow/dags/ecommerce_pipeline.py", line 53, in <module>
    generate_data >> gold_job >> load_postgres
NameError: name 'generate_data' is not defined
[2026-06-11T13:50:06.429+0000] {processor.py:842} WARNING - No viable dags retrieved from /opt/airflow/dags/ecommerce_pipeline.py
[2026-06-11T13:50:06.462+0000] {processor.py:183} INFO - Processing /opt/airflow/dags/ecommerce_pipeline.py took 0.068 seconds
[2026-06-11T13:50:36.759+0000] {processor.py:161} INFO - Started process (PID=671) to work on /opt/airflow/dags/ecommerce_pipeline.py
[2026-06-11T13:50:36.760+0000] {processor.py:830} INFO - Processing file /opt/airflow/dags/ecommerce_pipeline.py for tasks to queue
[2026-06-11T13:50:36.762+0000] {logging_mixin.py:188} INFO - [2026-06-11T13:50:36.761+0000] {dagbag.py:540} INFO - Filling up the DagBag from /opt/airflow/dags/ecommerce_pipeline.py
[2026-06-11T13:50:36.785+0000] {logging_mixin.py:188} INFO - [2026-06-11T13:50:36.781+0000] {dagbag.py:350} ERROR - Failed to import: /opt/airflow/dags/ecommerce_pipeline.py
Traceback (most recent call last):
  File "/home/airflow/.local/lib/python3.8/site-packages/airflow/models/dagbag.py", line 346, in parse
    loader.exec_module(new_module)
  File "<frozen importlib._bootstrap_external>", line 843, in exec_module
  File "<frozen importlib._bootstrap>", line 219, in _call_with_frames_removed
  File "/opt/airflow/dags/ecommerce_pipeline.py", line 53, in <module>
    generate_data >> gold_job >> load_postgres
NameError: name 'generate_data' is not defined
[2026-06-11T13:50:36.787+0000] {processor.py:842} WARNING - No viable dags retrieved from /opt/airflow/dags/ecommerce_pipeline.py
[2026-06-11T13:50:36.816+0000] {processor.py:183} INFO - Processing /opt/airflow/dags/ecommerce_pipeline.py took 0.061 seconds
[2026-06-11T13:51:07.075+0000] {processor.py:161} INFO - Started process (PID=681) to work on /opt/airflow/dags/ecommerce_pipeline.py
[2026-06-11T13:51:07.077+0000] {processor.py:830} INFO - Processing file /opt/airflow/dags/ecommerce_pipeline.py for tasks to queue
[2026-06-11T13:51:07.078+0000] {logging_mixin.py:188} INFO - [2026-06-11T13:51:07.078+0000] {dagbag.py:540} INFO - Filling up the DagBag from /opt/airflow/dags/ecommerce_pipeline.py
[2026-06-11T13:51:07.103+0000] {logging_mixin.py:188} INFO - [2026-06-11T13:51:07.098+0000] {dagbag.py:350} ERROR - Failed to import: /opt/airflow/dags/ecommerce_pipeline.py
Traceback (most recent call last):
  File "/home/airflow/.local/lib/python3.8/site-packages/airflow/models/dagbag.py", line 346, in parse
    loader.exec_module(new_module)
  File "<frozen importlib._bootstrap_external>", line 843, in exec_module
  File "<frozen importlib._bootstrap>", line 219, in _call_with_frames_removed
  File "/opt/airflow/dags/ecommerce_pipeline.py", line 53, in <module>
    generate_data >> gold_job >> load_postgres
NameError: name 'generate_data' is not defined
[2026-06-11T13:51:07.104+0000] {processor.py:842} WARNING - No viable dags retrieved from /opt/airflow/dags/ecommerce_pipeline.py
[2026-06-11T13:51:07.147+0000] {processor.py:183} INFO - Processing /opt/airflow/dags/ecommerce_pipeline.py took 0.079 seconds
[2026-06-11T13:51:37.425+0000] {processor.py:161} INFO - Started process (PID=691) to work on /opt/airflow/dags/ecommerce_pipeline.py
[2026-06-11T13:51:37.427+0000] {processor.py:830} INFO - Processing file /opt/airflow/dags/ecommerce_pipeline.py for tasks to queue
[2026-06-11T13:51:37.429+0000] {logging_mixin.py:188} INFO - [2026-06-11T13:51:37.428+0000] {dagbag.py:540} INFO - Filling up the DagBag from /opt/airflow/dags/ecommerce_pipeline.py
[2026-06-11T13:51:37.458+0000] {logging_mixin.py:188} INFO - [2026-06-11T13:51:37.453+0000] {dagbag.py:350} ERROR - Failed to import: /opt/airflow/dags/ecommerce_pipeline.py
Traceback (most recent call last):
  File "/home/airflow/.local/lib/python3.8/site-packages/airflow/models/dagbag.py", line 346, in parse
    loader.exec_module(new_module)
  File "<frozen importlib._bootstrap_external>", line 843, in exec_module
  File "<frozen importlib._bootstrap>", line 219, in _call_with_frames_removed
  File "/opt/airflow/dags/ecommerce_pipeline.py", line 53, in <module>
    generate_data >> gold_job >> load_postgres
NameError: name 'generate_data' is not defined
[2026-06-11T13:51:37.459+0000] {processor.py:842} WARNING - No viable dags retrieved from /opt/airflow/dags/ecommerce_pipeline.py
[2026-06-11T13:51:37.502+0000] {processor.py:183} INFO - Processing /opt/airflow/dags/ecommerce_pipeline.py took 0.082 seconds
[2026-06-11T13:52:07.788+0000] {processor.py:161} INFO - Started process (PID=701) to work on /opt/airflow/dags/ecommerce_pipeline.py
[2026-06-11T13:52:07.790+0000] {processor.py:830} INFO - Processing file /opt/airflow/dags/ecommerce_pipeline.py for tasks to queue
[2026-06-11T13:52:07.792+0000] {logging_mixin.py:188} INFO - [2026-06-11T13:52:07.792+0000] {dagbag.py:540} INFO - Filling up the DagBag from /opt/airflow/dags/ecommerce_pipeline.py
[2026-06-11T13:52:07.833+0000] {logging_mixin.py:188} INFO - [2026-06-11T13:52:07.827+0000] {dagbag.py:350} ERROR - Failed to import: /opt/airflow/dags/ecommerce_pipeline.py
Traceback (most recent call last):
  File "/home/airflow/.local/lib/python3.8/site-packages/airflow/models/dagbag.py", line 346, in parse
    loader.exec_module(new_module)
  File "<frozen importlib._bootstrap_external>", line 843, in exec_module
  File "<frozen importlib._bootstrap>", line 219, in _call_with_frames_removed
  File "/opt/airflow/dags/ecommerce_pipeline.py", line 53, in <module>
    generate_data >> gold_job >> load_postgres
NameError: name 'generate_data' is not defined
[2026-06-11T13:52:07.835+0000] {processor.py:842} WARNING - No viable dags retrieved from /opt/airflow/dags/ecommerce_pipeline.py
[2026-06-11T13:52:07.871+0000] {processor.py:183} INFO - Processing /opt/airflow/dags/ecommerce_pipeline.py took 0.090 seconds
[2026-06-11T13:52:38.225+0000] {processor.py:161} INFO - Started process (PID=711) to work on /opt/airflow/dags/ecommerce_pipeline.py
[2026-06-11T13:52:38.226+0000] {processor.py:830} INFO - Processing file /opt/airflow/dags/ecommerce_pipeline.py for tasks to queue
[2026-06-11T13:52:38.229+0000] {logging_mixin.py:188} INFO - [2026-06-11T13:52:38.228+0000] {dagbag.py:540} INFO - Filling up the DagBag from /opt/airflow/dags/ecommerce_pipeline.py
[2026-06-11T13:52:38.274+0000] {logging_mixin.py:188} INFO - [2026-06-11T13:52:38.265+0000] {dagbag.py:350} ERROR - Failed to import: /opt/airflow/dags/ecommerce_pipeline.py
Traceback (most recent call last):
  File "/home/airflow/.local/lib/python3.8/site-packages/airflow/models/dagbag.py", line 346, in parse
    loader.exec_module(new_module)
  File "<frozen importlib._bootstrap_external>", line 843, in exec_module
  File "<frozen importlib._bootstrap>", line 219, in _call_with_frames_removed
  File "/opt/airflow/dags/ecommerce_pipeline.py", line 53, in <module>
    generate_data >> gold_job >> load_postgres
NameError: name 'generate_data' is not defined
[2026-06-11T13:52:38.277+0000] {processor.py:842} WARNING - No viable dags retrieved from /opt/airflow/dags/ecommerce_pipeline.py
[2026-06-11T13:52:38.325+0000] {processor.py:183} INFO - Processing /opt/airflow/dags/ecommerce_pipeline.py took 0.107 seconds
[2026-06-11T13:53:08.627+0000] {processor.py:161} INFO - Started process (PID=721) to work on /opt/airflow/dags/ecommerce_pipeline.py
[2026-06-11T13:53:08.628+0000] {processor.py:830} INFO - Processing file /opt/airflow/dags/ecommerce_pipeline.py for tasks to queue
[2026-06-11T13:53:08.629+0000] {logging_mixin.py:188} INFO - [2026-06-11T13:53:08.629+0000] {dagbag.py:540} INFO - Filling up the DagBag from /opt/airflow/dags/ecommerce_pipeline.py
[2026-06-11T13:53:08.655+0000] {logging_mixin.py:188} INFO - [2026-06-11T13:53:08.651+0000] {dagbag.py:350} ERROR - Failed to import: /opt/airflow/dags/ecommerce_pipeline.py
Traceback (most recent call last):
  File "/home/airflow/.local/lib/python3.8/site-packages/airflow/models/dagbag.py", line 346, in parse
    loader.exec_module(new_module)
  File "<frozen importlib._bootstrap_external>", line 843, in exec_module
  File "<frozen importlib._bootstrap>", line 219, in _call_with_frames_removed
  File "/opt/airflow/dags/ecommerce_pipeline.py", line 53, in <module>
    generate_data >> gold_job >> load_postgres
NameError: name 'generate_data' is not defined
[2026-06-11T13:53:08.657+0000] {processor.py:842} WARNING - No viable dags retrieved from /opt/airflow/dags/ecommerce_pipeline.py
[2026-06-11T13:53:08.691+0000] {processor.py:183} INFO - Processing /opt/airflow/dags/ecommerce_pipeline.py took 0.070 seconds
[2026-06-11T13:53:38.973+0000] {processor.py:161} INFO - Started process (PID=731) to work on /opt/airflow/dags/ecommerce_pipeline.py
[2026-06-11T13:53:38.975+0000] {processor.py:830} INFO - Processing file /opt/airflow/dags/ecommerce_pipeline.py for tasks to queue
[2026-06-11T13:53:38.976+0000] {logging_mixin.py:188} INFO - [2026-06-11T13:53:38.976+0000] {dagbag.py:540} INFO - Filling up the DagBag from /opt/airflow/dags/ecommerce_pipeline.py
[2026-06-11T13:53:39.006+0000] {logging_mixin.py:188} INFO - [2026-06-11T13:53:39.000+0000] {dagbag.py:350} ERROR - Failed to import: /opt/airflow/dags/ecommerce_pipeline.py
Traceback (most recent call last):
  File "/home/airflow/.local/lib/python3.8/site-packages/airflow/models/dagbag.py", line 346, in parse
    loader.exec_module(new_module)
  File "<frozen importlib._bootstrap_external>", line 843, in exec_module
  File "<frozen importlib._bootstrap>", line 219, in _call_with_frames_removed
  File "/opt/airflow/dags/ecommerce_pipeline.py", line 53, in <module>
    generate_data >> gold_job >> load_postgres
NameError: name 'generate_data' is not defined
[2026-06-11T13:53:39.008+0000] {processor.py:842} WARNING - No viable dags retrieved from /opt/airflow/dags/ecommerce_pipeline.py
[2026-06-11T13:53:39.046+0000] {processor.py:183} INFO - Processing /opt/airflow/dags/ecommerce_pipeline.py took 0.078 seconds
[2026-06-11T13:54:09.305+0000] {processor.py:161} INFO - Started process (PID=741) to work on /opt/airflow/dags/ecommerce_pipeline.py
[2026-06-11T13:54:09.307+0000] {processor.py:830} INFO - Processing file /opt/airflow/dags/ecommerce_pipeline.py for tasks to queue
[2026-06-11T13:54:09.309+0000] {logging_mixin.py:188} INFO - [2026-06-11T13:54:09.309+0000] {dagbag.py:540} INFO - Filling up the DagBag from /opt/airflow/dags/ecommerce_pipeline.py
[2026-06-11T13:54:09.337+0000] {logging_mixin.py:188} INFO - [2026-06-11T13:54:09.332+0000] {dagbag.py:350} ERROR - Failed to import: /opt/airflow/dags/ecommerce_pipeline.py
Traceback (most recent call last):
  File "/home/airflow/.local/lib/python3.8/site-packages/airflow/models/dagbag.py", line 346, in parse
    loader.exec_module(new_module)
  File "<frozen importlib._bootstrap_external>", line 843, in exec_module
  File "<frozen importlib._bootstrap>", line 219, in _call_with_frames_removed
  File "/opt/airflow/dags/ecommerce_pipeline.py", line 53, in <module>
    generate_data >> gold_job >> load_postgres
NameError: name 'generate_data' is not defined
[2026-06-11T13:54:09.339+0000] {processor.py:842} WARNING - No viable dags retrieved from /opt/airflow/dags/ecommerce_pipeline.py
[2026-06-11T13:54:09.369+0000] {processor.py:183} INFO - Processing /opt/airflow/dags/ecommerce_pipeline.py took 0.068 seconds
[2026-06-11T13:54:39.622+0000] {processor.py:161} INFO - Started process (PID=751) to work on /opt/airflow/dags/ecommerce_pipeline.py
[2026-06-11T13:54:39.623+0000] {processor.py:830} INFO - Processing file /opt/airflow/dags/ecommerce_pipeline.py for tasks to queue
[2026-06-11T13:54:39.625+0000] {logging_mixin.py:188} INFO - [2026-06-11T13:54:39.624+0000] {dagbag.py:540} INFO - Filling up the DagBag from /opt/airflow/dags/ecommerce_pipeline.py
[2026-06-11T13:54:39.653+0000] {logging_mixin.py:188} INFO - [2026-06-11T13:54:39.649+0000] {dagbag.py:350} ERROR - Failed to import: /opt/airflow/dags/ecommerce_pipeline.py
Traceback (most recent call last):
  File "/home/airflow/.local/lib/python3.8/site-packages/airflow/models/dagbag.py", line 346, in parse
    loader.exec_module(new_module)
  File "<frozen importlib._bootstrap_external>", line 843, in exec_module
  File "<frozen importlib._bootstrap>", line 219, in _call_with_frames_removed
  File "/opt/airflow/dags/ecommerce_pipeline.py", line 53, in <module>
    generate_data >> gold_job >> load_postgres
NameError: name 'generate_data' is not defined
[2026-06-11T13:54:39.654+0000] {processor.py:842} WARNING - No viable dags retrieved from /opt/airflow/dags/ecommerce_pipeline.py
[2026-06-11T13:54:39.688+0000] {processor.py:183} INFO - Processing /opt/airflow/dags/ecommerce_pipeline.py took 0.071 seconds
[2026-06-11T13:55:09.945+0000] {processor.py:161} INFO - Started process (PID=761) to work on /opt/airflow/dags/ecommerce_pipeline.py
[2026-06-11T13:55:09.946+0000] {processor.py:830} INFO - Processing file /opt/airflow/dags/ecommerce_pipeline.py for tasks to queue
[2026-06-11T13:55:09.948+0000] {logging_mixin.py:188} INFO - [2026-06-11T13:55:09.947+0000] {dagbag.py:540} INFO - Filling up the DagBag from /opt/airflow/dags/ecommerce_pipeline.py
[2026-06-11T13:55:09.973+0000] {logging_mixin.py:188} INFO - [2026-06-11T13:55:09.968+0000] {dagbag.py:350} ERROR - Failed to import: /opt/airflow/dags/ecommerce_pipeline.py
Traceback (most recent call last):
  File "/home/airflow/.local/lib/python3.8/site-packages/airflow/models/dagbag.py", line 346, in parse
    loader.exec_module(new_module)
  File "<frozen importlib._bootstrap_external>", line 843, in exec_module
  File "<frozen importlib._bootstrap>", line 219, in _call_with_frames_removed
  File "/opt/airflow/dags/ecommerce_pipeline.py", line 53, in <module>
    generate_data >> gold_job >> load_postgres
NameError: name 'generate_data' is not defined
[2026-06-11T13:55:09.975+0000] {processor.py:842} WARNING - No viable dags retrieved from /opt/airflow/dags/ecommerce_pipeline.py
[2026-06-11T13:55:10.003+0000] {processor.py:183} INFO - Processing /opt/airflow/dags/ecommerce_pipeline.py took 0.063 seconds
[2026-06-11T13:55:40.298+0000] {processor.py:161} INFO - Started process (PID=771) to work on /opt/airflow/dags/ecommerce_pipeline.py
[2026-06-11T13:55:40.299+0000] {processor.py:830} INFO - Processing file /opt/airflow/dags/ecommerce_pipeline.py for tasks to queue
[2026-06-11T13:55:40.301+0000] {logging_mixin.py:188} INFO - [2026-06-11T13:55:40.300+0000] {dagbag.py:540} INFO - Filling up the DagBag from /opt/airflow/dags/ecommerce_pipeline.py
[2026-06-11T13:55:40.325+0000] {logging_mixin.py:188} INFO - [2026-06-11T13:55:40.321+0000] {dagbag.py:350} ERROR - Failed to import: /opt/airflow/dags/ecommerce_pipeline.py
Traceback (most recent call last):
  File "/home/airflow/.local/lib/python3.8/site-packages/airflow/models/dagbag.py", line 346, in parse
    loader.exec_module(new_module)
  File "<frozen importlib._bootstrap_external>", line 843, in exec_module
  File "<frozen importlib._bootstrap>", line 219, in _call_with_frames_removed
  File "/opt/airflow/dags/ecommerce_pipeline.py", line 53, in <module>
    generate_data >> gold_job >> load_postgres
NameError: name 'generate_data' is not defined
[2026-06-11T13:55:40.326+0000] {processor.py:842} WARNING - No viable dags retrieved from /opt/airflow/dags/ecommerce_pipeline.py
[2026-06-11T13:55:40.408+0000] {processor.py:183} INFO - Processing /opt/airflow/dags/ecommerce_pipeline.py took 0.114 seconds
