[2026-06-11T13:25:18.235+0000] {processor.py:161} INFO - Started process (PID=171) to work on /opt/airflow/dags/producer_dag.py
[2026-06-11T13:25:18.237+0000] {processor.py:830} INFO - Processing file /opt/airflow/dags/producer_dag.py for tasks to queue
[2026-06-11T13:25:18.239+0000] {logging_mixin.py:188} INFO - [2026-06-11T13:25:18.238+0000] {dagbag.py:540} INFO - Filling up the DagBag from /opt/airflow/dags/producer_dag.py
[2026-06-11T13:25:18.279+0000] {processor.py:840} INFO - DAG(s) 'ecommerce_pipeline' retrieved from /opt/airflow/dags/producer_dag.py
[2026-06-11T13:25:18.349+0000] {logging_mixin.py:188} INFO - [2026-06-11T13:25:18.349+0000] {dag.py:3047} INFO - Sync 1 DAGs
[2026-06-11T13:25:18.377+0000] {logging_mixin.py:188} INFO - [2026-06-11T13:25:18.377+0000] {dag.py:3834} INFO - Setting next_dagrun for ecommerce_pipeline to 2026-06-10 00:00:00+00:00, run_after=2026-06-11 00:00:00+00:00
[2026-06-11T13:25:18.403+0000] {processor.py:183} INFO - Processing /opt/airflow/dags/producer_dag.py took 0.175 seconds
[2026-06-11T13:25:48.591+0000] {processor.py:161} INFO - Started process (PID=181) to work on /opt/airflow/dags/producer_dag.py
[2026-06-11T13:25:48.593+0000] {processor.py:830} INFO - Processing file /opt/airflow/dags/producer_dag.py for tasks to queue
[2026-06-11T13:25:48.594+0000] {logging_mixin.py:188} INFO - [2026-06-11T13:25:48.594+0000] {dagbag.py:540} INFO - Filling up the DagBag from /opt/airflow/dags/producer_dag.py
[2026-06-11T13:25:48.648+0000] {processor.py:840} INFO - DAG(s) 'ecommerce_pipeline' retrieved from /opt/airflow/dags/producer_dag.py
[2026-06-11T13:25:48.711+0000] {logging_mixin.py:188} INFO - [2026-06-11T13:25:48.710+0000] {dag.py:3047} INFO - Sync 1 DAGs
[2026-06-11T13:25:48.739+0000] {logging_mixin.py:188} INFO - [2026-06-11T13:25:48.739+0000] {dag.py:3834} INFO - Setting next_dagrun for ecommerce_pipeline to 2026-06-10 00:00:00+00:00, run_after=2026-06-11 00:00:00+00:00
[2026-06-11T13:25:48.767+0000] {processor.py:183} INFO - Processing /opt/airflow/dags/producer_dag.py took 0.183 seconds
[2026-06-11T13:26:18.974+0000] {processor.py:161} INFO - Started process (PID=191) to work on /opt/airflow/dags/producer_dag.py
[2026-06-11T13:26:18.975+0000] {processor.py:830} INFO - Processing file /opt/airflow/dags/producer_dag.py for tasks to queue
[2026-06-11T13:26:18.977+0000] {logging_mixin.py:188} INFO - [2026-06-11T13:26:18.976+0000] {dagbag.py:540} INFO - Filling up the DagBag from /opt/airflow/dags/producer_dag.py
[2026-06-11T13:26:19.010+0000] {processor.py:840} INFO - DAG(s) 'ecommerce_pipeline' retrieved from /opt/airflow/dags/producer_dag.py
[2026-06-11T13:26:19.058+0000] {logging_mixin.py:188} INFO - [2026-06-11T13:26:19.058+0000] {dag.py:3047} INFO - Sync 1 DAGs
[2026-06-11T13:26:19.094+0000] {logging_mixin.py:188} INFO - [2026-06-11T13:26:19.093+0000] {dag.py:3834} INFO - Setting next_dagrun for ecommerce_pipeline to 2026-06-10 00:00:00+00:00, run_after=2026-06-11 00:00:00+00:00
[2026-06-11T13:26:19.122+0000] {processor.py:183} INFO - Processing /opt/airflow/dags/producer_dag.py took 0.154 seconds
[2026-06-11T13:26:49.393+0000] {processor.py:161} INFO - Started process (PID=201) to work on /opt/airflow/dags/producer_dag.py
[2026-06-11T13:26:49.395+0000] {processor.py:830} INFO - Processing file /opt/airflow/dags/producer_dag.py for tasks to queue
[2026-06-11T13:26:49.399+0000] {logging_mixin.py:188} INFO - [2026-06-11T13:26:49.398+0000] {dagbag.py:540} INFO - Filling up the DagBag from /opt/airflow/dags/producer_dag.py
[2026-06-11T13:26:49.467+0000] {processor.py:840} INFO - DAG(s) 'ecommerce_pipeline' retrieved from /opt/airflow/dags/producer_dag.py
[2026-06-11T13:26:49.560+0000] {logging_mixin.py:188} INFO - [2026-06-11T13:26:49.559+0000] {dag.py:3047} INFO - Sync 1 DAGs
[2026-06-11T13:26:49.620+0000] {logging_mixin.py:188} INFO - [2026-06-11T13:26:49.619+0000] {dag.py:3834} INFO - Setting next_dagrun for ecommerce_pipeline to 2026-06-10 00:00:00+00:00, run_after=2026-06-11 00:00:00+00:00
[2026-06-11T13:26:49.688+0000] {processor.py:183} INFO - Processing /opt/airflow/dags/producer_dag.py took 0.311 seconds
[2026-06-11T13:27:20.071+0000] {processor.py:161} INFO - Started process (PID=211) to work on /opt/airflow/dags/producer_dag.py
[2026-06-11T13:27:20.076+0000] {processor.py:830} INFO - Processing file /opt/airflow/dags/producer_dag.py for tasks to queue
[2026-06-11T13:27:20.081+0000] {logging_mixin.py:188} INFO - [2026-06-11T13:27:20.080+0000] {dagbag.py:540} INFO - Filling up the DagBag from /opt/airflow/dags/producer_dag.py
[2026-06-11T13:27:20.168+0000] {processor.py:840} INFO - DAG(s) 'ecommerce_pipeline' retrieved from /opt/airflow/dags/producer_dag.py
[2026-06-11T13:27:20.673+0000] {logging_mixin.py:188} INFO - [2026-06-11T13:27:20.673+0000] {dag.py:3047} INFO - Sync 1 DAGs
[2026-06-11T13:27:20.736+0000] {logging_mixin.py:188} INFO - [2026-06-11T13:27:20.735+0000] {dag.py:3834} INFO - Setting next_dagrun for ecommerce_pipeline to 2026-06-10 00:00:00+00:00, run_after=2026-06-11 00:00:00+00:00
[2026-06-11T13:27:20.800+0000] {processor.py:183} INFO - Processing /opt/airflow/dags/producer_dag.py took 0.742 seconds
[2026-06-11T13:27:51.603+0000] {processor.py:161} INFO - Started process (PID=226) to work on /opt/airflow/dags/producer_dag.py
[2026-06-11T13:27:51.604+0000] {processor.py:830} INFO - Processing file /opt/airflow/dags/producer_dag.py for tasks to queue
[2026-06-11T13:27:51.605+0000] {logging_mixin.py:188} INFO - [2026-06-11T13:27:51.605+0000] {dagbag.py:540} INFO - Filling up the DagBag from /opt/airflow/dags/producer_dag.py
[2026-06-11T13:27:51.631+0000] {processor.py:840} INFO - DAG(s) 'ecommerce_pipeline' retrieved from /opt/airflow/dags/producer_dag.py
[2026-06-11T13:27:51.670+0000] {logging_mixin.py:188} INFO - [2026-06-11T13:27:51.670+0000] {dag.py:3047} INFO - Sync 1 DAGs
[2026-06-11T13:27:51.705+0000] {logging_mixin.py:188} INFO - [2026-06-11T13:27:51.705+0000] {dag.py:3834} INFO - Setting next_dagrun for ecommerce_pipeline to 2026-06-10 00:00:00+00:00, run_after=2026-06-11 00:00:00+00:00
[2026-06-11T13:27:51.735+0000] {processor.py:183} INFO - Processing /opt/airflow/dags/producer_dag.py took 0.136 seconds
[2026-06-11T13:28:22.015+0000] {processor.py:161} INFO - Started process (PID=236) to work on /opt/airflow/dags/producer_dag.py
[2026-06-11T13:28:22.016+0000] {processor.py:830} INFO - Processing file /opt/airflow/dags/producer_dag.py for tasks to queue
[2026-06-11T13:28:22.019+0000] {logging_mixin.py:188} INFO - [2026-06-11T13:28:22.018+0000] {dagbag.py:540} INFO - Filling up the DagBag from /opt/airflow/dags/producer_dag.py
[2026-06-11T13:28:22.053+0000] {processor.py:840} INFO - DAG(s) 'ecommerce_pipeline' retrieved from /opt/airflow/dags/producer_dag.py
[2026-06-11T13:28:22.095+0000] {logging_mixin.py:188} INFO - [2026-06-11T13:28:22.095+0000] {dag.py:3047} INFO - Sync 1 DAGs
[2026-06-11T13:28:22.124+0000] {logging_mixin.py:188} INFO - [2026-06-11T13:28:22.124+0000] {dag.py:3834} INFO - Setting next_dagrun for ecommerce_pipeline to 2026-06-10 00:00:00+00:00, run_after=2026-06-11 00:00:00+00:00
[2026-06-11T13:28:22.161+0000] {processor.py:183} INFO - Processing /opt/airflow/dags/producer_dag.py took 0.153 seconds
[2026-06-11T13:28:52.418+0000] {processor.py:161} INFO - Started process (PID=246) to work on /opt/airflow/dags/producer_dag.py
[2026-06-11T13:28:52.420+0000] {processor.py:830} INFO - Processing file /opt/airflow/dags/producer_dag.py for tasks to queue
[2026-06-11T13:28:52.421+0000] {logging_mixin.py:188} INFO - [2026-06-11T13:28:52.421+0000] {dagbag.py:540} INFO - Filling up the DagBag from /opt/airflow/dags/producer_dag.py
[2026-06-11T13:28:52.456+0000] {processor.py:840} INFO - DAG(s) 'ecommerce_pipeline' retrieved from /opt/airflow/dags/producer_dag.py
[2026-06-11T13:28:52.513+0000] {logging_mixin.py:188} INFO - [2026-06-11T13:28:52.513+0000] {dag.py:3047} INFO - Sync 1 DAGs
[2026-06-11T13:28:52.551+0000] {logging_mixin.py:188} INFO - [2026-06-11T13:28:52.550+0000] {dag.py:3834} INFO - Setting next_dagrun for ecommerce_pipeline to 2026-06-10 00:00:00+00:00, run_after=2026-06-11 00:00:00+00:00
[2026-06-11T13:28:52.586+0000] {processor.py:183} INFO - Processing /opt/airflow/dags/producer_dag.py took 0.174 seconds
[2026-06-11T13:29:22.875+0000] {processor.py:161} INFO - Started process (PID=256) to work on /opt/airflow/dags/producer_dag.py
[2026-06-11T13:29:22.903+0000] {processor.py:830} INFO - Processing file /opt/airflow/dags/producer_dag.py for tasks to queue
[2026-06-11T13:29:22.904+0000] {logging_mixin.py:188} INFO - [2026-06-11T13:29:22.904+0000] {dagbag.py:540} INFO - Filling up the DagBag from /opt/airflow/dags/producer_dag.py
[2026-06-11T13:29:22.937+0000] {processor.py:840} INFO - DAG(s) 'ecommerce_pipeline' retrieved from /opt/airflow/dags/producer_dag.py
[2026-06-11T13:29:22.979+0000] {logging_mixin.py:188} INFO - [2026-06-11T13:29:22.979+0000] {dag.py:3047} INFO - Sync 1 DAGs
[2026-06-11T13:29:23.011+0000] {logging_mixin.py:188} INFO - [2026-06-11T13:29:23.010+0000] {dag.py:3834} INFO - Setting next_dagrun for ecommerce_pipeline to 2026-06-10 00:00:00+00:00, run_after=2026-06-11 00:00:00+00:00
[2026-06-11T13:29:23.057+0000] {processor.py:183} INFO - Processing /opt/airflow/dags/producer_dag.py took 0.189 seconds
[2026-06-11T13:29:53.306+0000] {processor.py:161} INFO - Started process (PID=266) to work on /opt/airflow/dags/producer_dag.py
[2026-06-11T13:29:53.307+0000] {processor.py:830} INFO - Processing file /opt/airflow/dags/producer_dag.py for tasks to queue
[2026-06-11T13:29:53.309+0000] {logging_mixin.py:188} INFO - [2026-06-11T13:29:53.308+0000] {dagbag.py:540} INFO - Filling up the DagBag from /opt/airflow/dags/producer_dag.py
[2026-06-11T13:29:53.334+0000] {processor.py:840} INFO - DAG(s) 'ecommerce_pipeline' retrieved from /opt/airflow/dags/producer_dag.py
[2026-06-11T13:29:53.375+0000] {logging_mixin.py:188} INFO - [2026-06-11T13:29:53.374+0000] {dag.py:3047} INFO - Sync 1 DAGs
[2026-06-11T13:29:53.408+0000] {logging_mixin.py:188} INFO - [2026-06-11T13:29:53.407+0000] {dag.py:3834} INFO - Setting next_dagrun for ecommerce_pipeline to 2026-06-10 00:00:00+00:00, run_after=2026-06-11 00:00:00+00:00
[2026-06-11T13:29:53.450+0000] {processor.py:183} INFO - Processing /opt/airflow/dags/producer_dag.py took 0.148 seconds
[2026-06-11T13:30:23.695+0000] {processor.py:161} INFO - Started process (PID=276) to work on /opt/airflow/dags/producer_dag.py
[2026-06-11T13:30:23.696+0000] {processor.py:830} INFO - Processing file /opt/airflow/dags/producer_dag.py for tasks to queue
[2026-06-11T13:30:23.697+0000] {logging_mixin.py:188} INFO - [2026-06-11T13:30:23.696+0000] {dagbag.py:540} INFO - Filling up the DagBag from /opt/airflow/dags/producer_dag.py
[2026-06-11T13:30:23.724+0000] {processor.py:840} INFO - DAG(s) 'ecommerce_pipeline' retrieved from /opt/airflow/dags/producer_dag.py
[2026-06-11T13:30:23.761+0000] {logging_mixin.py:188} INFO - [2026-06-11T13:30:23.761+0000] {dag.py:3047} INFO - Sync 1 DAGs
[2026-06-11T13:30:23.790+0000] {logging_mixin.py:188} INFO - [2026-06-11T13:30:23.789+0000] {dag.py:3834} INFO - Setting next_dagrun for ecommerce_pipeline to 2026-06-10 00:00:00+00:00, run_after=2026-06-11 00:00:00+00:00
[2026-06-11T13:30:23.831+0000] {processor.py:183} INFO - Processing /opt/airflow/dags/producer_dag.py took 0.140 seconds
[2026-06-11T13:30:53.948+0000] {processor.py:161} INFO - Started process (PID=286) to work on /opt/airflow/dags/producer_dag.py
[2026-06-11T13:30:53.949+0000] {processor.py:830} INFO - Processing file /opt/airflow/dags/producer_dag.py for tasks to queue
[2026-06-11T13:30:53.950+0000] {logging_mixin.py:188} INFO - [2026-06-11T13:30:53.950+0000] {dagbag.py:540} INFO - Filling up the DagBag from /opt/airflow/dags/producer_dag.py
[2026-06-11T13:30:53.975+0000] {processor.py:840} INFO - DAG(s) 'ecommerce_pipeline' retrieved from /opt/airflow/dags/producer_dag.py
[2026-06-11T13:30:54.013+0000] {logging_mixin.py:188} INFO - [2026-06-11T13:30:54.013+0000] {dag.py:3047} INFO - Sync 1 DAGs
[2026-06-11T13:30:54.041+0000] {logging_mixin.py:188} INFO - [2026-06-11T13:30:54.041+0000] {dag.py:3834} INFO - Setting next_dagrun for ecommerce_pipeline to 2026-06-10 00:00:00+00:00, run_after=2026-06-11 00:00:00+00:00
[2026-06-11T13:30:54.066+0000] {processor.py:183} INFO - Processing /opt/airflow/dags/producer_dag.py took 0.122 seconds
[2026-06-11T13:31:24.294+0000] {processor.py:161} INFO - Started process (PID=296) to work on /opt/airflow/dags/producer_dag.py
[2026-06-11T13:31:24.295+0000] {processor.py:830} INFO - Processing file /opt/airflow/dags/producer_dag.py for tasks to queue
[2026-06-11T13:31:24.296+0000] {logging_mixin.py:188} INFO - [2026-06-11T13:31:24.296+0000] {dagbag.py:540} INFO - Filling up the DagBag from /opt/airflow/dags/producer_dag.py
[2026-06-11T13:31:24.321+0000] {processor.py:840} INFO - DAG(s) 'ecommerce_pipeline' retrieved from /opt/airflow/dags/producer_dag.py
[2026-06-11T13:31:24.357+0000] {logging_mixin.py:188} INFO - [2026-06-11T13:31:24.356+0000] {dag.py:3047} INFO - Sync 1 DAGs
[2026-06-11T13:31:24.385+0000] {logging_mixin.py:188} INFO - [2026-06-11T13:31:24.384+0000] {dag.py:3834} INFO - Setting next_dagrun for ecommerce_pipeline to 2026-06-10 00:00:00+00:00, run_after=2026-06-11 00:00:00+00:00
[2026-06-11T13:31:24.440+0000] {processor.py:183} INFO - Processing /opt/airflow/dags/producer_dag.py took 0.150 seconds
[2026-06-11T13:31:54.678+0000] {processor.py:161} INFO - Started process (PID=306) to work on /opt/airflow/dags/producer_dag.py
[2026-06-11T13:31:54.679+0000] {processor.py:830} INFO - Processing file /opt/airflow/dags/producer_dag.py for tasks to queue
[2026-06-11T13:31:54.682+0000] {logging_mixin.py:188} INFO - [2026-06-11T13:31:54.681+0000] {dagbag.py:540} INFO - Filling up the DagBag from /opt/airflow/dags/producer_dag.py
[2026-06-11T13:31:54.712+0000] {processor.py:840} INFO - DAG(s) 'ecommerce_pipeline' retrieved from /opt/airflow/dags/producer_dag.py
[2026-06-11T13:31:54.755+0000] {logging_mixin.py:188} INFO - [2026-06-11T13:31:54.754+0000] {dag.py:3047} INFO - Sync 1 DAGs
[2026-06-11T13:31:54.783+0000] {logging_mixin.py:188} INFO - [2026-06-11T13:31:54.783+0000] {dag.py:3834} INFO - Setting next_dagrun for ecommerce_pipeline to 2026-06-10 00:00:00+00:00, run_after=2026-06-11 00:00:00+00:00
[2026-06-11T13:31:54.807+0000] {processor.py:183} INFO - Processing /opt/airflow/dags/producer_dag.py took 0.134 seconds
[2026-06-11T13:32:25.051+0000] {processor.py:161} INFO - Started process (PID=316) to work on /opt/airflow/dags/producer_dag.py
[2026-06-11T13:32:25.052+0000] {processor.py:830} INFO - Processing file /opt/airflow/dags/producer_dag.py for tasks to queue
[2026-06-11T13:32:25.053+0000] {logging_mixin.py:188} INFO - [2026-06-11T13:32:25.053+0000] {dagbag.py:540} INFO - Filling up the DagBag from /opt/airflow/dags/producer_dag.py
[2026-06-11T13:32:25.077+0000] {processor.py:840} INFO - DAG(s) 'ecommerce_pipeline' retrieved from /opt/airflow/dags/producer_dag.py
[2026-06-11T13:32:25.114+0000] {logging_mixin.py:188} INFO - [2026-06-11T13:32:25.114+0000] {dag.py:3047} INFO - Sync 1 DAGs
[2026-06-11T13:32:25.149+0000] {logging_mixin.py:188} INFO - [2026-06-11T13:32:25.148+0000] {dag.py:3834} INFO - Setting next_dagrun for ecommerce_pipeline to 2026-06-10 00:00:00+00:00, run_after=2026-06-11 00:00:00+00:00
[2026-06-11T13:32:25.180+0000] {processor.py:183} INFO - Processing /opt/airflow/dags/producer_dag.py took 0.133 seconds
[2026-06-11T13:32:55.301+0000] {processor.py:161} INFO - Started process (PID=326) to work on /opt/airflow/dags/producer_dag.py
[2026-06-11T13:32:55.302+0000] {processor.py:830} INFO - Processing file /opt/airflow/dags/producer_dag.py for tasks to queue
[2026-06-11T13:32:55.303+0000] {logging_mixin.py:188} INFO - [2026-06-11T13:32:55.303+0000] {dagbag.py:540} INFO - Filling up the DagBag from /opt/airflow/dags/producer_dag.py
[2026-06-11T13:32:55.328+0000] {processor.py:840} INFO - DAG(s) 'ecommerce_pipeline' retrieved from /opt/airflow/dags/producer_dag.py
[2026-06-11T13:32:55.366+0000] {logging_mixin.py:188} INFO - [2026-06-11T13:32:55.365+0000] {dag.py:3047} INFO - Sync 1 DAGs
[2026-06-11T13:32:55.395+0000] {logging_mixin.py:188} INFO - [2026-06-11T13:32:55.395+0000] {dag.py:3834} INFO - Setting next_dagrun for ecommerce_pipeline to 2026-06-10 00:00:00+00:00, run_after=2026-06-11 00:00:00+00:00
[2026-06-11T13:32:55.421+0000] {processor.py:183} INFO - Processing /opt/airflow/dags/producer_dag.py took 0.125 seconds
[2026-06-11T13:33:25.661+0000] {processor.py:161} INFO - Started process (PID=336) to work on /opt/airflow/dags/producer_dag.py
[2026-06-11T13:33:25.662+0000] {processor.py:830} INFO - Processing file /opt/airflow/dags/producer_dag.py for tasks to queue
[2026-06-11T13:33:25.664+0000] {logging_mixin.py:188} INFO - [2026-06-11T13:33:25.663+0000] {dagbag.py:540} INFO - Filling up the DagBag from /opt/airflow/dags/producer_dag.py
[2026-06-11T13:33:25.696+0000] {processor.py:840} INFO - DAG(s) 'ecommerce_pipeline' retrieved from /opt/airflow/dags/producer_dag.py
[2026-06-11T13:33:25.747+0000] {logging_mixin.py:188} INFO - [2026-06-11T13:33:25.747+0000] {dag.py:3047} INFO - Sync 1 DAGs
[2026-06-11T13:33:25.797+0000] {logging_mixin.py:188} INFO - [2026-06-11T13:33:25.797+0000] {dag.py:3834} INFO - Setting next_dagrun for ecommerce_pipeline to 2026-06-10 00:00:00+00:00, run_after=2026-06-11 00:00:00+00:00
[2026-06-11T13:33:25.879+0000] {processor.py:183} INFO - Processing /opt/airflow/dags/producer_dag.py took 0.223 seconds
[2026-06-11T13:33:55.958+0000] {processor.py:161} INFO - Started process (PID=346) to work on /opt/airflow/dags/producer_dag.py
[2026-06-11T13:33:55.959+0000] {processor.py:830} INFO - Processing file /opt/airflow/dags/producer_dag.py for tasks to queue
[2026-06-11T13:33:55.961+0000] {logging_mixin.py:188} INFO - [2026-06-11T13:33:55.960+0000] {dagbag.py:540} INFO - Filling up the DagBag from /opt/airflow/dags/producer_dag.py
[2026-06-11T13:33:55.984+0000] {processor.py:840} INFO - DAG(s) 'ecommerce_pipeline' retrieved from /opt/airflow/dags/producer_dag.py
[2026-06-11T13:33:56.023+0000] {logging_mixin.py:188} INFO - [2026-06-11T13:33:56.023+0000] {dag.py:3047} INFO - Sync 1 DAGs
[2026-06-11T13:33:56.050+0000] {logging_mixin.py:188} INFO - [2026-06-11T13:33:56.050+0000] {dag.py:3834} INFO - Setting next_dagrun for ecommerce_pipeline to 2026-06-10 00:00:00+00:00, run_after=2026-06-11 00:00:00+00:00
[2026-06-11T13:33:56.079+0000] {processor.py:183} INFO - Processing /opt/airflow/dags/producer_dag.py took 0.126 seconds
[2026-06-11T13:34:26.328+0000] {processor.py:161} INFO - Started process (PID=356) to work on /opt/airflow/dags/producer_dag.py
[2026-06-11T13:34:26.330+0000] {processor.py:830} INFO - Processing file /opt/airflow/dags/producer_dag.py for tasks to queue
[2026-06-11T13:34:26.331+0000] {logging_mixin.py:188} INFO - [2026-06-11T13:34:26.331+0000] {dagbag.py:540} INFO - Filling up the DagBag from /opt/airflow/dags/producer_dag.py
[2026-06-11T13:34:26.356+0000] {processor.py:840} INFO - DAG(s) 'ecommerce_pipeline' retrieved from /opt/airflow/dags/producer_dag.py
[2026-06-11T13:34:26.395+0000] {logging_mixin.py:188} INFO - [2026-06-11T13:34:26.395+0000] {dag.py:3047} INFO - Sync 1 DAGs
[2026-06-11T13:34:26.427+0000] {logging_mixin.py:188} INFO - [2026-06-11T13:34:26.426+0000] {dag.py:3834} INFO - Setting next_dagrun for ecommerce_pipeline to 2026-06-10 00:00:00+00:00, run_after=2026-06-11 00:00:00+00:00
[2026-06-11T13:34:26.453+0000] {processor.py:183} INFO - Processing /opt/airflow/dags/producer_dag.py took 0.129 seconds
[2026-06-11T13:34:56.598+0000] {processor.py:161} INFO - Started process (PID=366) to work on /opt/airflow/dags/producer_dag.py
[2026-06-11T13:34:56.599+0000] {processor.py:830} INFO - Processing file /opt/airflow/dags/producer_dag.py for tasks to queue
[2026-06-11T13:34:56.600+0000] {logging_mixin.py:188} INFO - [2026-06-11T13:34:56.600+0000] {dagbag.py:540} INFO - Filling up the DagBag from /opt/airflow/dags/producer_dag.py
[2026-06-11T13:34:56.624+0000] {processor.py:840} INFO - DAG(s) 'ecommerce_pipeline' retrieved from /opt/airflow/dags/producer_dag.py
[2026-06-11T13:34:56.661+0000] {logging_mixin.py:188} INFO - [2026-06-11T13:34:56.661+0000] {dag.py:3047} INFO - Sync 1 DAGs
[2026-06-11T13:34:56.690+0000] {logging_mixin.py:188} INFO - [2026-06-11T13:34:56.690+0000] {dag.py:3834} INFO - Setting next_dagrun for ecommerce_pipeline to 2026-06-10 00:00:00+00:00, run_after=2026-06-11 00:00:00+00:00
[2026-06-11T13:34:56.716+0000] {processor.py:183} INFO - Processing /opt/airflow/dags/producer_dag.py took 0.122 seconds
[2026-06-11T13:35:27.012+0000] {processor.py:161} INFO - Started process (PID=376) to work on /opt/airflow/dags/producer_dag.py
[2026-06-11T13:35:27.014+0000] {processor.py:830} INFO - Processing file /opt/airflow/dags/producer_dag.py for tasks to queue
[2026-06-11T13:35:27.015+0000] {logging_mixin.py:188} INFO - [2026-06-11T13:35:27.015+0000] {dagbag.py:540} INFO - Filling up the DagBag from /opt/airflow/dags/producer_dag.py
[2026-06-11T13:35:27.041+0000] {processor.py:840} INFO - DAG(s) 'ecommerce_pipeline' retrieved from /opt/airflow/dags/producer_dag.py
[2026-06-11T13:35:27.082+0000] {logging_mixin.py:188} INFO - [2026-06-11T13:35:27.082+0000] {dag.py:3047} INFO - Sync 1 DAGs
[2026-06-11T13:35:27.112+0000] {logging_mixin.py:188} INFO - [2026-06-11T13:35:27.111+0000] {dag.py:3834} INFO - Setting next_dagrun for ecommerce_pipeline to 2026-06-10 00:00:00+00:00, run_after=2026-06-11 00:00:00+00:00
[2026-06-11T13:35:27.141+0000] {processor.py:183} INFO - Processing /opt/airflow/dags/producer_dag.py took 0.134 seconds
[2026-06-11T13:35:57.410+0000] {processor.py:161} INFO - Started process (PID=386) to work on /opt/airflow/dags/producer_dag.py
[2026-06-11T13:35:57.411+0000] {processor.py:830} INFO - Processing file /opt/airflow/dags/producer_dag.py for tasks to queue
[2026-06-11T13:35:57.412+0000] {logging_mixin.py:188} INFO - [2026-06-11T13:35:57.412+0000] {dagbag.py:540} INFO - Filling up the DagBag from /opt/airflow/dags/producer_dag.py
[2026-06-11T13:35:57.439+0000] {processor.py:840} INFO - DAG(s) 'ecommerce_pipeline' retrieved from /opt/airflow/dags/producer_dag.py
[2026-06-11T13:35:57.480+0000] {logging_mixin.py:188} INFO - [2026-06-11T13:35:57.480+0000] {dag.py:3047} INFO - Sync 1 DAGs
[2026-06-11T13:35:57.512+0000] {logging_mixin.py:188} INFO - [2026-06-11T13:35:57.511+0000] {dag.py:3834} INFO - Setting next_dagrun for ecommerce_pipeline to 2026-06-10 00:00:00+00:00, run_after=2026-06-11 00:00:00+00:00
[2026-06-11T13:35:57.538+0000] {processor.py:183} INFO - Processing /opt/airflow/dags/producer_dag.py took 0.132 seconds
[2026-06-11T13:36:27.771+0000] {processor.py:161} INFO - Started process (PID=396) to work on /opt/airflow/dags/producer_dag.py
[2026-06-11T13:36:27.772+0000] {processor.py:830} INFO - Processing file /opt/airflow/dags/producer_dag.py for tasks to queue
[2026-06-11T13:36:27.773+0000] {logging_mixin.py:188} INFO - [2026-06-11T13:36:27.773+0000] {dagbag.py:540} INFO - Filling up the DagBag from /opt/airflow/dags/producer_dag.py
[2026-06-11T13:36:27.797+0000] {processor.py:840} INFO - DAG(s) 'ecommerce_pipeline' retrieved from /opt/airflow/dags/producer_dag.py
[2026-06-11T13:36:27.835+0000] {logging_mixin.py:188} INFO - [2026-06-11T13:36:27.835+0000] {dag.py:3047} INFO - Sync 1 DAGs
[2026-06-11T13:36:27.863+0000] {logging_mixin.py:188} INFO - [2026-06-11T13:36:27.862+0000] {dag.py:3834} INFO - Setting next_dagrun for ecommerce_pipeline to 2026-06-10 00:00:00+00:00, run_after=2026-06-11 00:00:00+00:00
[2026-06-11T13:36:27.888+0000] {processor.py:183} INFO - Processing /opt/airflow/dags/producer_dag.py took 0.121 seconds
[2026-06-11T13:36:58.120+0000] {processor.py:161} INFO - Started process (PID=406) to work on /opt/airflow/dags/producer_dag.py
[2026-06-11T13:36:58.121+0000] {processor.py:830} INFO - Processing file /opt/airflow/dags/producer_dag.py for tasks to queue
[2026-06-11T13:36:58.123+0000] {logging_mixin.py:188} INFO - [2026-06-11T13:36:58.122+0000] {dagbag.py:540} INFO - Filling up the DagBag from /opt/airflow/dags/producer_dag.py
[2026-06-11T13:36:58.147+0000] {processor.py:840} INFO - DAG(s) 'ecommerce_pipeline' retrieved from /opt/airflow/dags/producer_dag.py
[2026-06-11T13:36:58.181+0000] {logging_mixin.py:188} INFO - [2026-06-11T13:36:58.181+0000] {dag.py:3047} INFO - Sync 1 DAGs
[2026-06-11T13:36:58.209+0000] {logging_mixin.py:188} INFO - [2026-06-11T13:36:58.209+0000] {dag.py:3834} INFO - Setting next_dagrun for ecommerce_pipeline to 2026-06-10 00:00:00+00:00, run_after=2026-06-11 00:00:00+00:00
[2026-06-11T13:36:58.234+0000] {processor.py:183} INFO - Processing /opt/airflow/dags/producer_dag.py took 0.118 seconds
[2026-06-11T13:37:28.540+0000] {processor.py:161} INFO - Started process (PID=416) to work on /opt/airflow/dags/producer_dag.py
[2026-06-11T13:37:28.541+0000] {processor.py:830} INFO - Processing file /opt/airflow/dags/producer_dag.py for tasks to queue
[2026-06-11T13:37:28.543+0000] {logging_mixin.py:188} INFO - [2026-06-11T13:37:28.543+0000] {dagbag.py:540} INFO - Filling up the DagBag from /opt/airflow/dags/producer_dag.py
[2026-06-11T13:37:28.579+0000] {processor.py:840} INFO - DAG(s) 'ecommerce_pipeline' retrieved from /opt/airflow/dags/producer_dag.py
[2026-06-11T13:37:28.684+0000] {logging_mixin.py:188} INFO - [2026-06-11T13:37:28.683+0000] {dag.py:3047} INFO - Sync 1 DAGs
[2026-06-11T13:37:28.725+0000] {logging_mixin.py:188} INFO - [2026-06-11T13:37:28.725+0000] {dag.py:3834} INFO - Setting next_dagrun for ecommerce_pipeline to 2026-06-10 00:00:00+00:00, run_after=2026-06-11 00:00:00+00:00
[2026-06-11T13:37:28.765+0000] {processor.py:183} INFO - Processing /opt/airflow/dags/producer_dag.py took 0.230 seconds
[2026-06-11T13:37:59.106+0000] {processor.py:161} INFO - Started process (PID=426) to work on /opt/airflow/dags/producer_dag.py
[2026-06-11T13:37:59.107+0000] {processor.py:830} INFO - Processing file /opt/airflow/dags/producer_dag.py for tasks to queue
[2026-06-11T13:37:59.108+0000] {logging_mixin.py:188} INFO - [2026-06-11T13:37:59.108+0000] {dagbag.py:540} INFO - Filling up the DagBag from /opt/airflow/dags/producer_dag.py
[2026-06-11T13:37:59.152+0000] {processor.py:840} INFO - DAG(s) 'ecommerce_pipeline' retrieved from /opt/airflow/dags/producer_dag.py
[2026-06-11T13:37:59.252+0000] {logging_mixin.py:188} INFO - [2026-06-11T13:37:59.252+0000] {dag.py:3047} INFO - Sync 1 DAGs
[2026-06-11T13:37:59.942+0000] {logging_mixin.py:188} INFO - [2026-06-11T13:37:59.942+0000] {dag.py:3834} INFO - Setting next_dagrun for ecommerce_pipeline to 2026-06-10 00:00:00+00:00, run_after=2026-06-11 00:00:00+00:00
[2026-06-11T13:38:00.000+0000] {processor.py:183} INFO - Processing /opt/airflow/dags/producer_dag.py took 0.898 seconds
[2026-06-11T13:38:30.352+0000] {processor.py:161} INFO - Started process (PID=436) to work on /opt/airflow/dags/producer_dag.py
[2026-06-11T13:38:30.354+0000] {processor.py:830} INFO - Processing file /opt/airflow/dags/producer_dag.py for tasks to queue
[2026-06-11T13:38:30.355+0000] {logging_mixin.py:188} INFO - [2026-06-11T13:38:30.354+0000] {dagbag.py:540} INFO - Filling up the DagBag from /opt/airflow/dags/producer_dag.py
[2026-06-11T13:38:30.381+0000] {processor.py:840} INFO - DAG(s) 'ecommerce_pipeline' retrieved from /opt/airflow/dags/producer_dag.py
[2026-06-11T13:38:30.433+0000] {logging_mixin.py:188} INFO - [2026-06-11T13:38:30.433+0000] {dag.py:3047} INFO - Sync 1 DAGs
[2026-06-11T13:38:30.467+0000] {logging_mixin.py:188} INFO - [2026-06-11T13:38:30.467+0000] {dag.py:3834} INFO - Setting next_dagrun for ecommerce_pipeline to 2026-06-10 00:00:00+00:00, run_after=2026-06-11 00:00:00+00:00
[2026-06-11T13:38:30.494+0000] {processor.py:183} INFO - Processing /opt/airflow/dags/producer_dag.py took 0.146 seconds
[2026-06-11T13:39:00.726+0000] {processor.py:161} INFO - Started process (PID=446) to work on /opt/airflow/dags/producer_dag.py
[2026-06-11T13:39:00.728+0000] {processor.py:830} INFO - Processing file /opt/airflow/dags/producer_dag.py for tasks to queue
[2026-06-11T13:39:00.729+0000] {logging_mixin.py:188} INFO - [2026-06-11T13:39:00.729+0000] {dagbag.py:540} INFO - Filling up the DagBag from /opt/airflow/dags/producer_dag.py
[2026-06-11T13:39:00.753+0000] {processor.py:840} INFO - DAG(s) 'ecommerce_pipeline' retrieved from /opt/airflow/dags/producer_dag.py
[2026-06-11T13:39:00.795+0000] {logging_mixin.py:188} INFO - [2026-06-11T13:39:00.794+0000] {dag.py:3047} INFO - Sync 1 DAGs
[2026-06-11T13:39:00.829+0000] {logging_mixin.py:188} INFO - [2026-06-11T13:39:00.829+0000] {dag.py:3834} INFO - Setting next_dagrun for ecommerce_pipeline to 2026-06-10 00:00:00+00:00, run_after=2026-06-11 00:00:00+00:00
[2026-06-11T13:39:00.916+0000] {processor.py:183} INFO - Processing /opt/airflow/dags/producer_dag.py took 0.194 seconds
[2026-06-11T13:39:31.037+0000] {processor.py:161} INFO - Started process (PID=456) to work on /opt/airflow/dags/producer_dag.py
[2026-06-11T13:39:31.038+0000] {processor.py:830} INFO - Processing file /opt/airflow/dags/producer_dag.py for tasks to queue
[2026-06-11T13:39:31.039+0000] {logging_mixin.py:188} INFO - [2026-06-11T13:39:31.039+0000] {dagbag.py:540} INFO - Filling up the DagBag from /opt/airflow/dags/producer_dag.py
[2026-06-11T13:39:31.065+0000] {processor.py:840} INFO - DAG(s) 'ecommerce_pipeline' retrieved from /opt/airflow/dags/producer_dag.py
[2026-06-11T13:39:31.106+0000] {logging_mixin.py:188} INFO - [2026-06-11T13:39:31.106+0000] {dag.py:3047} INFO - Sync 1 DAGs
[2026-06-11T13:39:31.137+0000] {logging_mixin.py:188} INFO - [2026-06-11T13:39:31.137+0000] {dag.py:3834} INFO - Setting next_dagrun for ecommerce_pipeline to 2026-06-10 00:00:00+00:00, run_after=2026-06-11 00:00:00+00:00
[2026-06-11T13:39:31.165+0000] {processor.py:183} INFO - Processing /opt/airflow/dags/producer_dag.py took 0.132 seconds
[2026-06-11T13:40:01.446+0000] {processor.py:161} INFO - Started process (PID=466) to work on /opt/airflow/dags/producer_dag.py
[2026-06-11T13:40:01.447+0000] {processor.py:830} INFO - Processing file /opt/airflow/dags/producer_dag.py for tasks to queue
[2026-06-11T13:40:01.449+0000] {logging_mixin.py:188} INFO - [2026-06-11T13:40:01.448+0000] {dagbag.py:540} INFO - Filling up the DagBag from /opt/airflow/dags/producer_dag.py
[2026-06-11T13:40:01.479+0000] {processor.py:840} INFO - DAG(s) 'ecommerce_pipeline' retrieved from /opt/airflow/dags/producer_dag.py
[2026-06-11T13:40:01.520+0000] {logging_mixin.py:188} INFO - [2026-06-11T13:40:01.519+0000] {dag.py:3047} INFO - Sync 1 DAGs
[2026-06-11T13:40:01.549+0000] {logging_mixin.py:188} INFO - [2026-06-11T13:40:01.549+0000] {dag.py:3834} INFO - Setting next_dagrun for ecommerce_pipeline to 2026-06-10 00:00:00+00:00, run_after=2026-06-11 00:00:00+00:00
[2026-06-11T13:40:01.581+0000] {processor.py:183} INFO - Processing /opt/airflow/dags/producer_dag.py took 0.140 seconds
[2026-06-11T13:40:31.822+0000] {processor.py:161} INFO - Started process (PID=476) to work on /opt/airflow/dags/producer_dag.py
[2026-06-11T13:40:31.823+0000] {processor.py:830} INFO - Processing file /opt/airflow/dags/producer_dag.py for tasks to queue
[2026-06-11T13:40:31.825+0000] {logging_mixin.py:188} INFO - [2026-06-11T13:40:31.824+0000] {dagbag.py:540} INFO - Filling up the DagBag from /opt/airflow/dags/producer_dag.py
[2026-06-11T13:40:31.851+0000] {processor.py:840} INFO - DAG(s) 'ecommerce_pipeline' retrieved from /opt/airflow/dags/producer_dag.py
[2026-06-11T13:40:31.892+0000] {logging_mixin.py:188} INFO - [2026-06-11T13:40:31.891+0000] {dag.py:3047} INFO - Sync 1 DAGs
[2026-06-11T13:40:31.922+0000] {logging_mixin.py:188} INFO - [2026-06-11T13:40:31.921+0000] {dag.py:3834} INFO - Setting next_dagrun for ecommerce_pipeline to 2026-06-10 00:00:00+00:00, run_after=2026-06-11 00:00:00+00:00
[2026-06-11T13:40:31.973+0000] {processor.py:183} INFO - Processing /opt/airflow/dags/producer_dag.py took 0.156 seconds
[2026-06-11T13:41:02.225+0000] {processor.py:161} INFO - Started process (PID=486) to work on /opt/airflow/dags/producer_dag.py
[2026-06-11T13:41:02.227+0000] {processor.py:830} INFO - Processing file /opt/airflow/dags/producer_dag.py for tasks to queue
[2026-06-11T13:41:02.229+0000] {logging_mixin.py:188} INFO - [2026-06-11T13:41:02.228+0000] {dagbag.py:540} INFO - Filling up the DagBag from /opt/airflow/dags/producer_dag.py
[2026-06-11T13:41:02.258+0000] {processor.py:840} INFO - DAG(s) 'ecommerce_pipeline' retrieved from /opt/airflow/dags/producer_dag.py
[2026-06-11T13:41:02.297+0000] {logging_mixin.py:188} INFO - [2026-06-11T13:41:02.296+0000] {dag.py:3047} INFO - Sync 1 DAGs
[2026-06-11T13:41:02.326+0000] {logging_mixin.py:188} INFO - [2026-06-11T13:41:02.326+0000] {dag.py:3834} INFO - Setting next_dagrun for ecommerce_pipeline to 2026-06-10 00:00:00+00:00, run_after=2026-06-11 00:00:00+00:00
[2026-06-11T13:41:02.353+0000] {processor.py:183} INFO - Processing /opt/airflow/dags/producer_dag.py took 0.133 seconds
[2026-06-11T13:41:32.487+0000] {processor.py:161} INFO - Started process (PID=496) to work on /opt/airflow/dags/producer_dag.py
[2026-06-11T13:41:32.488+0000] {processor.py:830} INFO - Processing file /opt/airflow/dags/producer_dag.py for tasks to queue
[2026-06-11T13:41:32.489+0000] {logging_mixin.py:188} INFO - [2026-06-11T13:41:32.489+0000] {dagbag.py:540} INFO - Filling up the DagBag from /opt/airflow/dags/producer_dag.py
[2026-06-11T13:41:32.512+0000] {processor.py:840} INFO - DAG(s) 'ecommerce_pipeline' retrieved from /opt/airflow/dags/producer_dag.py
[2026-06-11T13:41:32.548+0000] {logging_mixin.py:188} INFO - [2026-06-11T13:41:32.548+0000] {dag.py:3047} INFO - Sync 1 DAGs
[2026-06-11T13:41:32.577+0000] {logging_mixin.py:188} INFO - [2026-06-11T13:41:32.577+0000] {dag.py:3834} INFO - Setting next_dagrun for ecommerce_pipeline to 2026-06-10 00:00:00+00:00, run_after=2026-06-11 00:00:00+00:00
[2026-06-11T13:41:32.603+0000] {processor.py:183} INFO - Processing /opt/airflow/dags/producer_dag.py took 0.120 seconds
[2026-06-11T13:42:02.836+0000] {processor.py:161} INFO - Started process (PID=506) to work on /opt/airflow/dags/producer_dag.py
[2026-06-11T13:42:02.837+0000] {processor.py:830} INFO - Processing file /opt/airflow/dags/producer_dag.py for tasks to queue
[2026-06-11T13:42:02.838+0000] {logging_mixin.py:188} INFO - [2026-06-11T13:42:02.837+0000] {dagbag.py:540} INFO - Filling up the DagBag from /opt/airflow/dags/producer_dag.py
[2026-06-11T13:42:02.862+0000] {processor.py:840} INFO - DAG(s) 'ecommerce_pipeline' retrieved from /opt/airflow/dags/producer_dag.py
[2026-06-11T13:42:02.898+0000] {logging_mixin.py:188} INFO - [2026-06-11T13:42:02.898+0000] {dag.py:3047} INFO - Sync 1 DAGs
[2026-06-11T13:42:02.938+0000] {logging_mixin.py:188} INFO - [2026-06-11T13:42:02.938+0000] {dag.py:3834} INFO - Setting next_dagrun for ecommerce_pipeline to 2026-06-10 00:00:00+00:00, run_after=2026-06-11 00:00:00+00:00
[2026-06-11T13:42:02.975+0000] {processor.py:183} INFO - Processing /opt/airflow/dags/producer_dag.py took 0.144 seconds
[2026-06-11T13:42:33.225+0000] {processor.py:161} INFO - Started process (PID=516) to work on /opt/airflow/dags/producer_dag.py
[2026-06-11T13:42:33.226+0000] {processor.py:830} INFO - Processing file /opt/airflow/dags/producer_dag.py for tasks to queue
[2026-06-11T13:42:33.228+0000] {logging_mixin.py:188} INFO - [2026-06-11T13:42:33.227+0000] {dagbag.py:540} INFO - Filling up the DagBag from /opt/airflow/dags/producer_dag.py
[2026-06-11T13:42:33.255+0000] {processor.py:840} INFO - DAG(s) 'ecommerce_pipeline' retrieved from /opt/airflow/dags/producer_dag.py
[2026-06-11T13:42:33.298+0000] {logging_mixin.py:188} INFO - [2026-06-11T13:42:33.297+0000] {dag.py:3047} INFO - Sync 1 DAGs
[2026-06-11T13:42:33.332+0000] {logging_mixin.py:188} INFO - [2026-06-11T13:42:33.332+0000] {dag.py:3834} INFO - Setting next_dagrun for ecommerce_pipeline to 2026-06-10 00:00:00+00:00, run_after=2026-06-11 00:00:00+00:00
[2026-06-11T13:42:33.362+0000] {processor.py:183} INFO - Processing /opt/airflow/dags/producer_dag.py took 0.141 seconds
[2026-06-11T13:43:03.526+0000] {processor.py:161} INFO - Started process (PID=526) to work on /opt/airflow/dags/producer_dag.py
[2026-06-11T13:43:03.528+0000] {processor.py:830} INFO - Processing file /opt/airflow/dags/producer_dag.py for tasks to queue
[2026-06-11T13:43:03.529+0000] {logging_mixin.py:188} INFO - [2026-06-11T13:43:03.529+0000] {dagbag.py:540} INFO - Filling up the DagBag from /opt/airflow/dags/producer_dag.py
[2026-06-11T13:43:03.558+0000] {processor.py:840} INFO - DAG(s) 'ecommerce_pipeline' retrieved from /opt/airflow/dags/producer_dag.py
[2026-06-11T13:43:03.604+0000] {logging_mixin.py:188} INFO - [2026-06-11T13:43:03.604+0000] {dag.py:3047} INFO - Sync 1 DAGs
[2026-06-11T13:43:03.635+0000] {logging_mixin.py:188} INFO - [2026-06-11T13:43:03.635+0000] {dag.py:3834} INFO - Setting next_dagrun for ecommerce_pipeline to 2026-06-10 00:00:00+00:00, run_after=2026-06-11 00:00:00+00:00
[2026-06-11T13:43:03.663+0000] {processor.py:183} INFO - Processing /opt/airflow/dags/producer_dag.py took 0.143 seconds
[2026-06-11T13:43:33.980+0000] {processor.py:161} INFO - Started process (PID=536) to work on /opt/airflow/dags/producer_dag.py
[2026-06-11T13:43:33.982+0000] {processor.py:830} INFO - Processing file /opt/airflow/dags/producer_dag.py for tasks to queue
[2026-06-11T13:43:33.985+0000] {logging_mixin.py:188} INFO - [2026-06-11T13:43:33.984+0000] {dagbag.py:540} INFO - Filling up the DagBag from /opt/airflow/dags/producer_dag.py
[2026-06-11T13:43:34.025+0000] {processor.py:840} INFO - DAG(s) 'ecommerce_pipeline' retrieved from /opt/airflow/dags/producer_dag.py
[2026-06-11T13:43:34.086+0000] {logging_mixin.py:188} INFO - [2026-06-11T13:43:34.086+0000] {dag.py:3047} INFO - Sync 1 DAGs
[2026-06-11T13:43:34.126+0000] {logging_mixin.py:188} INFO - [2026-06-11T13:43:34.125+0000] {dag.py:3834} INFO - Setting next_dagrun for ecommerce_pipeline to 2026-06-10 00:00:00+00:00, run_after=2026-06-11 00:00:00+00:00
[2026-06-11T13:43:34.172+0000] {processor.py:183} INFO - Processing /opt/airflow/dags/producer_dag.py took 0.202 seconds
[2026-06-11T13:44:04.292+0000] {processor.py:161} INFO - Started process (PID=546) to work on /opt/airflow/dags/producer_dag.py
[2026-06-11T13:44:04.293+0000] {processor.py:830} INFO - Processing file /opt/airflow/dags/producer_dag.py for tasks to queue
[2026-06-11T13:44:04.294+0000] {logging_mixin.py:188} INFO - [2026-06-11T13:44:04.294+0000] {dagbag.py:540} INFO - Filling up the DagBag from /opt/airflow/dags/producer_dag.py
[2026-06-11T13:44:04.320+0000] {processor.py:840} INFO - DAG(s) 'ecommerce_pipeline' retrieved from /opt/airflow/dags/producer_dag.py
[2026-06-11T13:44:04.358+0000] {logging_mixin.py:188} INFO - [2026-06-11T13:44:04.357+0000] {dag.py:3047} INFO - Sync 1 DAGs
[2026-06-11T13:44:04.389+0000] {logging_mixin.py:188} INFO - [2026-06-11T13:44:04.389+0000] {dag.py:3834} INFO - Setting next_dagrun for ecommerce_pipeline to 2026-06-10 00:00:00+00:00, run_after=2026-06-11 00:00:00+00:00
[2026-06-11T13:44:04.424+0000] {processor.py:183} INFO - Processing /opt/airflow/dags/producer_dag.py took 0.136 seconds
[2026-06-11T13:44:34.672+0000] {processor.py:161} INFO - Started process (PID=556) to work on /opt/airflow/dags/producer_dag.py
[2026-06-11T13:44:34.673+0000] {processor.py:830} INFO - Processing file /opt/airflow/dags/producer_dag.py for tasks to queue
[2026-06-11T13:44:34.674+0000] {logging_mixin.py:188} INFO - [2026-06-11T13:44:34.674+0000] {dagbag.py:540} INFO - Filling up the DagBag from /opt/airflow/dags/producer_dag.py
[2026-06-11T13:44:34.701+0000] {processor.py:840} INFO - DAG(s) 'ecommerce_pipeline' retrieved from /opt/airflow/dags/producer_dag.py
[2026-06-11T13:44:34.746+0000] {logging_mixin.py:188} INFO - [2026-06-11T13:44:34.746+0000] {dag.py:3047} INFO - Sync 1 DAGs
[2026-06-11T13:44:34.774+0000] {logging_mixin.py:188} INFO - [2026-06-11T13:44:34.774+0000] {dag.py:3834} INFO - Setting next_dagrun for ecommerce_pipeline to 2026-06-10 00:00:00+00:00, run_after=2026-06-11 00:00:00+00:00
[2026-06-11T13:44:34.805+0000] {processor.py:183} INFO - Processing /opt/airflow/dags/producer_dag.py took 0.138 seconds
[2026-06-11T13:45:05.090+0000] {processor.py:161} INFO - Started process (PID=566) to work on /opt/airflow/dags/producer_dag.py
[2026-06-11T13:45:05.092+0000] {processor.py:830} INFO - Processing file /opt/airflow/dags/producer_dag.py for tasks to queue
[2026-06-11T13:45:05.098+0000] {logging_mixin.py:188} INFO - [2026-06-11T13:45:05.097+0000] {dagbag.py:540} INFO - Filling up the DagBag from /opt/airflow/dags/producer_dag.py
[2026-06-11T13:45:05.146+0000] {processor.py:840} INFO - DAG(s) 'ecommerce_pipeline' retrieved from /opt/airflow/dags/producer_dag.py
[2026-06-11T13:45:05.192+0000] {logging_mixin.py:188} INFO - [2026-06-11T13:45:05.192+0000] {dag.py:3047} INFO - Sync 1 DAGs
[2026-06-11T13:45:05.230+0000] {logging_mixin.py:188} INFO - [2026-06-11T13:45:05.229+0000] {dag.py:3834} INFO - Setting next_dagrun for ecommerce_pipeline to 2026-06-10 00:00:00+00:00, run_after=2026-06-11 00:00:00+00:00
[2026-06-11T13:45:05.273+0000] {processor.py:183} INFO - Processing /opt/airflow/dags/producer_dag.py took 0.191 seconds
[2026-06-11T13:45:35.420+0000] {processor.py:161} INFO - Started process (PID=576) to work on /opt/airflow/dags/producer_dag.py
[2026-06-11T13:45:35.422+0000] {processor.py:830} INFO - Processing file /opt/airflow/dags/producer_dag.py for tasks to queue
[2026-06-11T13:45:35.423+0000] {logging_mixin.py:188} INFO - [2026-06-11T13:45:35.423+0000] {dagbag.py:540} INFO - Filling up the DagBag from /opt/airflow/dags/producer_dag.py
[2026-06-11T13:45:35.450+0000] {processor.py:840} INFO - DAG(s) 'ecommerce_pipeline' retrieved from /opt/airflow/dags/producer_dag.py
[2026-06-11T13:45:35.497+0000] {logging_mixin.py:188} INFO - [2026-06-11T13:45:35.497+0000] {dag.py:3047} INFO - Sync 1 DAGs
[2026-06-11T13:45:35.529+0000] {logging_mixin.py:188} INFO - [2026-06-11T13:45:35.529+0000] {dag.py:3834} INFO - Setting next_dagrun for ecommerce_pipeline to 2026-06-10 00:00:00+00:00, run_after=2026-06-11 00:00:00+00:00
[2026-06-11T13:45:35.556+0000] {processor.py:183} INFO - Processing /opt/airflow/dags/producer_dag.py took 0.140 seconds
[2026-06-11T13:46:05.801+0000] {processor.py:161} INFO - Started process (PID=586) to work on /opt/airflow/dags/producer_dag.py
[2026-06-11T13:46:05.802+0000] {processor.py:830} INFO - Processing file /opt/airflow/dags/producer_dag.py for tasks to queue
[2026-06-11T13:46:05.804+0000] {logging_mixin.py:188} INFO - [2026-06-11T13:46:05.803+0000] {dagbag.py:540} INFO - Filling up the DagBag from /opt/airflow/dags/producer_dag.py
[2026-06-11T13:46:05.831+0000] {processor.py:840} INFO - DAG(s) 'ecommerce_pipeline' retrieved from /opt/airflow/dags/producer_dag.py
[2026-06-11T13:46:05.873+0000] {logging_mixin.py:188} INFO - [2026-06-11T13:46:05.873+0000] {dag.py:3047} INFO - Sync 1 DAGs
[2026-06-11T13:46:05.904+0000] {logging_mixin.py:188} INFO - [2026-06-11T13:46:05.904+0000] {dag.py:3834} INFO - Setting next_dagrun for ecommerce_pipeline to 2026-06-10 00:00:00+00:00, run_after=2026-06-11 00:00:00+00:00
[2026-06-11T13:46:05.931+0000] {processor.py:183} INFO - Processing /opt/airflow/dags/producer_dag.py took 0.136 seconds
[2026-06-11T13:46:36.060+0000] {processor.py:161} INFO - Started process (PID=596) to work on /opt/airflow/dags/producer_dag.py
[2026-06-11T13:46:36.061+0000] {processor.py:830} INFO - Processing file /opt/airflow/dags/producer_dag.py for tasks to queue
[2026-06-11T13:46:36.062+0000] {logging_mixin.py:188} INFO - [2026-06-11T13:46:36.061+0000] {dagbag.py:540} INFO - Filling up the DagBag from /opt/airflow/dags/producer_dag.py
[2026-06-11T13:46:36.086+0000] {processor.py:840} INFO - DAG(s) 'ecommerce_pipeline' retrieved from /opt/airflow/dags/producer_dag.py
[2026-06-11T13:46:36.125+0000] {logging_mixin.py:188} INFO - [2026-06-11T13:46:36.125+0000] {dag.py:3047} INFO - Sync 1 DAGs
[2026-06-11T13:46:36.160+0000] {logging_mixin.py:188} INFO - [2026-06-11T13:46:36.160+0000] {dag.py:3834} INFO - Setting next_dagrun for ecommerce_pipeline to 2026-06-10 00:00:00+00:00, run_after=2026-06-11 00:00:00+00:00
[2026-06-11T13:46:36.194+0000] {processor.py:183} INFO - Processing /opt/airflow/dags/producer_dag.py took 0.138 seconds
[2026-06-11T13:47:06.487+0000] {processor.py:161} INFO - Started process (PID=606) to work on /opt/airflow/dags/producer_dag.py
[2026-06-11T13:47:06.489+0000] {processor.py:830} INFO - Processing file /opt/airflow/dags/producer_dag.py for tasks to queue
[2026-06-11T13:47:06.492+0000] {logging_mixin.py:188} INFO - [2026-06-11T13:47:06.491+0000] {dagbag.py:540} INFO - Filling up the DagBag from /opt/airflow/dags/producer_dag.py
[2026-06-11T13:47:06.538+0000] {processor.py:840} INFO - DAG(s) 'ecommerce_pipeline' retrieved from /opt/airflow/dags/producer_dag.py
[2026-06-11T13:47:06.582+0000] {logging_mixin.py:188} INFO - [2026-06-11T13:47:06.582+0000] {dag.py:3047} INFO - Sync 1 DAGs
[2026-06-11T13:47:06.618+0000] {logging_mixin.py:188} INFO - [2026-06-11T13:47:06.618+0000] {dag.py:3834} INFO - Setting next_dagrun for ecommerce_pipeline to 2026-06-10 00:00:00+00:00, run_after=2026-06-11 00:00:00+00:00
[2026-06-11T13:47:06.673+0000] {processor.py:183} INFO - Processing /opt/airflow/dags/producer_dag.py took 0.194 seconds
[2026-06-11T13:47:36.779+0000] {processor.py:161} INFO - Started process (PID=616) to work on /opt/airflow/dags/producer_dag.py
[2026-06-11T13:47:36.780+0000] {processor.py:830} INFO - Processing file /opt/airflow/dags/producer_dag.py for tasks to queue
[2026-06-11T13:47:36.782+0000] {logging_mixin.py:188} INFO - [2026-06-11T13:47:36.782+0000] {dagbag.py:540} INFO - Filling up the DagBag from /opt/airflow/dags/producer_dag.py
[2026-06-11T13:47:36.814+0000] {processor.py:840} INFO - DAG(s) 'ecommerce_pipeline' retrieved from /opt/airflow/dags/producer_dag.py
[2026-06-11T13:47:36.861+0000] {logging_mixin.py:188} INFO - [2026-06-11T13:47:36.860+0000] {dag.py:3047} INFO - Sync 1 DAGs
[2026-06-11T13:47:36.893+0000] {logging_mixin.py:188} INFO - [2026-06-11T13:47:36.893+0000] {dag.py:3834} INFO - Setting next_dagrun for ecommerce_pipeline to 2026-06-10 00:00:00+00:00, run_after=2026-06-11 00:00:00+00:00
[2026-06-11T13:47:36.941+0000] {processor.py:183} INFO - Processing /opt/airflow/dags/producer_dag.py took 0.168 seconds
[2026-06-11T13:48:07.197+0000] {processor.py:161} INFO - Started process (PID=626) to work on /opt/airflow/dags/producer_dag.py
[2026-06-11T13:48:07.198+0000] {processor.py:830} INFO - Processing file /opt/airflow/dags/producer_dag.py for tasks to queue
[2026-06-11T13:48:07.200+0000] {logging_mixin.py:188} INFO - [2026-06-11T13:48:07.199+0000] {dagbag.py:540} INFO - Filling up the DagBag from /opt/airflow/dags/producer_dag.py
[2026-06-11T13:48:07.224+0000] {processor.py:840} INFO - DAG(s) 'ecommerce_pipeline' retrieved from /opt/airflow/dags/producer_dag.py
[2026-06-11T13:48:07.263+0000] {logging_mixin.py:188} INFO - [2026-06-11T13:48:07.263+0000] {dag.py:3047} INFO - Sync 1 DAGs
[2026-06-11T13:48:07.294+0000] {logging_mixin.py:188} INFO - [2026-06-11T13:48:07.294+0000] {dag.py:3834} INFO - Setting next_dagrun for ecommerce_pipeline to 2026-06-10 00:00:00+00:00, run_after=2026-06-11 00:00:00+00:00
[2026-06-11T13:48:07.334+0000] {processor.py:183} INFO - Processing /opt/airflow/dags/producer_dag.py took 0.141 seconds
[2026-06-11T13:48:37.468+0000] {processor.py:161} INFO - Started process (PID=636) to work on /opt/airflow/dags/producer_dag.py
[2026-06-11T13:48:37.469+0000] {processor.py:830} INFO - Processing file /opt/airflow/dags/producer_dag.py for tasks to queue
[2026-06-11T13:48:37.470+0000] {logging_mixin.py:188} INFO - [2026-06-11T13:48:37.470+0000] {dagbag.py:540} INFO - Filling up the DagBag from /opt/airflow/dags/producer_dag.py
[2026-06-11T13:48:37.493+0000] {processor.py:840} INFO - DAG(s) 'ecommerce_pipeline' retrieved from /opt/airflow/dags/producer_dag.py
[2026-06-11T13:48:37.532+0000] {logging_mixin.py:188} INFO - [2026-06-11T13:48:37.532+0000] {dag.py:3047} INFO - Sync 1 DAGs
[2026-06-11T13:48:37.559+0000] {logging_mixin.py:188} INFO - [2026-06-11T13:48:37.559+0000] {dag.py:3834} INFO - Setting next_dagrun for ecommerce_pipeline to 2026-06-10 00:00:00+00:00, run_after=2026-06-11 00:00:00+00:00
[2026-06-11T13:48:37.583+0000] {processor.py:183} INFO - Processing /opt/airflow/dags/producer_dag.py took 0.119 seconds
[2026-06-11T13:49:07.823+0000] {processor.py:161} INFO - Started process (PID=646) to work on /opt/airflow/dags/producer_dag.py
[2026-06-11T13:49:07.824+0000] {processor.py:830} INFO - Processing file /opt/airflow/dags/producer_dag.py for tasks to queue
[2026-06-11T13:49:07.825+0000] {logging_mixin.py:188} INFO - [2026-06-11T13:49:07.825+0000] {dagbag.py:540} INFO - Filling up the DagBag from /opt/airflow/dags/producer_dag.py
[2026-06-11T13:49:07.850+0000] {processor.py:840} INFO - DAG(s) 'ecommerce_pipeline' retrieved from /opt/airflow/dags/producer_dag.py
[2026-06-11T13:49:07.886+0000] {logging_mixin.py:188} INFO - [2026-06-11T13:49:07.886+0000] {dag.py:3047} INFO - Sync 1 DAGs
[2026-06-11T13:49:07.915+0000] {logging_mixin.py:188} INFO - [2026-06-11T13:49:07.915+0000] {dag.py:3834} INFO - Setting next_dagrun for ecommerce_pipeline to 2026-06-10 00:00:00+00:00, run_after=2026-06-11 00:00:00+00:00
[2026-06-11T13:49:07.941+0000] {processor.py:183} INFO - Processing /opt/airflow/dags/producer_dag.py took 0.123 seconds
[2026-06-11T13:49:38.182+0000] {processor.py:161} INFO - Started process (PID=656) to work on /opt/airflow/dags/producer_dag.py
[2026-06-11T13:49:38.183+0000] {processor.py:830} INFO - Processing file /opt/airflow/dags/producer_dag.py for tasks to queue
[2026-06-11T13:49:38.185+0000] {logging_mixin.py:188} INFO - [2026-06-11T13:49:38.185+0000] {dagbag.py:540} INFO - Filling up the DagBag from /opt/airflow/dags/producer_dag.py
[2026-06-11T13:49:38.214+0000] {processor.py:840} INFO - DAG(s) 'ecommerce_pipeline' retrieved from /opt/airflow/dags/producer_dag.py
[2026-06-11T13:49:38.252+0000] {logging_mixin.py:188} INFO - [2026-06-11T13:49:38.252+0000] {dag.py:3047} INFO - Sync 1 DAGs
[2026-06-11T13:49:38.279+0000] {logging_mixin.py:188} INFO - [2026-06-11T13:49:38.278+0000] {dag.py:3834} INFO - Setting next_dagrun for ecommerce_pipeline to 2026-06-10 00:00:00+00:00, run_after=2026-06-11 00:00:00+00:00
[2026-06-11T13:49:38.307+0000] {processor.py:183} INFO - Processing /opt/airflow/dags/producer_dag.py took 0.129 seconds
[2026-06-11T13:50:08.431+0000] {processor.py:161} INFO - Started process (PID=666) to work on /opt/airflow/dags/producer_dag.py
[2026-06-11T13:50:08.432+0000] {processor.py:830} INFO - Processing file /opt/airflow/dags/producer_dag.py for tasks to queue
[2026-06-11T13:50:08.434+0000] {logging_mixin.py:188} INFO - [2026-06-11T13:50:08.434+0000] {dagbag.py:540} INFO - Filling up the DagBag from /opt/airflow/dags/producer_dag.py
[2026-06-11T13:50:08.458+0000] {processor.py:840} INFO - DAG(s) 'ecommerce_pipeline' retrieved from /opt/airflow/dags/producer_dag.py
[2026-06-11T13:50:08.500+0000] {logging_mixin.py:188} INFO - [2026-06-11T13:50:08.499+0000] {dag.py:3047} INFO - Sync 1 DAGs
[2026-06-11T13:50:08.530+0000] {logging_mixin.py:188} INFO - [2026-06-11T13:50:08.530+0000] {dag.py:3834} INFO - Setting next_dagrun for ecommerce_pipeline to 2026-06-10 00:00:00+00:00, run_after=2026-06-11 00:00:00+00:00
[2026-06-11T13:50:08.558+0000] {processor.py:183} INFO - Processing /opt/airflow/dags/producer_dag.py took 0.131 seconds
[2026-06-11T13:50:38.804+0000] {processor.py:161} INFO - Started process (PID=676) to work on /opt/airflow/dags/producer_dag.py
[2026-06-11T13:50:38.805+0000] {processor.py:830} INFO - Processing file /opt/airflow/dags/producer_dag.py for tasks to queue
[2026-06-11T13:50:38.806+0000] {logging_mixin.py:188} INFO - [2026-06-11T13:50:38.806+0000] {dagbag.py:540} INFO - Filling up the DagBag from /opt/airflow/dags/producer_dag.py
[2026-06-11T13:50:38.830+0000] {processor.py:840} INFO - DAG(s) 'ecommerce_pipeline' retrieved from /opt/airflow/dags/producer_dag.py
[2026-06-11T13:50:38.871+0000] {logging_mixin.py:188} INFO - [2026-06-11T13:50:38.871+0000] {dag.py:3047} INFO - Sync 1 DAGs
[2026-06-11T13:50:38.902+0000] {logging_mixin.py:188} INFO - [2026-06-11T13:50:38.902+0000] {dag.py:3834} INFO - Setting next_dagrun for ecommerce_pipeline to 2026-06-10 00:00:00+00:00, run_after=2026-06-11 00:00:00+00:00
[2026-06-11T13:50:38.927+0000] {processor.py:183} INFO - Processing /opt/airflow/dags/producer_dag.py took 0.127 seconds
[2026-06-11T13:51:09.186+0000] {processor.py:161} INFO - Started process (PID=686) to work on /opt/airflow/dags/producer_dag.py
[2026-06-11T13:51:09.187+0000] {processor.py:830} INFO - Processing file /opt/airflow/dags/producer_dag.py for tasks to queue
[2026-06-11T13:51:09.189+0000] {logging_mixin.py:188} INFO - [2026-06-11T13:51:09.189+0000] {dagbag.py:540} INFO - Filling up the DagBag from /opt/airflow/dags/producer_dag.py
[2026-06-11T13:51:09.215+0000] {processor.py:840} INFO - DAG(s) 'ecommerce_pipeline' retrieved from /opt/airflow/dags/producer_dag.py
[2026-06-11T13:51:09.254+0000] {logging_mixin.py:188} INFO - [2026-06-11T13:51:09.254+0000] {dag.py:3047} INFO - Sync 1 DAGs
[2026-06-11T13:51:09.283+0000] {logging_mixin.py:188} INFO - [2026-06-11T13:51:09.283+0000] {dag.py:3834} INFO - Setting next_dagrun for ecommerce_pipeline to 2026-06-10 00:00:00+00:00, run_after=2026-06-11 00:00:00+00:00
[2026-06-11T13:51:09.308+0000] {processor.py:183} INFO - Processing /opt/airflow/dags/producer_dag.py took 0.127 seconds
[2026-06-11T13:51:39.550+0000] {processor.py:161} INFO - Started process (PID=696) to work on /opt/airflow/dags/producer_dag.py
[2026-06-11T13:51:39.551+0000] {processor.py:830} INFO - Processing file /opt/airflow/dags/producer_dag.py for tasks to queue
[2026-06-11T13:51:39.553+0000] {logging_mixin.py:188} INFO - [2026-06-11T13:51:39.552+0000] {dagbag.py:540} INFO - Filling up the DagBag from /opt/airflow/dags/producer_dag.py
[2026-06-11T13:51:39.581+0000] {processor.py:840} INFO - DAG(s) 'ecommerce_pipeline' retrieved from /opt/airflow/dags/producer_dag.py
[2026-06-11T13:51:39.625+0000] {logging_mixin.py:188} INFO - [2026-06-11T13:51:39.625+0000] {dag.py:3047} INFO - Sync 1 DAGs
[2026-06-11T13:51:39.657+0000] {logging_mixin.py:188} INFO - [2026-06-11T13:51:39.656+0000] {dag.py:3834} INFO - Setting next_dagrun for ecommerce_pipeline to 2026-06-10 00:00:00+00:00, run_after=2026-06-11 00:00:00+00:00
[2026-06-11T13:51:39.683+0000] {processor.py:183} INFO - Processing /opt/airflow/dags/producer_dag.py took 0.138 seconds
[2026-06-11T13:52:09.926+0000] {processor.py:161} INFO - Started process (PID=706) to work on /opt/airflow/dags/producer_dag.py
[2026-06-11T13:52:09.927+0000] {processor.py:830} INFO - Processing file /opt/airflow/dags/producer_dag.py for tasks to queue
[2026-06-11T13:52:09.929+0000] {logging_mixin.py:188} INFO - [2026-06-11T13:52:09.928+0000] {dagbag.py:540} INFO - Filling up the DagBag from /opt/airflow/dags/producer_dag.py
[2026-06-11T13:52:09.956+0000] {processor.py:840} INFO - DAG(s) 'ecommerce_pipeline' retrieved from /opt/airflow/dags/producer_dag.py
[2026-06-11T13:52:09.995+0000] {logging_mixin.py:188} INFO - [2026-06-11T13:52:09.994+0000] {dag.py:3047} INFO - Sync 1 DAGs
[2026-06-11T13:52:10.025+0000] {logging_mixin.py:188} INFO - [2026-06-11T13:52:10.024+0000] {dag.py:3834} INFO - Setting next_dagrun for ecommerce_pipeline to 2026-06-10 00:00:00+00:00, run_after=2026-06-11 00:00:00+00:00
[2026-06-11T13:52:10.053+0000] {processor.py:183} INFO - Processing /opt/airflow/dags/producer_dag.py took 0.131 seconds
[2026-06-11T13:52:40.341+0000] {processor.py:161} INFO - Started process (PID=716) to work on /opt/airflow/dags/producer_dag.py
[2026-06-11T13:52:40.343+0000] {processor.py:830} INFO - Processing file /opt/airflow/dags/producer_dag.py for tasks to queue
[2026-06-11T13:52:40.346+0000] {logging_mixin.py:188} INFO - [2026-06-11T13:52:40.345+0000] {dagbag.py:540} INFO - Filling up the DagBag from /opt/airflow/dags/producer_dag.py
[2026-06-11T13:52:40.389+0000] {processor.py:840} INFO - DAG(s) 'ecommerce_pipeline' retrieved from /opt/airflow/dags/producer_dag.py
[2026-06-11T13:52:40.453+0000] {logging_mixin.py:188} INFO - [2026-06-11T13:52:40.453+0000] {dag.py:3047} INFO - Sync 1 DAGs
[2026-06-11T13:52:40.506+0000] {logging_mixin.py:188} INFO - [2026-06-11T13:52:40.506+0000] {dag.py:3834} INFO - Setting next_dagrun for ecommerce_pipeline to 2026-06-10 00:00:00+00:00, run_after=2026-06-11 00:00:00+00:00
[2026-06-11T13:52:40.555+0000] {processor.py:183} INFO - Processing /opt/airflow/dags/producer_dag.py took 0.228 seconds
[2026-06-11T13:53:10.657+0000] {processor.py:161} INFO - Started process (PID=726) to work on /opt/airflow/dags/producer_dag.py
[2026-06-11T13:53:10.658+0000] {processor.py:830} INFO - Processing file /opt/airflow/dags/producer_dag.py for tasks to queue
[2026-06-11T13:53:10.660+0000] {logging_mixin.py:188} INFO - [2026-06-11T13:53:10.659+0000] {dagbag.py:540} INFO - Filling up the DagBag from /opt/airflow/dags/producer_dag.py
[2026-06-11T13:53:10.688+0000] {processor.py:840} INFO - DAG(s) 'ecommerce_pipeline' retrieved from /opt/airflow/dags/producer_dag.py
[2026-06-11T13:53:10.732+0000] {logging_mixin.py:188} INFO - [2026-06-11T13:53:10.732+0000] {dag.py:3047} INFO - Sync 1 DAGs
[2026-06-11T13:53:10.763+0000] {logging_mixin.py:188} INFO - [2026-06-11T13:53:10.763+0000] {dag.py:3834} INFO - Setting next_dagrun for ecommerce_pipeline to 2026-06-10 00:00:00+00:00, run_after=2026-06-11 00:00:00+00:00
[2026-06-11T13:53:10.789+0000] {processor.py:183} INFO - Processing /opt/airflow/dags/producer_dag.py took 0.138 seconds
[2026-06-11T13:53:41.032+0000] {processor.py:161} INFO - Started process (PID=736) to work on /opt/airflow/dags/producer_dag.py
[2026-06-11T13:53:41.033+0000] {processor.py:830} INFO - Processing file /opt/airflow/dags/producer_dag.py for tasks to queue
[2026-06-11T13:53:41.034+0000] {logging_mixin.py:188} INFO - [2026-06-11T13:53:41.034+0000] {dagbag.py:540} INFO - Filling up the DagBag from /opt/airflow/dags/producer_dag.py
[2026-06-11T13:53:41.061+0000] {processor.py:840} INFO - DAG(s) 'ecommerce_pipeline' retrieved from /opt/airflow/dags/producer_dag.py
[2026-06-11T13:53:41.104+0000] {logging_mixin.py:188} INFO - [2026-06-11T13:53:41.103+0000] {dag.py:3047} INFO - Sync 1 DAGs
[2026-06-11T13:53:41.132+0000] {logging_mixin.py:188} INFO - [2026-06-11T13:53:41.131+0000] {dag.py:3834} INFO - Setting next_dagrun for ecommerce_pipeline to 2026-06-10 00:00:00+00:00, run_after=2026-06-11 00:00:00+00:00
[2026-06-11T13:53:41.158+0000] {processor.py:183} INFO - Processing /opt/airflow/dags/producer_dag.py took 0.132 seconds
[2026-06-11T13:54:11.399+0000] {processor.py:161} INFO - Started process (PID=746) to work on /opt/airflow/dags/producer_dag.py
[2026-06-11T13:54:11.401+0000] {processor.py:830} INFO - Processing file /opt/airflow/dags/producer_dag.py for tasks to queue
[2026-06-11T13:54:11.402+0000] {logging_mixin.py:188} INFO - [2026-06-11T13:54:11.402+0000] {dagbag.py:540} INFO - Filling up the DagBag from /opt/airflow/dags/producer_dag.py
[2026-06-11T13:54:11.430+0000] {processor.py:840} INFO - DAG(s) 'ecommerce_pipeline' retrieved from /opt/airflow/dags/producer_dag.py
[2026-06-11T13:54:11.469+0000] {logging_mixin.py:188} INFO - [2026-06-11T13:54:11.469+0000] {dag.py:3047} INFO - Sync 1 DAGs
[2026-06-11T13:54:11.497+0000] {logging_mixin.py:188} INFO - [2026-06-11T13:54:11.496+0000] {dag.py:3834} INFO - Setting next_dagrun for ecommerce_pipeline to 2026-06-10 00:00:00+00:00, run_after=2026-06-11 00:00:00+00:00
[2026-06-11T13:54:11.525+0000] {processor.py:183} INFO - Processing /opt/airflow/dags/producer_dag.py took 0.130 seconds
[2026-06-11T13:54:41.654+0000] {processor.py:161} INFO - Started process (PID=756) to work on /opt/airflow/dags/producer_dag.py
[2026-06-11T13:54:41.655+0000] {processor.py:830} INFO - Processing file /opt/airflow/dags/producer_dag.py for tasks to queue
[2026-06-11T13:54:41.656+0000] {logging_mixin.py:188} INFO - [2026-06-11T13:54:41.656+0000] {dagbag.py:540} INFO - Filling up the DagBag from /opt/airflow/dags/producer_dag.py
[2026-06-11T13:54:41.680+0000] {processor.py:840} INFO - DAG(s) 'ecommerce_pipeline' retrieved from /opt/airflow/dags/producer_dag.py
[2026-06-11T13:54:41.717+0000] {logging_mixin.py:188} INFO - [2026-06-11T13:54:41.716+0000] {dag.py:3047} INFO - Sync 1 DAGs
[2026-06-11T13:54:41.743+0000] {logging_mixin.py:188} INFO - [2026-06-11T13:54:41.743+0000] {dag.py:3834} INFO - Setting next_dagrun for ecommerce_pipeline to 2026-06-10 00:00:00+00:00, run_after=2026-06-11 00:00:00+00:00
[2026-06-11T13:54:41.770+0000] {processor.py:183} INFO - Processing /opt/airflow/dags/producer_dag.py took 0.121 seconds
[2026-06-11T13:55:12.010+0000] {processor.py:161} INFO - Started process (PID=766) to work on /opt/airflow/dags/producer_dag.py
[2026-06-11T13:55:12.011+0000] {processor.py:830} INFO - Processing file /opt/airflow/dags/producer_dag.py for tasks to queue
[2026-06-11T13:55:12.013+0000] {logging_mixin.py:188} INFO - [2026-06-11T13:55:12.013+0000] {dagbag.py:540} INFO - Filling up the DagBag from /opt/airflow/dags/producer_dag.py
[2026-06-11T13:55:12.039+0000] {processor.py:840} INFO - DAG(s) 'ecommerce_pipeline' retrieved from /opt/airflow/dags/producer_dag.py
[2026-06-11T13:55:12.079+0000] {logging_mixin.py:188} INFO - [2026-06-11T13:55:12.078+0000] {dag.py:3047} INFO - Sync 1 DAGs
[2026-06-11T13:55:12.107+0000] {logging_mixin.py:188} INFO - [2026-06-11T13:55:12.107+0000] {dag.py:3834} INFO - Setting next_dagrun for ecommerce_pipeline to 2026-06-10 00:00:00+00:00, run_after=2026-06-11 00:00:00+00:00
[2026-06-11T13:55:12.134+0000] {processor.py:183} INFO - Processing /opt/airflow/dags/producer_dag.py took 0.128 seconds
[2026-06-11T13:55:42.386+0000] {processor.py:161} INFO - Started process (PID=776) to work on /opt/airflow/dags/producer_dag.py
[2026-06-11T13:55:42.387+0000] {processor.py:830} INFO - Processing file /opt/airflow/dags/producer_dag.py for tasks to queue
[2026-06-11T13:55:42.389+0000] {logging_mixin.py:188} INFO - [2026-06-11T13:55:42.388+0000] {dagbag.py:540} INFO - Filling up the DagBag from /opt/airflow/dags/producer_dag.py
[2026-06-11T13:55:42.414+0000] {processor.py:840} INFO - DAG(s) 'ecommerce_pipeline' retrieved from /opt/airflow/dags/producer_dag.py
[2026-06-11T13:55:42.453+0000] {logging_mixin.py:188} INFO - [2026-06-11T13:55:42.453+0000] {dag.py:3047} INFO - Sync 1 DAGs
[2026-06-11T13:55:42.484+0000] {logging_mixin.py:188} INFO - [2026-06-11T13:55:42.484+0000] {dag.py:3834} INFO - Setting next_dagrun for ecommerce_pipeline to 2026-06-10 00:00:00+00:00, run_after=2026-06-11 00:00:00+00:00
[2026-06-11T13:55:42.514+0000] {processor.py:183} INFO - Processing /opt/airflow/dags/producer_dag.py took 0.133 seconds
