[2026-06-10T13:26:22.571+0000] {processor.py:161} INFO - Started process (PID=171) to work on /opt/airflow/dags/ecommerce_pipeline.py
[2026-06-10T13:26:22.572+0000] {processor.py:830} INFO - Processing file /opt/airflow/dags/ecommerce_pipeline.py for tasks to queue
[2026-06-10T13:26:22.573+0000] {logging_mixin.py:188} INFO - [2026-06-10T13:26:22.573+0000] {dagbag.py:540} INFO - Filling up the DagBag from /opt/airflow/dags/ecommerce_pipeline.py
[2026-06-10T13:26:22.598+0000] {logging_mixin.py:188} INFO - [2026-06-10T13:26:22.594+0000] {dagbag.py:350} ERROR - Failed to import: /opt/airflow/dags/ecommerce_pipeline.py
Traceback (most recent call last):
  File "/home/airflow/.local/lib/python3.8/site-packages/airflow/models/dagbag.py", line 346, in parse
    loader.exec_module(new_module)
  File "<frozen importlib._bootstrap_external>", line 843, in exec_module
  File "<frozen importlib._bootstrap>", line 219, in _call_with_frames_removed
  File "/opt/airflow/dags/ecommerce_pipeline.py", line 53, in <module>
    generate_data >> gold_job >> load_postgres
NameError: name 'generate_data' is not defined
[2026-06-10T13:26:22.600+0000] {processor.py:842} WARNING - No viable dags retrieved from /opt/airflow/dags/ecommerce_pipeline.py
[2026-06-10T13:26:22.641+0000] {processor.py:183} INFO - Processing /opt/airflow/dags/ecommerce_pipeline.py took 0.075 seconds
[2026-06-10T13:26:52.828+0000] {processor.py:161} INFO - Started process (PID=176) to work on /opt/airflow/dags/ecommerce_pipeline.py
[2026-06-10T13:26:52.837+0000] {processor.py:830} INFO - Processing file /opt/airflow/dags/ecommerce_pipeline.py for tasks to queue
[2026-06-10T13:26:52.840+0000] {logging_mixin.py:188} INFO - [2026-06-10T13:26:52.839+0000] {dagbag.py:540} INFO - Filling up the DagBag from /opt/airflow/dags/ecommerce_pipeline.py
[2026-06-10T13:26:52.881+0000] {logging_mixin.py:188} INFO - [2026-06-10T13:26:52.875+0000] {dagbag.py:350} ERROR - Failed to import: /opt/airflow/dags/ecommerce_pipeline.py
Traceback (most recent call last):
  File "/home/airflow/.local/lib/python3.8/site-packages/airflow/models/dagbag.py", line 346, in parse
    loader.exec_module(new_module)
  File "<frozen importlib._bootstrap_external>", line 843, in exec_module
  File "<frozen importlib._bootstrap>", line 219, in _call_with_frames_removed
  File "/opt/airflow/dags/ecommerce_pipeline.py", line 53, in <module>
    generate_data >> gold_job >> load_postgres
NameError: name 'generate_data' is not defined
[2026-06-10T13:26:52.883+0000] {processor.py:842} WARNING - No viable dags retrieved from /opt/airflow/dags/ecommerce_pipeline.py
[2026-06-10T13:26:52.944+0000] {processor.py:183} INFO - Processing /opt/airflow/dags/ecommerce_pipeline.py took 0.121 seconds
[2026-06-10T13:27:23.135+0000] {processor.py:161} INFO - Started process (PID=181) to work on /opt/airflow/dags/ecommerce_pipeline.py
[2026-06-10T13:27:23.136+0000] {processor.py:830} INFO - Processing file /opt/airflow/dags/ecommerce_pipeline.py for tasks to queue
[2026-06-10T13:27:23.138+0000] {logging_mixin.py:188} INFO - [2026-06-10T13:27:23.137+0000] {dagbag.py:540} INFO - Filling up the DagBag from /opt/airflow/dags/ecommerce_pipeline.py
[2026-06-10T13:27:23.162+0000] {logging_mixin.py:188} INFO - [2026-06-10T13:27:23.158+0000] {dagbag.py:350} ERROR - Failed to import: /opt/airflow/dags/ecommerce_pipeline.py
Traceback (most recent call last):
  File "/home/airflow/.local/lib/python3.8/site-packages/airflow/models/dagbag.py", line 346, in parse
    loader.exec_module(new_module)
  File "<frozen importlib._bootstrap_external>", line 843, in exec_module
  File "<frozen importlib._bootstrap>", line 219, in _call_with_frames_removed
  File "/opt/airflow/dags/ecommerce_pipeline.py", line 53, in <module>
    generate_data >> gold_job >> load_postgres
NameError: name 'generate_data' is not defined
[2026-06-10T13:27:23.164+0000] {processor.py:842} WARNING - No viable dags retrieved from /opt/airflow/dags/ecommerce_pipeline.py
[2026-06-10T13:27:23.196+0000] {processor.py:183} INFO - Processing /opt/airflow/dags/ecommerce_pipeline.py took 0.065 seconds
[2026-06-10T13:27:53.383+0000] {processor.py:161} INFO - Started process (PID=186) to work on /opt/airflow/dags/ecommerce_pipeline.py
[2026-06-10T13:27:53.384+0000] {processor.py:830} INFO - Processing file /opt/airflow/dags/ecommerce_pipeline.py for tasks to queue
[2026-06-10T13:27:53.386+0000] {logging_mixin.py:188} INFO - [2026-06-10T13:27:53.385+0000] {dagbag.py:540} INFO - Filling up the DagBag from /opt/airflow/dags/ecommerce_pipeline.py
[2026-06-10T13:27:53.410+0000] {logging_mixin.py:188} INFO - [2026-06-10T13:27:53.406+0000] {dagbag.py:350} ERROR - Failed to import: /opt/airflow/dags/ecommerce_pipeline.py
Traceback (most recent call last):
  File "/home/airflow/.local/lib/python3.8/site-packages/airflow/models/dagbag.py", line 346, in parse
    loader.exec_module(new_module)
  File "<frozen importlib._bootstrap_external>", line 843, in exec_module
  File "<frozen importlib._bootstrap>", line 219, in _call_with_frames_removed
  File "/opt/airflow/dags/ecommerce_pipeline.py", line 53, in <module>
    generate_data >> gold_job >> load_postgres
NameError: name 'generate_data' is not defined
[2026-06-10T13:27:53.412+0000] {processor.py:842} WARNING - No viable dags retrieved from /opt/airflow/dags/ecommerce_pipeline.py
[2026-06-10T13:27:53.450+0000] {processor.py:183} INFO - Processing /opt/airflow/dags/ecommerce_pipeline.py took 0.073 seconds
[2026-06-10T13:28:23.689+0000] {processor.py:161} INFO - Started process (PID=191) to work on /opt/airflow/dags/ecommerce_pipeline.py
[2026-06-10T13:28:23.702+0000] {processor.py:830} INFO - Processing file /opt/airflow/dags/ecommerce_pipeline.py for tasks to queue
[2026-06-10T13:28:23.705+0000] {logging_mixin.py:188} INFO - [2026-06-10T13:28:23.705+0000] {dagbag.py:540} INFO - Filling up the DagBag from /opt/airflow/dags/ecommerce_pipeline.py
[2026-06-10T13:28:23.786+0000] {logging_mixin.py:188} INFO - [2026-06-10T13:28:23.776+0000] {dagbag.py:350} ERROR - Failed to import: /opt/airflow/dags/ecommerce_pipeline.py
Traceback (most recent call last):
  File "/home/airflow/.local/lib/python3.8/site-packages/airflow/models/dagbag.py", line 346, in parse
    loader.exec_module(new_module)
  File "<frozen importlib._bootstrap_external>", line 843, in exec_module
  File "<frozen importlib._bootstrap>", line 219, in _call_with_frames_removed
  File "/opt/airflow/dags/ecommerce_pipeline.py", line 53, in <module>
    generate_data >> gold_job >> load_postgres
NameError: name 'generate_data' is not defined
[2026-06-10T13:28:23.791+0000] {processor.py:842} WARNING - No viable dags retrieved from /opt/airflow/dags/ecommerce_pipeline.py
[2026-06-10T13:28:23.963+0000] {processor.py:183} INFO - Processing /opt/airflow/dags/ecommerce_pipeline.py took 0.284 seconds
[2026-06-10T13:28:54.204+0000] {processor.py:161} INFO - Started process (PID=196) to work on /opt/airflow/dags/ecommerce_pipeline.py
[2026-06-10T13:28:54.205+0000] {processor.py:830} INFO - Processing file /opt/airflow/dags/ecommerce_pipeline.py for tasks to queue
[2026-06-10T13:28:54.207+0000] {logging_mixin.py:188} INFO - [2026-06-10T13:28:54.206+0000] {dagbag.py:540} INFO - Filling up the DagBag from /opt/airflow/dags/ecommerce_pipeline.py
[2026-06-10T13:28:54.264+0000] {logging_mixin.py:188} INFO - [2026-06-10T13:28:54.258+0000] {dagbag.py:350} ERROR - Failed to import: /opt/airflow/dags/ecommerce_pipeline.py
Traceback (most recent call last):
  File "/home/airflow/.local/lib/python3.8/site-packages/airflow/models/dagbag.py", line 346, in parse
    loader.exec_module(new_module)
  File "<frozen importlib._bootstrap_external>", line 843, in exec_module
  File "<frozen importlib._bootstrap>", line 219, in _call_with_frames_removed
  File "/opt/airflow/dags/ecommerce_pipeline.py", line 53, in <module>
    generate_data >> gold_job >> load_postgres
NameError: name 'generate_data' is not defined
[2026-06-10T13:28:54.266+0000] {processor.py:842} WARNING - No viable dags retrieved from /opt/airflow/dags/ecommerce_pipeline.py
[2026-06-10T13:28:56.528+0000] {processor.py:183} INFO - Processing /opt/airflow/dags/ecommerce_pipeline.py took 2.342 seconds
[2026-06-10T13:29:26.954+0000] {processor.py:161} INFO - Started process (PID=201) to work on /opt/airflow/dags/ecommerce_pipeline.py
[2026-06-10T13:29:26.955+0000] {processor.py:830} INFO - Processing file /opt/airflow/dags/ecommerce_pipeline.py for tasks to queue
[2026-06-10T13:29:26.958+0000] {logging_mixin.py:188} INFO - [2026-06-10T13:29:26.957+0000] {dagbag.py:540} INFO - Filling up the DagBag from /opt/airflow/dags/ecommerce_pipeline.py
[2026-06-10T13:29:27.002+0000] {logging_mixin.py:188} INFO - [2026-06-10T13:29:26.998+0000] {dagbag.py:350} ERROR - Failed to import: /opt/airflow/dags/ecommerce_pipeline.py
Traceback (most recent call last):
  File "/home/airflow/.local/lib/python3.8/site-packages/airflow/models/dagbag.py", line 346, in parse
    loader.exec_module(new_module)
  File "<frozen importlib._bootstrap_external>", line 843, in exec_module
  File "<frozen importlib._bootstrap>", line 219, in _call_with_frames_removed
  File "/opt/airflow/dags/ecommerce_pipeline.py", line 53, in <module>
    generate_data >> gold_job >> load_postgres
NameError: name 'generate_data' is not defined
[2026-06-10T13:29:27.004+0000] {processor.py:842} WARNING - No viable dags retrieved from /opt/airflow/dags/ecommerce_pipeline.py
[2026-06-10T13:29:27.240+0000] {processor.py:183} INFO - Processing /opt/airflow/dags/ecommerce_pipeline.py took 0.293 seconds
[2026-06-10T13:29:57.535+0000] {processor.py:161} INFO - Started process (PID=206) to work on /opt/airflow/dags/ecommerce_pipeline.py
[2026-06-10T13:29:57.537+0000] {processor.py:830} INFO - Processing file /opt/airflow/dags/ecommerce_pipeline.py for tasks to queue
[2026-06-10T13:29:57.538+0000] {logging_mixin.py:188} INFO - [2026-06-10T13:29:57.538+0000] {dagbag.py:540} INFO - Filling up the DagBag from /opt/airflow/dags/ecommerce_pipeline.py
[2026-06-10T13:29:57.585+0000] {logging_mixin.py:188} INFO - [2026-06-10T13:29:57.581+0000] {dagbag.py:350} ERROR - Failed to import: /opt/airflow/dags/ecommerce_pipeline.py
Traceback (most recent call last):
  File "/home/airflow/.local/lib/python3.8/site-packages/airflow/models/dagbag.py", line 346, in parse
    loader.exec_module(new_module)
  File "<frozen importlib._bootstrap_external>", line 843, in exec_module
  File "<frozen importlib._bootstrap>", line 219, in _call_with_frames_removed
  File "/opt/airflow/dags/ecommerce_pipeline.py", line 53, in <module>
    generate_data >> gold_job >> load_postgres
NameError: name 'generate_data' is not defined
[2026-06-10T13:29:57.587+0000] {processor.py:842} WARNING - No viable dags retrieved from /opt/airflow/dags/ecommerce_pipeline.py
[2026-06-10T13:29:57.634+0000] {processor.py:183} INFO - Processing /opt/airflow/dags/ecommerce_pipeline.py took 0.105 seconds
[2026-06-10T13:30:27.745+0000] {processor.py:161} INFO - Started process (PID=211) to work on /opt/airflow/dags/ecommerce_pipeline.py
[2026-06-10T13:30:27.746+0000] {processor.py:830} INFO - Processing file /opt/airflow/dags/ecommerce_pipeline.py for tasks to queue
[2026-06-10T13:30:27.748+0000] {logging_mixin.py:188} INFO - [2026-06-10T13:30:27.748+0000] {dagbag.py:540} INFO - Filling up the DagBag from /opt/airflow/dags/ecommerce_pipeline.py
[2026-06-10T13:30:27.778+0000] {logging_mixin.py:188} INFO - [2026-06-10T13:30:27.773+0000] {dagbag.py:350} ERROR - Failed to import: /opt/airflow/dags/ecommerce_pipeline.py
Traceback (most recent call last):
  File "/home/airflow/.local/lib/python3.8/site-packages/airflow/models/dagbag.py", line 346, in parse
    loader.exec_module(new_module)
  File "<frozen importlib._bootstrap_external>", line 843, in exec_module
  File "<frozen importlib._bootstrap>", line 219, in _call_with_frames_removed
  File "/opt/airflow/dags/ecommerce_pipeline.py", line 53, in <module>
    generate_data >> gold_job >> load_postgres
NameError: name 'generate_data' is not defined
[2026-06-10T13:30:27.780+0000] {processor.py:842} WARNING - No viable dags retrieved from /opt/airflow/dags/ecommerce_pipeline.py
[2026-06-10T13:30:27.843+0000] {processor.py:183} INFO - Processing /opt/airflow/dags/ecommerce_pipeline.py took 0.105 seconds
[2026-06-10T13:30:58.031+0000] {processor.py:161} INFO - Started process (PID=216) to work on /opt/airflow/dags/ecommerce_pipeline.py
[2026-06-10T13:30:58.033+0000] {processor.py:830} INFO - Processing file /opt/airflow/dags/ecommerce_pipeline.py for tasks to queue
[2026-06-10T13:30:58.034+0000] {logging_mixin.py:188} INFO - [2026-06-10T13:30:58.034+0000] {dagbag.py:540} INFO - Filling up the DagBag from /opt/airflow/dags/ecommerce_pipeline.py
[2026-06-10T13:30:58.065+0000] {logging_mixin.py:188} INFO - [2026-06-10T13:30:58.056+0000] {dagbag.py:350} ERROR - Failed to import: /opt/airflow/dags/ecommerce_pipeline.py
Traceback (most recent call last):
  File "/home/airflow/.local/lib/python3.8/site-packages/airflow/models/dagbag.py", line 346, in parse
    loader.exec_module(new_module)
  File "<frozen importlib._bootstrap_external>", line 843, in exec_module
  File "<frozen importlib._bootstrap>", line 219, in _call_with_frames_removed
  File "/opt/airflow/dags/ecommerce_pipeline.py", line 53, in <module>
    generate_data >> gold_job >> load_postgres
NameError: name 'generate_data' is not defined
[2026-06-10T13:30:58.067+0000] {processor.py:842} WARNING - No viable dags retrieved from /opt/airflow/dags/ecommerce_pipeline.py
[2026-06-10T13:30:58.112+0000] {processor.py:183} INFO - Processing /opt/airflow/dags/ecommerce_pipeline.py took 0.084 seconds
[2026-06-10T13:31:28.278+0000] {processor.py:161} INFO - Started process (PID=221) to work on /opt/airflow/dags/ecommerce_pipeline.py
[2026-06-10T13:31:28.279+0000] {processor.py:830} INFO - Processing file /opt/airflow/dags/ecommerce_pipeline.py for tasks to queue
[2026-06-10T13:31:28.281+0000] {logging_mixin.py:188} INFO - [2026-06-10T13:31:28.280+0000] {dagbag.py:540} INFO - Filling up the DagBag from /opt/airflow/dags/ecommerce_pipeline.py
[2026-06-10T13:31:28.311+0000] {logging_mixin.py:188} INFO - [2026-06-10T13:31:28.306+0000] {dagbag.py:350} ERROR - Failed to import: /opt/airflow/dags/ecommerce_pipeline.py
Traceback (most recent call last):
  File "/home/airflow/.local/lib/python3.8/site-packages/airflow/models/dagbag.py", line 346, in parse
    loader.exec_module(new_module)
  File "<frozen importlib._bootstrap_external>", line 843, in exec_module
  File "<frozen importlib._bootstrap>", line 219, in _call_with_frames_removed
  File "/opt/airflow/dags/ecommerce_pipeline.py", line 53, in <module>
    generate_data >> gold_job >> load_postgres
NameError: name 'generate_data' is not defined
[2026-06-10T13:31:28.312+0000] {processor.py:842} WARNING - No viable dags retrieved from /opt/airflow/dags/ecommerce_pipeline.py
[2026-06-10T13:31:28.344+0000] {processor.py:183} INFO - Processing /opt/airflow/dags/ecommerce_pipeline.py took 0.072 seconds
[2026-06-10T13:31:58.517+0000] {processor.py:161} INFO - Started process (PID=226) to work on /opt/airflow/dags/ecommerce_pipeline.py
[2026-06-10T13:31:58.518+0000] {processor.py:830} INFO - Processing file /opt/airflow/dags/ecommerce_pipeline.py for tasks to queue
[2026-06-10T13:31:58.520+0000] {logging_mixin.py:188} INFO - [2026-06-10T13:31:58.519+0000] {dagbag.py:540} INFO - Filling up the DagBag from /opt/airflow/dags/ecommerce_pipeline.py
[2026-06-10T13:31:58.548+0000] {logging_mixin.py:188} INFO - [2026-06-10T13:31:58.543+0000] {dagbag.py:350} ERROR - Failed to import: /opt/airflow/dags/ecommerce_pipeline.py
Traceback (most recent call last):
  File "/home/airflow/.local/lib/python3.8/site-packages/airflow/models/dagbag.py", line 346, in parse
    loader.exec_module(new_module)
  File "<frozen importlib._bootstrap_external>", line 843, in exec_module
  File "<frozen importlib._bootstrap>", line 219, in _call_with_frames_removed
  File "/opt/airflow/dags/ecommerce_pipeline.py", line 53, in <module>
    generate_data >> gold_job >> load_postgres
NameError: name 'generate_data' is not defined
[2026-06-10T13:31:58.550+0000] {processor.py:842} WARNING - No viable dags retrieved from /opt/airflow/dags/ecommerce_pipeline.py
[2026-06-10T13:31:58.591+0000] {processor.py:183} INFO - Processing /opt/airflow/dags/ecommerce_pipeline.py took 0.080 seconds
[2026-06-10T13:32:28.746+0000] {processor.py:161} INFO - Started process (PID=231) to work on /opt/airflow/dags/ecommerce_pipeline.py
[2026-06-10T13:32:28.747+0000] {processor.py:830} INFO - Processing file /opt/airflow/dags/ecommerce_pipeline.py for tasks to queue
[2026-06-10T13:32:28.749+0000] {logging_mixin.py:188} INFO - [2026-06-10T13:32:28.749+0000] {dagbag.py:540} INFO - Filling up the DagBag from /opt/airflow/dags/ecommerce_pipeline.py
[2026-06-10T13:32:28.778+0000] {logging_mixin.py:188} INFO - [2026-06-10T13:32:28.773+0000] {dagbag.py:350} ERROR - Failed to import: /opt/airflow/dags/ecommerce_pipeline.py
Traceback (most recent call last):
  File "/home/airflow/.local/lib/python3.8/site-packages/airflow/models/dagbag.py", line 346, in parse
    loader.exec_module(new_module)
  File "<frozen importlib._bootstrap_external>", line 843, in exec_module
  File "<frozen importlib._bootstrap>", line 219, in _call_with_frames_removed
  File "/opt/airflow/dags/ecommerce_pipeline.py", line 53, in <module>
    generate_data >> gold_job >> load_postgres
NameError: name 'generate_data' is not defined
[2026-06-10T13:32:28.779+0000] {processor.py:842} WARNING - No viable dags retrieved from /opt/airflow/dags/ecommerce_pipeline.py
[2026-06-10T13:32:28.819+0000] {processor.py:183} INFO - Processing /opt/airflow/dags/ecommerce_pipeline.py took 0.078 seconds
[2026-06-10T13:32:58.992+0000] {processor.py:161} INFO - Started process (PID=236) to work on /opt/airflow/dags/ecommerce_pipeline.py
[2026-06-10T13:32:58.993+0000] {processor.py:830} INFO - Processing file /opt/airflow/dags/ecommerce_pipeline.py for tasks to queue
[2026-06-10T13:32:58.995+0000] {logging_mixin.py:188} INFO - [2026-06-10T13:32:58.994+0000] {dagbag.py:540} INFO - Filling up the DagBag from /opt/airflow/dags/ecommerce_pipeline.py
[2026-06-10T13:32:59.022+0000] {logging_mixin.py:188} INFO - [2026-06-10T13:32:59.017+0000] {dagbag.py:350} ERROR - Failed to import: /opt/airflow/dags/ecommerce_pipeline.py
Traceback (most recent call last):
  File "/home/airflow/.local/lib/python3.8/site-packages/airflow/models/dagbag.py", line 346, in parse
    loader.exec_module(new_module)
  File "<frozen importlib._bootstrap_external>", line 843, in exec_module
  File "<frozen importlib._bootstrap>", line 219, in _call_with_frames_removed
  File "/opt/airflow/dags/ecommerce_pipeline.py", line 53, in <module>
    generate_data >> gold_job >> load_postgres
NameError: name 'generate_data' is not defined
[2026-06-10T13:32:59.023+0000] {processor.py:842} WARNING - No viable dags retrieved from /opt/airflow/dags/ecommerce_pipeline.py
[2026-06-10T13:32:59.063+0000] {processor.py:183} INFO - Processing /opt/airflow/dags/ecommerce_pipeline.py took 0.076 seconds
[2026-06-10T13:33:29.456+0000] {processor.py:161} INFO - Started process (PID=241) to work on /opt/airflow/dags/ecommerce_pipeline.py
[2026-06-10T13:33:29.459+0000] {processor.py:830} INFO - Processing file /opt/airflow/dags/ecommerce_pipeline.py for tasks to queue
[2026-06-10T13:33:29.468+0000] {logging_mixin.py:188} INFO - [2026-06-10T13:33:29.467+0000] {dagbag.py:540} INFO - Filling up the DagBag from /opt/airflow/dags/ecommerce_pipeline.py
[2026-06-10T13:33:29.514+0000] {logging_mixin.py:188} INFO - [2026-06-10T13:33:29.506+0000] {dagbag.py:350} ERROR - Failed to import: /opt/airflow/dags/ecommerce_pipeline.py
Traceback (most recent call last):
  File "/home/airflow/.local/lib/python3.8/site-packages/airflow/models/dagbag.py", line 346, in parse
    loader.exec_module(new_module)
  File "<frozen importlib._bootstrap_external>", line 843, in exec_module
  File "<frozen importlib._bootstrap>", line 219, in _call_with_frames_removed
  File "/opt/airflow/dags/ecommerce_pipeline.py", line 53, in <module>
    generate_data >> gold_job >> load_postgres
NameError: name 'generate_data' is not defined
[2026-06-10T13:33:29.517+0000] {processor.py:842} WARNING - No viable dags retrieved from /opt/airflow/dags/ecommerce_pipeline.py
[2026-06-10T13:33:29.816+0000] {processor.py:183} INFO - Processing /opt/airflow/dags/ecommerce_pipeline.py took 0.430 seconds
[2026-06-10T13:34:00.342+0000] {processor.py:161} INFO - Started process (PID=246) to work on /opt/airflow/dags/ecommerce_pipeline.py
[2026-06-10T13:34:00.344+0000] {processor.py:830} INFO - Processing file /opt/airflow/dags/ecommerce_pipeline.py for tasks to queue
[2026-06-10T13:34:00.364+0000] {logging_mixin.py:188} INFO - [2026-06-10T13:34:00.364+0000] {dagbag.py:540} INFO - Filling up the DagBag from /opt/airflow/dags/ecommerce_pipeline.py
[2026-06-10T13:34:00.698+0000] {logging_mixin.py:188} INFO - [2026-06-10T13:34:00.692+0000] {dagbag.py:350} ERROR - Failed to import: /opt/airflow/dags/ecommerce_pipeline.py
Traceback (most recent call last):
  File "/home/airflow/.local/lib/python3.8/site-packages/airflow/models/dagbag.py", line 346, in parse
    loader.exec_module(new_module)
  File "<frozen importlib._bootstrap_external>", line 843, in exec_module
  File "<frozen importlib._bootstrap>", line 219, in _call_with_frames_removed
  File "/opt/airflow/dags/ecommerce_pipeline.py", line 53, in <module>
    generate_data >> gold_job >> load_postgres
NameError: name 'generate_data' is not defined
[2026-06-10T13:34:00.813+0000] {processor.py:842} WARNING - No viable dags retrieved from /opt/airflow/dags/ecommerce_pipeline.py
[2026-06-10T13:34:02.368+0000] {processor.py:183} INFO - Processing /opt/airflow/dags/ecommerce_pipeline.py took 2.074 seconds
[2026-06-10T13:34:32.630+0000] {processor.py:161} INFO - Started process (PID=251) to work on /opt/airflow/dags/ecommerce_pipeline.py
[2026-06-10T13:34:32.631+0000] {processor.py:830} INFO - Processing file /opt/airflow/dags/ecommerce_pipeline.py for tasks to queue
[2026-06-10T13:34:32.632+0000] {logging_mixin.py:188} INFO - [2026-06-10T13:34:32.632+0000] {dagbag.py:540} INFO - Filling up the DagBag from /opt/airflow/dags/ecommerce_pipeline.py
[2026-06-10T13:34:32.793+0000] {logging_mixin.py:188} INFO - [2026-06-10T13:34:32.786+0000] {dagbag.py:350} ERROR - Failed to import: /opt/airflow/dags/ecommerce_pipeline.py
Traceback (most recent call last):
  File "/home/airflow/.local/lib/python3.8/site-packages/airflow/models/dagbag.py", line 346, in parse
    loader.exec_module(new_module)
  File "<frozen importlib._bootstrap_external>", line 843, in exec_module
  File "<frozen importlib._bootstrap>", line 219, in _call_with_frames_removed
  File "/opt/airflow/dags/ecommerce_pipeline.py", line 53, in <module>
    generate_data >> gold_job >> load_postgres
NameError: name 'generate_data' is not defined
[2026-06-10T13:34:32.796+0000] {processor.py:842} WARNING - No viable dags retrieved from /opt/airflow/dags/ecommerce_pipeline.py
[2026-06-10T13:34:32.869+0000] {processor.py:183} INFO - Processing /opt/airflow/dags/ecommerce_pipeline.py took 0.245 seconds
[2026-06-10T13:35:02.999+0000] {processor.py:161} INFO - Started process (PID=256) to work on /opt/airflow/dags/ecommerce_pipeline.py
[2026-06-10T13:35:03.004+0000] {processor.py:830} INFO - Processing file /opt/airflow/dags/ecommerce_pipeline.py for tasks to queue
[2026-06-10T13:35:03.006+0000] {logging_mixin.py:188} INFO - [2026-06-10T13:35:03.005+0000] {dagbag.py:540} INFO - Filling up the DagBag from /opt/airflow/dags/ecommerce_pipeline.py
[2026-06-10T13:35:03.043+0000] {logging_mixin.py:188} INFO - [2026-06-10T13:35:03.036+0000] {dagbag.py:350} ERROR - Failed to import: /opt/airflow/dags/ecommerce_pipeline.py
Traceback (most recent call last):
  File "/home/airflow/.local/lib/python3.8/site-packages/airflow/models/dagbag.py", line 346, in parse
    loader.exec_module(new_module)
  File "<frozen importlib._bootstrap_external>", line 843, in exec_module
  File "<frozen importlib._bootstrap>", line 219, in _call_with_frames_removed
  File "/opt/airflow/dags/ecommerce_pipeline.py", line 53, in <module>
    generate_data >> gold_job >> load_postgres
NameError: name 'generate_data' is not defined
[2026-06-10T13:35:03.046+0000] {processor.py:842} WARNING - No viable dags retrieved from /opt/airflow/dags/ecommerce_pipeline.py
[2026-06-10T13:35:03.104+0000] {processor.py:183} INFO - Processing /opt/airflow/dags/ecommerce_pipeline.py took 0.115 seconds
[2026-06-10T13:35:33.256+0000] {processor.py:161} INFO - Started process (PID=261) to work on /opt/airflow/dags/ecommerce_pipeline.py
[2026-06-10T13:35:33.257+0000] {processor.py:830} INFO - Processing file /opt/airflow/dags/ecommerce_pipeline.py for tasks to queue
[2026-06-10T13:35:33.258+0000] {logging_mixin.py:188} INFO - [2026-06-10T13:35:33.258+0000] {dagbag.py:540} INFO - Filling up the DagBag from /opt/airflow/dags/ecommerce_pipeline.py
[2026-06-10T13:35:33.323+0000] {logging_mixin.py:188} INFO - [2026-06-10T13:35:33.315+0000] {dagbag.py:350} ERROR - Failed to import: /opt/airflow/dags/ecommerce_pipeline.py
Traceback (most recent call last):
  File "/home/airflow/.local/lib/python3.8/site-packages/airflow/models/dagbag.py", line 346, in parse
    loader.exec_module(new_module)
  File "<frozen importlib._bootstrap_external>", line 843, in exec_module
  File "<frozen importlib._bootstrap>", line 219, in _call_with_frames_removed
  File "/opt/airflow/dags/ecommerce_pipeline.py", line 53, in <module>
    generate_data >> gold_job >> load_postgres
NameError: name 'generate_data' is not defined
[2026-06-10T13:35:33.324+0000] {processor.py:842} WARNING - No viable dags retrieved from /opt/airflow/dags/ecommerce_pipeline.py
[2026-06-10T13:35:33.427+0000] {processor.py:183} INFO - Processing /opt/airflow/dags/ecommerce_pipeline.py took 0.179 seconds
[2026-06-10T13:36:03.647+0000] {processor.py:161} INFO - Started process (PID=266) to work on /opt/airflow/dags/ecommerce_pipeline.py
[2026-06-10T13:36:03.650+0000] {processor.py:830} INFO - Processing file /opt/airflow/dags/ecommerce_pipeline.py for tasks to queue
[2026-06-10T13:36:03.653+0000] {logging_mixin.py:188} INFO - [2026-06-10T13:36:03.652+0000] {dagbag.py:540} INFO - Filling up the DagBag from /opt/airflow/dags/ecommerce_pipeline.py
[2026-06-10T13:36:03.695+0000] {logging_mixin.py:188} INFO - [2026-06-10T13:36:03.688+0000] {dagbag.py:350} ERROR - Failed to import: /opt/airflow/dags/ecommerce_pipeline.py
Traceback (most recent call last):
  File "/home/airflow/.local/lib/python3.8/site-packages/airflow/models/dagbag.py", line 346, in parse
    loader.exec_module(new_module)
  File "<frozen importlib._bootstrap_external>", line 843, in exec_module
  File "<frozen importlib._bootstrap>", line 219, in _call_with_frames_removed
  File "/opt/airflow/dags/ecommerce_pipeline.py", line 53, in <module>
    generate_data >> gold_job >> load_postgres
NameError: name 'generate_data' is not defined
[2026-06-10T13:36:03.698+0000] {processor.py:842} WARNING - No viable dags retrieved from /opt/airflow/dags/ecommerce_pipeline.py
[2026-06-10T13:36:03.753+0000] {processor.py:183} INFO - Processing /opt/airflow/dags/ecommerce_pipeline.py took 0.119 seconds
[2026-06-10T13:36:33.966+0000] {processor.py:161} INFO - Started process (PID=271) to work on /opt/airflow/dags/ecommerce_pipeline.py
[2026-06-10T13:36:33.968+0000] {processor.py:830} INFO - Processing file /opt/airflow/dags/ecommerce_pipeline.py for tasks to queue
[2026-06-10T13:36:33.970+0000] {logging_mixin.py:188} INFO - [2026-06-10T13:36:33.970+0000] {dagbag.py:540} INFO - Filling up the DagBag from /opt/airflow/dags/ecommerce_pipeline.py
[2026-06-10T13:36:34.010+0000] {logging_mixin.py:188} INFO - [2026-06-10T13:36:34.005+0000] {dagbag.py:350} ERROR - Failed to import: /opt/airflow/dags/ecommerce_pipeline.py
Traceback (most recent call last):
  File "/home/airflow/.local/lib/python3.8/site-packages/airflow/models/dagbag.py", line 346, in parse
    loader.exec_module(new_module)
  File "<frozen importlib._bootstrap_external>", line 843, in exec_module
  File "<frozen importlib._bootstrap>", line 219, in _call_with_frames_removed
  File "/opt/airflow/dags/ecommerce_pipeline.py", line 53, in <module>
    generate_data >> gold_job >> load_postgres
NameError: name 'generate_data' is not defined
[2026-06-10T13:36:34.012+0000] {processor.py:842} WARNING - No viable dags retrieved from /opt/airflow/dags/ecommerce_pipeline.py
[2026-06-10T13:36:34.136+0000] {processor.py:183} INFO - Processing /opt/airflow/dags/ecommerce_pipeline.py took 0.191 seconds
[2026-06-10T13:37:04.286+0000] {processor.py:161} INFO - Started process (PID=276) to work on /opt/airflow/dags/ecommerce_pipeline.py
[2026-06-10T13:37:04.289+0000] {processor.py:830} INFO - Processing file /opt/airflow/dags/ecommerce_pipeline.py for tasks to queue
[2026-06-10T13:37:04.315+0000] {logging_mixin.py:188} INFO - [2026-06-10T13:37:04.314+0000] {dagbag.py:540} INFO - Filling up the DagBag from /opt/airflow/dags/ecommerce_pipeline.py
[2026-06-10T13:37:04.490+0000] {logging_mixin.py:188} INFO - [2026-06-10T13:37:04.480+0000] {dagbag.py:350} ERROR - Failed to import: /opt/airflow/dags/ecommerce_pipeline.py
Traceback (most recent call last):
  File "/home/airflow/.local/lib/python3.8/site-packages/airflow/models/dagbag.py", line 346, in parse
    loader.exec_module(new_module)
  File "<frozen importlib._bootstrap_external>", line 843, in exec_module
  File "<frozen importlib._bootstrap>", line 219, in _call_with_frames_removed
  File "/opt/airflow/dags/ecommerce_pipeline.py", line 53, in <module>
    generate_data >> gold_job >> load_postgres
NameError: name 'generate_data' is not defined
[2026-06-10T13:37:04.492+0000] {processor.py:842} WARNING - No viable dags retrieved from /opt/airflow/dags/ecommerce_pipeline.py
[2026-06-10T13:37:04.588+0000] {processor.py:183} INFO - Processing /opt/airflow/dags/ecommerce_pipeline.py took 0.309 seconds
[2026-06-10T13:37:34.876+0000] {processor.py:161} INFO - Started process (PID=281) to work on /opt/airflow/dags/ecommerce_pipeline.py
[2026-06-10T13:37:34.877+0000] {processor.py:830} INFO - Processing file /opt/airflow/dags/ecommerce_pipeline.py for tasks to queue
[2026-06-10T13:37:34.879+0000] {logging_mixin.py:188} INFO - [2026-06-10T13:37:34.878+0000] {dagbag.py:540} INFO - Filling up the DagBag from /opt/airflow/dags/ecommerce_pipeline.py
[2026-06-10T13:37:35.071+0000] {logging_mixin.py:188} INFO - [2026-06-10T13:37:35.019+0000] {dagbag.py:350} ERROR - Failed to import: /opt/airflow/dags/ecommerce_pipeline.py
Traceback (most recent call last):
  File "/home/airflow/.local/lib/python3.8/site-packages/airflow/models/dagbag.py", line 346, in parse
    loader.exec_module(new_module)
  File "<frozen importlib._bootstrap_external>", line 843, in exec_module
  File "<frozen importlib._bootstrap>", line 219, in _call_with_frames_removed
  File "/opt/airflow/dags/ecommerce_pipeline.py", line 53, in <module>
    generate_data >> gold_job >> load_postgres
NameError: name 'generate_data' is not defined
[2026-06-10T13:37:35.098+0000] {processor.py:842} WARNING - No viable dags retrieved from /opt/airflow/dags/ecommerce_pipeline.py
[2026-06-10T13:37:35.359+0000] {processor.py:183} INFO - Processing /opt/airflow/dags/ecommerce_pipeline.py took 0.509 seconds
[2026-06-10T13:38:05.660+0000] {processor.py:161} INFO - Started process (PID=286) to work on /opt/airflow/dags/ecommerce_pipeline.py
[2026-06-10T13:38:05.662+0000] {processor.py:830} INFO - Processing file /opt/airflow/dags/ecommerce_pipeline.py for tasks to queue
[2026-06-10T13:38:05.664+0000] {logging_mixin.py:188} INFO - [2026-06-10T13:38:05.664+0000] {dagbag.py:540} INFO - Filling up the DagBag from /opt/airflow/dags/ecommerce_pipeline.py
[2026-06-10T13:38:05.714+0000] {logging_mixin.py:188} INFO - [2026-06-10T13:38:05.704+0000] {dagbag.py:350} ERROR - Failed to import: /opt/airflow/dags/ecommerce_pipeline.py
Traceback (most recent call last):
  File "/home/airflow/.local/lib/python3.8/site-packages/airflow/models/dagbag.py", line 346, in parse
    loader.exec_module(new_module)
  File "<frozen importlib._bootstrap_external>", line 843, in exec_module
  File "<frozen importlib._bootstrap>", line 219, in _call_with_frames_removed
  File "/opt/airflow/dags/ecommerce_pipeline.py", line 53, in <module>
    generate_data >> gold_job >> load_postgres
NameError: name 'generate_data' is not defined
[2026-06-10T13:38:05.717+0000] {processor.py:842} WARNING - No viable dags retrieved from /opt/airflow/dags/ecommerce_pipeline.py
[2026-06-10T13:38:05.772+0000] {processor.py:183} INFO - Processing /opt/airflow/dags/ecommerce_pipeline.py took 0.122 seconds
[2026-06-10T13:38:35.890+0000] {processor.py:161} INFO - Started process (PID=291) to work on /opt/airflow/dags/ecommerce_pipeline.py
[2026-06-10T13:38:35.892+0000] {processor.py:830} INFO - Processing file /opt/airflow/dags/ecommerce_pipeline.py for tasks to queue
[2026-06-10T13:38:35.895+0000] {logging_mixin.py:188} INFO - [2026-06-10T13:38:35.894+0000] {dagbag.py:540} INFO - Filling up the DagBag from /opt/airflow/dags/ecommerce_pipeline.py
[2026-06-10T13:38:35.935+0000] {logging_mixin.py:188} INFO - [2026-06-10T13:38:35.928+0000] {dagbag.py:350} ERROR - Failed to import: /opt/airflow/dags/ecommerce_pipeline.py
Traceback (most recent call last):
  File "/home/airflow/.local/lib/python3.8/site-packages/airflow/models/dagbag.py", line 346, in parse
    loader.exec_module(new_module)
  File "<frozen importlib._bootstrap_external>", line 843, in exec_module
  File "<frozen importlib._bootstrap>", line 219, in _call_with_frames_removed
  File "/opt/airflow/dags/ecommerce_pipeline.py", line 53, in <module>
    generate_data >> gold_job >> load_postgres
NameError: name 'generate_data' is not defined
[2026-06-10T13:38:35.937+0000] {processor.py:842} WARNING - No viable dags retrieved from /opt/airflow/dags/ecommerce_pipeline.py
[2026-06-10T13:38:36.132+0000] {processor.py:183} INFO - Processing /opt/airflow/dags/ecommerce_pipeline.py took 0.249 seconds
[2026-06-10T13:39:06.245+0000] {processor.py:161} INFO - Started process (PID=296) to work on /opt/airflow/dags/ecommerce_pipeline.py
[2026-06-10T13:39:06.246+0000] {processor.py:830} INFO - Processing file /opt/airflow/dags/ecommerce_pipeline.py for tasks to queue
[2026-06-10T13:39:06.248+0000] {logging_mixin.py:188} INFO - [2026-06-10T13:39:06.247+0000] {dagbag.py:540} INFO - Filling up the DagBag from /opt/airflow/dags/ecommerce_pipeline.py
[2026-06-10T13:39:06.294+0000] {logging_mixin.py:188} INFO - [2026-06-10T13:39:06.288+0000] {dagbag.py:350} ERROR - Failed to import: /opt/airflow/dags/ecommerce_pipeline.py
Traceback (most recent call last):
  File "/home/airflow/.local/lib/python3.8/site-packages/airflow/models/dagbag.py", line 346, in parse
    loader.exec_module(new_module)
  File "<frozen importlib._bootstrap_external>", line 843, in exec_module
  File "<frozen importlib._bootstrap>", line 219, in _call_with_frames_removed
  File "/opt/airflow/dags/ecommerce_pipeline.py", line 53, in <module>
    generate_data >> gold_job >> load_postgres
NameError: name 'generate_data' is not defined
[2026-06-10T13:39:06.296+0000] {processor.py:842} WARNING - No viable dags retrieved from /opt/airflow/dags/ecommerce_pipeline.py
[2026-06-10T13:39:06.390+0000] {processor.py:183} INFO - Processing /opt/airflow/dags/ecommerce_pipeline.py took 0.151 seconds
[2026-06-10T13:39:36.624+0000] {processor.py:161} INFO - Started process (PID=301) to work on /opt/airflow/dags/ecommerce_pipeline.py
[2026-06-10T13:39:36.626+0000] {processor.py:830} INFO - Processing file /opt/airflow/dags/ecommerce_pipeline.py for tasks to queue
[2026-06-10T13:39:36.628+0000] {logging_mixin.py:188} INFO - [2026-06-10T13:39:36.628+0000] {dagbag.py:540} INFO - Filling up the DagBag from /opt/airflow/dags/ecommerce_pipeline.py
[2026-06-10T13:39:36.656+0000] {logging_mixin.py:188} INFO - [2026-06-10T13:39:36.651+0000] {dagbag.py:350} ERROR - Failed to import: /opt/airflow/dags/ecommerce_pipeline.py
Traceback (most recent call last):
  File "/home/airflow/.local/lib/python3.8/site-packages/airflow/models/dagbag.py", line 346, in parse
    loader.exec_module(new_module)
  File "<frozen importlib._bootstrap_external>", line 843, in exec_module
  File "<frozen importlib._bootstrap>", line 219, in _call_with_frames_removed
  File "/opt/airflow/dags/ecommerce_pipeline.py", line 53, in <module>
    generate_data >> gold_job >> load_postgres
NameError: name 'generate_data' is not defined
[2026-06-10T13:39:36.658+0000] {processor.py:842} WARNING - No viable dags retrieved from /opt/airflow/dags/ecommerce_pipeline.py
[2026-06-10T13:39:36.690+0000] {processor.py:183} INFO - Processing /opt/airflow/dags/ecommerce_pipeline.py took 0.071 seconds
[2026-06-10T13:40:06.878+0000] {processor.py:161} INFO - Started process (PID=306) to work on /opt/airflow/dags/ecommerce_pipeline.py
[2026-06-10T13:40:06.880+0000] {processor.py:830} INFO - Processing file /opt/airflow/dags/ecommerce_pipeline.py for tasks to queue
[2026-06-10T13:40:06.882+0000] {logging_mixin.py:188} INFO - [2026-06-10T13:40:06.881+0000] {dagbag.py:540} INFO - Filling up the DagBag from /opt/airflow/dags/ecommerce_pipeline.py
[2026-06-10T13:40:06.911+0000] {logging_mixin.py:188} INFO - [2026-06-10T13:40:06.906+0000] {dagbag.py:350} ERROR - Failed to import: /opt/airflow/dags/ecommerce_pipeline.py
Traceback (most recent call last):
  File "/home/airflow/.local/lib/python3.8/site-packages/airflow/models/dagbag.py", line 346, in parse
    loader.exec_module(new_module)
  File "<frozen importlib._bootstrap_external>", line 843, in exec_module
  File "<frozen importlib._bootstrap>", line 219, in _call_with_frames_removed
  File "/opt/airflow/dags/ecommerce_pipeline.py", line 53, in <module>
    generate_data >> gold_job >> load_postgres
NameError: name 'generate_data' is not defined
[2026-06-10T13:40:06.912+0000] {processor.py:842} WARNING - No viable dags retrieved from /opt/airflow/dags/ecommerce_pipeline.py
[2026-06-10T13:40:07.001+0000] {processor.py:183} INFO - Processing /opt/airflow/dags/ecommerce_pipeline.py took 0.131 seconds
[2026-06-10T13:40:37.172+0000] {processor.py:161} INFO - Started process (PID=311) to work on /opt/airflow/dags/ecommerce_pipeline.py
[2026-06-10T13:40:37.174+0000] {processor.py:830} INFO - Processing file /opt/airflow/dags/ecommerce_pipeline.py for tasks to queue
[2026-06-10T13:40:37.175+0000] {logging_mixin.py:188} INFO - [2026-06-10T13:40:37.175+0000] {dagbag.py:540} INFO - Filling up the DagBag from /opt/airflow/dags/ecommerce_pipeline.py
[2026-06-10T13:40:37.205+0000] {logging_mixin.py:188} INFO - [2026-06-10T13:40:37.200+0000] {dagbag.py:350} ERROR - Failed to import: /opt/airflow/dags/ecommerce_pipeline.py
Traceback (most recent call last):
  File "/home/airflow/.local/lib/python3.8/site-packages/airflow/models/dagbag.py", line 346, in parse
    loader.exec_module(new_module)
  File "<frozen importlib._bootstrap_external>", line 843, in exec_module
  File "<frozen importlib._bootstrap>", line 219, in _call_with_frames_removed
  File "/opt/airflow/dags/ecommerce_pipeline.py", line 53, in <module>
    generate_data >> gold_job >> load_postgres
NameError: name 'generate_data' is not defined
[2026-06-10T13:40:37.207+0000] {processor.py:842} WARNING - No viable dags retrieved from /opt/airflow/dags/ecommerce_pipeline.py
[2026-06-10T13:40:37.292+0000] {processor.py:183} INFO - Processing /opt/airflow/dags/ecommerce_pipeline.py took 0.125 seconds
[2026-06-10T13:41:08.090+0000] {processor.py:161} INFO - Started process (PID=316) to work on /opt/airflow/dags/ecommerce_pipeline.py
[2026-06-10T13:41:08.091+0000] {processor.py:830} INFO - Processing file /opt/airflow/dags/ecommerce_pipeline.py for tasks to queue
[2026-06-10T13:41:08.104+0000] {logging_mixin.py:188} INFO - [2026-06-10T13:41:08.093+0000] {dagbag.py:540} INFO - Filling up the DagBag from /opt/airflow/dags/ecommerce_pipeline.py
[2026-06-10T13:41:08.379+0000] {logging_mixin.py:188} INFO - [2026-06-10T13:41:08.311+0000] {dagbag.py:350} ERROR - Failed to import: /opt/airflow/dags/ecommerce_pipeline.py
Traceback (most recent call last):
  File "/home/airflow/.local/lib/python3.8/site-packages/airflow/models/dagbag.py", line 346, in parse
    loader.exec_module(new_module)
  File "<frozen importlib._bootstrap_external>", line 843, in exec_module
  File "<frozen importlib._bootstrap>", line 219, in _call_with_frames_removed
  File "/opt/airflow/dags/ecommerce_pipeline.py", line 53, in <module>
    generate_data >> gold_job >> load_postgres
NameError: name 'generate_data' is not defined
[2026-06-10T13:41:08.381+0000] {processor.py:842} WARNING - No viable dags retrieved from /opt/airflow/dags/ecommerce_pipeline.py
[2026-06-10T13:41:08.796+0000] {processor.py:183} INFO - Processing /opt/airflow/dags/ecommerce_pipeline.py took 0.666 seconds
[2026-06-10T13:41:39.180+0000] {processor.py:161} INFO - Started process (PID=321) to work on /opt/airflow/dags/ecommerce_pipeline.py
[2026-06-10T13:41:39.181+0000] {processor.py:830} INFO - Processing file /opt/airflow/dags/ecommerce_pipeline.py for tasks to queue
[2026-06-10T13:41:39.185+0000] {logging_mixin.py:188} INFO - [2026-06-10T13:41:39.184+0000] {dagbag.py:540} INFO - Filling up the DagBag from /opt/airflow/dags/ecommerce_pipeline.py
[2026-06-10T13:41:41.020+0000] {logging_mixin.py:188} INFO - [2026-06-10T13:41:41.012+0000] {dagbag.py:350} ERROR - Failed to import: /opt/airflow/dags/ecommerce_pipeline.py
Traceback (most recent call last):
  File "/home/airflow/.local/lib/python3.8/site-packages/airflow/models/dagbag.py", line 346, in parse
    loader.exec_module(new_module)
  File "<frozen importlib._bootstrap_external>", line 843, in exec_module
  File "<frozen importlib._bootstrap>", line 219, in _call_with_frames_removed
  File "/opt/airflow/dags/ecommerce_pipeline.py", line 53, in <module>
    generate_data >> gold_job >> load_postgres
NameError: name 'generate_data' is not defined
[2026-06-10T13:41:41.023+0000] {processor.py:842} WARNING - No viable dags retrieved from /opt/airflow/dags/ecommerce_pipeline.py
[2026-06-10T13:41:41.137+0000] {processor.py:183} INFO - Processing /opt/airflow/dags/ecommerce_pipeline.py took 1.963 seconds
[2026-06-10T13:42:11.878+0000] {processor.py:161} INFO - Started process (PID=326) to work on /opt/airflow/dags/ecommerce_pipeline.py
[2026-06-10T13:42:11.891+0000] {processor.py:830} INFO - Processing file /opt/airflow/dags/ecommerce_pipeline.py for tasks to queue
[2026-06-10T13:42:11.894+0000] {logging_mixin.py:188} INFO - [2026-06-10T13:42:11.893+0000] {dagbag.py:540} INFO - Filling up the DagBag from /opt/airflow/dags/ecommerce_pipeline.py
[2026-06-10T13:42:12.413+0000] {logging_mixin.py:188} INFO - [2026-06-10T13:42:12.325+0000] {dagbag.py:350} ERROR - Failed to import: /opt/airflow/dags/ecommerce_pipeline.py
Traceback (most recent call last):
  File "/home/airflow/.local/lib/python3.8/site-packages/airflow/models/dagbag.py", line 346, in parse
    loader.exec_module(new_module)
  File "<frozen importlib._bootstrap_external>", line 843, in exec_module
  File "<frozen importlib._bootstrap>", line 219, in _call_with_frames_removed
  File "/opt/airflow/dags/ecommerce_pipeline.py", line 53, in <module>
    generate_data >> gold_job >> load_postgres
NameError: name 'generate_data' is not defined
[2026-06-10T13:42:12.424+0000] {processor.py:842} WARNING - No viable dags retrieved from /opt/airflow/dags/ecommerce_pipeline.py
[2026-06-10T13:42:12.920+0000] {processor.py:183} INFO - Processing /opt/airflow/dags/ecommerce_pipeline.py took 1.418 seconds
[2026-06-10T13:42:43.327+0000] {processor.py:161} INFO - Started process (PID=331) to work on /opt/airflow/dags/ecommerce_pipeline.py
[2026-06-10T13:42:43.330+0000] {processor.py:830} INFO - Processing file /opt/airflow/dags/ecommerce_pipeline.py for tasks to queue
[2026-06-10T13:42:43.333+0000] {logging_mixin.py:188} INFO - [2026-06-10T13:42:43.332+0000] {dagbag.py:540} INFO - Filling up the DagBag from /opt/airflow/dags/ecommerce_pipeline.py
[2026-06-10T13:42:43.398+0000] {logging_mixin.py:188} INFO - [2026-06-10T13:42:43.389+0000] {dagbag.py:350} ERROR - Failed to import: /opt/airflow/dags/ecommerce_pipeline.py
Traceback (most recent call last):
  File "/home/airflow/.local/lib/python3.8/site-packages/airflow/models/dagbag.py", line 346, in parse
    loader.exec_module(new_module)
  File "<frozen importlib._bootstrap_external>", line 843, in exec_module
  File "<frozen importlib._bootstrap>", line 219, in _call_with_frames_removed
  File "/opt/airflow/dags/ecommerce_pipeline.py", line 53, in <module>
    generate_data >> gold_job >> load_postgres
NameError: name 'generate_data' is not defined
[2026-06-10T13:42:43.400+0000] {processor.py:842} WARNING - No viable dags retrieved from /opt/airflow/dags/ecommerce_pipeline.py
[2026-06-10T13:42:43.464+0000] {processor.py:183} INFO - Processing /opt/airflow/dags/ecommerce_pipeline.py took 0.146 seconds
[2026-06-10T13:43:13.560+0000] {processor.py:161} INFO - Started process (PID=336) to work on /opt/airflow/dags/ecommerce_pipeline.py
[2026-06-10T13:43:13.566+0000] {processor.py:830} INFO - Processing file /opt/airflow/dags/ecommerce_pipeline.py for tasks to queue
[2026-06-10T13:43:13.570+0000] {logging_mixin.py:188} INFO - [2026-06-10T13:43:13.569+0000] {dagbag.py:540} INFO - Filling up the DagBag from /opt/airflow/dags/ecommerce_pipeline.py
[2026-06-10T13:43:13.614+0000] {logging_mixin.py:188} INFO - [2026-06-10T13:43:13.606+0000] {dagbag.py:350} ERROR - Failed to import: /opt/airflow/dags/ecommerce_pipeline.py
Traceback (most recent call last):
  File "/home/airflow/.local/lib/python3.8/site-packages/airflow/models/dagbag.py", line 346, in parse
    loader.exec_module(new_module)
  File "<frozen importlib._bootstrap_external>", line 843, in exec_module
  File "<frozen importlib._bootstrap>", line 219, in _call_with_frames_removed
  File "/opt/airflow/dags/ecommerce_pipeline.py", line 53, in <module>
    generate_data >> gold_job >> load_postgres
NameError: name 'generate_data' is not defined
[2026-06-10T13:43:13.618+0000] {processor.py:842} WARNING - No viable dags retrieved from /opt/airflow/dags/ecommerce_pipeline.py
[2026-06-10T13:43:13.674+0000] {processor.py:183} INFO - Processing /opt/airflow/dags/ecommerce_pipeline.py took 0.121 seconds
[2026-06-10T13:43:43.802+0000] {processor.py:161} INFO - Started process (PID=341) to work on /opt/airflow/dags/ecommerce_pipeline.py
[2026-06-10T13:43:43.804+0000] {processor.py:830} INFO - Processing file /opt/airflow/dags/ecommerce_pipeline.py for tasks to queue
[2026-06-10T13:43:43.807+0000] {logging_mixin.py:188} INFO - [2026-06-10T13:43:43.806+0000] {dagbag.py:540} INFO - Filling up the DagBag from /opt/airflow/dags/ecommerce_pipeline.py
[2026-06-10T13:43:43.856+0000] {logging_mixin.py:188} INFO - [2026-06-10T13:43:43.848+0000] {dagbag.py:350} ERROR - Failed to import: /opt/airflow/dags/ecommerce_pipeline.py
Traceback (most recent call last):
  File "/home/airflow/.local/lib/python3.8/site-packages/airflow/models/dagbag.py", line 346, in parse
    loader.exec_module(new_module)
  File "<frozen importlib._bootstrap_external>", line 843, in exec_module
  File "<frozen importlib._bootstrap>", line 219, in _call_with_frames_removed
  File "/opt/airflow/dags/ecommerce_pipeline.py", line 53, in <module>
    generate_data >> gold_job >> load_postgres
NameError: name 'generate_data' is not defined
[2026-06-10T13:43:43.859+0000] {processor.py:842} WARNING - No viable dags retrieved from /opt/airflow/dags/ecommerce_pipeline.py
[2026-06-10T13:43:43.953+0000] {processor.py:183} INFO - Processing /opt/airflow/dags/ecommerce_pipeline.py took 0.162 seconds
[2026-06-10T13:44:14.281+0000] {processor.py:161} INFO - Started process (PID=346) to work on /opt/airflow/dags/ecommerce_pipeline.py
[2026-06-10T13:44:14.285+0000] {processor.py:830} INFO - Processing file /opt/airflow/dags/ecommerce_pipeline.py for tasks to queue
[2026-06-10T13:44:14.288+0000] {logging_mixin.py:188} INFO - [2026-06-10T13:44:14.288+0000] {dagbag.py:540} INFO - Filling up the DagBag from /opt/airflow/dags/ecommerce_pipeline.py
[2026-06-10T13:44:14.377+0000] {logging_mixin.py:188} INFO - [2026-06-10T13:44:14.363+0000] {dagbag.py:350} ERROR - Failed to import: /opt/airflow/dags/ecommerce_pipeline.py
Traceback (most recent call last):
  File "/home/airflow/.local/lib/python3.8/site-packages/airflow/models/dagbag.py", line 346, in parse
    loader.exec_module(new_module)
  File "<frozen importlib._bootstrap_external>", line 843, in exec_module
  File "<frozen importlib._bootstrap>", line 219, in _call_with_frames_removed
  File "/opt/airflow/dags/ecommerce_pipeline.py", line 53, in <module>
    generate_data >> gold_job >> load_postgres
NameError: name 'generate_data' is not defined
[2026-06-10T13:44:14.380+0000] {processor.py:842} WARNING - No viable dags retrieved from /opt/airflow/dags/ecommerce_pipeline.py
[2026-06-10T13:44:14.532+0000] {processor.py:183} INFO - Processing /opt/airflow/dags/ecommerce_pipeline.py took 0.256 seconds
[2026-06-10T13:44:44.838+0000] {processor.py:161} INFO - Started process (PID=351) to work on /opt/airflow/dags/ecommerce_pipeline.py
[2026-06-10T13:44:44.840+0000] {processor.py:830} INFO - Processing file /opt/airflow/dags/ecommerce_pipeline.py for tasks to queue
[2026-06-10T13:44:44.843+0000] {logging_mixin.py:188} INFO - [2026-06-10T13:44:44.842+0000] {dagbag.py:540} INFO - Filling up the DagBag from /opt/airflow/dags/ecommerce_pipeline.py
[2026-06-10T13:44:44.896+0000] {logging_mixin.py:188} INFO - [2026-06-10T13:44:44.885+0000] {dagbag.py:350} ERROR - Failed to import: /opt/airflow/dags/ecommerce_pipeline.py
Traceback (most recent call last):
  File "/home/airflow/.local/lib/python3.8/site-packages/airflow/models/dagbag.py", line 346, in parse
    loader.exec_module(new_module)
  File "<frozen importlib._bootstrap_external>", line 843, in exec_module
  File "<frozen importlib._bootstrap>", line 219, in _call_with_frames_removed
  File "/opt/airflow/dags/ecommerce_pipeline.py", line 53, in <module>
    generate_data >> gold_job >> load_postgres
NameError: name 'generate_data' is not defined
[2026-06-10T13:44:44.898+0000] {processor.py:842} WARNING - No viable dags retrieved from /opt/airflow/dags/ecommerce_pipeline.py
[2026-06-10T13:44:44.953+0000] {processor.py:183} INFO - Processing /opt/airflow/dags/ecommerce_pipeline.py took 0.125 seconds
[2026-06-10T13:45:15.102+0000] {processor.py:161} INFO - Started process (PID=356) to work on /opt/airflow/dags/ecommerce_pipeline.py
[2026-06-10T13:45:15.104+0000] {processor.py:830} INFO - Processing file /opt/airflow/dags/ecommerce_pipeline.py for tasks to queue
[2026-06-10T13:45:15.106+0000] {logging_mixin.py:188} INFO - [2026-06-10T13:45:15.105+0000] {dagbag.py:540} INFO - Filling up the DagBag from /opt/airflow/dags/ecommerce_pipeline.py
[2026-06-10T13:45:15.138+0000] {logging_mixin.py:188} INFO - [2026-06-10T13:45:15.133+0000] {dagbag.py:350} ERROR - Failed to import: /opt/airflow/dags/ecommerce_pipeline.py
Traceback (most recent call last):
  File "/home/airflow/.local/lib/python3.8/site-packages/airflow/models/dagbag.py", line 346, in parse
    loader.exec_module(new_module)
  File "<frozen importlib._bootstrap_external>", line 843, in exec_module
  File "<frozen importlib._bootstrap>", line 219, in _call_with_frames_removed
  File "/opt/airflow/dags/ecommerce_pipeline.py", line 53, in <module>
    generate_data >> gold_job >> load_postgres
NameError: name 'generate_data' is not defined
[2026-06-10T13:45:15.140+0000] {processor.py:842} WARNING - No viable dags retrieved from /opt/airflow/dags/ecommerce_pipeline.py
[2026-06-10T13:45:15.179+0000] {processor.py:183} INFO - Processing /opt/airflow/dags/ecommerce_pipeline.py took 0.083 seconds
[2026-06-10T13:45:45.414+0000] {processor.py:161} INFO - Started process (PID=361) to work on /opt/airflow/dags/ecommerce_pipeline.py
[2026-06-10T13:45:45.416+0000] {processor.py:830} INFO - Processing file /opt/airflow/dags/ecommerce_pipeline.py for tasks to queue
[2026-06-10T13:45:45.419+0000] {logging_mixin.py:188} INFO - [2026-06-10T13:45:45.418+0000] {dagbag.py:540} INFO - Filling up the DagBag from /opt/airflow/dags/ecommerce_pipeline.py
[2026-06-10T13:45:45.462+0000] {logging_mixin.py:188} INFO - [2026-06-10T13:45:45.457+0000] {dagbag.py:350} ERROR - Failed to import: /opt/airflow/dags/ecommerce_pipeline.py
Traceback (most recent call last):
  File "/home/airflow/.local/lib/python3.8/site-packages/airflow/models/dagbag.py", line 346, in parse
    loader.exec_module(new_module)
  File "<frozen importlib._bootstrap_external>", line 843, in exec_module
  File "<frozen importlib._bootstrap>", line 219, in _call_with_frames_removed
  File "/opt/airflow/dags/ecommerce_pipeline.py", line 53, in <module>
    generate_data >> gold_job >> load_postgres
NameError: name 'generate_data' is not defined
[2026-06-10T13:45:45.464+0000] {processor.py:842} WARNING - No viable dags retrieved from /opt/airflow/dags/ecommerce_pipeline.py
[2026-06-10T13:45:45.532+0000] {processor.py:183} INFO - Processing /opt/airflow/dags/ecommerce_pipeline.py took 0.130 seconds
[2026-06-10T13:46:15.872+0000] {processor.py:161} INFO - Started process (PID=366) to work on /opt/airflow/dags/ecommerce_pipeline.py
[2026-06-10T13:46:15.873+0000] {processor.py:830} INFO - Processing file /opt/airflow/dags/ecommerce_pipeline.py for tasks to queue
[2026-06-10T13:46:15.876+0000] {logging_mixin.py:188} INFO - [2026-06-10T13:46:15.875+0000] {dagbag.py:540} INFO - Filling up the DagBag from /opt/airflow/dags/ecommerce_pipeline.py
[2026-06-10T13:46:15.934+0000] {logging_mixin.py:188} INFO - [2026-06-10T13:46:15.924+0000] {dagbag.py:350} ERROR - Failed to import: /opt/airflow/dags/ecommerce_pipeline.py
Traceback (most recent call last):
  File "/home/airflow/.local/lib/python3.8/site-packages/airflow/models/dagbag.py", line 346, in parse
    loader.exec_module(new_module)
  File "<frozen importlib._bootstrap_external>", line 843, in exec_module
  File "<frozen importlib._bootstrap>", line 219, in _call_with_frames_removed
  File "/opt/airflow/dags/ecommerce_pipeline.py", line 53, in <module>
    generate_data >> gold_job >> load_postgres
NameError: name 'generate_data' is not defined
[2026-06-10T13:46:15.939+0000] {processor.py:842} WARNING - No viable dags retrieved from /opt/airflow/dags/ecommerce_pipeline.py
[2026-06-10T13:46:16.010+0000] {processor.py:183} INFO - Processing /opt/airflow/dags/ecommerce_pipeline.py took 0.150 seconds
[2026-06-10T13:46:46.225+0000] {processor.py:161} INFO - Started process (PID=371) to work on /opt/airflow/dags/ecommerce_pipeline.py
[2026-06-10T13:46:46.227+0000] {processor.py:830} INFO - Processing file /opt/airflow/dags/ecommerce_pipeline.py for tasks to queue
[2026-06-10T13:46:46.231+0000] {logging_mixin.py:188} INFO - [2026-06-10T13:46:46.230+0000] {dagbag.py:540} INFO - Filling up the DagBag from /opt/airflow/dags/ecommerce_pipeline.py
[2026-06-10T13:46:46.296+0000] {logging_mixin.py:188} INFO - [2026-06-10T13:46:46.287+0000] {dagbag.py:350} ERROR - Failed to import: /opt/airflow/dags/ecommerce_pipeline.py
Traceback (most recent call last):
  File "/home/airflow/.local/lib/python3.8/site-packages/airflow/models/dagbag.py", line 346, in parse
    loader.exec_module(new_module)
  File "<frozen importlib._bootstrap_external>", line 843, in exec_module
  File "<frozen importlib._bootstrap>", line 219, in _call_with_frames_removed
  File "/opt/airflow/dags/ecommerce_pipeline.py", line 53, in <module>
    generate_data >> gold_job >> load_postgres
NameError: name 'generate_data' is not defined
[2026-06-10T13:46:46.300+0000] {processor.py:842} WARNING - No viable dags retrieved from /opt/airflow/dags/ecommerce_pipeline.py
[2026-06-10T13:46:46.411+0000] {processor.py:183} INFO - Processing /opt/airflow/dags/ecommerce_pipeline.py took 0.196 seconds
[2026-06-10T13:47:16.760+0000] {processor.py:161} INFO - Started process (PID=376) to work on /opt/airflow/dags/ecommerce_pipeline.py
[2026-06-10T13:47:16.767+0000] {processor.py:830} INFO - Processing file /opt/airflow/dags/ecommerce_pipeline.py for tasks to queue
[2026-06-10T13:47:16.770+0000] {logging_mixin.py:188} INFO - [2026-06-10T13:47:16.770+0000] {dagbag.py:540} INFO - Filling up the DagBag from /opt/airflow/dags/ecommerce_pipeline.py
[2026-06-10T13:47:16.826+0000] {logging_mixin.py:188} INFO - [2026-06-10T13:47:16.821+0000] {dagbag.py:350} ERROR - Failed to import: /opt/airflow/dags/ecommerce_pipeline.py
Traceback (most recent call last):
  File "/home/airflow/.local/lib/python3.8/site-packages/airflow/models/dagbag.py", line 346, in parse
    loader.exec_module(new_module)
  File "<frozen importlib._bootstrap_external>", line 843, in exec_module
  File "<frozen importlib._bootstrap>", line 219, in _call_with_frames_removed
  File "/opt/airflow/dags/ecommerce_pipeline.py", line 53, in <module>
    generate_data >> gold_job >> load_postgres
NameError: name 'generate_data' is not defined
[2026-06-10T13:47:16.828+0000] {processor.py:842} WARNING - No viable dags retrieved from /opt/airflow/dags/ecommerce_pipeline.py
[2026-06-10T13:47:16.878+0000] {processor.py:183} INFO - Processing /opt/airflow/dags/ecommerce_pipeline.py took 0.125 seconds
[2026-06-10T13:47:47.078+0000] {processor.py:161} INFO - Started process (PID=381) to work on /opt/airflow/dags/ecommerce_pipeline.py
[2026-06-10T13:47:47.080+0000] {processor.py:830} INFO - Processing file /opt/airflow/dags/ecommerce_pipeline.py for tasks to queue
[2026-06-10T13:47:47.083+0000] {logging_mixin.py:188} INFO - [2026-06-10T13:47:47.082+0000] {dagbag.py:540} INFO - Filling up the DagBag from /opt/airflow/dags/ecommerce_pipeline.py
[2026-06-10T13:47:47.155+0000] {logging_mixin.py:188} INFO - [2026-06-10T13:47:47.146+0000] {dagbag.py:350} ERROR - Failed to import: /opt/airflow/dags/ecommerce_pipeline.py
Traceback (most recent call last):
  File "/home/airflow/.local/lib/python3.8/site-packages/airflow/models/dagbag.py", line 346, in parse
    loader.exec_module(new_module)
  File "<frozen importlib._bootstrap_external>", line 843, in exec_module
  File "<frozen importlib._bootstrap>", line 219, in _call_with_frames_removed
  File "/opt/airflow/dags/ecommerce_pipeline.py", line 53, in <module>
    generate_data >> gold_job >> load_postgres
NameError: name 'generate_data' is not defined
[2026-06-10T13:47:47.162+0000] {processor.py:842} WARNING - No viable dags retrieved from /opt/airflow/dags/ecommerce_pipeline.py
[2026-06-10T13:47:47.217+0000] {processor.py:183} INFO - Processing /opt/airflow/dags/ecommerce_pipeline.py took 0.151 seconds
[2026-06-10T13:48:17.574+0000] {processor.py:161} INFO - Started process (PID=386) to work on /opt/airflow/dags/ecommerce_pipeline.py
[2026-06-10T13:48:17.577+0000] {processor.py:830} INFO - Processing file /opt/airflow/dags/ecommerce_pipeline.py for tasks to queue
[2026-06-10T13:48:17.596+0000] {logging_mixin.py:188} INFO - [2026-06-10T13:48:17.595+0000] {dagbag.py:540} INFO - Filling up the DagBag from /opt/airflow/dags/ecommerce_pipeline.py
[2026-06-10T13:48:17.684+0000] {logging_mixin.py:188} INFO - [2026-06-10T13:48:17.671+0000] {dagbag.py:350} ERROR - Failed to import: /opt/airflow/dags/ecommerce_pipeline.py
Traceback (most recent call last):
  File "/home/airflow/.local/lib/python3.8/site-packages/airflow/models/dagbag.py", line 346, in parse
    loader.exec_module(new_module)
  File "<frozen importlib._bootstrap_external>", line 843, in exec_module
  File "<frozen importlib._bootstrap>", line 219, in _call_with_frames_removed
  File "/opt/airflow/dags/ecommerce_pipeline.py", line 53, in <module>
    generate_data >> gold_job >> load_postgres
NameError: name 'generate_data' is not defined
[2026-06-10T13:48:17.688+0000] {processor.py:842} WARNING - No viable dags retrieved from /opt/airflow/dags/ecommerce_pipeline.py
[2026-06-10T13:48:17.747+0000] {processor.py:183} INFO - Processing /opt/airflow/dags/ecommerce_pipeline.py took 0.184 seconds
[2026-06-10T13:48:48.107+0000] {processor.py:161} INFO - Started process (PID=391) to work on /opt/airflow/dags/ecommerce_pipeline.py
[2026-06-10T13:48:48.110+0000] {processor.py:830} INFO - Processing file /opt/airflow/dags/ecommerce_pipeline.py for tasks to queue
[2026-06-10T13:48:48.113+0000] {logging_mixin.py:188} INFO - [2026-06-10T13:48:48.112+0000] {dagbag.py:540} INFO - Filling up the DagBag from /opt/airflow/dags/ecommerce_pipeline.py
[2026-06-10T13:48:48.183+0000] {logging_mixin.py:188} INFO - [2026-06-10T13:48:48.170+0000] {dagbag.py:350} ERROR - Failed to import: /opt/airflow/dags/ecommerce_pipeline.py
Traceback (most recent call last):
  File "/home/airflow/.local/lib/python3.8/site-packages/airflow/models/dagbag.py", line 346, in parse
    loader.exec_module(new_module)
  File "<frozen importlib._bootstrap_external>", line 843, in exec_module
  File "<frozen importlib._bootstrap>", line 219, in _call_with_frames_removed
  File "/opt/airflow/dags/ecommerce_pipeline.py", line 53, in <module>
    generate_data >> gold_job >> load_postgres
NameError: name 'generate_data' is not defined
[2026-06-10T13:48:48.189+0000] {processor.py:842} WARNING - No viable dags retrieved from /opt/airflow/dags/ecommerce_pipeline.py
[2026-06-10T13:48:48.249+0000] {processor.py:183} INFO - Processing /opt/airflow/dags/ecommerce_pipeline.py took 0.152 seconds
[2026-06-10T13:49:18.401+0000] {processor.py:161} INFO - Started process (PID=396) to work on /opt/airflow/dags/ecommerce_pipeline.py
[2026-06-10T13:49:18.402+0000] {processor.py:830} INFO - Processing file /opt/airflow/dags/ecommerce_pipeline.py for tasks to queue
[2026-06-10T13:49:18.407+0000] {logging_mixin.py:188} INFO - [2026-06-10T13:49:18.405+0000] {dagbag.py:540} INFO - Filling up the DagBag from /opt/airflow/dags/ecommerce_pipeline.py
[2026-06-10T13:49:18.471+0000] {logging_mixin.py:188} INFO - [2026-06-10T13:49:18.460+0000] {dagbag.py:350} ERROR - Failed to import: /opt/airflow/dags/ecommerce_pipeline.py
Traceback (most recent call last):
  File "/home/airflow/.local/lib/python3.8/site-packages/airflow/models/dagbag.py", line 346, in parse
    loader.exec_module(new_module)
  File "<frozen importlib._bootstrap_external>", line 843, in exec_module
  File "<frozen importlib._bootstrap>", line 219, in _call_with_frames_removed
  File "/opt/airflow/dags/ecommerce_pipeline.py", line 53, in <module>
    generate_data >> gold_job >> load_postgres
NameError: name 'generate_data' is not defined
[2026-06-10T13:49:18.474+0000] {processor.py:842} WARNING - No viable dags retrieved from /opt/airflow/dags/ecommerce_pipeline.py
[2026-06-10T13:49:18.542+0000] {processor.py:183} INFO - Processing /opt/airflow/dags/ecommerce_pipeline.py took 0.151 seconds
[2026-06-10T13:49:48.851+0000] {processor.py:161} INFO - Started process (PID=401) to work on /opt/airflow/dags/ecommerce_pipeline.py
[2026-06-10T13:49:48.852+0000] {processor.py:830} INFO - Processing file /opt/airflow/dags/ecommerce_pipeline.py for tasks to queue
[2026-06-10T13:49:48.855+0000] {logging_mixin.py:188} INFO - [2026-06-10T13:49:48.854+0000] {dagbag.py:540} INFO - Filling up the DagBag from /opt/airflow/dags/ecommerce_pipeline.py
[2026-06-10T13:49:48.888+0000] {logging_mixin.py:188} INFO - [2026-06-10T13:49:48.882+0000] {dagbag.py:350} ERROR - Failed to import: /opt/airflow/dags/ecommerce_pipeline.py
Traceback (most recent call last):
  File "/home/airflow/.local/lib/python3.8/site-packages/airflow/models/dagbag.py", line 346, in parse
    loader.exec_module(new_module)
  File "<frozen importlib._bootstrap_external>", line 843, in exec_module
  File "<frozen importlib._bootstrap>", line 219, in _call_with_frames_removed
  File "/opt/airflow/dags/ecommerce_pipeline.py", line 53, in <module>
    generate_data >> gold_job >> load_postgres
NameError: name 'generate_data' is not defined
[2026-06-10T13:49:48.890+0000] {processor.py:842} WARNING - No viable dags retrieved from /opt/airflow/dags/ecommerce_pipeline.py
[2026-06-10T13:49:48.928+0000] {processor.py:183} INFO - Processing /opt/airflow/dags/ecommerce_pipeline.py took 0.086 seconds
[2026-06-10T13:50:19.056+0000] {processor.py:161} INFO - Started process (PID=406) to work on /opt/airflow/dags/ecommerce_pipeline.py
[2026-06-10T13:50:19.058+0000] {processor.py:830} INFO - Processing file /opt/airflow/dags/ecommerce_pipeline.py for tasks to queue
[2026-06-10T13:50:19.060+0000] {logging_mixin.py:188} INFO - [2026-06-10T13:50:19.059+0000] {dagbag.py:540} INFO - Filling up the DagBag from /opt/airflow/dags/ecommerce_pipeline.py
[2026-06-10T13:50:19.088+0000] {logging_mixin.py:188} INFO - [2026-06-10T13:50:19.082+0000] {dagbag.py:350} ERROR - Failed to import: /opt/airflow/dags/ecommerce_pipeline.py
Traceback (most recent call last):
  File "/home/airflow/.local/lib/python3.8/site-packages/airflow/models/dagbag.py", line 346, in parse
    loader.exec_module(new_module)
  File "<frozen importlib._bootstrap_external>", line 843, in exec_module
  File "<frozen importlib._bootstrap>", line 219, in _call_with_frames_removed
  File "/opt/airflow/dags/ecommerce_pipeline.py", line 53, in <module>
    generate_data >> gold_job >> load_postgres
NameError: name 'generate_data' is not defined
[2026-06-10T13:50:19.091+0000] {processor.py:842} WARNING - No viable dags retrieved from /opt/airflow/dags/ecommerce_pipeline.py
[2026-06-10T13:50:19.128+0000] {processor.py:183} INFO - Processing /opt/airflow/dags/ecommerce_pipeline.py took 0.076 seconds
[2026-06-10T13:50:49.329+0000] {processor.py:161} INFO - Started process (PID=411) to work on /opt/airflow/dags/ecommerce_pipeline.py
[2026-06-10T13:50:49.331+0000] {processor.py:830} INFO - Processing file /opt/airflow/dags/ecommerce_pipeline.py for tasks to queue
[2026-06-10T13:50:49.333+0000] {logging_mixin.py:188} INFO - [2026-06-10T13:50:49.332+0000] {dagbag.py:540} INFO - Filling up the DagBag from /opt/airflow/dags/ecommerce_pipeline.py
[2026-06-10T13:50:49.365+0000] {logging_mixin.py:188} INFO - [2026-06-10T13:50:49.358+0000] {dagbag.py:350} ERROR - Failed to import: /opt/airflow/dags/ecommerce_pipeline.py
Traceback (most recent call last):
  File "/home/airflow/.local/lib/python3.8/site-packages/airflow/models/dagbag.py", line 346, in parse
    loader.exec_module(new_module)
  File "<frozen importlib._bootstrap_external>", line 843, in exec_module
  File "<frozen importlib._bootstrap>", line 219, in _call_with_frames_removed
  File "/opt/airflow/dags/ecommerce_pipeline.py", line 53, in <module>
    generate_data >> gold_job >> load_postgres
NameError: name 'generate_data' is not defined
[2026-06-10T13:50:49.367+0000] {processor.py:842} WARNING - No viable dags retrieved from /opt/airflow/dags/ecommerce_pipeline.py
[2026-06-10T13:50:49.456+0000] {processor.py:183} INFO - Processing /opt/airflow/dags/ecommerce_pipeline.py took 0.131 seconds
[2026-06-10T13:51:19.580+0000] {processor.py:161} INFO - Started process (PID=416) to work on /opt/airflow/dags/ecommerce_pipeline.py
[2026-06-10T13:51:19.582+0000] {processor.py:830} INFO - Processing file /opt/airflow/dags/ecommerce_pipeline.py for tasks to queue
[2026-06-10T13:51:19.584+0000] {logging_mixin.py:188} INFO - [2026-06-10T13:51:19.583+0000] {dagbag.py:540} INFO - Filling up the DagBag from /opt/airflow/dags/ecommerce_pipeline.py
[2026-06-10T13:51:19.643+0000] {logging_mixin.py:188} INFO - [2026-06-10T13:51:19.632+0000] {dagbag.py:350} ERROR - Failed to import: /opt/airflow/dags/ecommerce_pipeline.py
Traceback (most recent call last):
  File "/home/airflow/.local/lib/python3.8/site-packages/airflow/models/dagbag.py", line 346, in parse
    loader.exec_module(new_module)
  File "<frozen importlib._bootstrap_external>", line 843, in exec_module
  File "<frozen importlib._bootstrap>", line 219, in _call_with_frames_removed
  File "/opt/airflow/dags/ecommerce_pipeline.py", line 53, in <module>
    generate_data >> gold_job >> load_postgres
NameError: name 'generate_data' is not defined
[2026-06-10T13:51:19.650+0000] {processor.py:842} WARNING - No viable dags retrieved from /opt/airflow/dags/ecommerce_pipeline.py
[2026-06-10T13:51:19.736+0000] {processor.py:183} INFO - Processing /opt/airflow/dags/ecommerce_pipeline.py took 0.164 seconds
[2026-06-10T13:51:49.953+0000] {processor.py:161} INFO - Started process (PID=421) to work on /opt/airflow/dags/ecommerce_pipeline.py
[2026-06-10T13:51:49.954+0000] {processor.py:830} INFO - Processing file /opt/airflow/dags/ecommerce_pipeline.py for tasks to queue
[2026-06-10T13:51:49.956+0000] {logging_mixin.py:188} INFO - [2026-06-10T13:51:49.955+0000] {dagbag.py:540} INFO - Filling up the DagBag from /opt/airflow/dags/ecommerce_pipeline.py
[2026-06-10T13:51:49.984+0000] {logging_mixin.py:188} INFO - [2026-06-10T13:51:49.978+0000] {dagbag.py:350} ERROR - Failed to import: /opt/airflow/dags/ecommerce_pipeline.py
Traceback (most recent call last):
  File "/home/airflow/.local/lib/python3.8/site-packages/airflow/models/dagbag.py", line 346, in parse
    loader.exec_module(new_module)
  File "<frozen importlib._bootstrap_external>", line 843, in exec_module
  File "<frozen importlib._bootstrap>", line 219, in _call_with_frames_removed
  File "/opt/airflow/dags/ecommerce_pipeline.py", line 53, in <module>
    generate_data >> gold_job >> load_postgres
NameError: name 'generate_data' is not defined
[2026-06-10T13:51:49.986+0000] {processor.py:842} WARNING - No viable dags retrieved from /opt/airflow/dags/ecommerce_pipeline.py
[2026-06-10T13:51:50.055+0000] {processor.py:183} INFO - Processing /opt/airflow/dags/ecommerce_pipeline.py took 0.107 seconds
[2026-06-10T13:52:20.153+0000] {processor.py:161} INFO - Started process (PID=426) to work on /opt/airflow/dags/ecommerce_pipeline.py
[2026-06-10T13:52:20.155+0000] {processor.py:830} INFO - Processing file /opt/airflow/dags/ecommerce_pipeline.py for tasks to queue
[2026-06-10T13:52:20.157+0000] {logging_mixin.py:188} INFO - [2026-06-10T13:52:20.156+0000] {dagbag.py:540} INFO - Filling up the DagBag from /opt/airflow/dags/ecommerce_pipeline.py
[2026-06-10T13:52:20.194+0000] {logging_mixin.py:188} INFO - [2026-06-10T13:52:20.184+0000] {dagbag.py:350} ERROR - Failed to import: /opt/airflow/dags/ecommerce_pipeline.py
Traceback (most recent call last):
  File "/home/airflow/.local/lib/python3.8/site-packages/airflow/models/dagbag.py", line 346, in parse
    loader.exec_module(new_module)
  File "<frozen importlib._bootstrap_external>", line 843, in exec_module
  File "<frozen importlib._bootstrap>", line 219, in _call_with_frames_removed
  File "/opt/airflow/dags/ecommerce_pipeline.py", line 53, in <module>
    generate_data >> gold_job >> load_postgres
NameError: name 'generate_data' is not defined
[2026-06-10T13:52:20.196+0000] {processor.py:842} WARNING - No viable dags retrieved from /opt/airflow/dags/ecommerce_pipeline.py
[2026-06-10T13:52:20.231+0000] {processor.py:183} INFO - Processing /opt/airflow/dags/ecommerce_pipeline.py took 0.083 seconds
[2026-06-10T13:52:50.469+0000] {processor.py:161} INFO - Started process (PID=431) to work on /opt/airflow/dags/ecommerce_pipeline.py
[2026-06-10T13:52:50.470+0000] {processor.py:830} INFO - Processing file /opt/airflow/dags/ecommerce_pipeline.py for tasks to queue
[2026-06-10T13:52:50.472+0000] {logging_mixin.py:188} INFO - [2026-06-10T13:52:50.472+0000] {dagbag.py:540} INFO - Filling up the DagBag from /opt/airflow/dags/ecommerce_pipeline.py
[2026-06-10T13:52:50.502+0000] {logging_mixin.py:188} INFO - [2026-06-10T13:52:50.497+0000] {dagbag.py:350} ERROR - Failed to import: /opt/airflow/dags/ecommerce_pipeline.py
Traceback (most recent call last):
  File "/home/airflow/.local/lib/python3.8/site-packages/airflow/models/dagbag.py", line 346, in parse
    loader.exec_module(new_module)
  File "<frozen importlib._bootstrap_external>", line 843, in exec_module
  File "<frozen importlib._bootstrap>", line 219, in _call_with_frames_removed
  File "/opt/airflow/dags/ecommerce_pipeline.py", line 53, in <module>
    generate_data >> gold_job >> load_postgres
NameError: name 'generate_data' is not defined
[2026-06-10T13:52:50.503+0000] {processor.py:842} WARNING - No viable dags retrieved from /opt/airflow/dags/ecommerce_pipeline.py
[2026-06-10T13:52:50.539+0000] {processor.py:183} INFO - Processing /opt/airflow/dags/ecommerce_pipeline.py took 0.074 seconds
[2026-06-10T13:53:14.755+0000] {processor.py:161} INFO - Started process (PID=174) to work on /opt/airflow/dags/ecommerce_pipeline.py
[2026-06-10T13:53:14.758+0000] {processor.py:830} INFO - Processing file /opt/airflow/dags/ecommerce_pipeline.py for tasks to queue
[2026-06-10T13:53:14.762+0000] {logging_mixin.py:188} INFO - [2026-06-10T13:53:14.761+0000] {dagbag.py:540} INFO - Filling up the DagBag from /opt/airflow/dags/ecommerce_pipeline.py
[2026-06-10T13:53:14.949+0000] {logging_mixin.py:188} INFO - [2026-06-10T13:53:14.939+0000] {dagbag.py:350} ERROR - Failed to import: /opt/airflow/dags/ecommerce_pipeline.py
Traceback (most recent call last):
  File "/home/airflow/.local/lib/python3.8/site-packages/airflow/models/dagbag.py", line 346, in parse
    loader.exec_module(new_module)
  File "<frozen importlib._bootstrap_external>", line 843, in exec_module
  File "<frozen importlib._bootstrap>", line 219, in _call_with_frames_removed
  File "/opt/airflow/dags/ecommerce_pipeline.py", line 53, in <module>
    generate_data >> gold_job >> load_postgres
NameError: name 'generate_data' is not defined
[2026-06-10T13:53:14.952+0000] {processor.py:842} WARNING - No viable dags retrieved from /opt/airflow/dags/ecommerce_pipeline.py
[2026-06-10T13:53:15.088+0000] {processor.py:183} INFO - Processing /opt/airflow/dags/ecommerce_pipeline.py took 0.348 seconds
[2026-06-10T13:53:45.487+0000] {processor.py:161} INFO - Started process (PID=181) to work on /opt/airflow/dags/ecommerce_pipeline.py
[2026-06-10T13:53:45.489+0000] {processor.py:830} INFO - Processing file /opt/airflow/dags/ecommerce_pipeline.py for tasks to queue
[2026-06-10T13:53:45.495+0000] {logging_mixin.py:188} INFO - [2026-06-10T13:53:45.491+0000] {dagbag.py:540} INFO - Filling up the DagBag from /opt/airflow/dags/ecommerce_pipeline.py
[2026-06-10T13:53:45.542+0000] {logging_mixin.py:188} INFO - [2026-06-10T13:53:45.537+0000] {dagbag.py:350} ERROR - Failed to import: /opt/airflow/dags/ecommerce_pipeline.py
Traceback (most recent call last):
  File "/home/airflow/.local/lib/python3.8/site-packages/airflow/models/dagbag.py", line 346, in parse
    loader.exec_module(new_module)
  File "<frozen importlib._bootstrap_external>", line 843, in exec_module
  File "<frozen importlib._bootstrap>", line 219, in _call_with_frames_removed
  File "/opt/airflow/dags/ecommerce_pipeline.py", line 53, in <module>
    generate_data >> gold_job >> load_postgres
NameError: name 'generate_data' is not defined
[2026-06-10T13:53:45.543+0000] {processor.py:842} WARNING - No viable dags retrieved from /opt/airflow/dags/ecommerce_pipeline.py
[2026-06-10T13:53:45.647+0000] {processor.py:183} INFO - Processing /opt/airflow/dags/ecommerce_pipeline.py took 0.176 seconds
[2026-06-10T13:54:16.120+0000] {processor.py:161} INFO - Started process (PID=191) to work on /opt/airflow/dags/ecommerce_pipeline.py
[2026-06-10T13:54:16.134+0000] {processor.py:830} INFO - Processing file /opt/airflow/dags/ecommerce_pipeline.py for tasks to queue
[2026-06-10T13:54:16.136+0000] {logging_mixin.py:188} INFO - [2026-06-10T13:54:16.135+0000] {dagbag.py:540} INFO - Filling up the DagBag from /opt/airflow/dags/ecommerce_pipeline.py
[2026-06-10T13:54:16.270+0000] {logging_mixin.py:188} INFO - [2026-06-10T13:54:16.237+0000] {dagbag.py:350} ERROR - Failed to import: /opt/airflow/dags/ecommerce_pipeline.py
Traceback (most recent call last):
  File "/home/airflow/.local/lib/python3.8/site-packages/airflow/models/dagbag.py", line 346, in parse
    loader.exec_module(new_module)
  File "<frozen importlib._bootstrap_external>", line 843, in exec_module
  File "<frozen importlib._bootstrap>", line 219, in _call_with_frames_removed
  File "/opt/airflow/dags/ecommerce_pipeline.py", line 53, in <module>
    generate_data >> gold_job >> load_postgres
NameError: name 'generate_data' is not defined
[2026-06-10T13:54:16.273+0000] {processor.py:842} WARNING - No viable dags retrieved from /opt/airflow/dags/ecommerce_pipeline.py
[2026-06-10T13:54:16.460+0000] {processor.py:183} INFO - Processing /opt/airflow/dags/ecommerce_pipeline.py took 0.367 seconds
[2026-06-10T13:54:46.730+0000] {processor.py:161} INFO - Started process (PID=201) to work on /opt/airflow/dags/ecommerce_pipeline.py
[2026-06-10T13:54:46.731+0000] {processor.py:830} INFO - Processing file /opt/airflow/dags/ecommerce_pipeline.py for tasks to queue
[2026-06-10T13:54:46.733+0000] {logging_mixin.py:188} INFO - [2026-06-10T13:54:46.733+0000] {dagbag.py:540} INFO - Filling up the DagBag from /opt/airflow/dags/ecommerce_pipeline.py
[2026-06-10T13:54:46.765+0000] {logging_mixin.py:188} INFO - [2026-06-10T13:54:46.761+0000] {dagbag.py:350} ERROR - Failed to import: /opt/airflow/dags/ecommerce_pipeline.py
Traceback (most recent call last):
  File "/home/airflow/.local/lib/python3.8/site-packages/airflow/models/dagbag.py", line 346, in parse
    loader.exec_module(new_module)
  File "<frozen importlib._bootstrap_external>", line 843, in exec_module
  File "<frozen importlib._bootstrap>", line 219, in _call_with_frames_removed
  File "/opt/airflow/dags/ecommerce_pipeline.py", line 53, in <module>
    generate_data >> gold_job >> load_postgres
NameError: name 'generate_data' is not defined
[2026-06-10T13:54:46.767+0000] {processor.py:842} WARNING - No viable dags retrieved from /opt/airflow/dags/ecommerce_pipeline.py
[2026-06-10T13:54:46.808+0000] {processor.py:183} INFO - Processing /opt/airflow/dags/ecommerce_pipeline.py took 0.086 seconds
[2026-06-10T13:55:17.108+0000] {processor.py:161} INFO - Started process (PID=211) to work on /opt/airflow/dags/ecommerce_pipeline.py
[2026-06-10T13:55:17.109+0000] {processor.py:830} INFO - Processing file /opt/airflow/dags/ecommerce_pipeline.py for tasks to queue
[2026-06-10T13:55:17.111+0000] {logging_mixin.py:188} INFO - [2026-06-10T13:55:17.110+0000] {dagbag.py:540} INFO - Filling up the DagBag from /opt/airflow/dags/ecommerce_pipeline.py
[2026-06-10T13:55:17.142+0000] {logging_mixin.py:188} INFO - [2026-06-10T13:55:17.137+0000] {dagbag.py:350} ERROR - Failed to import: /opt/airflow/dags/ecommerce_pipeline.py
Traceback (most recent call last):
  File "/home/airflow/.local/lib/python3.8/site-packages/airflow/models/dagbag.py", line 346, in parse
    loader.exec_module(new_module)
  File "<frozen importlib._bootstrap_external>", line 843, in exec_module
  File "<frozen importlib._bootstrap>", line 219, in _call_with_frames_removed
  File "/opt/airflow/dags/ecommerce_pipeline.py", line 53, in <module>
    generate_data >> gold_job >> load_postgres
NameError: name 'generate_data' is not defined
[2026-06-10T13:55:17.144+0000] {processor.py:842} WARNING - No viable dags retrieved from /opt/airflow/dags/ecommerce_pipeline.py
[2026-06-10T13:55:17.180+0000] {processor.py:183} INFO - Processing /opt/airflow/dags/ecommerce_pipeline.py took 0.078 seconds
[2026-06-10T13:55:47.482+0000] {processor.py:161} INFO - Started process (PID=221) to work on /opt/airflow/dags/ecommerce_pipeline.py
[2026-06-10T13:55:47.484+0000] {processor.py:830} INFO - Processing file /opt/airflow/dags/ecommerce_pipeline.py for tasks to queue
[2026-06-10T13:55:47.485+0000] {logging_mixin.py:188} INFO - [2026-06-10T13:55:47.485+0000] {dagbag.py:540} INFO - Filling up the DagBag from /opt/airflow/dags/ecommerce_pipeline.py
[2026-06-10T13:55:47.528+0000] {logging_mixin.py:188} INFO - [2026-06-10T13:55:47.522+0000] {dagbag.py:350} ERROR - Failed to import: /opt/airflow/dags/ecommerce_pipeline.py
Traceback (most recent call last):
  File "/home/airflow/.local/lib/python3.8/site-packages/airflow/models/dagbag.py", line 346, in parse
    loader.exec_module(new_module)
  File "<frozen importlib._bootstrap_external>", line 843, in exec_module
  File "<frozen importlib._bootstrap>", line 219, in _call_with_frames_removed
  File "/opt/airflow/dags/ecommerce_pipeline.py", line 53, in <module>
    generate_data >> gold_job >> load_postgres
NameError: name 'generate_data' is not defined
[2026-06-10T13:55:47.530+0000] {processor.py:842} WARNING - No viable dags retrieved from /opt/airflow/dags/ecommerce_pipeline.py
[2026-06-10T13:55:47.565+0000] {processor.py:183} INFO - Processing /opt/airflow/dags/ecommerce_pipeline.py took 0.088 seconds
[2026-06-10T13:56:17.855+0000] {processor.py:161} INFO - Started process (PID=231) to work on /opt/airflow/dags/ecommerce_pipeline.py
[2026-06-10T13:56:17.856+0000] {processor.py:830} INFO - Processing file /opt/airflow/dags/ecommerce_pipeline.py for tasks to queue
[2026-06-10T13:56:17.858+0000] {logging_mixin.py:188} INFO - [2026-06-10T13:56:17.858+0000] {dagbag.py:540} INFO - Filling up the DagBag from /opt/airflow/dags/ecommerce_pipeline.py
[2026-06-10T13:56:17.880+0000] {logging_mixin.py:188} INFO - [2026-06-10T13:56:17.876+0000] {dagbag.py:350} ERROR - Failed to import: /opt/airflow/dags/ecommerce_pipeline.py
Traceback (most recent call last):
  File "/home/airflow/.local/lib/python3.8/site-packages/airflow/models/dagbag.py", line 346, in parse
    loader.exec_module(new_module)
  File "<frozen importlib._bootstrap_external>", line 843, in exec_module
  File "<frozen importlib._bootstrap>", line 219, in _call_with_frames_removed
  File "/opt/airflow/dags/ecommerce_pipeline.py", line 53, in <module>
    generate_data >> gold_job >> load_postgres
NameError: name 'generate_data' is not defined
[2026-06-10T13:56:17.881+0000] {processor.py:842} WARNING - No viable dags retrieved from /opt/airflow/dags/ecommerce_pipeline.py
[2026-06-10T13:56:17.917+0000] {processor.py:183} INFO - Processing /opt/airflow/dags/ecommerce_pipeline.py took 0.067 seconds
