[2026-06-10T13:53:14.740+0000] {processor.py:161} INFO - Started process (PID=171) to work on /opt/airflow/dags/producer_dag.py
[2026-06-10T13:53:14.745+0000] {processor.py:830} INFO - Processing file /opt/airflow/dags/producer_dag.py for tasks to queue
[2026-06-10T13:53:14.750+0000] {logging_mixin.py:188} INFO - [2026-06-10T13:53:14.749+0000] {dagbag.py:540} INFO - Filling up the DagBag from /opt/airflow/dags/producer_dag.py
[2026-06-10T13:53:15.287+0000] {processor.py:840} INFO - DAG(s) 'ecommerce_pipeline' retrieved from /opt/airflow/dags/producer_dag.py
[2026-06-10T13:53:17.365+0000] {logging_mixin.py:188} INFO - [2026-06-10T13:53:17.364+0000] {override.py:1769} INFO - Created Permission View: can read on DAG:ecommerce_pipeline
[2026-06-10T13:53:17.394+0000] {logging_mixin.py:188} INFO - [2026-06-10T13:53:17.394+0000] {override.py:1769} INFO - Created Permission View: can delete on DAG:ecommerce_pipeline
[2026-06-10T13:53:17.424+0000] {logging_mixin.py:188} INFO - [2026-06-10T13:53:17.423+0000] {override.py:1769} INFO - Created Permission View: can edit on DAG:ecommerce_pipeline
[2026-06-10T13:53:17.425+0000] {logging_mixin.py:188} INFO - [2026-06-10T13:53:17.425+0000] {dag.py:3047} INFO - Sync 1 DAGs
[2026-06-10T13:53:17.451+0000] {logging_mixin.py:188} INFO - [2026-06-10T13:53:17.451+0000] {dag.py:3069} INFO - Creating ORM DAG for ecommerce_pipeline
[2026-06-10T13:53:17.467+0000] {logging_mixin.py:188} INFO - [2026-06-10T13:53:17.467+0000] {dag.py:3834} INFO - Setting next_dagrun for ecommerce_pipeline to 2026-06-09 00:00:00+00:00, run_after=2026-06-10 00:00:00+00:00
[2026-06-10T13:53:17.547+0000] {processor.py:183} INFO - Processing /opt/airflow/dags/producer_dag.py took 2.842 seconds
[2026-06-10T13:53:47.741+0000] {processor.py:161} INFO - Started process (PID=186) to work on /opt/airflow/dags/producer_dag.py
[2026-06-10T13:53:47.743+0000] {processor.py:830} INFO - Processing file /opt/airflow/dags/producer_dag.py for tasks to queue
[2026-06-10T13:53:47.746+0000] {logging_mixin.py:188} INFO - [2026-06-10T13:53:47.745+0000] {dagbag.py:540} INFO - Filling up the DagBag from /opt/airflow/dags/producer_dag.py
[2026-06-10T13:53:47.804+0000] {processor.py:840} INFO - DAG(s) 'ecommerce_pipeline' retrieved from /opt/airflow/dags/producer_dag.py
[2026-06-10T13:53:47.885+0000] {logging_mixin.py:188} INFO - [2026-06-10T13:53:47.885+0000] {dag.py:3047} INFO - Sync 1 DAGs
[2026-06-10T13:53:48.011+0000] {logging_mixin.py:188} INFO - [2026-06-10T13:53:48.010+0000] {dag.py:3834} INFO - Setting next_dagrun for ecommerce_pipeline to 2026-06-09 00:00:00+00:00, run_after=2026-06-10 00:00:00+00:00
[2026-06-10T13:53:48.061+0000] {processor.py:183} INFO - Processing /opt/airflow/dags/producer_dag.py took 0.332 seconds
[2026-06-10T13:54:18.331+0000] {processor.py:161} INFO - Started process (PID=196) to work on /opt/airflow/dags/producer_dag.py
[2026-06-10T13:54:18.353+0000] {processor.py:830} INFO - Processing file /opt/airflow/dags/producer_dag.py for tasks to queue
[2026-06-10T13:54:18.355+0000] {logging_mixin.py:188} INFO - [2026-06-10T13:54:18.355+0000] {dagbag.py:540} INFO - Filling up the DagBag from /opt/airflow/dags/producer_dag.py
[2026-06-10T13:54:18.416+0000] {processor.py:840} INFO - DAG(s) 'ecommerce_pipeline' retrieved from /opt/airflow/dags/producer_dag.py
[2026-06-10T13:54:18.543+0000] {logging_mixin.py:188} INFO - [2026-06-10T13:54:18.543+0000] {dag.py:3047} INFO - Sync 1 DAGs
[2026-06-10T13:54:18.700+0000] {logging_mixin.py:188} INFO - [2026-06-10T13:54:18.699+0000] {dag.py:3834} INFO - Setting next_dagrun for ecommerce_pipeline to 2026-06-09 00:00:00+00:00, run_after=2026-06-10 00:00:00+00:00
[2026-06-10T13:54:18.834+0000] {processor.py:183} INFO - Processing /opt/airflow/dags/producer_dag.py took 0.513 seconds
[2026-06-10T13:54:49.790+0000] {processor.py:161} INFO - Started process (PID=206) to work on /opt/airflow/dags/producer_dag.py
[2026-06-10T13:54:49.793+0000] {processor.py:830} INFO - Processing file /opt/airflow/dags/producer_dag.py for tasks to queue
[2026-06-10T13:54:49.797+0000] {logging_mixin.py:188} INFO - [2026-06-10T13:54:49.795+0000] {dagbag.py:540} INFO - Filling up the DagBag from /opt/airflow/dags/producer_dag.py
[2026-06-10T13:54:49.862+0000] {processor.py:840} INFO - DAG(s) 'ecommerce_pipeline' retrieved from /opt/airflow/dags/producer_dag.py
[2026-06-10T13:54:49.954+0000] {logging_mixin.py:188} INFO - [2026-06-10T13:54:49.954+0000] {dag.py:3047} INFO - Sync 1 DAGs
[2026-06-10T13:54:50.008+0000] {logging_mixin.py:188} INFO - [2026-06-10T13:54:50.008+0000] {dag.py:3834} INFO - Setting next_dagrun for ecommerce_pipeline to 2026-06-09 00:00:00+00:00, run_after=2026-06-10 00:00:00+00:00
[2026-06-10T13:54:50.049+0000] {processor.py:183} INFO - Processing /opt/airflow/dags/producer_dag.py took 0.272 seconds
[2026-06-10T13:55:20.142+0000] {processor.py:161} INFO - Started process (PID=216) to work on /opt/airflow/dags/producer_dag.py
[2026-06-10T13:55:20.144+0000] {processor.py:830} INFO - Processing file /opt/airflow/dags/producer_dag.py for tasks to queue
[2026-06-10T13:55:20.146+0000] {logging_mixin.py:188} INFO - [2026-06-10T13:55:20.145+0000] {dagbag.py:540} INFO - Filling up the DagBag from /opt/airflow/dags/producer_dag.py
[2026-06-10T13:55:20.184+0000] {processor.py:840} INFO - DAG(s) 'ecommerce_pipeline' retrieved from /opt/airflow/dags/producer_dag.py
[2026-06-10T13:55:20.236+0000] {logging_mixin.py:188} INFO - [2026-06-10T13:55:20.236+0000] {dag.py:3047} INFO - Sync 1 DAGs
[2026-06-10T13:55:20.287+0000] {logging_mixin.py:188} INFO - [2026-06-10T13:55:20.287+0000] {dag.py:3834} INFO - Setting next_dagrun for ecommerce_pipeline to 2026-06-09 00:00:00+00:00, run_after=2026-06-10 00:00:00+00:00
[2026-06-10T13:55:20.326+0000] {processor.py:183} INFO - Processing /opt/airflow/dags/producer_dag.py took 0.190 seconds
[2026-06-10T13:55:50.583+0000] {processor.py:161} INFO - Started process (PID=226) to work on /opt/airflow/dags/producer_dag.py
[2026-06-10T13:55:50.584+0000] {processor.py:830} INFO - Processing file /opt/airflow/dags/producer_dag.py for tasks to queue
[2026-06-10T13:55:50.586+0000] {logging_mixin.py:188} INFO - [2026-06-10T13:55:50.585+0000] {dagbag.py:540} INFO - Filling up the DagBag from /opt/airflow/dags/producer_dag.py
[2026-06-10T13:55:50.615+0000] {processor.py:840} INFO - DAG(s) 'ecommerce_pipeline' retrieved from /opt/airflow/dags/producer_dag.py
[2026-06-10T13:55:50.663+0000] {logging_mixin.py:188} INFO - [2026-06-10T13:55:50.663+0000] {dag.py:3047} INFO - Sync 1 DAGs
[2026-06-10T13:55:50.697+0000] {logging_mixin.py:188} INFO - [2026-06-10T13:55:50.697+0000] {dag.py:3834} INFO - Setting next_dagrun for ecommerce_pipeline to 2026-06-09 00:00:00+00:00, run_after=2026-06-10 00:00:00+00:00
[2026-06-10T13:55:50.730+0000] {processor.py:183} INFO - Processing /opt/airflow/dags/producer_dag.py took 0.153 seconds
[2026-06-10T13:56:20.891+0000] {processor.py:161} INFO - Started process (PID=236) to work on /opt/airflow/dags/producer_dag.py
[2026-06-10T13:56:20.893+0000] {processor.py:830} INFO - Processing file /opt/airflow/dags/producer_dag.py for tasks to queue
[2026-06-10T13:56:20.894+0000] {logging_mixin.py:188} INFO - [2026-06-10T13:56:20.893+0000] {dagbag.py:540} INFO - Filling up the DagBag from /opt/airflow/dags/producer_dag.py
[2026-06-10T13:56:20.922+0000] {processor.py:840} INFO - DAG(s) 'ecommerce_pipeline' retrieved from /opt/airflow/dags/producer_dag.py
[2026-06-10T13:56:20.966+0000] {logging_mixin.py:188} INFO - [2026-06-10T13:56:20.965+0000] {dag.py:3047} INFO - Sync 1 DAGs
[2026-06-10T13:56:21.003+0000] {logging_mixin.py:188} INFO - [2026-06-10T13:56:21.003+0000] {dag.py:3834} INFO - Setting next_dagrun for ecommerce_pipeline to 2026-06-09 00:00:00+00:00, run_after=2026-06-10 00:00:00+00:00
[2026-06-10T13:56:21.034+0000] {processor.py:183} INFO - Processing /opt/airflow/dags/producer_dag.py took 0.147 seconds
